10/15/2022 22:18:01 - WARNING - __main__ - Process rank: -1, device: cuda:0, n_gpu: 1distributed training: False, 16-bits training: False
10/15/2022 22:18:01 - INFO - __main__ - Training/evaluation parameters Seq2SeqTrainingArguments(
_n_gpu=1,
adafactor=False,
adam_beta1=0.9,
adam_beta2=0.999,
adam_epsilon=1e-08,
auto_find_batch_size=False,
bf16=False,
bf16_full_eval=False,
data_seed=None,
dataloader_drop_last=False,
dataloader_num_workers=0,
dataloader_pin_memory=True,
ddp_bucket_cap_mb=None,
ddp_find_unused_parameters=None,
debug=[],
deepspeed=None,
disable_tqdm=False,
do_eval=False,
do_predict=True,
do_train=False,
eval_accumulation_steps=None,
eval_delay=0,
eval_steps=None,
evaluation_strategy=no,
fp16=False,
fp16_backend=auto,
fp16_full_eval=False,
fp16_opt_level=O1,
fsdp=[],
fsdp_min_num_params=0,
fsdp_transformer_layer_cls_to_wrap=None,
full_determinism=False,
generation_max_length=None,
generation_num_beams=None,
gradient_accumulation_steps=1,
gradient_checkpointing=False,
greater_is_better=None,
group_by_length=False,
half_precision_backend=auto,
hub_model_id=None,
hub_private_repo=False,
hub_strategy=every_save,
hub_token=<HUB_TOKEN>,
ignore_data_skip=False,
include_inputs_for_metrics=False,
jit_mode_eval=False,
label_names=None,
label_smoothing_factor=0.0,
learning_rate=5e-05,
length_column_name=length,
load_best_model_at_end=False,
local_rank=-1,
log_level=-1,
log_level_replica=-1,
log_on_each_node=True,
logging_dir=../experiments/runs/Oct15_22-18-00_mscluster32.ms.wits.ac.za,
logging_first_step=False,
logging_nan_inf_filter=True,
logging_steps=500,
logging_strategy=steps,
lr_scheduler_type=linear,
max_grad_norm=1.0,
max_steps=-1,
metric_for_best_model=None,
mp_parameters=,
no_cuda=False,
num_train_epochs=3.0,
optim=adamw_hf,
output_dir=../experiments/cryptonite/t5-large/cl/inference/beams/naive-disjoint/i_o,
overwrite_output_dir=False,
past_index=-1,
per_device_eval_batch_size=8,
per_device_train_batch_size=8,
predict_with_generate=True,
prediction_loss_only=False,
push_to_hub=False,
push_to_hub_model_id=None,
push_to_hub_organization=None,
push_to_hub_token=<PUSH_TO_HUB_TOKEN>,
ray_scope=last,
remove_unused_columns=True,
report_to=[],
resume_from_checkpoint=None,
run_name=../experiments/,
save_on_each_node=False,
save_steps=5000,
save_strategy=steps,
save_total_limit=None,
seed=42,
sharded_ddp=[],
skip_memory_metrics=True,
sortish_sampler=False,
tf32=None,
torchdynamo=None,
tpu_metrics_debug=False,
tpu_num_cores=None,
use_ipex=False,
use_legacy_prediction_loop=False,
warmup_ratio=0.0,
warmup_steps=0,
weight_decay=0.0,
xpu_backend=None,
)
10/15/2022 22:18:02 - WARNING - datasets.builder - Using custom data configuration default-8f3c33bc2d5f19d5
10/15/2022 22:18:02 - INFO - datasets.builder - Overwrite dataset info from restored data version.
10/15/2022 22:18:02 - INFO - datasets.info - Loading Dataset info from ./models/cache/json/default-8f3c33bc2d5f19d5/0.0.0/a3e658c4731e59120d44081ac10bf85dc7e1388126b92338344ce9661907f253
10/15/2022 22:18:02 - WARNING - datasets.builder - Reusing dataset json (./models/cache/json/default-8f3c33bc2d5f19d5/0.0.0/a3e658c4731e59120d44081ac10bf85dc7e1388126b92338344ce9661907f253)
10/15/2022 22:18:02 - INFO - datasets.info - Loading Dataset info from ./models/cache/json/default-8f3c33bc2d5f19d5/0.0.0/a3e658c4731e59120d44081ac10bf85dc7e1388126b92338344ce9661907f253
10/15/2022 22:18:03 - INFO - __main__ - Loaded the cryptonite dataset:
DatasetDict({
    train: Dataset({
        features: ['clue', 'answer', 'annotation', 'predicted_rationale', 'predicted_answer'],
        num_rows: 470804
    })
    validation: Dataset({
        features: ['clue', 'answer', 'annotation', 'predicted_rationale', 'predicted_answer'],
        num_rows: 26156
    })
    test: Dataset({
        features: ['clue', 'answer', 'annotation', 'predicted_rationale', 'predicted_answer'],
        num_rows: 26157
    })
})
10/15/2022 22:18:03 - WARNING - datasets.arrow_dataset - Loading cached processed dataset at ./models/cache/json/default-8f3c33bc2d5f19d5/0.0.0/a3e658c4731e59120d44081ac10bf85dc7e1388126b92338344ce9661907f253/cache-50d16178c1357b4b.arrow
10/15/2022 22:18:03 - WARNING - datasets.arrow_dataset - Loading cached processed dataset at ./models/cache/json/default-8f3c33bc2d5f19d5/0.0.0/a3e658c4731e59120d44081ac10bf85dc7e1388126b92338344ce9661907f253/cache-37404238cc2252bf.arrow
10/15/2022 22:18:03 - WARNING - datasets.arrow_dataset - Loading cached processed dataset at ./models/cache/json/default-8f3c33bc2d5f19d5/0.0.0/a3e658c4731e59120d44081ac10bf85dc7e1388126b92338344ce9661907f253/cache-ec3219222d5b063b.arrow
10/15/2022 22:18:03 - WARNING - datasets.arrow_dataset - Loading cached processed dataset at ./models/cache/json/default-8f3c33bc2d5f19d5/0.0.0/a3e658c4731e59120d44081ac10bf85dc7e1388126b92338344ce9661907f253/cache-218d6da03ed1cbf3.arrow
10/15/2022 22:18:03 - WARNING - datasets.arrow_dataset - Loading cached processed dataset at ./models/cache/json/default-8f3c33bc2d5f19d5/0.0.0/a3e658c4731e59120d44081ac10bf85dc7e1388126b92338344ce9661907f253/cache-c144c5af0f1b35e3.arrow
10/15/2022 22:18:03 - WARNING - datasets.arrow_dataset - Loading cached processed dataset at ./models/cache/json/default-8f3c33bc2d5f19d5/0.0.0/a3e658c4731e59120d44081ac10bf85dc7e1388126b92338344ce9661907f253/cache-dbce85e5e2c06e93.arrow
10/15/2022 22:18:03 - WARNING - datasets.arrow_dataset - Loading cached processed dataset at ./models/cache/json/default-8f3c33bc2d5f19d5/0.0.0/a3e658c4731e59120d44081ac10bf85dc7e1388126b92338344ce9661907f253/cache-80a0dde9a963c030.arrow
10/15/2022 22:18:03 - WARNING - datasets.arrow_dataset - Loading cached processed dataset at ./models/cache/json/default-8f3c33bc2d5f19d5/0.0.0/a3e658c4731e59120d44081ac10bf85dc7e1388126b92338344ce9661907f253/cache-043de37a76214d86.arrow
10/15/2022 22:18:04 - WARNING - datasets.arrow_dataset - Loading cached processed dataset at ./models/cache/json/default-8f3c33bc2d5f19d5/0.0.0/a3e658c4731e59120d44081ac10bf85dc7e1388126b92338344ce9661907f253/cache-84ca837961b6d487.arrow
10/15/2022 22:18:04 - WARNING - datasets.arrow_dataset - Loading cached processed dataset at ./models/cache/json/default-8f3c33bc2d5f19d5/0.0.0/a3e658c4731e59120d44081ac10bf85dc7e1388126b92338344ce9661907f253/cache-b367bbb94df12e82.arrow
10/15/2022 22:18:04 - WARNING - datasets.arrow_dataset - Loading cached processed dataset at ./models/cache/json/default-8f3c33bc2d5f19d5/0.0.0/a3e658c4731e59120d44081ac10bf85dc7e1388126b92338344ce9661907f253/cache-d805c416af01638d.arrow
10/15/2022 22:18:04 - WARNING - datasets.arrow_dataset - Loading cached processed dataset at ./models/cache/json/default-8f3c33bc2d5f19d5/0.0.0/a3e658c4731e59120d44081ac10bf85dc7e1388126b92338344ce9661907f253/cache-35d82756b4293741.arrow
10/15/2022 22:18:04 - WARNING - datasets.arrow_dataset - Loading cached processed dataset at ./models/cache/json/default-8f3c33bc2d5f19d5/0.0.0/a3e658c4731e59120d44081ac10bf85dc7e1388126b92338344ce9661907f253/cache-d8b5cc3962475269.arrow
10/15/2022 22:18:04 - WARNING - datasets.arrow_dataset - Loading cached processed dataset at ./models/cache/json/default-8f3c33bc2d5f19d5/0.0.0/a3e658c4731e59120d44081ac10bf85dc7e1388126b92338344ce9661907f253/cache-41c85a2f945ee885.arrow
10/15/2022 22:18:04 - WARNING - datasets.arrow_dataset - Loading cached processed dataset at ./models/cache/json/default-8f3c33bc2d5f19d5/0.0.0/a3e658c4731e59120d44081ac10bf85dc7e1388126b92338344ce9661907f253/cache-d232dc089ee63f7c.arrow
10/15/2022 22:18:04 - WARNING - datasets.arrow_dataset - Loading cached processed dataset at ./models/cache/json/default-8f3c33bc2d5f19d5/0.0.0/a3e658c4731e59120d44081ac10bf85dc7e1388126b92338344ce9661907f253/cache-7c46f8321c576470.arrow
10/15/2022 22:18:05 - WARNING - datasets.arrow_dataset - Loading cached processed dataset at ./models/cache/json/default-8f3c33bc2d5f19d5/0.0.0/a3e658c4731e59120d44081ac10bf85dc7e1388126b92338344ce9661907f253/cache-9673cc1717dfd020.arrow
10/15/2022 22:18:05 - WARNING - datasets.arrow_dataset - Loading cached processed dataset at ./models/cache/json/default-8f3c33bc2d5f19d5/0.0.0/a3e658c4731e59120d44081ac10bf85dc7e1388126b92338344ce9661907f253/cache-4fd856f1242f817a.arrow
10/15/2022 22:18:05 - WARNING - datasets.arrow_dataset - Loading cached processed dataset at ./models/cache/json/default-8f3c33bc2d5f19d5/0.0.0/a3e658c4731e59120d44081ac10bf85dc7e1388126b92338344ce9661907f253/cache-d88187d5417606ec.arrow
10/15/2022 22:18:05 - WARNING - datasets.arrow_dataset - Loading cached processed dataset at ./models/cache/json/default-8f3c33bc2d5f19d5/0.0.0/a3e658c4731e59120d44081ac10bf85dc7e1388126b92338344ce9661907f253/cache-7e5853e6849817d4.arrow
10/15/2022 22:18:05 - WARNING - datasets.arrow_dataset - Loading cached processed dataset at ./models/cache/json/default-8f3c33bc2d5f19d5/0.0.0/a3e658c4731e59120d44081ac10bf85dc7e1388126b92338344ce9661907f253/cache-ecefe5d92a91edf5.arrow
10/15/2022 22:18:05 - WARNING - datasets.arrow_dataset - Loading cached processed dataset at ./models/cache/json/default-8f3c33bc2d5f19d5/0.0.0/a3e658c4731e59120d44081ac10bf85dc7e1388126b92338344ce9661907f253/cache-dc64d89b92fa4783.arrow
10/15/2022 22:18:05 - WARNING - datasets.arrow_dataset - Loading cached processed dataset at ./models/cache/json/default-8f3c33bc2d5f19d5/0.0.0/a3e658c4731e59120d44081ac10bf85dc7e1388126b92338344ce9661907f253/cache-ec10261353e2b64c.arrow
10/15/2022 22:18:05 - WARNING - datasets.arrow_dataset - Loading cached processed dataset at ./models/cache/json/default-8f3c33bc2d5f19d5/0.0.0/a3e658c4731e59120d44081ac10bf85dc7e1388126b92338344ce9661907f253/cache-de34f4abadec0281.arrow
10/15/2022 22:19:54 - INFO - __main__ - *** Predict ***
***** predict metrics *****
  predict_accuracy           =     0.1717
  predict_loss               =     7.0083
  predict_runtime            = 0:32:42.28
  predict_samples            =      26157
  predict_samples_per_second =      13.33
  predict_steps_per_second   =      1.666
