10/09/2022 22:15:22 - WARNING - __main__ - Process rank: -1, device: cuda:0, n_gpu: 1distributed training: False, 16-bits training: False
10/09/2022 22:15:22 - INFO - __main__ - Training/evaluation parameters Seq2SeqTrainingArguments(
_n_gpu=1,
adafactor=False,
adam_beta1=0.9,
adam_beta2=0.999,
adam_epsilon=1e-08,
auto_find_batch_size=False,
bf16=False,
bf16_full_eval=False,
data_seed=None,
dataloader_drop_last=False,
dataloader_num_workers=0,
dataloader_pin_memory=True,
ddp_bucket_cap_mb=None,
ddp_find_unused_parameters=None,
debug=[],
deepspeed=None,
disable_tqdm=False,
do_eval=False,
do_predict=True,
do_train=False,
eval_accumulation_steps=None,
eval_delay=0,
eval_steps=None,
evaluation_strategy=no,
fp16=False,
fp16_backend=auto,
fp16_full_eval=False,
fp16_opt_level=O1,
fsdp=[],
fsdp_min_num_params=0,
fsdp_transformer_layer_cls_to_wrap=None,
full_determinism=False,
generation_max_length=None,
generation_num_beams=None,
gradient_accumulation_steps=1,
gradient_checkpointing=False,
greater_is_better=None,
group_by_length=False,
half_precision_backend=auto,
hub_model_id=None,
hub_private_repo=False,
hub_strategy=every_save,
hub_token=<HUB_TOKEN>,
ignore_data_skip=False,
include_inputs_for_metrics=False,
jit_mode_eval=False,
label_names=None,
label_smoothing_factor=0.0,
learning_rate=5e-05,
length_column_name=length,
load_best_model_at_end=False,
local_rank=-1,
log_level=-1,
log_level_replica=-1,
log_on_each_node=True,
logging_dir=../experiments/runs/Oct09_22-15-21_mscluster17.ms.wits.ac.za,
logging_first_step=False,
logging_nan_inf_filter=True,
logging_steps=500,
logging_strategy=steps,
lr_scheduler_type=linear,
max_grad_norm=1.0,
max_steps=-1,
metric_for_best_model=None,
mp_parameters=,
no_cuda=False,
num_train_epochs=3.0,
optim=adamw_hf,
output_dir=../experiments/i_or_data/word-initial-disjoint/t5-large/train,
overwrite_output_dir=False,
past_index=-1,
per_device_eval_batch_size=8,
per_device_train_batch_size=8,
predict_with_generate=True,
prediction_loss_only=False,
push_to_hub=False,
push_to_hub_model_id=None,
push_to_hub_organization=None,
push_to_hub_token=<PUSH_TO_HUB_TOKEN>,
ray_scope=last,
remove_unused_columns=True,
report_to=[],
resume_from_checkpoint=None,
run_name=../experiments/,
save_on_each_node=False,
save_steps=5000,
save_strategy=steps,
save_total_limit=None,
seed=42,
sharded_ddp=[],
skip_memory_metrics=True,
sortish_sampler=False,
tf32=None,
torchdynamo=None,
tpu_metrics_debug=False,
tpu_num_cores=None,
use_ipex=False,
use_legacy_prediction_loop=False,
warmup_ratio=0.0,
warmup_steps=0,
weight_decay=0.0,
xpu_backend=None,
)
10/09/2022 22:15:23 - WARNING - datasets.builder - Using custom data configuration default-43bfcad7938c5696
10/09/2022 22:15:23 - INFO - datasets.builder - Overwrite dataset info from restored data version.
10/09/2022 22:15:23 - INFO - datasets.info - Loading Dataset info from ./models/cache/json/default-43bfcad7938c5696/0.0.0/a3e658c4731e59120d44081ac10bf85dc7e1388126b92338344ce9661907f253
10/09/2022 22:15:25 - WARNING - datasets.builder - Reusing dataset json (./models/cache/json/default-43bfcad7938c5696/0.0.0/a3e658c4731e59120d44081ac10bf85dc7e1388126b92338344ce9661907f253)
10/09/2022 22:15:25 - INFO - datasets.info - Loading Dataset info from ./models/cache/json/default-43bfcad7938c5696/0.0.0/a3e658c4731e59120d44081ac10bf85dc7e1388126b92338344ce9661907f253
10/09/2022 22:15:25 - INFO - __main__ - Loaded the word-initial-disjoint dataset:
DatasetDict({
    train: Dataset({
        features: ['clue', 'answer', 'annotation', 'predicted_rationale', 'predicted_answer'],
        num_rows: 367704
    })
    validation: Dataset({
        features: ['clue', 'answer', 'annotation', 'predicted_rationale', 'predicted_answer'],
        num_rows: 102801
    })
    test: Dataset({
        features: ['clue', 'answer', 'annotation', 'predicted_rationale', 'predicted_answer'],
        num_rows: 121704
    })
})
10/09/2022 22:15:26 - WARNING - datasets.arrow_dataset - Loading cached processed dataset at ./models/cache/json/default-43bfcad7938c5696/0.0.0/a3e658c4731e59120d44081ac10bf85dc7e1388126b92338344ce9661907f253/cache-1a9802638ed6e408.arrow
10/09/2022 22:15:26 - WARNING - datasets.arrow_dataset - Loading cached processed dataset at ./models/cache/json/default-43bfcad7938c5696/0.0.0/a3e658c4731e59120d44081ac10bf85dc7e1388126b92338344ce9661907f253/cache-3e4934775ea2e96d.arrow
10/09/2022 22:15:26 - WARNING - datasets.arrow_dataset - Loading cached processed dataset at ./models/cache/json/default-43bfcad7938c5696/0.0.0/a3e658c4731e59120d44081ac10bf85dc7e1388126b92338344ce9661907f253/cache-d230f53a699b494a.arrow
10/09/2022 22:15:26 - WARNING - datasets.arrow_dataset - Loading cached processed dataset at ./models/cache/json/default-43bfcad7938c5696/0.0.0/a3e658c4731e59120d44081ac10bf85dc7e1388126b92338344ce9661907f253/cache-5488ead3beeb20a1.arrow
10/09/2022 22:15:26 - WARNING - datasets.arrow_dataset - Loading cached processed dataset at ./models/cache/json/default-43bfcad7938c5696/0.0.0/a3e658c4731e59120d44081ac10bf85dc7e1388126b92338344ce9661907f253/cache-d419accda9fc731d.arrow
10/09/2022 22:15:26 - WARNING - datasets.arrow_dataset - Loading cached processed dataset at ./models/cache/json/default-43bfcad7938c5696/0.0.0/a3e658c4731e59120d44081ac10bf85dc7e1388126b92338344ce9661907f253/cache-ad1e02d8c70ffd8c.arrow
10/09/2022 22:15:26 - WARNING - datasets.arrow_dataset - Loading cached processed dataset at ./models/cache/json/default-43bfcad7938c5696/0.0.0/a3e658c4731e59120d44081ac10bf85dc7e1388126b92338344ce9661907f253/cache-8fc64b11d6efeffa.arrow
10/09/2022 22:15:26 - WARNING - datasets.arrow_dataset - Loading cached processed dataset at ./models/cache/json/default-43bfcad7938c5696/0.0.0/a3e658c4731e59120d44081ac10bf85dc7e1388126b92338344ce9661907f253/cache-156f4105b41d9c86.arrow
10/09/2022 22:15:26 - WARNING - datasets.arrow_dataset - Loading cached processed dataset at ./models/cache/json/default-43bfcad7938c5696/0.0.0/a3e658c4731e59120d44081ac10bf85dc7e1388126b92338344ce9661907f253/cache-662967f205374aca.arrow
10/09/2022 22:15:26 - WARNING - datasets.arrow_dataset - Loading cached processed dataset at ./models/cache/json/default-43bfcad7938c5696/0.0.0/a3e658c4731e59120d44081ac10bf85dc7e1388126b92338344ce9661907f253/cache-dae3fba4f12a155d.arrow
10/09/2022 22:15:26 - WARNING - datasets.arrow_dataset - Loading cached processed dataset at ./models/cache/json/default-43bfcad7938c5696/0.0.0/a3e658c4731e59120d44081ac10bf85dc7e1388126b92338344ce9661907f253/cache-18da8382c62191e3.arrow
10/09/2022 22:15:26 - WARNING - datasets.arrow_dataset - Loading cached processed dataset at ./models/cache/json/default-43bfcad7938c5696/0.0.0/a3e658c4731e59120d44081ac10bf85dc7e1388126b92338344ce9661907f253/cache-c58931bf22492cb0.arrow
10/09/2022 22:15:26 - WARNING - datasets.arrow_dataset - Loading cached processed dataset at ./models/cache/json/default-43bfcad7938c5696/0.0.0/a3e658c4731e59120d44081ac10bf85dc7e1388126b92338344ce9661907f253/cache-ebad3b1ceddd09d8.arrow
10/09/2022 22:15:26 - WARNING - datasets.arrow_dataset - Loading cached processed dataset at ./models/cache/json/default-43bfcad7938c5696/0.0.0/a3e658c4731e59120d44081ac10bf85dc7e1388126b92338344ce9661907f253/cache-23443be71257b648.arrow
10/09/2022 22:15:26 - WARNING - datasets.arrow_dataset - Loading cached processed dataset at ./models/cache/json/default-43bfcad7938c5696/0.0.0/a3e658c4731e59120d44081ac10bf85dc7e1388126b92338344ce9661907f253/cache-1ee23f1b55fc20f5.arrow
10/09/2022 22:15:26 - WARNING - datasets.arrow_dataset - Loading cached processed dataset at ./models/cache/json/default-43bfcad7938c5696/0.0.0/a3e658c4731e59120d44081ac10bf85dc7e1388126b92338344ce9661907f253/cache-5df34c174a8559e5.arrow
10/09/2022 22:15:27 - WARNING - datasets.arrow_dataset - Loading cached processed dataset at ./models/cache/json/default-43bfcad7938c5696/0.0.0/a3e658c4731e59120d44081ac10bf85dc7e1388126b92338344ce9661907f253/cache-0607332f2dc5caf0.arrow
10/09/2022 22:15:27 - WARNING - datasets.arrow_dataset - Loading cached processed dataset at ./models/cache/json/default-43bfcad7938c5696/0.0.0/a3e658c4731e59120d44081ac10bf85dc7e1388126b92338344ce9661907f253/cache-cb6a46a46d21de0d.arrow
10/09/2022 22:15:27 - WARNING - datasets.arrow_dataset - Loading cached processed dataset at ./models/cache/json/default-43bfcad7938c5696/0.0.0/a3e658c4731e59120d44081ac10bf85dc7e1388126b92338344ce9661907f253/cache-2372ecf02d66ed0e.arrow
10/09/2022 22:15:27 - WARNING - datasets.arrow_dataset - Loading cached processed dataset at ./models/cache/json/default-43bfcad7938c5696/0.0.0/a3e658c4731e59120d44081ac10bf85dc7e1388126b92338344ce9661907f253/cache-9f7bfaa052bf1fd7.arrow
10/09/2022 22:15:27 - WARNING - datasets.arrow_dataset - Loading cached processed dataset at ./models/cache/json/default-43bfcad7938c5696/0.0.0/a3e658c4731e59120d44081ac10bf85dc7e1388126b92338344ce9661907f253/cache-15c9fc291507426c.arrow
10/09/2022 22:15:27 - WARNING - datasets.arrow_dataset - Loading cached processed dataset at ./models/cache/json/default-43bfcad7938c5696/0.0.0/a3e658c4731e59120d44081ac10bf85dc7e1388126b92338344ce9661907f253/cache-486f8bc84cf43128.arrow
10/09/2022 22:15:27 - WARNING - datasets.arrow_dataset - Loading cached processed dataset at ./models/cache/json/default-43bfcad7938c5696/0.0.0/a3e658c4731e59120d44081ac10bf85dc7e1388126b92338344ce9661907f253/cache-ac662e5fb151c968.arrow
10/09/2022 22:15:27 - WARNING - datasets.arrow_dataset - Loading cached processed dataset at ./models/cache/json/default-43bfcad7938c5696/0.0.0/a3e658c4731e59120d44081ac10bf85dc7e1388126b92338344ce9661907f253/cache-0c3f47680d82c4b4.arrow
10/09/2022 22:20:21 - INFO - __main__ - *** Predict ***
***** predict metrics *****
  predict_accuracy           =      0.1515
  predict_loss               =      1.4958
  predict_runtime            = 14:59:53.46
  predict_samples            =      367704
  predict_samples_per_second =        6.81
  predict_steps_per_second   =       0.851
