10/04/2022 02:09:00 - WARNING - __main__ - Process rank: -1, device: cuda:0, n_gpu: 1distributed training: False, 16-bits training: False
10/04/2022 02:09:00 - INFO - __main__ - Training/evaluation parameters Seq2SeqTrainingArguments(
_n_gpu=1,
adafactor=False,
adam_beta1=0.9,
adam_beta2=0.999,
adam_epsilon=1e-08,
auto_find_batch_size=False,
bf16=False,
bf16_full_eval=False,
data_seed=None,
dataloader_drop_last=False,
dataloader_num_workers=0,
dataloader_pin_memory=True,
ddp_bucket_cap_mb=None,
ddp_find_unused_parameters=None,
debug=[],
deepspeed=None,
disable_tqdm=False,
do_eval=True,
do_predict=True,
do_train=True,
eval_accumulation_steps=None,
eval_delay=0,
eval_steps=None,
evaluation_strategy=no,
fp16=False,
fp16_backend=auto,
fp16_full_eval=False,
fp16_opt_level=O1,
fsdp=[],
fsdp_min_num_params=0,
fsdp_transformer_layer_cls_to_wrap=None,
full_determinism=False,
generation_max_length=None,
generation_num_beams=None,
gradient_accumulation_steps=1,
gradient_checkpointing=False,
greater_is_better=None,
group_by_length=False,
half_precision_backend=auto,
hub_model_id=None,
hub_private_repo=False,
hub_strategy=every_save,
hub_token=<HUB_TOKEN>,
ignore_data_skip=False,
include_inputs_for_metrics=False,
jit_mode_eval=False,
label_names=None,
label_smoothing_factor=0.0,
learning_rate=5e-05,
length_column_name=length,
load_best_model_at_end=False,
local_rank=-1,
log_level=-1,
log_level_replica=-1,
log_on_each_node=True,
logging_dir=../experiments/runs/Oct04_02-08-59_mscluster53.ms.wits.ac.za,
logging_first_step=False,
logging_nan_inf_filter=True,
logging_steps=500,
logging_strategy=steps,
lr_scheduler_type=linear,
max_grad_norm=1.0,
max_steps=-1,
metric_for_best_model=None,
mp_parameters=,
no_cuda=False,
num_train_epochs=3.0,
optim=adamw_hf,
output_dir=../experiments/random/t5-large/cl/i_o,
overwrite_output_dir=False,
past_index=-1,
per_device_eval_batch_size=8,
per_device_train_batch_size=8,
predict_with_generate=True,
prediction_loss_only=False,
push_to_hub=False,
push_to_hub_model_id=None,
push_to_hub_organization=None,
push_to_hub_token=<PUSH_TO_HUB_TOKEN>,
ray_scope=last,
remove_unused_columns=True,
report_to=[],
resume_from_checkpoint=None,
run_name=../experiments/,
save_on_each_node=False,
save_steps=5000,
save_strategy=steps,
save_total_limit=None,
seed=42,
sharded_ddp=[],
skip_memory_metrics=True,
sortish_sampler=False,
tf32=None,
torchdynamo=None,
tpu_metrics_debug=False,
tpu_num_cores=None,
use_ipex=False,
use_legacy_prediction_loop=False,
warmup_ratio=0.0,
warmup_steps=0,
weight_decay=0.0,
xpu_backend=None,
)
10/04/2022 02:09:00 - INFO - __main__ - Checkpoint detected, resuming training at ../experiments/random/t5-large/cl/i_o/checkpoint-85000. To avoid this behaviour, change the `--output_dir` or add `--overwrite_output_dir` to train from scratch.
10/04/2022 02:09:01 - WARNING - datasets.builder - Using custom data configuration default-f839a5e0ab6e6a1f
10/04/2022 02:09:01 - INFO - datasets.builder - Overwrite dataset info from restored data version.
10/04/2022 02:09:01 - INFO - datasets.info - Loading Dataset info from ./models/cache/json/default-f839a5e0ab6e6a1f/0.0.0/a3e658c4731e59120d44081ac10bf85dc7e1388126b92338344ce9661907f253
10/04/2022 02:09:01 - WARNING - datasets.builder - Reusing dataset json (./models/cache/json/default-f839a5e0ab6e6a1f/0.0.0/a3e658c4731e59120d44081ac10bf85dc7e1388126b92338344ce9661907f253)
10/04/2022 02:09:01 - INFO - datasets.info - Loading Dataset info from ./models/cache/json/default-f839a5e0ab6e6a1f/0.0.0/a3e658c4731e59120d44081ac10bf85dc7e1388126b92338344ce9661907f253
10/04/2022 02:09:02 - INFO - __main__ - Loaded the random dataset:
DatasetDict({
    train: Dataset({
        features: ['clue', 'answer', 'annotation', 'predicted_rationale', 'predicted_answer'],
        num_rows: 355325
    })
    validation: Dataset({
        features: ['clue', 'answer', 'annotation', 'predicted_rationale', 'predicted_answer'],
        num_rows: 118442
    })
    test: Dataset({
        features: ['clue', 'answer', 'annotation', 'predicted_rationale', 'predicted_answer'],
        num_rows: 118442
    })
})
10/04/2022 02:09:03 - WARNING - datasets.arrow_dataset - Loading cached processed dataset at ./models/cache/json/default-f839a5e0ab6e6a1f/0.0.0/a3e658c4731e59120d44081ac10bf85dc7e1388126b92338344ce9661907f253/cache-6819829fb0d50f77.arrow
10/04/2022 02:09:03 - WARNING - datasets.arrow_dataset - Loading cached processed dataset at ./models/cache/json/default-f839a5e0ab6e6a1f/0.0.0/a3e658c4731e59120d44081ac10bf85dc7e1388126b92338344ce9661907f253/cache-7c02972fe2c2b1f6.arrow
10/04/2022 02:09:03 - WARNING - datasets.arrow_dataset - Loading cached processed dataset at ./models/cache/json/default-f839a5e0ab6e6a1f/0.0.0/a3e658c4731e59120d44081ac10bf85dc7e1388126b92338344ce9661907f253/cache-668859e1c33816b1.arrow
10/04/2022 02:09:03 - WARNING - datasets.arrow_dataset - Loading cached processed dataset at ./models/cache/json/default-f839a5e0ab6e6a1f/0.0.0/a3e658c4731e59120d44081ac10bf85dc7e1388126b92338344ce9661907f253/cache-d92483f04bab9a3f.arrow
10/04/2022 02:09:03 - WARNING - datasets.arrow_dataset - Loading cached processed dataset at ./models/cache/json/default-f839a5e0ab6e6a1f/0.0.0/a3e658c4731e59120d44081ac10bf85dc7e1388126b92338344ce9661907f253/cache-d9267287cea76210.arrow
10/04/2022 02:09:03 - WARNING - datasets.arrow_dataset - Loading cached processed dataset at ./models/cache/json/default-f839a5e0ab6e6a1f/0.0.0/a3e658c4731e59120d44081ac10bf85dc7e1388126b92338344ce9661907f253/cache-21d5aae71f75096b.arrow
10/04/2022 02:09:03 - WARNING - datasets.arrow_dataset - Loading cached processed dataset at ./models/cache/json/default-f839a5e0ab6e6a1f/0.0.0/a3e658c4731e59120d44081ac10bf85dc7e1388126b92338344ce9661907f253/cache-d4156843495e34f8.arrow
10/04/2022 02:09:03 - WARNING - datasets.arrow_dataset - Loading cached processed dataset at ./models/cache/json/default-f839a5e0ab6e6a1f/0.0.0/a3e658c4731e59120d44081ac10bf85dc7e1388126b92338344ce9661907f253/cache-9c3b48dc777392f4.arrow
10/04/2022 02:09:04 - WARNING - datasets.arrow_dataset - Loading cached processed dataset at ./models/cache/json/default-f839a5e0ab6e6a1f/0.0.0/a3e658c4731e59120d44081ac10bf85dc7e1388126b92338344ce9661907f253/cache-cad82de85c3d684e.arrow
10/04/2022 02:09:04 - WARNING - datasets.arrow_dataset - Loading cached processed dataset at ./models/cache/json/default-f839a5e0ab6e6a1f/0.0.0/a3e658c4731e59120d44081ac10bf85dc7e1388126b92338344ce9661907f253/cache-deaa624db2aa02b4.arrow
10/04/2022 02:09:04 - WARNING - datasets.arrow_dataset - Loading cached processed dataset at ./models/cache/json/default-f839a5e0ab6e6a1f/0.0.0/a3e658c4731e59120d44081ac10bf85dc7e1388126b92338344ce9661907f253/cache-728ec97b359799c2.arrow
10/04/2022 02:09:04 - WARNING - datasets.arrow_dataset - Loading cached processed dataset at ./models/cache/json/default-f839a5e0ab6e6a1f/0.0.0/a3e658c4731e59120d44081ac10bf85dc7e1388126b92338344ce9661907f253/cache-bbe544978504e206.arrow
10/04/2022 02:09:04 - WARNING - datasets.arrow_dataset - Loading cached processed dataset at ./models/cache/json/default-f839a5e0ab6e6a1f/0.0.0/a3e658c4731e59120d44081ac10bf85dc7e1388126b92338344ce9661907f253/cache-1c41ec596adbd11b.arrow
10/04/2022 02:09:04 - WARNING - datasets.arrow_dataset - Loading cached processed dataset at ./models/cache/json/default-f839a5e0ab6e6a1f/0.0.0/a3e658c4731e59120d44081ac10bf85dc7e1388126b92338344ce9661907f253/cache-69956c0d15ee5274.arrow
10/04/2022 02:09:04 - WARNING - datasets.arrow_dataset - Loading cached processed dataset at ./models/cache/json/default-f839a5e0ab6e6a1f/0.0.0/a3e658c4731e59120d44081ac10bf85dc7e1388126b92338344ce9661907f253/cache-d11912076fb0c81d.arrow
10/04/2022 02:09:04 - WARNING - datasets.arrow_dataset - Loading cached processed dataset at ./models/cache/json/default-f839a5e0ab6e6a1f/0.0.0/a3e658c4731e59120d44081ac10bf85dc7e1388126b92338344ce9661907f253/cache-50c45296e6d29627.arrow
10/04/2022 02:09:04 - WARNING - datasets.arrow_dataset - Loading cached processed dataset at ./models/cache/json/default-f839a5e0ab6e6a1f/0.0.0/a3e658c4731e59120d44081ac10bf85dc7e1388126b92338344ce9661907f253/cache-d261af60ed1aa6c5.arrow
10/04/2022 02:09:04 - WARNING - datasets.arrow_dataset - Loading cached processed dataset at ./models/cache/json/default-f839a5e0ab6e6a1f/0.0.0/a3e658c4731e59120d44081ac10bf85dc7e1388126b92338344ce9661907f253/cache-5a458061d891c6fc.arrow
10/04/2022 02:09:04 - WARNING - datasets.arrow_dataset - Loading cached processed dataset at ./models/cache/json/default-f839a5e0ab6e6a1f/0.0.0/a3e658c4731e59120d44081ac10bf85dc7e1388126b92338344ce9661907f253/cache-e9783f0b85062680.arrow
10/04/2022 02:09:04 - WARNING - datasets.arrow_dataset - Loading cached processed dataset at ./models/cache/json/default-f839a5e0ab6e6a1f/0.0.0/a3e658c4731e59120d44081ac10bf85dc7e1388126b92338344ce9661907f253/cache-75600206d4771eb0.arrow
10/04/2022 02:09:04 - WARNING - datasets.arrow_dataset - Loading cached processed dataset at ./models/cache/json/default-f839a5e0ab6e6a1f/0.0.0/a3e658c4731e59120d44081ac10bf85dc7e1388126b92338344ce9661907f253/cache-a7d420c18477cf8a.arrow
10/04/2022 02:09:04 - WARNING - datasets.arrow_dataset - Loading cached processed dataset at ./models/cache/json/default-f839a5e0ab6e6a1f/0.0.0/a3e658c4731e59120d44081ac10bf85dc7e1388126b92338344ce9661907f253/cache-6d72a8ca5ced992a.arrow
10/04/2022 02:09:04 - WARNING - datasets.arrow_dataset - Loading cached processed dataset at ./models/cache/json/default-f839a5e0ab6e6a1f/0.0.0/a3e658c4731e59120d44081ac10bf85dc7e1388126b92338344ce9661907f253/cache-2033a9c468d0025b.arrow
10/04/2022 02:09:04 - WARNING - datasets.arrow_dataset - Loading cached processed dataset at ./models/cache/json/default-f839a5e0ab6e6a1f/0.0.0/a3e658c4731e59120d44081ac10bf85dc7e1388126b92338344ce9661907f253/cache-891959f8eb9ab873.arrow
10/04/2022 02:10:20 - WARNING - datasets.arrow_dataset - Loading cached processed dataset at ./models/cache/json/default-f839a5e0ab6e6a1f/0.0.0/a3e658c4731e59120d44081ac10bf85dc7e1388126b92338344ce9661907f253/cache-fb457d48123e449f.arrow
10/04/2022 02:10:20 - WARNING - datasets.arrow_dataset - Loading cached processed dataset at ./models/cache/json/default-f839a5e0ab6e6a1f/0.0.0/a3e658c4731e59120d44081ac10bf85dc7e1388126b92338344ce9661907f253/cache-fdb112e613cdb314.arrow
10/04/2022 02:10:20 - WARNING - datasets.arrow_dataset - Loading cached processed dataset at ./models/cache/json/default-f839a5e0ab6e6a1f/0.0.0/a3e658c4731e59120d44081ac10bf85dc7e1388126b92338344ce9661907f253/cache-32c1b9fb0b11ae49.arrow
10/04/2022 02:10:20 - WARNING - datasets.arrow_dataset - Loading cached processed dataset at ./models/cache/json/default-f839a5e0ab6e6a1f/0.0.0/a3e658c4731e59120d44081ac10bf85dc7e1388126b92338344ce9661907f253/cache-893b2c3a75db6588.arrow
10/04/2022 02:10:20 - WARNING - datasets.arrow_dataset - Loading cached processed dataset at ./models/cache/json/default-f839a5e0ab6e6a1f/0.0.0/a3e658c4731e59120d44081ac10bf85dc7e1388126b92338344ce9661907f253/cache-fa61809a89af4c43.arrow
10/04/2022 02:10:20 - WARNING - datasets.arrow_dataset - Loading cached processed dataset at ./models/cache/json/default-f839a5e0ab6e6a1f/0.0.0/a3e658c4731e59120d44081ac10bf85dc7e1388126b92338344ce9661907f253/cache-02f6f9ffc0077f91.arrow
10/04/2022 02:10:20 - WARNING - datasets.arrow_dataset - Loading cached processed dataset at ./models/cache/json/default-f839a5e0ab6e6a1f/0.0.0/a3e658c4731e59120d44081ac10bf85dc7e1388126b92338344ce9661907f253/cache-b1a3a5ac13c07b68.arrow
10/04/2022 02:10:20 - WARNING - datasets.arrow_dataset - Loading cached processed dataset at ./models/cache/json/default-f839a5e0ab6e6a1f/0.0.0/a3e658c4731e59120d44081ac10bf85dc7e1388126b92338344ce9661907f253/cache-3075acef17ff2397.arrow
10/04/2022 02:10:22 - WARNING - datasets.arrow_dataset - Loading cached processed dataset at ./models/cache/json/default-f839a5e0ab6e6a1f/0.0.0/a3e658c4731e59120d44081ac10bf85dc7e1388126b92338344ce9661907f253/cache-c4ba1be9ee105fbb.arrow
10/04/2022 02:10:22 - WARNING - datasets.arrow_dataset - Loading cached processed dataset at ./models/cache/json/default-f839a5e0ab6e6a1f/0.0.0/a3e658c4731e59120d44081ac10bf85dc7e1388126b92338344ce9661907f253/cache-3745a0134101cdfa.arrow
10/04/2022 02:10:22 - WARNING - datasets.arrow_dataset - Loading cached processed dataset at ./models/cache/json/default-f839a5e0ab6e6a1f/0.0.0/a3e658c4731e59120d44081ac10bf85dc7e1388126b92338344ce9661907f253/cache-752973357d05c98a.arrow
10/04/2022 02:10:22 - WARNING - datasets.arrow_dataset - Loading cached processed dataset at ./models/cache/json/default-f839a5e0ab6e6a1f/0.0.0/a3e658c4731e59120d44081ac10bf85dc7e1388126b92338344ce9661907f253/cache-cfc5035c1e51c1bc.arrow
10/04/2022 02:10:22 - WARNING - datasets.arrow_dataset - Loading cached processed dataset at ./models/cache/json/default-f839a5e0ab6e6a1f/0.0.0/a3e658c4731e59120d44081ac10bf85dc7e1388126b92338344ce9661907f253/cache-be9036cc9f296eeb.arrow
10/04/2022 02:10:22 - WARNING - datasets.arrow_dataset - Loading cached processed dataset at ./models/cache/json/default-f839a5e0ab6e6a1f/0.0.0/a3e658c4731e59120d44081ac10bf85dc7e1388126b92338344ce9661907f253/cache-7a7b134e4c2f5fd6.arrow
10/04/2022 02:10:22 - WARNING - datasets.arrow_dataset - Loading cached processed dataset at ./models/cache/json/default-f839a5e0ab6e6a1f/0.0.0/a3e658c4731e59120d44081ac10bf85dc7e1388126b92338344ce9661907f253/cache-852c8d4acb14a5f0.arrow
10/04/2022 02:10:22 - WARNING - datasets.arrow_dataset - Loading cached processed dataset at ./models/cache/json/default-f839a5e0ab6e6a1f/0.0.0/a3e658c4731e59120d44081ac10bf85dc7e1388126b92338344ce9661907f253/cache-d4663e3fcaf4e266.arrow
10/04/2022 02:10:23 - WARNING - datasets.arrow_dataset - Loading cached processed dataset at ./models/cache/json/default-f839a5e0ab6e6a1f/0.0.0/a3e658c4731e59120d44081ac10bf85dc7e1388126b92338344ce9661907f253/cache-517fb52967c67e98.arrow
10/04/2022 02:10:23 - WARNING - datasets.arrow_dataset - Loading cached processed dataset at ./models/cache/json/default-f839a5e0ab6e6a1f/0.0.0/a3e658c4731e59120d44081ac10bf85dc7e1388126b92338344ce9661907f253/cache-6ba16b34f6cda913.arrow
10/04/2022 02:10:23 - WARNING - datasets.arrow_dataset - Loading cached processed dataset at ./models/cache/json/default-f839a5e0ab6e6a1f/0.0.0/a3e658c4731e59120d44081ac10bf85dc7e1388126b92338344ce9661907f253/cache-9b702647b7648585.arrow
10/04/2022 02:10:23 - WARNING - datasets.arrow_dataset - Loading cached processed dataset at ./models/cache/json/default-f839a5e0ab6e6a1f/0.0.0/a3e658c4731e59120d44081ac10bf85dc7e1388126b92338344ce9661907f253/cache-6da6eb232a5d7750.arrow
10/04/2022 02:10:23 - WARNING - datasets.arrow_dataset - Loading cached processed dataset at ./models/cache/json/default-f839a5e0ab6e6a1f/0.0.0/a3e658c4731e59120d44081ac10bf85dc7e1388126b92338344ce9661907f253/cache-195db1277af5f054.arrow
10/04/2022 02:10:23 - WARNING - datasets.arrow_dataset - Loading cached processed dataset at ./models/cache/json/default-f839a5e0ab6e6a1f/0.0.0/a3e658c4731e59120d44081ac10bf85dc7e1388126b92338344ce9661907f253/cache-d00d6a17b8fcfba9.arrow
10/04/2022 02:10:23 - WARNING - datasets.arrow_dataset - Loading cached processed dataset at ./models/cache/json/default-f839a5e0ab6e6a1f/0.0.0/a3e658c4731e59120d44081ac10bf85dc7e1388126b92338344ce9661907f253/cache-d998f4d9a9eadeab.arrow
10/04/2022 02:10:23 - WARNING - datasets.arrow_dataset - Loading cached processed dataset at ./models/cache/json/default-f839a5e0ab6e6a1f/0.0.0/a3e658c4731e59120d44081ac10bf85dc7e1388126b92338344ce9661907f253/cache-5638df11bb869260.arrow
{'loss': 1.6654, 'learning_rate': 1.7916966858789627e-05, 'epoch': 1.92}
{'loss': 1.6451, 'learning_rate': 1.7729346781940443e-05, 'epoch': 1.94}
{'loss': 1.6288, 'learning_rate': 1.7541726705091262e-05, 'epoch': 1.95}
{'loss': 1.6359, 'learning_rate': 1.7354106628242074e-05, 'epoch': 1.96}
{'loss': 1.6392, 'learning_rate': 1.7166486551392893e-05, 'epoch': 1.97}
{'loss': 1.6192, 'learning_rate': 1.6978866474543708e-05, 'epoch': 1.98}
{'loss': 1.6301, 'learning_rate': 1.6791246397694527e-05, 'epoch': 1.99}
{'loss': 1.591, 'learning_rate': 1.6603626320845343e-05, 'epoch': 2.0}
{'loss': 1.5249, 'learning_rate': 1.6416006243996158e-05, 'epoch': 2.02}
{'loss': 1.4976, 'learning_rate': 1.6228386167146974e-05, 'epoch': 2.03}
{'loss': 1.5194, 'learning_rate': 1.604076609029779e-05, 'epoch': 2.04}
{'loss': 1.521, 'learning_rate': 1.5853146013448608e-05, 'epoch': 2.05}
{'loss': 1.5129, 'learning_rate': 1.5665525936599423e-05, 'epoch': 2.06}
{'loss': 1.5065, 'learning_rate': 1.5477905859750242e-05, 'epoch': 2.07}
{'loss': 1.4894, 'learning_rate': 1.5290285782901058e-05, 'epoch': 2.08}
{'loss': 1.4966, 'learning_rate': 1.5102665706051875e-05, 'epoch': 2.09}
{'loss': 1.4742, 'learning_rate': 1.491504562920269e-05, 'epoch': 2.11}
{'loss': 1.4987, 'learning_rate': 1.4727425552353508e-05, 'epoch': 2.12}
{'loss': 1.52, 'learning_rate': 1.4539805475504323e-05, 'epoch': 2.13}
{'loss': 1.4896, 'learning_rate': 1.435218539865514e-05, 'epoch': 2.14}
{'loss': 1.5054, 'learning_rate': 1.4164565321805956e-05, 'epoch': 2.15}
{'loss': 1.4938, 'learning_rate': 1.3976945244956775e-05, 'epoch': 2.16}
{'loss': 1.4825, 'learning_rate': 1.3789325168107589e-05, 'epoch': 2.17}
{'loss': 1.4914, 'learning_rate': 1.3601705091258407e-05, 'epoch': 2.18}
{'loss': 1.511, 'learning_rate': 1.3414085014409223e-05, 'epoch': 2.2}
{'loss': 1.4953, 'learning_rate': 1.322646493756004e-05, 'epoch': 2.21}
{'loss': 1.5077, 'learning_rate': 1.3038844860710856e-05, 'epoch': 2.22}
{'loss': 1.501, 'learning_rate': 1.2851224783861673e-05, 'epoch': 2.23}
{'loss': 1.4572, 'learning_rate': 1.2663604707012488e-05, 'epoch': 2.24}
{'loss': 1.4786, 'learning_rate': 1.2475984630163305e-05, 'epoch': 2.25}
{'loss': 1.4794, 'learning_rate': 1.2288364553314121e-05, 'epoch': 2.26}
{'loss': 1.4775, 'learning_rate': 1.2100744476464938e-05, 'epoch': 2.27}
{'loss': 1.4779, 'learning_rate': 1.1913124399615755e-05, 'epoch': 2.29}
{'loss': 1.4915, 'learning_rate': 1.172550432276657e-05, 'epoch': 2.3}
{'loss': 1.4923, 'learning_rate': 1.1537884245917388e-05, 'epoch': 2.31}
{'loss': 1.4756, 'learning_rate': 1.1350264169068205e-05, 'epoch': 2.32}
{'loss': 1.4994, 'learning_rate': 1.116264409221902e-05, 'epoch': 2.33}
{'loss': 1.4976, 'learning_rate': 1.0975024015369838e-05, 'epoch': 2.34}
{'loss': 1.474, 'learning_rate': 1.0787403938520655e-05, 'epoch': 2.35}
{'loss': 1.4843, 'learning_rate': 1.059978386167147e-05, 'epoch': 2.36}
{'loss': 1.4742, 'learning_rate': 1.0412163784822286e-05, 'epoch': 2.38}
{'loss': 1.4921, 'learning_rate': 1.0224543707973103e-05, 'epoch': 2.39}
{'loss': 1.4788, 'learning_rate': 1.0036923631123919e-05, 'epoch': 2.4}
{'loss': 1.5043, 'learning_rate': 9.849303554274736e-06, 'epoch': 2.41}
{'loss': 1.4893, 'learning_rate': 9.661683477425553e-06, 'epoch': 2.42}
{'loss': 1.4867, 'learning_rate': 9.474063400576369e-06, 'epoch': 2.43}
{'loss': 1.4851, 'learning_rate': 9.286443323727186e-06, 'epoch': 2.44}
{'loss': 1.4807, 'learning_rate': 9.098823246878003e-06, 'epoch': 2.45}
{'loss': 1.4892, 'learning_rate': 8.911203170028818e-06, 'epoch': 2.47}
{'loss': 1.4775, 'learning_rate': 8.723583093179636e-06, 'epoch': 2.48}
{'loss': 1.4751, 'learning_rate': 8.535963016330451e-06, 'epoch': 2.49}
{'loss': 1.4659, 'learning_rate': 8.348342939481268e-06, 'epoch': 2.5}
{'loss': 1.4594, 'learning_rate': 8.160722862632085e-06, 'epoch': 2.51}
{'loss': 1.4823, 'learning_rate': 7.973102785782901e-06, 'epoch': 2.52}
{'loss': 1.4739, 'learning_rate': 7.785482708933718e-06, 'epoch': 2.53}
{'loss': 1.4787, 'learning_rate': 7.597862632084534e-06, 'epoch': 2.54}
{'loss': 1.4976, 'learning_rate': 7.410242555235352e-06, 'epoch': 2.56}
{'loss': 1.4724, 'learning_rate': 7.222622478386168e-06, 'epoch': 2.57}
{'loss': 1.4835, 'learning_rate': 7.035002401536984e-06, 'epoch': 2.58}
{'loss': 1.4719, 'learning_rate': 6.8473823246878015e-06, 'epoch': 2.59}
{'loss': 1.4709, 'learning_rate': 6.659762247838618e-06, 'epoch': 2.6}
{'loss': 1.4774, 'learning_rate': 6.472142170989434e-06, 'epoch': 2.61}
{'loss': 1.4722, 'learning_rate': 6.28452209414025e-06, 'epoch': 2.62}
{'loss': 1.5011, 'learning_rate': 6.096902017291067e-06, 'epoch': 2.63}
{'loss': 1.5041, 'learning_rate': 5.909281940441883e-06, 'epoch': 2.65}
{'loss': 1.4647, 'learning_rate': 5.7216618635926995e-06, 'epoch': 2.66}
{'loss': 1.4898, 'learning_rate': 5.534041786743517e-06, 'epoch': 2.67}
{'loss': 1.4684, 'learning_rate': 5.346421709894333e-06, 'epoch': 2.68}
{'loss': 1.4572, 'learning_rate': 5.1588016330451485e-06, 'epoch': 2.69}
{'loss': 1.4885, 'learning_rate': 4.971181556195966e-06, 'epoch': 2.7}
{'loss': 1.4916, 'learning_rate': 4.783561479346782e-06, 'epoch': 2.71}
{'loss': 1.4841, 'learning_rate': 4.595941402497598e-06, 'epoch': 2.72}
{'loss': 1.4749, 'learning_rate': 4.4083213256484155e-06, 'epoch': 2.74}
{'loss': 1.4533, 'learning_rate': 4.220701248799232e-06, 'epoch': 2.75}
{'loss': 1.4791, 'learning_rate': 4.033081171950048e-06, 'epoch': 2.76}
{'loss': 1.4599, 'learning_rate': 3.8454610951008646e-06, 'epoch': 2.77}
{'loss': 1.4889, 'learning_rate': 3.6578410182516813e-06, 'epoch': 2.78}
{'loss': 1.456, 'learning_rate': 3.470220941402498e-06, 'epoch': 2.79}
{'loss': 1.4338, 'learning_rate': 3.2826008645533144e-06, 'epoch': 2.8}
{'loss': 1.4867, 'learning_rate': 3.0949807877041307e-06, 'epoch': 2.81}
{'loss': 1.4761, 'learning_rate': 2.9073607108549475e-06, 'epoch': 2.83}
{'loss': 1.4754, 'learning_rate': 2.719740634005764e-06, 'epoch': 2.84}
{'loss': 1.4928, 'learning_rate': 2.53212055715658e-06, 'epoch': 2.85}
{'loss': 1.4903, 'learning_rate': 2.344500480307397e-06, 'epoch': 2.86}
{'loss': 1.4658, 'learning_rate': 2.1568804034582133e-06, 'epoch': 2.87}
{'loss': 1.4737, 'learning_rate': 1.96926032660903e-06, 'epoch': 2.88}
{'loss': 1.524, 'learning_rate': 1.7816402497598466e-06, 'epoch': 2.89}
{'loss': 1.4549, 'learning_rate': 1.5940201729106627e-06, 'epoch': 2.9}
{'loss': 1.4679, 'learning_rate': 1.4064000960614793e-06, 'epoch': 2.92}
{'loss': 1.4638, 'learning_rate': 1.2187800192122958e-06, 'epoch': 2.93}
{'loss': 1.4736, 'learning_rate': 1.0311599423631126e-06, 'epoch': 2.94}
{'loss': 1.4644, 'learning_rate': 8.435398655139289e-07, 'epoch': 2.95}
{'loss': 1.4598, 'learning_rate': 6.559197886647455e-07, 'epoch': 2.96}
{'loss': 1.4849, 'learning_rate': 4.6829971181556196e-07, 'epoch': 2.97}
{'loss': 1.4782, 'learning_rate': 2.806796349663785e-07, 'epoch': 2.98}
{'loss': 1.478, 'learning_rate': 9.305955811719501e-08, 'epoch': 2.99}
{'train_runtime': 11223.5295, 'train_samples_per_second': 94.977, 'train_steps_per_second': 11.872, 'train_loss': 0.5417195282568734, 'epoch': 3.0}
***** train metrics *****
  epoch                    =        3.0
  train_loss               =     0.5417
  train_runtime            = 3:07:03.52
  train_samples            =     355325
  train_samples_per_second =     94.977
  train_steps_per_second   =     11.872
10/04/2022 05:22:09 - INFO - __main__ - *** Evaluate ***
***** eval metrics *****
  epoch                   =        3.0
  eval_accuracy           =     0.1319
  eval_loss               =     1.4836
  eval_runtime            = 2:07:42.84
  eval_samples            =     118442
  eval_samples_per_second =     15.457
  eval_steps_per_second   =      1.932
10/04/2022 07:29:52 - INFO - __main__ - *** Predict ***
***** predict metrics *****
  predict_accuracy           =     0.1315
  predict_loss               =     1.4845
  predict_runtime            = 2:07:26.38
  predict_samples            =     118442
  predict_samples_per_second =      15.49
  predict_steps_per_second   =      1.936
