11/11/2022 15:16:57 - WARNING - __main__ - Process rank: -1, device: cuda:0, n_gpu: 2distributed training: False, 16-bits training: False
11/11/2022 15:16:57 - INFO - __main__ - Training/evaluation parameters Seq2SeqTrainingArguments(
_n_gpu=2,
adafactor=False,
adam_beta1=0.9,
adam_beta2=0.999,
adam_epsilon=1e-08,
auto_find_batch_size=False,
bf16=False,
bf16_full_eval=False,
data_seed=None,
dataloader_drop_last=False,
dataloader_num_workers=0,
dataloader_pin_memory=True,
ddp_bucket_cap_mb=None,
ddp_find_unused_parameters=None,
debug=[],
deepspeed=None,
disable_tqdm=False,
do_eval=True,
do_predict=True,
do_train=True,
eval_accumulation_steps=None,
eval_delay=0,
eval_steps=None,
evaluation_strategy=no,
fp16=False,
fp16_backend=auto,
fp16_full_eval=False,
fp16_opt_level=O1,
fsdp=[],
fsdp_min_num_params=0,
fsdp_transformer_layer_cls_to_wrap=None,
full_determinism=False,
generation_max_length=None,
generation_num_beams=None,
gradient_accumulation_steps=1,
gradient_checkpointing=False,
greater_is_better=None,
group_by_length=False,
half_precision_backend=auto,
hub_model_id=None,
hub_private_repo=False,
hub_strategy=every_save,
hub_token=<HUB_TOKEN>,
ignore_data_skip=False,
include_inputs_for_metrics=False,
jit_mode_eval=False,
label_names=None,
label_smoothing_factor=0.0,
learning_rate=5e-05,
length_column_name=length,
load_best_model_at_end=False,
local_rank=-1,
log_level=-1,
log_level_replica=-1,
log_on_each_node=True,
logging_dir=../experiments/runs/Nov11_15-16-57_mscluster62.ms.wits.ac.za,
logging_first_step=False,
logging_nan_inf_filter=True,
logging_steps=500,
logging_strategy=steps,
lr_scheduler_type=linear,
max_grad_norm=1.0,
max_steps=-1,
metric_for_best_model=None,
mp_parameters=,
no_cuda=False,
num_train_epochs=3.0,
optim=adamw_hf,
output_dir=../experiments/random/t5-small/one/cl/i_o,
overwrite_output_dir=False,
past_index=-1,
per_device_eval_batch_size=8,
per_device_train_batch_size=8,
predict_with_generate=True,
prediction_loss_only=False,
push_to_hub=False,
push_to_hub_model_id=None,
push_to_hub_organization=None,
push_to_hub_token=<PUSH_TO_HUB_TOKEN>,
ray_scope=last,
remove_unused_columns=True,
report_to=[],
resume_from_checkpoint=None,
run_name=../experiments/,
save_on_each_node=False,
save_steps=5000,
save_strategy=steps,
save_total_limit=None,
seed=42,
sharded_ddp=[],
skip_memory_metrics=True,
sortish_sampler=False,
tf32=None,
torchdynamo=None,
tpu_metrics_debug=False,
tpu_num_cores=None,
use_ipex=False,
use_legacy_prediction_loop=False,
warmup_ratio=0.0,
warmup_steps=0,
weight_decay=0.0,
xpu_backend=None,
)
11/11/2022 15:16:59 - WARNING - datasets.builder - Using custom data configuration default-f839a5e0ab6e6a1f
11/11/2022 15:16:59 - INFO - datasets.builder - Overwrite dataset info from restored data version.
11/11/2022 15:16:59 - INFO - datasets.info - Loading Dataset info from ./models/cache/json/default-f839a5e0ab6e6a1f/0.0.0/a3e658c4731e59120d44081ac10bf85dc7e1388126b92338344ce9661907f253
11/11/2022 15:17:03 - WARNING - datasets.builder - Reusing dataset json (./models/cache/json/default-f839a5e0ab6e6a1f/0.0.0/a3e658c4731e59120d44081ac10bf85dc7e1388126b92338344ce9661907f253)
11/11/2022 15:17:03 - INFO - datasets.info - Loading Dataset info from ./models/cache/json/default-f839a5e0ab6e6a1f/0.0.0/a3e658c4731e59120d44081ac10bf85dc7e1388126b92338344ce9661907f253
11/11/2022 15:17:09 - INFO - __main__ - Loaded the random dataset:
DatasetDict({
    train: Dataset({
        features: ['clue', 'answer', 'annotation', 'predicted_rationale', 'predicted_answer'],
        num_rows: 355325
    })
    validation: Dataset({
        features: ['clue', 'answer', 'annotation', 'predicted_rationale', 'predicted_answer'],
        num_rows: 118442
    })
    test: Dataset({
        features: ['clue', 'answer', 'annotation', 'predicted_rationale', 'predicted_answer'],
        num_rows: 118442
    })
})
{'loss': 4.5486, 'learning_rate': 4.962475984630163e-05, 'epoch': 0.02}
{'loss': 3.8245, 'learning_rate': 4.924951969260327e-05, 'epoch': 0.05}
{'loss': 3.7128, 'learning_rate': 4.88742795389049e-05, 'epoch': 0.07}
{'loss': 3.6751, 'learning_rate': 4.849903938520653e-05, 'epoch': 0.09}
{'loss': 3.629, 'learning_rate': 4.8123799231508164e-05, 'epoch': 0.11}
{'loss': 3.5849, 'learning_rate': 4.77485590778098e-05, 'epoch': 0.14}
{'loss': 3.5597, 'learning_rate': 4.737331892411143e-05, 'epoch': 0.16}
{'loss': 3.5232, 'learning_rate': 4.699807877041307e-05, 'epoch': 0.18}
{'loss': 3.4963, 'learning_rate': 4.6622838616714695e-05, 'epoch': 0.2}
{'loss': 3.4857, 'learning_rate': 4.624759846301633e-05, 'epoch': 0.23}
{'loss': 3.4585, 'learning_rate': 4.5872358309317964e-05, 'epoch': 0.25}
{'loss': 3.4475, 'learning_rate': 4.54971181556196e-05, 'epoch': 0.27}
{'loss': 3.4156, 'learning_rate': 4.512187800192123e-05, 'epoch': 0.29}
{'loss': 3.4003, 'learning_rate': 4.474663784822286e-05, 'epoch': 0.32}
{'loss': 3.4148, 'learning_rate': 4.4371397694524494e-05, 'epoch': 0.34}
{'loss': 3.384, 'learning_rate': 4.399615754082613e-05, 'epoch': 0.36}
{'loss': 3.3679, 'learning_rate': 4.362091738712776e-05, 'epoch': 0.38}
{'loss': 3.353, 'learning_rate': 4.32456772334294e-05, 'epoch': 0.41}
{'loss': 3.3578, 'learning_rate': 4.287043707973103e-05, 'epoch': 0.43}
{'loss': 3.3438, 'learning_rate': 4.249519692603266e-05, 'epoch': 0.45}
{'loss': 3.3328, 'learning_rate': 4.2119956772334294e-05, 'epoch': 0.47}
{'loss': 3.3103, 'learning_rate': 4.174471661863593e-05, 'epoch': 0.5}
{'loss': 3.3099, 'learning_rate': 4.136947646493756e-05, 'epoch': 0.52}
{'loss': 3.3023, 'learning_rate': 4.099423631123919e-05, 'epoch': 0.54}
{'loss': 3.3097, 'learning_rate': 4.061899615754083e-05, 'epoch': 0.56}
{'loss': 3.2757, 'learning_rate': 4.024375600384246e-05, 'epoch': 0.59}
{'loss': 3.2668, 'learning_rate': 3.986851585014409e-05, 'epoch': 0.61}
{'loss': 3.2816, 'learning_rate': 3.9493275696445724e-05, 'epoch': 0.63}
{'loss': 3.2618, 'learning_rate': 3.911803554274736e-05, 'epoch': 0.65}
{'loss': 3.2592, 'learning_rate': 3.874279538904899e-05, 'epoch': 0.68}
{'loss': 3.2594, 'learning_rate': 3.836755523535063e-05, 'epoch': 0.7}
{'loss': 3.2259, 'learning_rate': 3.7992315081652255e-05, 'epoch': 0.72}
{'loss': 3.2299, 'learning_rate': 3.761707492795389e-05, 'epoch': 0.74}
{'loss': 3.2334, 'learning_rate': 3.7241834774255523e-05, 'epoch': 0.77}
{'loss': 3.2166, 'learning_rate': 3.686659462055716e-05, 'epoch': 0.79}
{'loss': 3.218, 'learning_rate': 3.649135446685879e-05, 'epoch': 0.81}
{'loss': 3.2086, 'learning_rate': 3.611611431316042e-05, 'epoch': 0.83}
{'loss': 3.1942, 'learning_rate': 3.5740874159462054e-05, 'epoch': 0.86}
{'loss': 3.2079, 'learning_rate': 3.536563400576369e-05, 'epoch': 0.88}
{'loss': 3.1949, 'learning_rate': 3.499039385206532e-05, 'epoch': 0.9}
{'loss': 3.174, 'learning_rate': 3.461515369836696e-05, 'epoch': 0.92}
{'loss': 3.1753, 'learning_rate': 3.423991354466859e-05, 'epoch': 0.95}
{'loss': 3.1742, 'learning_rate': 3.386467339097022e-05, 'epoch': 0.97}
{'loss': 3.1655, 'learning_rate': 3.3489433237271854e-05, 'epoch': 0.99}
{'loss': 3.1537, 'learning_rate': 3.3114193083573485e-05, 'epoch': 1.01}
{'loss': 3.1402, 'learning_rate': 3.273895292987512e-05, 'epoch': 1.04}
{'loss': 3.1235, 'learning_rate': 3.236371277617675e-05, 'epoch': 1.06}
{'loss': 3.1404, 'learning_rate': 3.198847262247839e-05, 'epoch': 1.08}
{'loss': 3.1118, 'learning_rate': 3.1613232468780015e-05, 'epoch': 1.1}
{'loss': 3.101, 'learning_rate': 3.123799231508165e-05, 'epoch': 1.13}
{'loss': 3.1125, 'learning_rate': 3.0862752161383284e-05, 'epoch': 1.15}
{'loss': 3.0935, 'learning_rate': 3.0487512007684922e-05, 'epoch': 1.17}
{'loss': 3.0879, 'learning_rate': 3.0112271853986553e-05, 'epoch': 1.19}
{'loss': 3.1142, 'learning_rate': 2.9737031700288187e-05, 'epoch': 1.22}
{'loss': 3.107, 'learning_rate': 2.9361791546589818e-05, 'epoch': 1.24}
{'loss': 3.0725, 'learning_rate': 2.8986551392891452e-05, 'epoch': 1.26}
{'loss': 3.0963, 'learning_rate': 2.8611311239193083e-05, 'epoch': 1.28}
{'loss': 3.0788, 'learning_rate': 2.823607108549472e-05, 'epoch': 1.31}
{'loss': 3.0904, 'learning_rate': 2.786083093179635e-05, 'epoch': 1.33}
{'loss': 3.0797, 'learning_rate': 2.7485590778097987e-05, 'epoch': 1.35}
{'loss': 3.0925, 'learning_rate': 2.7110350624399618e-05, 'epoch': 1.37}
{'loss': 3.0698, 'learning_rate': 2.6735110470701252e-05, 'epoch': 1.4}
{'loss': 3.072, 'learning_rate': 2.6359870317002883e-05, 'epoch': 1.42}
{'loss': 3.0479, 'learning_rate': 2.5984630163304517e-05, 'epoch': 1.44}
{'loss': 3.0657, 'learning_rate': 2.5609390009606148e-05, 'epoch': 1.46}
{'loss': 3.0559, 'learning_rate': 2.5234149855907786e-05, 'epoch': 1.49}
{'loss': 3.0433, 'learning_rate': 2.4858909702209414e-05, 'epoch': 1.51}
{'loss': 3.0423, 'learning_rate': 2.4483669548511048e-05, 'epoch': 1.53}
{'loss': 3.0358, 'learning_rate': 2.4108429394812682e-05, 'epoch': 1.55}
{'loss': 3.0452, 'learning_rate': 2.3733189241114313e-05, 'epoch': 1.58}
{'loss': 3.0453, 'learning_rate': 2.3357949087415948e-05, 'epoch': 1.6}
{'loss': 3.0322, 'learning_rate': 2.2982708933717582e-05, 'epoch': 1.62}
{'loss': 3.0469, 'learning_rate': 2.2607468780019213e-05, 'epoch': 1.64}
{'loss': 3.0382, 'learning_rate': 2.2232228626320847e-05, 'epoch': 1.67}
{'loss': 3.0333, 'learning_rate': 2.1856988472622482e-05, 'epoch': 1.69}
{'loss': 3.0275, 'learning_rate': 2.1481748318924113e-05, 'epoch': 1.71}
{'loss': 3.038, 'learning_rate': 2.1106508165225747e-05, 'epoch': 1.73}
{'loss': 3.019, 'learning_rate': 2.0731268011527378e-05, 'epoch': 1.76}
{'loss': 3.0274, 'learning_rate': 2.035602785782901e-05, 'epoch': 1.78}
{'loss': 3.0213, 'learning_rate': 1.9980787704130643e-05, 'epoch': 1.8}
{'loss': 3.0113, 'learning_rate': 1.9605547550432278e-05, 'epoch': 1.82}
{'loss': 3.0182, 'learning_rate': 1.923030739673391e-05, 'epoch': 1.85}
{'loss': 3.0291, 'learning_rate': 1.8855067243035543e-05, 'epoch': 1.87}
{'loss': 3.022, 'learning_rate': 1.8479827089337178e-05, 'epoch': 1.89}
{'loss': 2.9902, 'learning_rate': 1.810458693563881e-05, 'epoch': 1.91}
{'loss': 3.0058, 'learning_rate': 1.7729346781940443e-05, 'epoch': 1.94}
{'loss': 3.0122, 'learning_rate': 1.7354106628242074e-05, 'epoch': 1.96}
{'loss': 2.984, 'learning_rate': 1.6978866474543708e-05, 'epoch': 1.98}
{'loss': 2.9975, 'learning_rate': 1.6603626320845343e-05, 'epoch': 2.0}
{'loss': 2.9909, 'learning_rate': 1.6228386167146974e-05, 'epoch': 2.03}
{'loss': 2.9977, 'learning_rate': 1.5853146013448608e-05, 'epoch': 2.05}
{'loss': 2.9803, 'learning_rate': 1.5477905859750242e-05, 'epoch': 2.07}
{'loss': 2.9707, 'learning_rate': 1.5102665706051875e-05, 'epoch': 2.09}
{'loss': 2.9776, 'learning_rate': 1.4727425552353508e-05, 'epoch': 2.12}
{'loss': 2.9833, 'learning_rate': 1.435218539865514e-05, 'epoch': 2.14}
{'loss': 2.9742, 'learning_rate': 1.3976945244956775e-05, 'epoch': 2.16}
{'loss': 2.9621, 'learning_rate': 1.3601705091258407e-05, 'epoch': 2.18}
{'loss': 2.9811, 'learning_rate': 1.322646493756004e-05, 'epoch': 2.21}
{'loss': 2.9832, 'learning_rate': 1.2851224783861673e-05, 'epoch': 2.23}
{'loss': 2.9674, 'learning_rate': 1.2475984630163305e-05, 'epoch': 2.25}
{'loss': 2.9623, 'learning_rate': 1.2100744476464938e-05, 'epoch': 2.27}
{'loss': 2.961, 'learning_rate': 1.172550432276657e-05, 'epoch': 2.3}
{'loss': 2.971, 'learning_rate': 1.1350264169068205e-05, 'epoch': 2.32}
{'loss': 2.9614, 'learning_rate': 1.0975024015369838e-05, 'epoch': 2.34}
{'loss': 2.9485, 'learning_rate': 1.059978386167147e-05, 'epoch': 2.36}
{'loss': 2.962, 'learning_rate': 1.0224543707973103e-05, 'epoch': 2.39}
{'loss': 2.9641, 'learning_rate': 9.849303554274736e-06, 'epoch': 2.41}
{'loss': 2.9632, 'learning_rate': 9.474063400576369e-06, 'epoch': 2.43}
{'loss': 2.9571, 'learning_rate': 9.098823246878003e-06, 'epoch': 2.45}
{'loss': 2.9733, 'learning_rate': 8.723583093179636e-06, 'epoch': 2.48}
{'loss': 2.9496, 'learning_rate': 8.348342939481268e-06, 'epoch': 2.5}
{'loss': 2.9478, 'learning_rate': 7.973102785782901e-06, 'epoch': 2.52}
{'loss': 2.9526, 'learning_rate': 7.597862632084534e-06, 'epoch': 2.54}
{'loss': 2.957, 'learning_rate': 7.222622478386168e-06, 'epoch': 2.57}
{'loss': 2.9541, 'learning_rate': 6.8473823246878015e-06, 'epoch': 2.59}
{'loss': 2.9507, 'learning_rate': 6.472142170989434e-06, 'epoch': 2.61}
{'loss': 2.9654, 'learning_rate': 6.096902017291067e-06, 'epoch': 2.63}
{'loss': 2.957, 'learning_rate': 5.7216618635926995e-06, 'epoch': 2.66}
{'loss': 2.9636, 'learning_rate': 5.346421709894333e-06, 'epoch': 2.68}
{'loss': 2.9591, 'learning_rate': 4.971181556195966e-06, 'epoch': 2.7}
{'loss': 2.9674, 'learning_rate': 4.595941402497598e-06, 'epoch': 2.72}
{'loss': 2.9478, 'learning_rate': 4.220701248799232e-06, 'epoch': 2.75}
{'loss': 2.935, 'learning_rate': 3.8454610951008646e-06, 'epoch': 2.77}
{'loss': 2.9294, 'learning_rate': 3.470220941402498e-06, 'epoch': 2.79}
{'loss': 2.9455, 'learning_rate': 3.0949807877041307e-06, 'epoch': 2.81}
{'loss': 2.9524, 'learning_rate': 2.719740634005764e-06, 'epoch': 2.84}
{'loss': 2.9519, 'learning_rate': 2.344500480307397e-06, 'epoch': 2.86}
{'loss': 2.9534, 'learning_rate': 1.96926032660903e-06, 'epoch': 2.88}
{'loss': 2.9604, 'learning_rate': 1.5940201729106627e-06, 'epoch': 2.9}
{'loss': 2.9413, 'learning_rate': 1.2187800192122958e-06, 'epoch': 2.93}
{'loss': 2.9525, 'learning_rate': 8.435398655139289e-07, 'epoch': 2.95}
{'loss': 2.947, 'learning_rate': 4.6829971181556196e-07, 'epoch': 2.97}
{'loss': 2.9582, 'learning_rate': 9.305955811719501e-08, 'epoch': 2.99}
{'train_runtime': 14205.0109, 'train_samples_per_second': 75.042, 'train_steps_per_second': 4.69, 'train_loss': 3.1329797704441975, 'epoch': 3.0}
***** train metrics *****
  epoch                    =        3.0
  train_loss               =      3.133
  train_runtime            = 3:56:45.01
  train_samples            =     355325
  train_samples_per_second =     75.042
  train_steps_per_second   =       4.69
11/11/2022 19:16:41 - INFO - __main__ - *** Evaluate ***
***** eval metrics *****
  epoch                   =        3.0
  eval_accuracy           =     0.0099
  eval_loss               =     2.7137
  eval_runtime            = 3:29:44.96
  eval_samples            =     118442
  eval_samples_per_second =      9.411
  eval_steps_per_second   =      0.588
11/11/2022 22:46:26 - INFO - __main__ - *** Predict ***
***** predict metrics *****
  predict_accuracy           =     0.0093
  predict_loss               =     2.7094
  predict_runtime            = 3:31:05.79
  predict_samples            =     118442
  predict_samples_per_second =      9.351
  predict_steps_per_second   =      0.584
