08/23/2022 18:09:56 - WARNING - __main__ - Process rank: -1, device: cuda:0, n_gpu: 1distributed training: False, 16-bits training: False
08/23/2022 18:09:56 - INFO - __main__ - Training/evaluation parameters Seq2SeqTrainingArguments(
_n_gpu=1,
adafactor=False,
adam_beta1=0.9,
adam_beta2=0.999,
adam_epsilon=1e-08,
auto_find_batch_size=False,
bf16=False,
bf16_full_eval=False,
data_seed=None,
dataloader_drop_last=False,
dataloader_num_workers=0,
dataloader_pin_memory=True,
ddp_bucket_cap_mb=None,
ddp_find_unused_parameters=None,
debug=[],
deepspeed=None,
disable_tqdm=False,
do_eval=True,
do_predict=True,
do_train=True,
eval_accumulation_steps=None,
eval_delay=0,
eval_steps=None,
evaluation_strategy=no,
fp16=False,
fp16_backend=auto,
fp16_full_eval=False,
fp16_opt_level=O1,
fsdp=[],
fsdp_min_num_params=0,
fsdp_transformer_layer_cls_to_wrap=None,
full_determinism=False,
generation_max_length=None,
generation_num_beams=None,
gradient_accumulation_steps=1,
gradient_checkpointing=False,
greater_is_better=None,
group_by_length=False,
half_precision_backend=auto,
hub_model_id=None,
hub_private_repo=False,
hub_strategy=every_save,
hub_token=<HUB_TOKEN>,
ignore_data_skip=False,
include_inputs_for_metrics=False,
jit_mode_eval=False,
label_names=None,
label_smoothing_factor=0.0,
learning_rate=5e-05,
length_column_name=length,
load_best_model_at_end=False,
local_rank=-1,
log_level=-1,
log_level_replica=-1,
log_on_each_node=True,
logging_dir=../experiments/runs/Aug23_18-09-55_mscluster21.ms.wits.ac.za,
logging_first_step=False,
logging_nan_inf_filter=True,
logging_steps=500,
logging_strategy=steps,
lr_scheduler_type=linear,
max_grad_norm=1.0,
max_steps=-1,
metric_for_best_model=None,
mp_parameters=,
no_cuda=False,
num_train_epochs=3.0,
optim=adamw_hf,
output_dir=../experiments/random/t5-large/i_or,
overwrite_output_dir=False,
past_index=-1,
per_device_eval_batch_size=8,
per_device_train_batch_size=8,
predict_with_generate=True,
prediction_loss_only=False,
push_to_hub=False,
push_to_hub_model_id=None,
push_to_hub_organization=None,
push_to_hub_token=<PUSH_TO_HUB_TOKEN>,
ray_scope=last,
remove_unused_columns=True,
report_to=[],
resume_from_checkpoint=None,
run_name=../experiments/,
save_on_each_node=False,
save_steps=5000,
save_strategy=steps,
save_total_limit=None,
seed=42,
sharded_ddp=[],
skip_memory_metrics=True,
sortish_sampler=False,
tf32=None,
torchdynamo=None,
tpu_metrics_debug=False,
tpu_num_cores=None,
use_ipex=False,
use_legacy_prediction_loop=False,
warmup_ratio=0.0,
warmup_steps=0,
weight_decay=0.0,
xpu_backend=None,
)
08/23/2022 18:09:57 - WARNING - datasets.builder - Using custom data configuration default-cc74f81d98b29ecd
08/23/2022 18:09:58 - INFO - datasets.builder - Overwrite dataset info from restored data version.
08/23/2022 18:09:58 - INFO - datasets.info - Loading Dataset info from ./models/cache/json/default-cc74f81d98b29ecd/0.0.0/a3e658c4731e59120d44081ac10bf85dc7e1388126b92338344ce9661907f253
08/23/2022 18:10:13 - WARNING - datasets.builder - Reusing dataset json (./models/cache/json/default-cc74f81d98b29ecd/0.0.0/a3e658c4731e59120d44081ac10bf85dc7e1388126b92338344ce9661907f253)
08/23/2022 18:10:13 - INFO - datasets.info - Loading Dataset info from ./models/cache/json/default-cc74f81d98b29ecd/0.0.0/a3e658c4731e59120d44081ac10bf85dc7e1388126b92338344ce9661907f253
08/23/2022 18:10:30 - INFO - __main__ - Loaded the random dataset:
DatasetDict({
    train: Dataset({
        features: ['clue', 'answer', 'annotation', 'rationale'],
        num_rows: 355325
    })
    validation: Dataset({
        features: ['clue', 'answer', 'annotation', 'rationale'],
        num_rows: 118442
    })
    test: Dataset({
        features: ['clue', 'answer', 'annotation', 'rationale'],
        num_rows: 118442
    })
})
08/23/2022 18:10:33 - WARNING - datasets.arrow_dataset - Loading cached processed dataset at ./models/cache/json/default-cc74f81d98b29ecd/0.0.0/a3e658c4731e59120d44081ac10bf85dc7e1388126b92338344ce9661907f253/cache-4fbab4ed04d1f885.arrow
08/23/2022 18:10:33 - WARNING - datasets.arrow_dataset - Loading cached processed dataset at ./models/cache/json/default-cc74f81d98b29ecd/0.0.0/a3e658c4731e59120d44081ac10bf85dc7e1388126b92338344ce9661907f253/cache-3fb1ab5d3e1b6943.arrow
08/23/2022 18:10:33 - WARNING - datasets.arrow_dataset - Loading cached processed dataset at ./models/cache/json/default-cc74f81d98b29ecd/0.0.0/a3e658c4731e59120d44081ac10bf85dc7e1388126b92338344ce9661907f253/cache-3bd2cba326f36d52.arrow
08/23/2022 18:10:33 - WARNING - datasets.arrow_dataset - Loading cached processed dataset at ./models/cache/json/default-cc74f81d98b29ecd/0.0.0/a3e658c4731e59120d44081ac10bf85dc7e1388126b92338344ce9661907f253/cache-e5eaa8b04fecf72f.arrow
08/23/2022 18:10:33 - WARNING - datasets.arrow_dataset - Loading cached processed dataset at ./models/cache/json/default-cc74f81d98b29ecd/0.0.0/a3e658c4731e59120d44081ac10bf85dc7e1388126b92338344ce9661907f253/cache-e60907336a75f922.arrow
08/23/2022 18:10:33 - WARNING - datasets.arrow_dataset - Loading cached processed dataset at ./models/cache/json/default-cc74f81d98b29ecd/0.0.0/a3e658c4731e59120d44081ac10bf85dc7e1388126b92338344ce9661907f253/cache-1190c4b6ac750437.arrow
08/23/2022 18:10:33 - WARNING - datasets.arrow_dataset - Loading cached processed dataset at ./models/cache/json/default-cc74f81d98b29ecd/0.0.0/a3e658c4731e59120d44081ac10bf85dc7e1388126b92338344ce9661907f253/cache-8973577baab6c029.arrow
08/23/2022 18:10:33 - WARNING - datasets.arrow_dataset - Loading cached processed dataset at ./models/cache/json/default-cc74f81d98b29ecd/0.0.0/a3e658c4731e59120d44081ac10bf85dc7e1388126b92338344ce9661907f253/cache-32c03a34d9fa1103.arrow
08/23/2022 18:10:46 - WARNING - datasets.arrow_dataset - Loading cached processed dataset at ./models/cache/json/default-cc74f81d98b29ecd/0.0.0/a3e658c4731e59120d44081ac10bf85dc7e1388126b92338344ce9661907f253/cache-1b695600659de558.arrow
08/23/2022 18:10:46 - WARNING - datasets.arrow_dataset - Loading cached processed dataset at ./models/cache/json/default-cc74f81d98b29ecd/0.0.0/a3e658c4731e59120d44081ac10bf85dc7e1388126b92338344ce9661907f253/cache-a4fc1ffa32f4a3ad.arrow
08/23/2022 18:10:46 - WARNING - datasets.arrow_dataset - Loading cached processed dataset at ./models/cache/json/default-cc74f81d98b29ecd/0.0.0/a3e658c4731e59120d44081ac10bf85dc7e1388126b92338344ce9661907f253/cache-00e0cab4800b64f1.arrow
08/23/2022 18:10:46 - WARNING - datasets.arrow_dataset - Loading cached processed dataset at ./models/cache/json/default-cc74f81d98b29ecd/0.0.0/a3e658c4731e59120d44081ac10bf85dc7e1388126b92338344ce9661907f253/cache-d13a59d752f61f4a.arrow
08/23/2022 18:10:46 - WARNING - datasets.arrow_dataset - Loading cached processed dataset at ./models/cache/json/default-cc74f81d98b29ecd/0.0.0/a3e658c4731e59120d44081ac10bf85dc7e1388126b92338344ce9661907f253/cache-74d8982d6a09e332.arrow
08/23/2022 18:10:46 - WARNING - datasets.arrow_dataset - Loading cached processed dataset at ./models/cache/json/default-cc74f81d98b29ecd/0.0.0/a3e658c4731e59120d44081ac10bf85dc7e1388126b92338344ce9661907f253/cache-4d28c61dff372a22.arrow
08/23/2022 18:10:46 - WARNING - datasets.arrow_dataset - Loading cached processed dataset at ./models/cache/json/default-cc74f81d98b29ecd/0.0.0/a3e658c4731e59120d44081ac10bf85dc7e1388126b92338344ce9661907f253/cache-2d11a2d5a3f8f0ae.arrow
08/23/2022 18:10:46 - WARNING - datasets.arrow_dataset - Loading cached processed dataset at ./models/cache/json/default-cc74f81d98b29ecd/0.0.0/a3e658c4731e59120d44081ac10bf85dc7e1388126b92338344ce9661907f253/cache-ca52e8bd36823bb6.arrow
08/23/2022 18:10:51 - WARNING - datasets.arrow_dataset - Loading cached processed dataset at ./models/cache/json/default-cc74f81d98b29ecd/0.0.0/a3e658c4731e59120d44081ac10bf85dc7e1388126b92338344ce9661907f253/cache-09aaf06aedab6258.arrow
08/23/2022 18:10:51 - WARNING - datasets.arrow_dataset - Loading cached processed dataset at ./models/cache/json/default-cc74f81d98b29ecd/0.0.0/a3e658c4731e59120d44081ac10bf85dc7e1388126b92338344ce9661907f253/cache-1cb24a219f9a5487.arrow
08/23/2022 18:10:51 - WARNING - datasets.arrow_dataset - Loading cached processed dataset at ./models/cache/json/default-cc74f81d98b29ecd/0.0.0/a3e658c4731e59120d44081ac10bf85dc7e1388126b92338344ce9661907f253/cache-d0736e9a0aa2742f.arrow
08/23/2022 18:10:51 - WARNING - datasets.arrow_dataset - Loading cached processed dataset at ./models/cache/json/default-cc74f81d98b29ecd/0.0.0/a3e658c4731e59120d44081ac10bf85dc7e1388126b92338344ce9661907f253/cache-f22c036656033571.arrow
08/23/2022 18:10:51 - WARNING - datasets.arrow_dataset - Loading cached processed dataset at ./models/cache/json/default-cc74f81d98b29ecd/0.0.0/a3e658c4731e59120d44081ac10bf85dc7e1388126b92338344ce9661907f253/cache-1cd2b87d81689aaa.arrow
08/23/2022 18:10:51 - WARNING - datasets.arrow_dataset - Loading cached processed dataset at ./models/cache/json/default-cc74f81d98b29ecd/0.0.0/a3e658c4731e59120d44081ac10bf85dc7e1388126b92338344ce9661907f253/cache-85927b8962bd05a5.arrow
08/23/2022 18:10:51 - WARNING - datasets.arrow_dataset - Loading cached processed dataset at ./models/cache/json/default-cc74f81d98b29ecd/0.0.0/a3e658c4731e59120d44081ac10bf85dc7e1388126b92338344ce9661907f253/cache-b5444e174b0f9a50.arrow
08/23/2022 18:10:51 - WARNING - datasets.arrow_dataset - Loading cached processed dataset at ./models/cache/json/default-cc74f81d98b29ecd/0.0.0/a3e658c4731e59120d44081ac10bf85dc7e1388126b92338344ce9661907f253/cache-7c4377ba3bfde477.arrow
{'loss': 3.1963, 'learning_rate': 4.981237992315082e-05, 'epoch': 0.01}
{'loss': 2.8092, 'learning_rate': 4.962475984630163e-05, 'epoch': 0.02}
{'loss': 2.7345, 'learning_rate': 4.943713976945245e-05, 'epoch': 0.03}
{'loss': 2.6347, 'learning_rate': 4.924951969260327e-05, 'epoch': 0.05}
{'loss': 2.5901, 'learning_rate': 4.906189961575409e-05, 'epoch': 0.06}
{'loss': 2.5297, 'learning_rate': 4.88742795389049e-05, 'epoch': 0.07}
{'loss': 2.4996, 'learning_rate': 4.868665946205572e-05, 'epoch': 0.08}
{'loss': 2.4517, 'learning_rate': 4.849903938520653e-05, 'epoch': 0.09}
{'loss': 2.4277, 'learning_rate': 4.8311419308357355e-05, 'epoch': 0.1}
{'loss': 2.4225, 'learning_rate': 4.8123799231508164e-05, 'epoch': 0.11}
{'loss': 2.3966, 'learning_rate': 4.7936179154658986e-05, 'epoch': 0.12}
{'loss': 2.3665, 'learning_rate': 4.77485590778098e-05, 'epoch': 0.14}
{'loss': 2.3592, 'learning_rate': 4.756093900096062e-05, 'epoch': 0.15}
{'loss': 2.3164, 'learning_rate': 4.737331892411143e-05, 'epoch': 0.16}
{'loss': 2.3144, 'learning_rate': 4.718569884726225e-05, 'epoch': 0.17}
{'loss': 2.308, 'learning_rate': 4.699807877041307e-05, 'epoch': 0.18}
{'loss': 2.2857, 'learning_rate': 4.6810458693563886e-05, 'epoch': 0.19}
{'loss': 2.2853, 'learning_rate': 4.6622838616714695e-05, 'epoch': 0.2}
{'loss': 2.2829, 'learning_rate': 4.643521853986552e-05, 'epoch': 0.21}
{'loss': 2.2615, 'learning_rate': 4.624759846301633e-05, 'epoch': 0.23}
{'loss': 2.2449, 'learning_rate': 4.6059978386167155e-05, 'epoch': 0.24}
{'loss': 2.238, 'learning_rate': 4.5872358309317964e-05, 'epoch': 0.25}
{'loss': 2.2292, 'learning_rate': 4.568473823246878e-05, 'epoch': 0.26}
{'loss': 2.2135, 'learning_rate': 4.54971181556196e-05, 'epoch': 0.27}
{'loss': 2.2232, 'learning_rate': 4.530949807877041e-05, 'epoch': 0.28}
{'loss': 2.2098, 'learning_rate': 4.512187800192123e-05, 'epoch': 0.29}
{'loss': 2.1954, 'learning_rate': 4.493425792507205e-05, 'epoch': 0.3}
{'loss': 2.2017, 'learning_rate': 4.474663784822286e-05, 'epoch': 0.32}
{'loss': 2.1888, 'learning_rate': 4.455901777137368e-05, 'epoch': 0.33}
{'loss': 2.1548, 'learning_rate': 4.4371397694524494e-05, 'epoch': 0.34}
{'loss': 2.1512, 'learning_rate': 4.4183777617675316e-05, 'epoch': 0.35}
{'loss': 2.1724, 'learning_rate': 4.399615754082613e-05, 'epoch': 0.36}
{'loss': 2.1429, 'learning_rate': 4.380853746397695e-05, 'epoch': 0.37}
{'loss': 2.1313, 'learning_rate': 4.362091738712776e-05, 'epoch': 0.38}
{'loss': 2.1209, 'learning_rate': 4.343329731027858e-05, 'epoch': 0.39}
{'loss': 2.1099, 'learning_rate': 4.32456772334294e-05, 'epoch': 0.41}
{'loss': 2.113, 'learning_rate': 4.305805715658021e-05, 'epoch': 0.42}
{'loss': 2.1181, 'learning_rate': 4.287043707973103e-05, 'epoch': 0.43}
{'loss': 2.1244, 'learning_rate': 4.268281700288185e-05, 'epoch': 0.44}
{'loss': 2.1221, 'learning_rate': 4.249519692603266e-05, 'epoch': 0.45}
{'loss': 2.0829, 'learning_rate': 4.230757684918348e-05, 'epoch': 0.46}
{'loss': 2.087, 'learning_rate': 4.2119956772334294e-05, 'epoch': 0.47}
{'loss': 2.0765, 'learning_rate': 4.1932336695485116e-05, 'epoch': 0.48}
{'loss': 2.0886, 'learning_rate': 4.174471661863593e-05, 'epoch': 0.5}
{'loss': 2.0623, 'learning_rate': 4.155709654178675e-05, 'epoch': 0.51}
{'loss': 2.0806, 'learning_rate': 4.136947646493756e-05, 'epoch': 0.52}
{'loss': 2.0715, 'learning_rate': 4.118185638808838e-05, 'epoch': 0.53}
{'loss': 2.0636, 'learning_rate': 4.099423631123919e-05, 'epoch': 0.54}
{'loss': 2.07, 'learning_rate': 4.080661623439001e-05, 'epoch': 0.55}
{'loss': 2.0556, 'learning_rate': 4.061899615754083e-05, 'epoch': 0.56}
{'loss': 2.0755, 'learning_rate': 4.0431376080691647e-05, 'epoch': 0.57}
{'loss': 2.0287, 'learning_rate': 4.024375600384246e-05, 'epoch': 0.59}
{'loss': 2.0776, 'learning_rate': 4.005613592699328e-05, 'epoch': 0.6}
{'loss': 2.039, 'learning_rate': 3.986851585014409e-05, 'epoch': 0.61}
{'loss': 2.0311, 'learning_rate': 3.9680895773294915e-05, 'epoch': 0.62}
{'loss': 2.0262, 'learning_rate': 3.9493275696445724e-05, 'epoch': 0.63}
{'loss': 2.0193, 'learning_rate': 3.9305655619596546e-05, 'epoch': 0.64}
{'loss': 2.0155, 'learning_rate': 3.911803554274736e-05, 'epoch': 0.65}
{'loss': 2.0173, 'learning_rate': 3.893041546589818e-05, 'epoch': 0.66}
{'loss': 2.0068, 'learning_rate': 3.874279538904899e-05, 'epoch': 0.68}
{'loss': 2.0152, 'learning_rate': 3.855517531219981e-05, 'epoch': 0.69}
{'loss': 1.9832, 'learning_rate': 3.836755523535063e-05, 'epoch': 0.7}
{'loss': 2.0053, 'learning_rate': 3.8179935158501446e-05, 'epoch': 0.71}
{'loss': 2.0245, 'learning_rate': 3.7992315081652255e-05, 'epoch': 0.72}
{'loss': 2.006, 'learning_rate': 3.780469500480308e-05, 'epoch': 0.73}
{'loss': 2.0224, 'learning_rate': 3.761707492795389e-05, 'epoch': 0.74}
{'loss': 2.0, 'learning_rate': 3.742945485110471e-05, 'epoch': 0.75}
{'loss': 1.9756, 'learning_rate': 3.7241834774255523e-05, 'epoch': 0.77}
{'loss': 1.9994, 'learning_rate': 3.705421469740634e-05, 'epoch': 0.78}
{'loss': 1.9769, 'learning_rate': 3.686659462055716e-05, 'epoch': 0.79}
{'loss': 1.966, 'learning_rate': 3.667897454370797e-05, 'epoch': 0.8}
{'loss': 1.981, 'learning_rate': 3.649135446685879e-05, 'epoch': 0.81}
{'loss': 1.9786, 'learning_rate': 3.630373439000961e-05, 'epoch': 0.82}
{'loss': 1.974, 'learning_rate': 3.611611431316042e-05, 'epoch': 0.83}
{'loss': 1.9581, 'learning_rate': 3.592849423631124e-05, 'epoch': 0.84}
{'loss': 1.9751, 'learning_rate': 3.5740874159462054e-05, 'epoch': 0.86}
{'loss': 1.9405, 'learning_rate': 3.5553254082612876e-05, 'epoch': 0.87}
{'loss': 1.967, 'learning_rate': 3.536563400576369e-05, 'epoch': 0.88}
{'loss': 1.9585, 'learning_rate': 3.517801392891451e-05, 'epoch': 0.89}
{'loss': 1.9605, 'learning_rate': 3.499039385206532e-05, 'epoch': 0.9}
{'loss': 1.9296, 'learning_rate': 3.480277377521614e-05, 'epoch': 0.91}
{'loss': 1.9502, 'learning_rate': 3.461515369836696e-05, 'epoch': 0.92}
{'loss': 1.9614, 'learning_rate': 3.442753362151777e-05, 'epoch': 0.93}
{'loss': 1.9432, 'learning_rate': 3.423991354466859e-05, 'epoch': 0.95}
{'loss': 1.931, 'learning_rate': 3.405229346781941e-05, 'epoch': 0.96}
{'loss': 1.9444, 'learning_rate': 3.386467339097022e-05, 'epoch': 0.97}
{'loss': 1.9618, 'learning_rate': 3.367705331412104e-05, 'epoch': 0.98}
{'loss': 1.93, 'learning_rate': 3.3489433237271854e-05, 'epoch': 0.99}
{'loss': 1.9124, 'learning_rate': 3.3301813160422676e-05, 'epoch': 1.0}
{'loss': 1.8584, 'learning_rate': 3.3114193083573485e-05, 'epoch': 1.01}
{'loss': 1.8259, 'learning_rate': 3.292657300672431e-05, 'epoch': 1.02}
{'loss': 1.8603, 'learning_rate': 3.273895292987512e-05, 'epoch': 1.04}
{'loss': 1.8228, 'learning_rate': 3.255133285302594e-05, 'epoch': 1.05}
{'loss': 1.8389, 'learning_rate': 3.236371277617675e-05, 'epoch': 1.06}
{'loss': 1.8342, 'learning_rate': 3.217609269932757e-05, 'epoch': 1.07}
{'loss': 1.858, 'learning_rate': 3.198847262247839e-05, 'epoch': 1.08}
{'loss': 1.8353, 'learning_rate': 3.1800852545629207e-05, 'epoch': 1.09}
{'loss': 1.8103, 'learning_rate': 3.1613232468780015e-05, 'epoch': 1.1}
{'loss': 1.8322, 'learning_rate': 3.142561239193084e-05, 'epoch': 1.11}
{'loss': 1.8424, 'learning_rate': 3.123799231508165e-05, 'epoch': 1.13}
{'loss': 1.8366, 'learning_rate': 3.1050372238232475e-05, 'epoch': 1.14}
{'loss': 1.8252, 'learning_rate': 3.0862752161383284e-05, 'epoch': 1.15}
{'loss': 1.8268, 'learning_rate': 3.06751320845341e-05, 'epoch': 1.16}
{'loss': 1.811, 'learning_rate': 3.0487512007684922e-05, 'epoch': 1.17}
{'loss': 1.8457, 'learning_rate': 3.0299891930835737e-05, 'epoch': 1.18}
{'loss': 1.8169, 'learning_rate': 3.0112271853986553e-05, 'epoch': 1.19}
{'loss': 1.8014, 'learning_rate': 2.9924651777137368e-05, 'epoch': 1.2}
{'loss': 1.8381, 'learning_rate': 2.9737031700288187e-05, 'epoch': 1.22}
{'loss': 1.7995, 'learning_rate': 2.9549411623439006e-05, 'epoch': 1.23}
{'loss': 1.8066, 'learning_rate': 2.9361791546589818e-05, 'epoch': 1.24}
{'loss': 1.8153, 'learning_rate': 2.9174171469740637e-05, 'epoch': 1.25}
{'loss': 1.8183, 'learning_rate': 2.8986551392891452e-05, 'epoch': 1.26}
{'loss': 1.8117, 'learning_rate': 2.8798931316042265e-05, 'epoch': 1.27}
{'loss': 1.786, 'learning_rate': 2.8611311239193083e-05, 'epoch': 1.28}
{'loss': 1.8366, 'learning_rate': 2.8423691162343902e-05, 'epoch': 1.29}
{'loss': 1.8372, 'learning_rate': 2.823607108549472e-05, 'epoch': 1.31}
{'loss': 1.8025, 'learning_rate': 2.8048451008645533e-05, 'epoch': 1.32}
{'loss': 1.8149, 'learning_rate': 2.786083093179635e-05, 'epoch': 1.33}
{'loss': 1.8141, 'learning_rate': 2.7673210854947168e-05, 'epoch': 1.34}
{'loss': 1.7869, 'learning_rate': 2.7485590778097987e-05, 'epoch': 1.35}
{'loss': 1.7939, 'learning_rate': 2.72979707012488e-05, 'epoch': 1.36}
{'loss': 1.8095, 'learning_rate': 2.7110350624399618e-05, 'epoch': 1.37}
{'loss': 1.8145, 'learning_rate': 2.6922730547550433e-05, 'epoch': 1.38}
{'loss': 1.8015, 'learning_rate': 2.6735110470701252e-05, 'epoch': 1.4}
{'loss': 1.7921, 'learning_rate': 2.6547490393852064e-05, 'epoch': 1.41}
{'loss': 1.8095, 'learning_rate': 2.6359870317002883e-05, 'epoch': 1.42}
{'loss': 1.7925, 'learning_rate': 2.6172250240153702e-05, 'epoch': 1.43}
{'loss': 1.7882, 'learning_rate': 2.5984630163304517e-05, 'epoch': 1.44}
{'loss': 1.782, 'learning_rate': 2.579701008645533e-05, 'epoch': 1.45}
{'loss': 1.8006, 'learning_rate': 2.5609390009606148e-05, 'epoch': 1.46}
{'loss': 1.7888, 'learning_rate': 2.5421769932756967e-05, 'epoch': 1.47}
{'loss': 1.7968, 'learning_rate': 2.5234149855907786e-05, 'epoch': 1.49}
{'loss': 1.8003, 'learning_rate': 2.5046529779058598e-05, 'epoch': 1.5}
{'loss': 1.7984, 'learning_rate': 2.4858909702209414e-05, 'epoch': 1.51}
{'loss': 1.7954, 'learning_rate': 2.467128962536023e-05, 'epoch': 1.52}
{'loss': 1.7789, 'learning_rate': 2.4483669548511048e-05, 'epoch': 1.53}
{'loss': 1.7711, 'learning_rate': 2.4296049471661863e-05, 'epoch': 1.54}
{'loss': 1.7818, 'learning_rate': 2.4108429394812682e-05, 'epoch': 1.55}
{'loss': 1.7981, 'learning_rate': 2.3920809317963498e-05, 'epoch': 1.56}
{'loss': 1.7888, 'learning_rate': 2.3733189241114313e-05, 'epoch': 1.58}
{'loss': 1.7765, 'learning_rate': 2.354556916426513e-05, 'epoch': 1.59}
{'loss': 1.7772, 'learning_rate': 2.3357949087415948e-05, 'epoch': 1.6}
{'loss': 1.7594, 'learning_rate': 2.3170329010566763e-05, 'epoch': 1.61}
{'loss': 1.786, 'learning_rate': 2.2982708933717582e-05, 'epoch': 1.62}
{'loss': 1.8029, 'learning_rate': 2.2795088856868398e-05, 'epoch': 1.63}
{'loss': 1.7743, 'learning_rate': 2.2607468780019213e-05, 'epoch': 1.64}
{'loss': 1.7861, 'learning_rate': 2.241984870317003e-05, 'epoch': 1.65}
{'loss': 1.7846, 'learning_rate': 2.2232228626320847e-05, 'epoch': 1.67}
{'loss': 1.7928, 'learning_rate': 2.2044608549471663e-05, 'epoch': 1.68}
{'loss': 1.7475, 'learning_rate': 2.1856988472622482e-05, 'epoch': 1.69}
{'loss': 1.7862, 'learning_rate': 2.1669368395773297e-05, 'epoch': 1.7}
{'loss': 1.7807, 'learning_rate': 2.1481748318924113e-05, 'epoch': 1.71}
{'loss': 1.7883, 'learning_rate': 2.1294128242074928e-05, 'epoch': 1.72}
{'loss': 1.7672, 'learning_rate': 2.1106508165225747e-05, 'epoch': 1.73}
{'loss': 1.7772, 'learning_rate': 2.0918888088376563e-05, 'epoch': 1.74}
{'loss': 1.7816, 'learning_rate': 2.0731268011527378e-05, 'epoch': 1.76}
{'loss': 1.7857, 'learning_rate': 2.0543647934678194e-05, 'epoch': 1.77}
{'loss': 1.7686, 'learning_rate': 2.035602785782901e-05, 'epoch': 1.78}
{'loss': 1.7707, 'learning_rate': 2.0168407780979828e-05, 'epoch': 1.79}
{'loss': 1.7644, 'learning_rate': 1.9980787704130643e-05, 'epoch': 1.8}
{'loss': 1.7749, 'learning_rate': 1.9793167627281462e-05, 'epoch': 1.81}
{'loss': 1.7744, 'learning_rate': 1.9605547550432278e-05, 'epoch': 1.82}
{'loss': 1.7571, 'learning_rate': 1.9417927473583093e-05, 'epoch': 1.83}
{'loss': 1.7383, 'learning_rate': 1.923030739673391e-05, 'epoch': 1.85}
{'loss': 1.7569, 'learning_rate': 1.9042687319884728e-05, 'epoch': 1.86}
{'loss': 1.7884, 'learning_rate': 1.8855067243035543e-05, 'epoch': 1.87}
{'loss': 1.7509, 'learning_rate': 1.8667447166186362e-05, 'epoch': 1.88}
{'loss': 1.7764, 'learning_rate': 1.8479827089337178e-05, 'epoch': 1.89}
{'loss': 1.7415, 'learning_rate': 1.8292207012487993e-05, 'epoch': 1.9}
{'loss': 1.7743, 'learning_rate': 1.810458693563881e-05, 'epoch': 1.91}
{'loss': 1.7475, 'learning_rate': 1.7916966858789627e-05, 'epoch': 1.92}
{'loss': 1.7452, 'learning_rate': 1.7729346781940443e-05, 'epoch': 1.94}
{'loss': 1.7512, 'learning_rate': 1.7541726705091262e-05, 'epoch': 1.95}
{'loss': 1.751, 'learning_rate': 1.7354106628242074e-05, 'epoch': 1.96}
{'loss': 1.7492, 'learning_rate': 1.7166486551392893e-05, 'epoch': 1.97}
{'loss': 1.7366, 'learning_rate': 1.6978866474543708e-05, 'epoch': 1.98}
{'loss': 1.7431, 'learning_rate': 1.6791246397694527e-05, 'epoch': 1.99}
{'loss': 1.7396, 'learning_rate': 1.6603626320845343e-05, 'epoch': 2.0}
{'loss': 1.7073, 'learning_rate': 1.6416006243996158e-05, 'epoch': 2.02}
{'loss': 1.665, 'learning_rate': 1.6228386167146974e-05, 'epoch': 2.03}
{'loss': 1.6853, 'learning_rate': 1.604076609029779e-05, 'epoch': 2.04}
{'loss': 1.6815, 'learning_rate': 1.5853146013448608e-05, 'epoch': 2.05}
{'loss': 1.6891, 'learning_rate': 1.5665525936599423e-05, 'epoch': 2.06}
{'loss': 1.6673, 'learning_rate': 1.5477905859750242e-05, 'epoch': 2.07}
{'loss': 1.6862, 'learning_rate': 1.5290285782901058e-05, 'epoch': 2.08}
{'loss': 1.6814, 'learning_rate': 1.5102665706051875e-05, 'epoch': 2.09}
{'loss': 1.652, 'learning_rate': 1.491504562920269e-05, 'epoch': 2.11}
{'loss': 1.6567, 'learning_rate': 1.4727425552353508e-05, 'epoch': 2.12}
{'loss': 1.6724, 'learning_rate': 1.4539805475504323e-05, 'epoch': 2.13}
{'loss': 1.6544, 'learning_rate': 1.435218539865514e-05, 'epoch': 2.14}
{'loss': 1.6778, 'learning_rate': 1.4164565321805956e-05, 'epoch': 2.15}
{'loss': 1.6731, 'learning_rate': 1.3976945244956775e-05, 'epoch': 2.16}
{'loss': 1.6814, 'learning_rate': 1.3789325168107589e-05, 'epoch': 2.17}
{'loss': 1.6736, 'learning_rate': 1.3601705091258407e-05, 'epoch': 2.18}
{'loss': 1.674, 'learning_rate': 1.3414085014409223e-05, 'epoch': 2.2}
{'loss': 1.6502, 'learning_rate': 1.322646493756004e-05, 'epoch': 2.21}
{'loss': 1.6872, 'learning_rate': 1.3038844860710856e-05, 'epoch': 2.22}
{'loss': 1.6845, 'learning_rate': 1.2851224783861673e-05, 'epoch': 2.23}
{'loss': 1.6508, 'learning_rate': 1.2663604707012488e-05, 'epoch': 2.24}
{'loss': 1.6632, 'learning_rate': 1.2475984630163305e-05, 'epoch': 2.25}
{'loss': 1.6778, 'learning_rate': 1.2288364553314121e-05, 'epoch': 2.26}
{'loss': 1.659, 'learning_rate': 1.2100744476464938e-05, 'epoch': 2.27}
{'loss': 1.6835, 'learning_rate': 1.1913124399615755e-05, 'epoch': 2.29}
{'loss': 1.6521, 'learning_rate': 1.172550432276657e-05, 'epoch': 2.3}
{'loss': 1.6545, 'learning_rate': 1.1537884245917388e-05, 'epoch': 2.31}
{'loss': 1.6708, 'learning_rate': 1.1350264169068205e-05, 'epoch': 2.32}
{'loss': 1.6789, 'learning_rate': 1.116264409221902e-05, 'epoch': 2.33}
{'loss': 1.696, 'learning_rate': 1.0975024015369838e-05, 'epoch': 2.34}
{'loss': 1.6725, 'learning_rate': 1.0787403938520655e-05, 'epoch': 2.35}
{'loss': 1.6644, 'learning_rate': 1.059978386167147e-05, 'epoch': 2.36}
{'loss': 1.6801, 'learning_rate': 1.0412163784822286e-05, 'epoch': 2.38}
{'loss': 1.6681, 'learning_rate': 1.0224543707973103e-05, 'epoch': 2.39}
{'loss': 1.6469, 'learning_rate': 1.0036923631123919e-05, 'epoch': 2.4}
{'loss': 1.6784, 'learning_rate': 9.849303554274736e-06, 'epoch': 2.41}
{'loss': 1.6676, 'learning_rate': 9.661683477425553e-06, 'epoch': 2.42}
{'loss': 1.6572, 'learning_rate': 9.474063400576369e-06, 'epoch': 2.43}
{'loss': 1.6537, 'learning_rate': 9.286443323727186e-06, 'epoch': 2.44}
{'loss': 1.6549, 'learning_rate': 9.098823246878003e-06, 'epoch': 2.45}
{'loss': 1.6755, 'learning_rate': 8.911203170028818e-06, 'epoch': 2.47}
{'loss': 1.6682, 'learning_rate': 8.723583093179636e-06, 'epoch': 2.48}
{'loss': 1.6656, 'learning_rate': 8.535963016330451e-06, 'epoch': 2.49}
{'loss': 1.6533, 'learning_rate': 8.348342939481268e-06, 'epoch': 2.5}
{'loss': 1.645, 'learning_rate': 8.160722862632085e-06, 'epoch': 2.51}
{'loss': 1.6689, 'learning_rate': 7.973102785782901e-06, 'epoch': 2.52}
{'loss': 1.6621, 'learning_rate': 7.785482708933718e-06, 'epoch': 2.53}
{'loss': 1.675, 'learning_rate': 7.597862632084534e-06, 'epoch': 2.54}
{'loss': 1.6534, 'learning_rate': 7.410242555235352e-06, 'epoch': 2.56}
{'loss': 1.6478, 'learning_rate': 7.222622478386168e-06, 'epoch': 2.57}
{'loss': 1.6674, 'learning_rate': 7.035002401536984e-06, 'epoch': 2.58}
{'loss': 1.649, 'learning_rate': 6.8473823246878015e-06, 'epoch': 2.59}
{'loss': 1.6381, 'learning_rate': 6.659762247838618e-06, 'epoch': 2.6}
{'loss': 1.6608, 'learning_rate': 6.472142170989434e-06, 'epoch': 2.61}
{'loss': 1.6497, 'learning_rate': 6.28452209414025e-06, 'epoch': 2.62}
{'loss': 1.6804, 'learning_rate': 6.096902017291067e-06, 'epoch': 2.63}
{'loss': 1.6545, 'learning_rate': 5.909281940441883e-06, 'epoch': 2.65}
{'loss': 1.6525, 'learning_rate': 5.7216618635926995e-06, 'epoch': 2.66}
{'loss': 1.6507, 'learning_rate': 5.534041786743517e-06, 'epoch': 2.67}
{'loss': 1.6498, 'learning_rate': 5.346421709894333e-06, 'epoch': 2.68}
{'loss': 1.6561, 'learning_rate': 5.1588016330451485e-06, 'epoch': 2.69}
{'loss': 1.6537, 'learning_rate': 4.971181556195966e-06, 'epoch': 2.7}
{'loss': 1.6388, 'learning_rate': 4.783561479346782e-06, 'epoch': 2.71}
{'loss': 1.6678, 'learning_rate': 4.595941402497598e-06, 'epoch': 2.72}
{'loss': 1.6701, 'learning_rate': 4.4083213256484155e-06, 'epoch': 2.74}
{'loss': 1.6492, 'learning_rate': 4.220701248799232e-06, 'epoch': 2.75}
{'loss': 1.643, 'learning_rate': 4.033081171950048e-06, 'epoch': 2.76}
{'loss': 1.688, 'learning_rate': 3.8454610951008646e-06, 'epoch': 2.77}
{'loss': 1.6601, 'learning_rate': 3.6578410182516813e-06, 'epoch': 2.78}
{'loss': 1.6745, 'learning_rate': 3.470220941402498e-06, 'epoch': 2.79}
{'loss': 1.6492, 'learning_rate': 3.2826008645533144e-06, 'epoch': 2.8}
{'loss': 1.6787, 'learning_rate': 3.0949807877041307e-06, 'epoch': 2.81}
{'loss': 1.6403, 'learning_rate': 2.9073607108549475e-06, 'epoch': 2.83}
{'loss': 1.6292, 'learning_rate': 2.719740634005764e-06, 'epoch': 2.84}
{'loss': 1.6468, 'learning_rate': 2.53212055715658e-06, 'epoch': 2.85}
{'loss': 1.6491, 'learning_rate': 2.344500480307397e-06, 'epoch': 2.86}
{'loss': 1.6466, 'learning_rate': 2.1568804034582133e-06, 'epoch': 2.87}
{'loss': 1.6475, 'learning_rate': 1.96926032660903e-06, 'epoch': 2.88}
{'loss': 1.6669, 'learning_rate': 1.7816402497598466e-06, 'epoch': 2.89}
{'loss': 1.6629, 'learning_rate': 1.5940201729106627e-06, 'epoch': 2.9}
{'loss': 1.6275, 'learning_rate': 1.4064000960614793e-06, 'epoch': 2.92}
{'loss': 1.6515, 'learning_rate': 1.2187800192122958e-06, 'epoch': 2.93}
{'loss': 1.6387, 'learning_rate': 1.0311599423631126e-06, 'epoch': 2.94}
{'loss': 1.6474, 'learning_rate': 8.435398655139289e-07, 'epoch': 2.95}
{'loss': 1.6317, 'learning_rate': 6.559197886647455e-07, 'epoch': 2.96}
{'loss': 1.6513, 'learning_rate': 4.6829971181556196e-07, 'epoch': 2.97}
{'loss': 1.6677, 'learning_rate': 2.806796349663785e-07, 'epoch': 2.98}
{'loss': 1.6388, 'learning_rate': 9.305955811719501e-08, 'epoch': 2.99}
{'train_runtime': 59317.3981, 'train_samples_per_second': 17.971, 'train_steps_per_second': 2.246, 'train_loss': 1.8677655695494726, 'epoch': 3.0}
***** train metrics *****
  epoch                    =         3.0
  train_loss               =      1.8678
  train_runtime            = 16:28:37.39
  train_samples            =      355325
  train_samples_per_second =      17.971
  train_steps_per_second   =       2.246
08/24/2022 10:59:14 - INFO - __main__ - *** Evaluate ***
***** eval metrics *****
  epoch                   =        3.0
  eval_accuracy           =     0.0647
  eval_loss               =     1.6235
  eval_runtime            = 4:50:30.60
  eval_samples            =     118442
  eval_samples_per_second =      6.795
  eval_steps_per_second   =      0.849
08/24/2022 15:49:45 - INFO - __main__ - *** Predict ***
***** predict metrics *****
  predict_accuracy           =     0.0643
  predict_loss               =     1.6281
  predict_runtime            = 4:50:41.64
  predict_samples            =     118442
  predict_samples_per_second =      6.791
  predict_steps_per_second   =      0.849
