10/17/2022 09:33:44 - WARNING - __main__ - Process rank: -1, device: cuda:0, n_gpu: 1distributed training: False, 16-bits training: False
10/17/2022 09:33:44 - INFO - __main__ - Training/evaluation parameters Seq2SeqTrainingArguments(
_n_gpu=1,
adafactor=False,
adam_beta1=0.9,
adam_beta2=0.999,
adam_epsilon=1e-08,
auto_find_batch_size=False,
bf16=False,
bf16_full_eval=False,
data_seed=None,
dataloader_drop_last=False,
dataloader_num_workers=0,
dataloader_pin_memory=True,
ddp_bucket_cap_mb=None,
ddp_find_unused_parameters=None,
debug=[],
deepspeed=None,
disable_tqdm=False,
do_eval=True,
do_predict=True,
do_train=True,
eval_accumulation_steps=None,
eval_delay=0,
eval_steps=None,
evaluation_strategy=no,
fp16=False,
fp16_backend=auto,
fp16_full_eval=False,
fp16_opt_level=O1,
fsdp=[],
fsdp_min_num_params=0,
fsdp_transformer_layer_cls_to_wrap=None,
full_determinism=False,
generation_max_length=None,
generation_num_beams=None,
gradient_accumulation_steps=1,
gradient_checkpointing=False,
greater_is_better=None,
group_by_length=False,
half_precision_backend=auto,
hub_model_id=None,
hub_private_repo=False,
hub_strategy=every_save,
hub_token=<HUB_TOKEN>,
ignore_data_skip=False,
include_inputs_for_metrics=False,
jit_mode_eval=False,
label_names=None,
label_smoothing_factor=0.0,
learning_rate=5e-05,
length_column_name=length,
load_best_model_at_end=False,
local_rank=-1,
log_level=-1,
log_level_replica=-1,
log_on_each_node=True,
logging_dir=../experiments/runs/Oct17_09-33-43_mscluster26.ms.wits.ac.za,
logging_first_step=False,
logging_nan_inf_filter=True,
logging_steps=500,
logging_strategy=steps,
lr_scheduler_type=linear,
max_grad_norm=1.0,
max_steps=-1,
metric_for_best_model=None,
mp_parameters=,
no_cuda=False,
num_train_epochs=3.0,
optim=adamw_hf,
output_dir=../experiments/random/t5-large/cl/ir_o,
overwrite_output_dir=False,
past_index=-1,
per_device_eval_batch_size=8,
per_device_train_batch_size=8,
predict_with_generate=True,
prediction_loss_only=False,
push_to_hub=False,
push_to_hub_model_id=None,
push_to_hub_organization=None,
push_to_hub_token=<PUSH_TO_HUB_TOKEN>,
ray_scope=last,
remove_unused_columns=True,
report_to=[],
resume_from_checkpoint=None,
run_name=../experiments/,
save_on_each_node=False,
save_steps=5000,
save_strategy=steps,
save_total_limit=None,
seed=42,
sharded_ddp=[],
skip_memory_metrics=True,
sortish_sampler=False,
tf32=None,
torchdynamo=None,
tpu_metrics_debug=False,
tpu_num_cores=None,
use_ipex=False,
use_legacy_prediction_loop=False,
warmup_ratio=0.0,
warmup_steps=0,
weight_decay=0.0,
xpu_backend=None,
)
10/17/2022 09:33:45 - WARNING - datasets.builder - Using custom data configuration default-278ff89d8a43aa6b
10/17/2022 09:33:45 - INFO - datasets.builder - Generating dataset json (./models/cache/json/default-278ff89d8a43aa6b/0.0.0/a3e658c4731e59120d44081ac10bf85dc7e1388126b92338344ce9661907f253)
Downloading and preparing dataset json/default to ./models/cache/json/default-278ff89d8a43aa6b/0.0.0/a3e658c4731e59120d44081ac10bf85dc7e1388126b92338344ce9661907f253...
10/17/2022 09:33:45 - INFO - datasets.download.download_manager - Downloading took 0.0 min
10/17/2022 09:33:48 - INFO - datasets.download.download_manager - Checksum Computation took 0.0 min
10/17/2022 09:33:48 - INFO - datasets.utils.info_utils - Unable to verify checksums.
10/17/2022 09:33:48 - INFO - datasets.builder - Generating train split
10/17/2022 09:33:51 - INFO - datasets.builder - Generating validation split
10/17/2022 09:33:51 - INFO - datasets.builder - Generating test split
10/17/2022 09:33:52 - INFO - datasets.utils.info_utils - Unable to verify splits sizes.
Dataset json downloaded and prepared to ./models/cache/json/default-278ff89d8a43aa6b/0.0.0/a3e658c4731e59120d44081ac10bf85dc7e1388126b92338344ce9661907f253. Subsequent calls will reuse this data.
10/17/2022 09:33:52 - INFO - __main__ - Loaded the random dataset:
DatasetDict({
    train: Dataset({
        features: ['clue', 'answer', 'annotation', 'predicted_rationale', 'predicted_answer'],
        num_rows: 355325
    })
    validation: Dataset({
        features: ['clue', 'answer', 'annotation', 'predicted_rationale', 'predicted_answer'],
        num_rows: 118442
    })
    test: Dataset({
        features: ['clue', 'answer', 'annotation', 'predicted_rationale', 'predicted_answer'],
        num_rows: 118442
    })
})
This is for an IR->O model based on t5-large
{'loss': 3.4269, 'learning_rate': 4.981237992315082e-05, 'epoch': 0.01}
{'loss': 2.9584, 'learning_rate': 4.962475984630163e-05, 'epoch': 0.02}
{'loss': 2.8537, 'learning_rate': 4.943713976945245e-05, 'epoch': 0.03}
{'loss': 2.7928, 'learning_rate': 4.924951969260327e-05, 'epoch': 0.05}
{'loss': 2.7207, 'learning_rate': 4.906189961575409e-05, 'epoch': 0.06}
{'loss': 2.6691, 'learning_rate': 4.88742795389049e-05, 'epoch': 0.07}
{'loss': 2.6511, 'learning_rate': 4.868665946205572e-05, 'epoch': 0.08}
{'loss': 2.6165, 'learning_rate': 4.849903938520653e-05, 'epoch': 0.09}
{'loss': 2.5646, 'learning_rate': 4.8311419308357355e-05, 'epoch': 0.1}
{'loss': 2.5491, 'learning_rate': 4.8123799231508164e-05, 'epoch': 0.11}
{'loss': 2.5186, 'learning_rate': 4.7936179154658986e-05, 'epoch': 0.12}
{'loss': 2.5329, 'learning_rate': 4.77485590778098e-05, 'epoch': 0.14}
{'loss': 2.497, 'learning_rate': 4.756093900096062e-05, 'epoch': 0.15}
{'loss': 2.4888, 'learning_rate': 4.737331892411143e-05, 'epoch': 0.16}
{'loss': 2.4504, 'learning_rate': 4.718569884726225e-05, 'epoch': 0.17}
{'loss': 2.4349, 'learning_rate': 4.699807877041307e-05, 'epoch': 0.18}
{'loss': 2.4158, 'learning_rate': 4.6810458693563886e-05, 'epoch': 0.19}
{'loss': 2.3881, 'learning_rate': 4.6622838616714695e-05, 'epoch': 0.2}
{'loss': 2.3859, 'learning_rate': 4.643521853986552e-05, 'epoch': 0.21}
{'loss': 2.3731, 'learning_rate': 4.624759846301633e-05, 'epoch': 0.23}
{'loss': 2.3677, 'learning_rate': 4.6059978386167155e-05, 'epoch': 0.24}
{'loss': 2.344, 'learning_rate': 4.5872358309317964e-05, 'epoch': 0.25}
{'loss': 2.3198, 'learning_rate': 4.568473823246878e-05, 'epoch': 0.26}
{'loss': 2.3428, 'learning_rate': 4.54971181556196e-05, 'epoch': 0.27}
{'loss': 2.32, 'learning_rate': 4.530949807877041e-05, 'epoch': 0.28}
{'loss': 2.2757, 'learning_rate': 4.512187800192123e-05, 'epoch': 0.29}
{'loss': 2.3021, 'learning_rate': 4.493425792507205e-05, 'epoch': 0.3}
{'loss': 2.2841, 'learning_rate': 4.474663784822286e-05, 'epoch': 0.32}
{'loss': 2.2862, 'learning_rate': 4.455901777137368e-05, 'epoch': 0.33}
{'loss': 2.2717, 'learning_rate': 4.4371397694524494e-05, 'epoch': 0.34}
{'loss': 2.2318, 'learning_rate': 4.4183777617675316e-05, 'epoch': 0.35}
{'loss': 2.234, 'learning_rate': 4.399615754082613e-05, 'epoch': 0.36}
{'loss': 2.2251, 'learning_rate': 4.380853746397695e-05, 'epoch': 0.37}
{'loss': 2.1868, 'learning_rate': 4.362091738712776e-05, 'epoch': 0.38}
{'loss': 2.2037, 'learning_rate': 4.343329731027858e-05, 'epoch': 0.39}
{'loss': 2.187, 'learning_rate': 4.32456772334294e-05, 'epoch': 0.41}
{'loss': 2.2154, 'learning_rate': 4.305805715658021e-05, 'epoch': 0.42}
{'loss': 2.206, 'learning_rate': 4.287043707973103e-05, 'epoch': 0.43}
{'loss': 2.1917, 'learning_rate': 4.268281700288185e-05, 'epoch': 0.44}
{'loss': 2.1678, 'learning_rate': 4.249519692603266e-05, 'epoch': 0.45}
{'loss': 2.167, 'learning_rate': 4.230757684918348e-05, 'epoch': 0.46}
{'loss': 2.1673, 'learning_rate': 4.2119956772334294e-05, 'epoch': 0.47}
{'loss': 2.1192, 'learning_rate': 4.1932336695485116e-05, 'epoch': 0.48}
{'loss': 2.1183, 'learning_rate': 4.174471661863593e-05, 'epoch': 0.5}
{'loss': 2.1176, 'learning_rate': 4.155709654178675e-05, 'epoch': 0.51}
{'loss': 2.1314, 'learning_rate': 4.136947646493756e-05, 'epoch': 0.52}
{'loss': 2.1075, 'learning_rate': 4.118185638808838e-05, 'epoch': 0.53}
{'loss': 2.1297, 'learning_rate': 4.099423631123919e-05, 'epoch': 0.54}
{'loss': 2.1086, 'learning_rate': 4.080661623439001e-05, 'epoch': 0.55}
{'loss': 2.1125, 'learning_rate': 4.061899615754083e-05, 'epoch': 0.56}
{'loss': 2.0906, 'learning_rate': 4.0431376080691647e-05, 'epoch': 0.57}
{'loss': 2.0648, 'learning_rate': 4.024375600384246e-05, 'epoch': 0.59}
{'loss': 2.0936, 'learning_rate': 4.005613592699328e-05, 'epoch': 0.6}
{'loss': 2.0698, 'learning_rate': 3.986851585014409e-05, 'epoch': 0.61}
{'loss': 2.1046, 'learning_rate': 3.9680895773294915e-05, 'epoch': 0.62}
{'loss': 2.0632, 'learning_rate': 3.9493275696445724e-05, 'epoch': 0.63}
{'loss': 2.0682, 'learning_rate': 3.9305655619596546e-05, 'epoch': 0.64}
{'loss': 2.0506, 'learning_rate': 3.911803554274736e-05, 'epoch': 0.65}
{'loss': 2.0626, 'learning_rate': 3.893041546589818e-05, 'epoch': 0.66}
{'loss': 2.0539, 'learning_rate': 3.874279538904899e-05, 'epoch': 0.68}
{'loss': 2.0611, 'learning_rate': 3.855517531219981e-05, 'epoch': 0.69}
{'loss': 2.0168, 'learning_rate': 3.836755523535063e-05, 'epoch': 0.7}
{'loss': 2.0441, 'learning_rate': 3.8179935158501446e-05, 'epoch': 0.71}
{'loss': 2.0236, 'learning_rate': 3.7992315081652255e-05, 'epoch': 0.72}
{'loss': 2.0061, 'learning_rate': 3.780469500480308e-05, 'epoch': 0.73}
{'loss': 2.0221, 'learning_rate': 3.761707492795389e-05, 'epoch': 0.74}
{'loss': 2.0339, 'learning_rate': 3.742945485110471e-05, 'epoch': 0.75}
{'loss': 2.0153, 'learning_rate': 3.7241834774255523e-05, 'epoch': 0.77}
{'loss': 1.9965, 'learning_rate': 3.705421469740634e-05, 'epoch': 0.78}
{'loss': 2.0036, 'learning_rate': 3.686659462055716e-05, 'epoch': 0.79}
{'loss': 1.9951, 'learning_rate': 3.667897454370797e-05, 'epoch': 0.8}
{'loss': 1.9852, 'learning_rate': 3.649135446685879e-05, 'epoch': 0.81}
{'loss': 1.9743, 'learning_rate': 3.630373439000961e-05, 'epoch': 0.82}
{'loss': 1.9656, 'learning_rate': 3.611611431316042e-05, 'epoch': 0.83}
{'loss': 1.9691, 'learning_rate': 3.592849423631124e-05, 'epoch': 0.84}
{'loss': 1.9769, 'learning_rate': 3.5740874159462054e-05, 'epoch': 0.86}
{'loss': 1.9332, 'learning_rate': 3.5553254082612876e-05, 'epoch': 0.87}
{'loss': 1.9615, 'learning_rate': 3.536563400576369e-05, 'epoch': 0.88}
{'loss': 1.9501, 'learning_rate': 3.517801392891451e-05, 'epoch': 0.89}
{'loss': 1.9574, 'learning_rate': 3.499039385206532e-05, 'epoch': 0.9}
{'loss': 1.9131, 'learning_rate': 3.480277377521614e-05, 'epoch': 0.91}
{'loss': 1.9527, 'learning_rate': 3.461515369836696e-05, 'epoch': 0.92}
{'loss': 1.9569, 'learning_rate': 3.442753362151777e-05, 'epoch': 0.93}
{'loss': 1.912, 'learning_rate': 3.423991354466859e-05, 'epoch': 0.95}
{'loss': 1.947, 'learning_rate': 3.405229346781941e-05, 'epoch': 0.96}
{'loss': 1.918, 'learning_rate': 3.386467339097022e-05, 'epoch': 0.97}
{'loss': 1.936, 'learning_rate': 3.367705331412104e-05, 'epoch': 0.98}
{'loss': 1.9446, 'learning_rate': 3.3489433237271854e-05, 'epoch': 0.99}
{'loss': 1.8897, 'learning_rate': 3.3301813160422676e-05, 'epoch': 1.0}
{'loss': 1.7493, 'learning_rate': 3.3114193083573485e-05, 'epoch': 1.01}
{'loss': 1.7473, 'learning_rate': 3.292657300672431e-05, 'epoch': 1.02}
{'loss': 1.7884, 'learning_rate': 3.273895292987512e-05, 'epoch': 1.04}
{'loss': 1.7551, 'learning_rate': 3.255133285302594e-05, 'epoch': 1.05}
{'loss': 1.7319, 'learning_rate': 3.236371277617675e-05, 'epoch': 1.06}
{'loss': 1.7462, 'learning_rate': 3.217609269932757e-05, 'epoch': 1.07}
{'loss': 1.7731, 'learning_rate': 3.198847262247839e-05, 'epoch': 1.08}
{'loss': 1.7367, 'learning_rate': 3.1800852545629207e-05, 'epoch': 1.09}
{'loss': 1.72, 'learning_rate': 3.1613232468780015e-05, 'epoch': 1.1}
{'loss': 1.7228, 'learning_rate': 3.142561239193084e-05, 'epoch': 1.11}
{'loss': 1.7308, 'learning_rate': 3.123799231508165e-05, 'epoch': 1.13}
{'loss': 1.7369, 'learning_rate': 3.1050372238232475e-05, 'epoch': 1.14}
{'loss': 1.7303, 'learning_rate': 3.0862752161383284e-05, 'epoch': 1.15}
{'loss': 1.7106, 'learning_rate': 3.06751320845341e-05, 'epoch': 1.16}
{'loss': 1.6804, 'learning_rate': 3.0487512007684922e-05, 'epoch': 1.17}
{'loss': 1.7195, 'learning_rate': 3.0299891930835737e-05, 'epoch': 1.18}
{'loss': 1.7292, 'learning_rate': 3.0112271853986553e-05, 'epoch': 1.19}
{'loss': 1.7109, 'learning_rate': 2.9924651777137368e-05, 'epoch': 1.2}
{'loss': 1.7308, 'learning_rate': 2.9737031700288187e-05, 'epoch': 1.22}
{'loss': 1.7155, 'learning_rate': 2.9549411623439006e-05, 'epoch': 1.23}
{'loss': 1.7004, 'learning_rate': 2.9361791546589818e-05, 'epoch': 1.24}
{'loss': 1.6947, 'learning_rate': 2.9174171469740637e-05, 'epoch': 1.25}
{'loss': 1.6978, 'learning_rate': 2.8986551392891452e-05, 'epoch': 1.26}
{'loss': 1.7311, 'learning_rate': 2.8798931316042265e-05, 'epoch': 1.27}
{'loss': 1.7035, 'learning_rate': 2.8611311239193083e-05, 'epoch': 1.28}
{'loss': 1.7054, 'learning_rate': 2.8423691162343902e-05, 'epoch': 1.29}
{'loss': 1.7236, 'learning_rate': 2.823607108549472e-05, 'epoch': 1.31}
{'loss': 1.7019, 'learning_rate': 2.8048451008645533e-05, 'epoch': 1.32}
{'loss': 1.6975, 'learning_rate': 2.786083093179635e-05, 'epoch': 1.33}
{'loss': 1.6883, 'learning_rate': 2.7673210854947168e-05, 'epoch': 1.34}
{'loss': 1.7071, 'learning_rate': 2.7485590778097987e-05, 'epoch': 1.35}
{'loss': 1.7014, 'learning_rate': 2.72979707012488e-05, 'epoch': 1.36}
{'loss': 1.7258, 'learning_rate': 2.7110350624399618e-05, 'epoch': 1.37}
{'loss': 1.7187, 'learning_rate': 2.6922730547550433e-05, 'epoch': 1.38}
{'loss': 1.6975, 'learning_rate': 2.6735110470701252e-05, 'epoch': 1.4}
{'loss': 1.6952, 'learning_rate': 2.6547490393852064e-05, 'epoch': 1.41}
{'loss': 1.6944, 'learning_rate': 2.6359870317002883e-05, 'epoch': 1.42}
{'loss': 1.6671, 'learning_rate': 2.6172250240153702e-05, 'epoch': 1.43}
{'loss': 1.6774, 'learning_rate': 2.5984630163304517e-05, 'epoch': 1.44}
{'loss': 1.6808, 'learning_rate': 2.579701008645533e-05, 'epoch': 1.45}
{'loss': 1.6937, 'learning_rate': 2.5609390009606148e-05, 'epoch': 1.46}
{'loss': 1.6761, 'learning_rate': 2.5421769932756967e-05, 'epoch': 1.47}
{'loss': 1.6886, 'learning_rate': 2.5234149855907786e-05, 'epoch': 1.49}
{'loss': 1.6777, 'learning_rate': 2.5046529779058598e-05, 'epoch': 1.5}
{'loss': 1.6725, 'learning_rate': 2.4858909702209414e-05, 'epoch': 1.51}
{'loss': 1.68, 'learning_rate': 2.467128962536023e-05, 'epoch': 1.52}
{'loss': 1.6672, 'learning_rate': 2.4483669548511048e-05, 'epoch': 1.53}
{'loss': 1.6613, 'learning_rate': 2.4296049471661863e-05, 'epoch': 1.54}
{'loss': 1.6657, 'learning_rate': 2.4108429394812682e-05, 'epoch': 1.55}
{'loss': 1.6677, 'learning_rate': 2.3920809317963498e-05, 'epoch': 1.56}
{'loss': 1.6619, 'learning_rate': 2.3733189241114313e-05, 'epoch': 1.58}
{'loss': 1.6946, 'learning_rate': 2.354556916426513e-05, 'epoch': 1.59}
{'loss': 1.6617, 'learning_rate': 2.3357949087415948e-05, 'epoch': 1.6}
{'loss': 1.6669, 'learning_rate': 2.3170329010566763e-05, 'epoch': 1.61}
{'loss': 1.6648, 'learning_rate': 2.2982708933717582e-05, 'epoch': 1.62}
{'loss': 1.6553, 'learning_rate': 2.2795088856868398e-05, 'epoch': 1.63}
{'loss': 1.6512, 'learning_rate': 2.2607468780019213e-05, 'epoch': 1.64}
{'loss': 1.6436, 'learning_rate': 2.241984870317003e-05, 'epoch': 1.65}
{'loss': 1.6535, 'learning_rate': 2.2232228626320847e-05, 'epoch': 1.67}
{'loss': 1.6617, 'learning_rate': 2.2044608549471663e-05, 'epoch': 1.68}
{'loss': 1.6489, 'learning_rate': 2.1856988472622482e-05, 'epoch': 1.69}
{'loss': 1.6494, 'learning_rate': 2.1669368395773297e-05, 'epoch': 1.7}
{'loss': 1.6575, 'learning_rate': 2.1481748318924113e-05, 'epoch': 1.71}
{'loss': 1.6503, 'learning_rate': 2.1294128242074928e-05, 'epoch': 1.72}
{'loss': 1.6717, 'learning_rate': 2.1106508165225747e-05, 'epoch': 1.73}
{'loss': 1.6327, 'learning_rate': 2.0918888088376563e-05, 'epoch': 1.74}
{'loss': 1.6334, 'learning_rate': 2.0731268011527378e-05, 'epoch': 1.76}
{'loss': 1.63, 'learning_rate': 2.0543647934678194e-05, 'epoch': 1.77}
{'loss': 1.6435, 'learning_rate': 2.035602785782901e-05, 'epoch': 1.78}
{'loss': 1.6658, 'learning_rate': 2.0168407780979828e-05, 'epoch': 1.79}
{'loss': 1.6308, 'learning_rate': 1.9980787704130643e-05, 'epoch': 1.8}
{'loss': 1.6285, 'learning_rate': 1.9793167627281462e-05, 'epoch': 1.81}
{'loss': 1.6637, 'learning_rate': 1.9605547550432278e-05, 'epoch': 1.82}
{'loss': 1.6257, 'learning_rate': 1.9417927473583093e-05, 'epoch': 1.83}
{'loss': 1.6234, 'learning_rate': 1.923030739673391e-05, 'epoch': 1.85}
{'loss': 1.613, 'learning_rate': 1.9042687319884728e-05, 'epoch': 1.86}
{'loss': 1.6586, 'learning_rate': 1.8855067243035543e-05, 'epoch': 1.87}
{'loss': 1.62, 'learning_rate': 1.8667447166186362e-05, 'epoch': 1.88}
{'loss': 1.6388, 'learning_rate': 1.8479827089337178e-05, 'epoch': 1.89}
{'loss': 1.6121, 'learning_rate': 1.8292207012487993e-05, 'epoch': 1.9}
{'loss': 1.6322, 'learning_rate': 1.810458693563881e-05, 'epoch': 1.91}
{'loss': 1.6382, 'learning_rate': 1.7916966858789627e-05, 'epoch': 1.92}
{'loss': 1.6246, 'learning_rate': 1.7729346781940443e-05, 'epoch': 1.94}
{'loss': 1.614, 'learning_rate': 1.7541726705091262e-05, 'epoch': 1.95}
{'loss': 1.6118, 'learning_rate': 1.7354106628242074e-05, 'epoch': 1.96}
{'loss': 1.6135, 'learning_rate': 1.7166486551392893e-05, 'epoch': 1.97}
{'loss': 1.5937, 'learning_rate': 1.6978866474543708e-05, 'epoch': 1.98}
{'loss': 1.6128, 'learning_rate': 1.6791246397694527e-05, 'epoch': 1.99}
{'loss': 1.5549, 'learning_rate': 1.6603626320845343e-05, 'epoch': 2.0}
{'loss': 1.5032, 'learning_rate': 1.6416006243996158e-05, 'epoch': 2.02}
{'loss': 1.474, 'learning_rate': 1.6228386167146974e-05, 'epoch': 2.03}
{'loss': 1.501, 'learning_rate': 1.604076609029779e-05, 'epoch': 2.04}
{'loss': 1.4906, 'learning_rate': 1.5853146013448608e-05, 'epoch': 2.05}
{'loss': 1.4795, 'learning_rate': 1.5665525936599423e-05, 'epoch': 2.06}
{'loss': 1.4599, 'learning_rate': 1.5477905859750242e-05, 'epoch': 2.07}
{'loss': 1.4766, 'learning_rate': 1.5290285782901058e-05, 'epoch': 2.08}
{'loss': 1.4906, 'learning_rate': 1.5102665706051875e-05, 'epoch': 2.09}
{'loss': 1.4488, 'learning_rate': 1.491504562920269e-05, 'epoch': 2.11}
{'loss': 1.4675, 'learning_rate': 1.4727425552353508e-05, 'epoch': 2.12}
{'loss': 1.4944, 'learning_rate': 1.4539805475504323e-05, 'epoch': 2.13}
{'loss': 1.464, 'learning_rate': 1.435218539865514e-05, 'epoch': 2.14}
{'loss': 1.4796, 'learning_rate': 1.4164565321805956e-05, 'epoch': 2.15}
{'loss': 1.4718, 'learning_rate': 1.3976945244956775e-05, 'epoch': 2.16}
{'loss': 1.4726, 'learning_rate': 1.3789325168107589e-05, 'epoch': 2.17}
{'loss': 1.4784, 'learning_rate': 1.3601705091258407e-05, 'epoch': 2.18}
{'loss': 1.4792, 'learning_rate': 1.3414085014409223e-05, 'epoch': 2.2}
{'loss': 1.4709, 'learning_rate': 1.322646493756004e-05, 'epoch': 2.21}
{'loss': 1.4855, 'learning_rate': 1.3038844860710856e-05, 'epoch': 2.22}
{'loss': 1.479, 'learning_rate': 1.2851224783861673e-05, 'epoch': 2.23}
{'loss': 1.44, 'learning_rate': 1.2663604707012488e-05, 'epoch': 2.24}
{'loss': 1.4629, 'learning_rate': 1.2475984630163305e-05, 'epoch': 2.25}
{'loss': 1.4553, 'learning_rate': 1.2288364553314121e-05, 'epoch': 2.26}
{'loss': 1.4725, 'learning_rate': 1.2100744476464938e-05, 'epoch': 2.27}
{'loss': 1.4479, 'learning_rate': 1.1913124399615755e-05, 'epoch': 2.29}
{'loss': 1.4692, 'learning_rate': 1.172550432276657e-05, 'epoch': 2.3}
{'loss': 1.4554, 'learning_rate': 1.1537884245917388e-05, 'epoch': 2.31}
{'loss': 1.4639, 'learning_rate': 1.1350264169068205e-05, 'epoch': 2.32}
{'loss': 1.4859, 'learning_rate': 1.116264409221902e-05, 'epoch': 2.33}
{'loss': 1.4737, 'learning_rate': 1.0975024015369838e-05, 'epoch': 2.34}
{'loss': 1.4584, 'learning_rate': 1.0787403938520655e-05, 'epoch': 2.35}
{'loss': 1.4762, 'learning_rate': 1.059978386167147e-05, 'epoch': 2.36}
{'loss': 1.4508, 'learning_rate': 1.0412163784822286e-05, 'epoch': 2.38}
{'loss': 1.4762, 'learning_rate': 1.0224543707973103e-05, 'epoch': 2.39}
{'loss': 1.4493, 'learning_rate': 1.0036923631123919e-05, 'epoch': 2.4}
{'loss': 1.4757, 'learning_rate': 9.849303554274736e-06, 'epoch': 2.41}
{'loss': 1.4682, 'learning_rate': 9.661683477425553e-06, 'epoch': 2.42}
{'loss': 1.4745, 'learning_rate': 9.474063400576369e-06, 'epoch': 2.43}
{'loss': 1.4535, 'learning_rate': 9.286443323727186e-06, 'epoch': 2.44}
{'loss': 1.4563, 'learning_rate': 9.098823246878003e-06, 'epoch': 2.45}
{'loss': 1.4726, 'learning_rate': 8.911203170028818e-06, 'epoch': 2.47}
{'loss': 1.4449, 'learning_rate': 8.723583093179636e-06, 'epoch': 2.48}
{'loss': 1.444, 'learning_rate': 8.535963016330451e-06, 'epoch': 2.49}
{'loss': 1.4501, 'learning_rate': 8.348342939481268e-06, 'epoch': 2.5}
{'loss': 1.4457, 'learning_rate': 8.160722862632085e-06, 'epoch': 2.51}
{'loss': 1.4595, 'learning_rate': 7.973102785782901e-06, 'epoch': 2.52}
{'loss': 1.4499, 'learning_rate': 7.785482708933718e-06, 'epoch': 2.53}
{'loss': 1.4541, 'learning_rate': 7.597862632084534e-06, 'epoch': 2.54}
{'loss': 1.4743, 'learning_rate': 7.410242555235352e-06, 'epoch': 2.56}
{'loss': 1.4542, 'learning_rate': 7.222622478386168e-06, 'epoch': 2.57}
{'loss': 1.4529, 'learning_rate': 7.035002401536984e-06, 'epoch': 2.58}
{'loss': 1.4402, 'learning_rate': 6.8473823246878015e-06, 'epoch': 2.59}
{'loss': 1.4363, 'learning_rate': 6.659762247838618e-06, 'epoch': 2.6}
{'loss': 1.4625, 'learning_rate': 6.472142170989434e-06, 'epoch': 2.61}
{'loss': 1.4557, 'learning_rate': 6.28452209414025e-06, 'epoch': 2.62}
{'loss': 1.4779, 'learning_rate': 6.096902017291067e-06, 'epoch': 2.63}
{'loss': 1.4761, 'learning_rate': 5.909281940441883e-06, 'epoch': 2.65}
{'loss': 1.4431, 'learning_rate': 5.7216618635926995e-06, 'epoch': 2.66}
{'loss': 1.4588, 'learning_rate': 5.534041786743517e-06, 'epoch': 2.67}
{'loss': 1.4427, 'learning_rate': 5.346421709894333e-06, 'epoch': 2.68}
{'loss': 1.4334, 'learning_rate': 5.1588016330451485e-06, 'epoch': 2.69}
{'loss': 1.4582, 'learning_rate': 4.971181556195966e-06, 'epoch': 2.7}
{'loss': 1.4593, 'learning_rate': 4.783561479346782e-06, 'epoch': 2.71}
{'loss': 1.4523, 'learning_rate': 4.595941402497598e-06, 'epoch': 2.72}
{'loss': 1.4583, 'learning_rate': 4.4083213256484155e-06, 'epoch': 2.74}
{'loss': 1.4251, 'learning_rate': 4.220701248799232e-06, 'epoch': 2.75}
{'loss': 1.4681, 'learning_rate': 4.033081171950048e-06, 'epoch': 2.76}
{'loss': 1.4525, 'learning_rate': 3.8454610951008646e-06, 'epoch': 2.77}
{'loss': 1.456, 'learning_rate': 3.6578410182516813e-06, 'epoch': 2.78}
{'loss': 1.4426, 'learning_rate': 3.470220941402498e-06, 'epoch': 2.79}
{'loss': 1.4128, 'learning_rate': 3.2826008645533144e-06, 'epoch': 2.8}
{'loss': 1.4626, 'learning_rate': 3.0949807877041307e-06, 'epoch': 2.81}
{'loss': 1.4613, 'learning_rate': 2.9073607108549475e-06, 'epoch': 2.83}
{'loss': 1.4527, 'learning_rate': 2.719740634005764e-06, 'epoch': 2.84}
{'loss': 1.4616, 'learning_rate': 2.53212055715658e-06, 'epoch': 2.85}
{'loss': 1.4447, 'learning_rate': 2.344500480307397e-06, 'epoch': 2.86}
{'loss': 1.4574, 'learning_rate': 2.1568804034582133e-06, 'epoch': 2.87}
{'loss': 1.4491, 'learning_rate': 1.96926032660903e-06, 'epoch': 2.88}
{'loss': 1.5084, 'learning_rate': 1.7816402497598466e-06, 'epoch': 2.89}
{'loss': 1.4297, 'learning_rate': 1.5940201729106627e-06, 'epoch': 2.9}
{'loss': 1.4385, 'learning_rate': 1.4064000960614793e-06, 'epoch': 2.92}
{'loss': 1.4479, 'learning_rate': 1.2187800192122958e-06, 'epoch': 2.93}
{'loss': 1.4705, 'learning_rate': 1.0311599423631126e-06, 'epoch': 2.94}
{'loss': 1.4582, 'learning_rate': 8.435398655139289e-07, 'epoch': 2.95}
{'loss': 1.4349, 'learning_rate': 6.559197886647455e-07, 'epoch': 2.96}
{'loss': 1.4519, 'learning_rate': 4.6829971181556196e-07, 'epoch': 2.97}
{'loss': 1.4518, 'learning_rate': 2.806796349663785e-07, 'epoch': 2.98}
{'loss': 1.4562, 'learning_rate': 9.305955811719501e-08, 'epoch': 2.99}
{'train_runtime': 33579.0536, 'train_samples_per_second': 31.745, 'train_steps_per_second': 3.968, 'train_loss': 1.783768899388089, 'epoch': 3.0}
***** train metrics *****
  epoch                    =        3.0
  train_loss               =     1.7838
  train_runtime            = 9:19:39.05
  train_samples            =     355325
  train_samples_per_second =     31.745
  train_steps_per_second   =      3.968
10/17/2022 18:56:24 - INFO - __main__ - *** Evaluate ***
***** eval metrics *****
  epoch                   =        3.0
  eval_accuracy           =     0.1297
  eval_loss               =     1.4941
  eval_runtime            = 2:09:01.39
  eval_samples            =     118442
  eval_samples_per_second =       15.3
  eval_steps_per_second   =      1.913
10/17/2022 21:05:26 - INFO - __main__ - *** Predict ***
***** predict metrics *****
  predict_accuracy           =     0.1305
  predict_loss               =     1.4932
  predict_runtime            = 2:09:04.51
  predict_samples            =     118442
  predict_samples_per_second =     15.294
  predict_steps_per_second   =      1.912
