10/04/2022 10:28:23 - WARNING - __main__ - Process rank: -1, device: cuda:0, n_gpu: 1distributed training: False, 16-bits training: False
10/04/2022 10:28:23 - INFO - __main__ - Training/evaluation parameters Seq2SeqTrainingArguments(
_n_gpu=1,
adafactor=False,
adam_beta1=0.9,
adam_beta2=0.999,
adam_epsilon=1e-08,
auto_find_batch_size=False,
bf16=False,
bf16_full_eval=False,
data_seed=None,
dataloader_drop_last=False,
dataloader_num_workers=0,
dataloader_pin_memory=True,
ddp_bucket_cap_mb=None,
ddp_find_unused_parameters=None,
debug=[],
deepspeed=None,
disable_tqdm=False,
do_eval=True,
do_predict=True,
do_train=True,
eval_accumulation_steps=None,
eval_delay=0,
eval_steps=None,
evaluation_strategy=no,
fp16=False,
fp16_backend=auto,
fp16_full_eval=False,
fp16_opt_level=O1,
fsdp=[],
fsdp_min_num_params=0,
fsdp_transformer_layer_cls_to_wrap=None,
full_determinism=False,
generation_max_length=None,
generation_num_beams=None,
gradient_accumulation_steps=1,
gradient_checkpointing=False,
greater_is_better=None,
group_by_length=False,
half_precision_backend=auto,
hub_model_id=None,
hub_private_repo=False,
hub_strategy=every_save,
hub_token=<HUB_TOKEN>,
ignore_data_skip=False,
include_inputs_for_metrics=False,
jit_mode_eval=False,
label_names=None,
label_smoothing_factor=0.0,
learning_rate=5e-05,
length_column_name=length,
load_best_model_at_end=False,
local_rank=-1,
log_level=-1,
log_level_replica=-1,
log_on_each_node=True,
logging_dir=../experiments/runs/Oct04_10-28-23_mscluster53.ms.wits.ac.za,
logging_first_step=False,
logging_nan_inf_filter=True,
logging_steps=500,
logging_strategy=steps,
lr_scheduler_type=linear,
max_grad_norm=1.0,
max_steps=-1,
metric_for_best_model=None,
mp_parameters=,
no_cuda=False,
num_train_epochs=3.0,
optim=adamw_hf,
output_dir=../experiments/word-initial-disjoint/t5-large/cl/i_or,
overwrite_output_dir=False,
past_index=-1,
per_device_eval_batch_size=8,
per_device_train_batch_size=8,
predict_with_generate=True,
prediction_loss_only=False,
push_to_hub=False,
push_to_hub_model_id=None,
push_to_hub_organization=None,
push_to_hub_token=<PUSH_TO_HUB_TOKEN>,
ray_scope=last,
remove_unused_columns=True,
report_to=[],
resume_from_checkpoint=None,
run_name=../experiments/,
save_on_each_node=False,
save_steps=5000,
save_strategy=steps,
save_total_limit=None,
seed=42,
sharded_ddp=[],
skip_memory_metrics=True,
sortish_sampler=False,
tf32=None,
torchdynamo=None,
tpu_metrics_debug=False,
tpu_num_cores=None,
use_ipex=False,
use_legacy_prediction_loop=False,
warmup_ratio=0.0,
warmup_steps=0,
weight_decay=0.0,
xpu_backend=None,
)
10/04/2022 10:28:23 - INFO - __main__ - Checkpoint detected, resuming training at ../experiments/word-initial-disjoint/t5-large/cl/i_or/checkpoint-55000. To avoid this behaviour, change the `--output_dir` or add `--overwrite_output_dir` to train from scratch.
10/04/2022 10:28:24 - WARNING - datasets.builder - Using custom data configuration default-43bfcad7938c5696
10/04/2022 10:28:24 - INFO - datasets.builder - Overwrite dataset info from restored data version.
10/04/2022 10:28:24 - INFO - datasets.info - Loading Dataset info from ./models/cache/json/default-43bfcad7938c5696/0.0.0/a3e658c4731e59120d44081ac10bf85dc7e1388126b92338344ce9661907f253
10/04/2022 10:28:24 - WARNING - datasets.builder - Reusing dataset json (./models/cache/json/default-43bfcad7938c5696/0.0.0/a3e658c4731e59120d44081ac10bf85dc7e1388126b92338344ce9661907f253)
10/04/2022 10:28:24 - INFO - datasets.info - Loading Dataset info from ./models/cache/json/default-43bfcad7938c5696/0.0.0/a3e658c4731e59120d44081ac10bf85dc7e1388126b92338344ce9661907f253
10/04/2022 10:28:25 - INFO - __main__ - Loaded the word-initial-disjoint dataset:
DatasetDict({
    train: Dataset({
        features: ['clue', 'answer', 'annotation', 'predicted_rationale', 'predicted_answer'],
        num_rows: 367704
    })
    validation: Dataset({
        features: ['clue', 'answer', 'annotation', 'predicted_rationale', 'predicted_answer'],
        num_rows: 102801
    })
    test: Dataset({
        features: ['clue', 'answer', 'annotation', 'predicted_rationale', 'predicted_answer'],
        num_rows: 121704
    })
})
10/04/2022 10:28:25 - WARNING - datasets.arrow_dataset - Loading cached processed dataset at ./models/cache/json/default-43bfcad7938c5696/0.0.0/a3e658c4731e59120d44081ac10bf85dc7e1388126b92338344ce9661907f253/cache-dccdaf52223ec403.arrow
10/04/2022 10:28:25 - WARNING - datasets.arrow_dataset - Loading cached processed dataset at ./models/cache/json/default-43bfcad7938c5696/0.0.0/a3e658c4731e59120d44081ac10bf85dc7e1388126b92338344ce9661907f253/cache-a569ce8911a90c0e.arrow
10/04/2022 10:28:25 - WARNING - datasets.arrow_dataset - Loading cached processed dataset at ./models/cache/json/default-43bfcad7938c5696/0.0.0/a3e658c4731e59120d44081ac10bf85dc7e1388126b92338344ce9661907f253/cache-26488d3ae28e270e.arrow
10/04/2022 10:28:25 - WARNING - datasets.arrow_dataset - Loading cached processed dataset at ./models/cache/json/default-43bfcad7938c5696/0.0.0/a3e658c4731e59120d44081ac10bf85dc7e1388126b92338344ce9661907f253/cache-1a072e7337f061dd.arrow
10/04/2022 10:28:25 - WARNING - datasets.arrow_dataset - Loading cached processed dataset at ./models/cache/json/default-43bfcad7938c5696/0.0.0/a3e658c4731e59120d44081ac10bf85dc7e1388126b92338344ce9661907f253/cache-9b853cb2327ef942.arrow
10/04/2022 10:28:25 - WARNING - datasets.arrow_dataset - Loading cached processed dataset at ./models/cache/json/default-43bfcad7938c5696/0.0.0/a3e658c4731e59120d44081ac10bf85dc7e1388126b92338344ce9661907f253/cache-433d7c87c31354d4.arrow
10/04/2022 10:28:25 - WARNING - datasets.arrow_dataset - Loading cached processed dataset at ./models/cache/json/default-43bfcad7938c5696/0.0.0/a3e658c4731e59120d44081ac10bf85dc7e1388126b92338344ce9661907f253/cache-432edcc5835578dd.arrow
10/04/2022 10:28:25 - WARNING - datasets.arrow_dataset - Loading cached processed dataset at ./models/cache/json/default-43bfcad7938c5696/0.0.0/a3e658c4731e59120d44081ac10bf85dc7e1388126b92338344ce9661907f253/cache-8cf37cd4698dd04d.arrow
10/04/2022 10:28:26 - WARNING - datasets.arrow_dataset - Loading cached processed dataset at ./models/cache/json/default-43bfcad7938c5696/0.0.0/a3e658c4731e59120d44081ac10bf85dc7e1388126b92338344ce9661907f253/cache-71b30b511726e153.arrow
10/04/2022 10:28:26 - WARNING - datasets.arrow_dataset - Loading cached processed dataset at ./models/cache/json/default-43bfcad7938c5696/0.0.0/a3e658c4731e59120d44081ac10bf85dc7e1388126b92338344ce9661907f253/cache-0b1a3a1f2ec178c1.arrow
10/04/2022 10:28:26 - WARNING - datasets.arrow_dataset - Loading cached processed dataset at ./models/cache/json/default-43bfcad7938c5696/0.0.0/a3e658c4731e59120d44081ac10bf85dc7e1388126b92338344ce9661907f253/cache-a1cf9e988038bf93.arrow
10/04/2022 10:28:26 - WARNING - datasets.arrow_dataset - Loading cached processed dataset at ./models/cache/json/default-43bfcad7938c5696/0.0.0/a3e658c4731e59120d44081ac10bf85dc7e1388126b92338344ce9661907f253/cache-d927429e9a6a5e79.arrow
10/04/2022 10:28:26 - WARNING - datasets.arrow_dataset - Loading cached processed dataset at ./models/cache/json/default-43bfcad7938c5696/0.0.0/a3e658c4731e59120d44081ac10bf85dc7e1388126b92338344ce9661907f253/cache-1a3fb7edb1caf4b0.arrow
10/04/2022 10:28:26 - WARNING - datasets.arrow_dataset - Loading cached processed dataset at ./models/cache/json/default-43bfcad7938c5696/0.0.0/a3e658c4731e59120d44081ac10bf85dc7e1388126b92338344ce9661907f253/cache-21acf33a022b89c1.arrow
10/04/2022 10:28:26 - WARNING - datasets.arrow_dataset - Loading cached processed dataset at ./models/cache/json/default-43bfcad7938c5696/0.0.0/a3e658c4731e59120d44081ac10bf85dc7e1388126b92338344ce9661907f253/cache-c7fcda451c8091ea.arrow
10/04/2022 10:28:26 - WARNING - datasets.arrow_dataset - Loading cached processed dataset at ./models/cache/json/default-43bfcad7938c5696/0.0.0/a3e658c4731e59120d44081ac10bf85dc7e1388126b92338344ce9661907f253/cache-fe1acb968195122a.arrow
10/04/2022 10:28:26 - WARNING - datasets.arrow_dataset - Loading cached processed dataset at ./models/cache/json/default-43bfcad7938c5696/0.0.0/a3e658c4731e59120d44081ac10bf85dc7e1388126b92338344ce9661907f253/cache-82c2a3227eb6e0c2.arrow
10/04/2022 10:28:26 - WARNING - datasets.arrow_dataset - Loading cached processed dataset at ./models/cache/json/default-43bfcad7938c5696/0.0.0/a3e658c4731e59120d44081ac10bf85dc7e1388126b92338344ce9661907f253/cache-1ffa13ad5924da04.arrow
10/04/2022 10:28:26 - WARNING - datasets.arrow_dataset - Loading cached processed dataset at ./models/cache/json/default-43bfcad7938c5696/0.0.0/a3e658c4731e59120d44081ac10bf85dc7e1388126b92338344ce9661907f253/cache-7515444fa43b3b6d.arrow
10/04/2022 10:28:26 - WARNING - datasets.arrow_dataset - Loading cached processed dataset at ./models/cache/json/default-43bfcad7938c5696/0.0.0/a3e658c4731e59120d44081ac10bf85dc7e1388126b92338344ce9661907f253/cache-e2e3b170a09214f0.arrow
10/04/2022 10:28:26 - WARNING - datasets.arrow_dataset - Loading cached processed dataset at ./models/cache/json/default-43bfcad7938c5696/0.0.0/a3e658c4731e59120d44081ac10bf85dc7e1388126b92338344ce9661907f253/cache-9c51b7c0022deac3.arrow
10/04/2022 10:28:26 - WARNING - datasets.arrow_dataset - Loading cached processed dataset at ./models/cache/json/default-43bfcad7938c5696/0.0.0/a3e658c4731e59120d44081ac10bf85dc7e1388126b92338344ce9661907f253/cache-bbd472a867b2f5c3.arrow
10/04/2022 10:28:26 - WARNING - datasets.arrow_dataset - Loading cached processed dataset at ./models/cache/json/default-43bfcad7938c5696/0.0.0/a3e658c4731e59120d44081ac10bf85dc7e1388126b92338344ce9661907f253/cache-bff87566d9c22fc7.arrow
10/04/2022 10:28:26 - WARNING - datasets.arrow_dataset - Loading cached processed dataset at ./models/cache/json/default-43bfcad7938c5696/0.0.0/a3e658c4731e59120d44081ac10bf85dc7e1388126b92338344ce9661907f253/cache-a252105f6561d966.arrow
10/04/2022 10:28:32 - WARNING - datasets.arrow_dataset - Loading cached processed dataset at ./models/cache/json/default-43bfcad7938c5696/0.0.0/a3e658c4731e59120d44081ac10bf85dc7e1388126b92338344ce9661907f253/cache-7bfd62dcce4e0549.arrow
10/04/2022 10:28:32 - WARNING - datasets.arrow_dataset - Loading cached processed dataset at ./models/cache/json/default-43bfcad7938c5696/0.0.0/a3e658c4731e59120d44081ac10bf85dc7e1388126b92338344ce9661907f253/cache-cdaf6d0a5938678c.arrow
10/04/2022 10:28:32 - WARNING - datasets.arrow_dataset - Loading cached processed dataset at ./models/cache/json/default-43bfcad7938c5696/0.0.0/a3e658c4731e59120d44081ac10bf85dc7e1388126b92338344ce9661907f253/cache-40e4cd82faee2e78.arrow
10/04/2022 10:28:32 - WARNING - datasets.arrow_dataset - Loading cached processed dataset at ./models/cache/json/default-43bfcad7938c5696/0.0.0/a3e658c4731e59120d44081ac10bf85dc7e1388126b92338344ce9661907f253/cache-18aae64874e2b6fe.arrow
10/04/2022 10:28:32 - WARNING - datasets.arrow_dataset - Loading cached processed dataset at ./models/cache/json/default-43bfcad7938c5696/0.0.0/a3e658c4731e59120d44081ac10bf85dc7e1388126b92338344ce9661907f253/cache-d4a7af38d6bcac36.arrow
10/04/2022 10:28:32 - WARNING - datasets.arrow_dataset - Loading cached processed dataset at ./models/cache/json/default-43bfcad7938c5696/0.0.0/a3e658c4731e59120d44081ac10bf85dc7e1388126b92338344ce9661907f253/cache-52a1ff91990fe6c3.arrow
10/04/2022 10:28:32 - WARNING - datasets.arrow_dataset - Loading cached processed dataset at ./models/cache/json/default-43bfcad7938c5696/0.0.0/a3e658c4731e59120d44081ac10bf85dc7e1388126b92338344ce9661907f253/cache-531d2be274806b6d.arrow
10/04/2022 10:28:32 - WARNING - datasets.arrow_dataset - Loading cached processed dataset at ./models/cache/json/default-43bfcad7938c5696/0.0.0/a3e658c4731e59120d44081ac10bf85dc7e1388126b92338344ce9661907f253/cache-b11809b5baf17a61.arrow
10/04/2022 10:28:33 - WARNING - datasets.arrow_dataset - Loading cached processed dataset at ./models/cache/json/default-43bfcad7938c5696/0.0.0/a3e658c4731e59120d44081ac10bf85dc7e1388126b92338344ce9661907f253/cache-883f9c175fe80e65.arrow
10/04/2022 10:28:33 - WARNING - datasets.arrow_dataset - Loading cached processed dataset at ./models/cache/json/default-43bfcad7938c5696/0.0.0/a3e658c4731e59120d44081ac10bf85dc7e1388126b92338344ce9661907f253/cache-d8431e9bd6147d2a.arrow
10/04/2022 10:28:33 - WARNING - datasets.arrow_dataset - Loading cached processed dataset at ./models/cache/json/default-43bfcad7938c5696/0.0.0/a3e658c4731e59120d44081ac10bf85dc7e1388126b92338344ce9661907f253/cache-f67134331f487dbf.arrow
10/04/2022 10:28:33 - WARNING - datasets.arrow_dataset - Loading cached processed dataset at ./models/cache/json/default-43bfcad7938c5696/0.0.0/a3e658c4731e59120d44081ac10bf85dc7e1388126b92338344ce9661907f253/cache-0e51ec6c1995e7af.arrow
10/04/2022 10:28:33 - WARNING - datasets.arrow_dataset - Loading cached processed dataset at ./models/cache/json/default-43bfcad7938c5696/0.0.0/a3e658c4731e59120d44081ac10bf85dc7e1388126b92338344ce9661907f253/cache-9de643dd8bd782d3.arrow
10/04/2022 10:28:33 - WARNING - datasets.arrow_dataset - Loading cached processed dataset at ./models/cache/json/default-43bfcad7938c5696/0.0.0/a3e658c4731e59120d44081ac10bf85dc7e1388126b92338344ce9661907f253/cache-072ff0e42692ce05.arrow
10/04/2022 10:28:33 - WARNING - datasets.arrow_dataset - Loading cached processed dataset at ./models/cache/json/default-43bfcad7938c5696/0.0.0/a3e658c4731e59120d44081ac10bf85dc7e1388126b92338344ce9661907f253/cache-265734fc92660843.arrow
10/04/2022 10:28:33 - WARNING - datasets.arrow_dataset - Loading cached processed dataset at ./models/cache/json/default-43bfcad7938c5696/0.0.0/a3e658c4731e59120d44081ac10bf85dc7e1388126b92338344ce9661907f253/cache-40720e4bf1e57aaa.arrow
10/04/2022 10:28:34 - WARNING - datasets.arrow_dataset - Loading cached processed dataset at ./models/cache/json/default-43bfcad7938c5696/0.0.0/a3e658c4731e59120d44081ac10bf85dc7e1388126b92338344ce9661907f253/cache-ac538ff34d9f7f23.arrow
10/04/2022 10:28:34 - WARNING - datasets.arrow_dataset - Loading cached processed dataset at ./models/cache/json/default-43bfcad7938c5696/0.0.0/a3e658c4731e59120d44081ac10bf85dc7e1388126b92338344ce9661907f253/cache-260263ac549e0efd.arrow
10/04/2022 10:28:34 - WARNING - datasets.arrow_dataset - Loading cached processed dataset at ./models/cache/json/default-43bfcad7938c5696/0.0.0/a3e658c4731e59120d44081ac10bf85dc7e1388126b92338344ce9661907f253/cache-50b8104f7e92d69f.arrow
10/04/2022 10:28:34 - WARNING - datasets.arrow_dataset - Loading cached processed dataset at ./models/cache/json/default-43bfcad7938c5696/0.0.0/a3e658c4731e59120d44081ac10bf85dc7e1388126b92338344ce9661907f253/cache-01598581e279bba3.arrow
10/04/2022 10:28:34 - WARNING - datasets.arrow_dataset - Loading cached processed dataset at ./models/cache/json/default-43bfcad7938c5696/0.0.0/a3e658c4731e59120d44081ac10bf85dc7e1388126b92338344ce9661907f253/cache-a5ce689019336e0d.arrow
10/04/2022 10:28:34 - WARNING - datasets.arrow_dataset - Loading cached processed dataset at ./models/cache/json/default-43bfcad7938c5696/0.0.0/a3e658c4731e59120d44081ac10bf85dc7e1388126b92338344ce9661907f253/cache-ff7212bafb0fa1c3.arrow
10/04/2022 10:28:34 - WARNING - datasets.arrow_dataset - Loading cached processed dataset at ./models/cache/json/default-43bfcad7938c5696/0.0.0/a3e658c4731e59120d44081ac10bf85dc7e1388126b92338344ce9661907f253/cache-a5586e0b29048a93.arrow
10/04/2022 10:28:34 - WARNING - datasets.arrow_dataset - Loading cached processed dataset at ./models/cache/json/default-43bfcad7938c5696/0.0.0/a3e658c4731e59120d44081ac10bf85dc7e1388126b92338344ce9661907f253/cache-f9406c3f181d1b79.arrow
{'loss': 1.8521, 'learning_rate': 2.9875116941888042e-05, 'epoch': 1.21}
{'loss': 1.8653, 'learning_rate': 2.969381168911226e-05, 'epoch': 1.22}
{'loss': 1.8784, 'learning_rate': 2.9512506436336472e-05, 'epoch': 1.23}
{'loss': 1.8677, 'learning_rate': 2.933120118356069e-05, 'epoch': 1.24}
{'loss': 1.8602, 'learning_rate': 2.914989593078491e-05, 'epoch': 1.25}
{'loss': 1.8875, 'learning_rate': 2.8968590678009124e-05, 'epoch': 1.26}
{'loss': 1.8985, 'learning_rate': 2.878728542523334e-05, 'epoch': 1.27}
{'loss': 1.8755, 'learning_rate': 2.8605980172457557e-05, 'epoch': 1.28}
{'loss': 1.8637, 'learning_rate': 2.8424674919681775e-05, 'epoch': 1.29}
{'loss': 1.8508, 'learning_rate': 2.824336966690599e-05, 'epoch': 1.31}
{'loss': 1.876, 'learning_rate': 2.806206441413021e-05, 'epoch': 1.32}
{'loss': 1.8478, 'learning_rate': 2.7880759161354423e-05, 'epoch': 1.33}
{'loss': 1.8505, 'learning_rate': 2.7699453908578642e-05, 'epoch': 1.34}
{'loss': 1.8866, 'learning_rate': 2.7518148655802857e-05, 'epoch': 1.35}
{'loss': 1.8429, 'learning_rate': 2.7336843403027075e-05, 'epoch': 1.36}
{'loss': 1.854, 'learning_rate': 2.715553815025129e-05, 'epoch': 1.37}
{'loss': 1.8797, 'learning_rate': 2.6974232897475505e-05, 'epoch': 1.38}
{'loss': 1.8444, 'learning_rate': 2.6792927644699723e-05, 'epoch': 1.39}
{'loss': 1.8304, 'learning_rate': 2.6611622391923942e-05, 'epoch': 1.4}
{'loss': 1.8509, 'learning_rate': 2.643031713914816e-05, 'epoch': 1.41}
{'loss': 1.8373, 'learning_rate': 2.624901188637237e-05, 'epoch': 1.43}
{'loss': 1.7841, 'learning_rate': 2.606770663359659e-05, 'epoch': 1.44}
{'loss': 1.851, 'learning_rate': 2.588640138082081e-05, 'epoch': 1.45}
{'loss': 1.8495, 'learning_rate': 2.5705096128045027e-05, 'epoch': 1.46}
{'loss': 1.8704, 'learning_rate': 2.5523790875269238e-05, 'epoch': 1.47}
{'loss': 1.8198, 'learning_rate': 2.5342485622493457e-05, 'epoch': 1.48}
{'loss': 1.8381, 'learning_rate': 2.5161180369717675e-05, 'epoch': 1.49}
{'loss': 1.8485, 'learning_rate': 2.497987511694189e-05, 'epoch': 1.5}
{'loss': 1.8015, 'learning_rate': 2.4798569864166105e-05, 'epoch': 1.51}
{'loss': 1.8249, 'learning_rate': 2.4617264611390323e-05, 'epoch': 1.52}
{'loss': 1.8134, 'learning_rate': 2.4435959358614538e-05, 'epoch': 1.53}
{'loss': 1.8309, 'learning_rate': 2.4254654105838756e-05, 'epoch': 1.54}
{'loss': 1.8223, 'learning_rate': 2.407334885306297e-05, 'epoch': 1.56}
{'loss': 1.8298, 'learning_rate': 2.389204360028719e-05, 'epoch': 1.57}
{'loss': 1.8162, 'learning_rate': 2.3710738347511405e-05, 'epoch': 1.58}
{'loss': 1.7942, 'learning_rate': 2.3529433094735623e-05, 'epoch': 1.59}
{'loss': 1.8312, 'learning_rate': 2.3348127841959838e-05, 'epoch': 1.6}
{'loss': 1.8383, 'learning_rate': 2.3166822589184056e-05, 'epoch': 1.61}
{'loss': 1.8424, 'learning_rate': 2.298551733640827e-05, 'epoch': 1.62}
{'loss': 1.815, 'learning_rate': 2.2804212083632486e-05, 'epoch': 1.63}
{'loss': 1.8505, 'learning_rate': 2.2622906830856705e-05, 'epoch': 1.64}
{'loss': 1.8291, 'learning_rate': 2.244160157808092e-05, 'epoch': 1.65}
{'loss': 1.8101, 'learning_rate': 2.2260296325305138e-05, 'epoch': 1.66}
{'loss': 1.8142, 'learning_rate': 2.2078991072529353e-05, 'epoch': 1.68}
{'loss': 1.8345, 'learning_rate': 2.189768581975357e-05, 'epoch': 1.69}
{'loss': 1.8288, 'learning_rate': 2.1716380566977786e-05, 'epoch': 1.7}
{'loss': 1.7934, 'learning_rate': 2.1535075314202005e-05, 'epoch': 1.71}
{'loss': 1.8313, 'learning_rate': 2.135377006142622e-05, 'epoch': 1.72}
{'loss': 1.8244, 'learning_rate': 2.1172464808650438e-05, 'epoch': 1.73}
{'loss': 1.8099, 'learning_rate': 2.0991159555874653e-05, 'epoch': 1.74}
{'loss': 1.792, 'learning_rate': 2.0809854303098868e-05, 'epoch': 1.75}
{'loss': 1.8061, 'learning_rate': 2.0628549050323086e-05, 'epoch': 1.76}
{'loss': 1.8161, 'learning_rate': 2.04472437975473e-05, 'epoch': 1.77}
{'loss': 1.8174, 'learning_rate': 2.026593854477152e-05, 'epoch': 1.78}
{'loss': 1.8164, 'learning_rate': 2.0084633291995734e-05, 'epoch': 1.79}
{'loss': 1.8254, 'learning_rate': 1.9903328039219953e-05, 'epoch': 1.81}
{'loss': 1.8095, 'learning_rate': 1.9722022786444168e-05, 'epoch': 1.82}
{'loss': 1.7975, 'learning_rate': 1.9540717533668386e-05, 'epoch': 1.83}
{'loss': 1.8063, 'learning_rate': 1.93594122808926e-05, 'epoch': 1.84}
{'loss': 1.787, 'learning_rate': 1.917810702811682e-05, 'epoch': 1.85}
{'loss': 1.8003, 'learning_rate': 1.8996801775341038e-05, 'epoch': 1.86}
{'loss': 1.7915, 'learning_rate': 1.8815496522565253e-05, 'epoch': 1.87}
{'loss': 1.816, 'learning_rate': 1.863419126978947e-05, 'epoch': 1.88}
{'loss': 1.7949, 'learning_rate': 1.8452886017013686e-05, 'epoch': 1.89}
{'loss': 1.7787, 'learning_rate': 1.8271580764237904e-05, 'epoch': 1.9}
{'loss': 1.8285, 'learning_rate': 1.809027551146212e-05, 'epoch': 1.91}
{'loss': 1.7741, 'learning_rate': 1.7908970258686338e-05, 'epoch': 1.93}
{'loss': 1.8132, 'learning_rate': 1.7727665005910552e-05, 'epoch': 1.94}
{'loss': 1.8064, 'learning_rate': 1.754635975313477e-05, 'epoch': 1.95}
{'loss': 1.8114, 'learning_rate': 1.7365054500358986e-05, 'epoch': 1.96}
{'loss': 1.7866, 'learning_rate': 1.7183749247583204e-05, 'epoch': 1.97}
{'loss': 1.798, 'learning_rate': 1.700244399480742e-05, 'epoch': 1.98}
{'loss': 1.7876, 'learning_rate': 1.6821138742031637e-05, 'epoch': 1.99}
{'loss': 1.7907, 'learning_rate': 1.6639833489255852e-05, 'epoch': 2.0}
{'loss': 1.7076, 'learning_rate': 1.6458528236480067e-05, 'epoch': 2.01}
{'loss': 1.7316, 'learning_rate': 1.6277222983704286e-05, 'epoch': 2.02}
{'loss': 1.739, 'learning_rate': 1.60959177309285e-05, 'epoch': 2.03}
{'loss': 1.7264, 'learning_rate': 1.591461247815272e-05, 'epoch': 2.05}
{'loss': 1.7365, 'learning_rate': 1.5733307225376934e-05, 'epoch': 2.06}
{'loss': 1.7116, 'learning_rate': 1.5552001972601152e-05, 'epoch': 2.07}
{'loss': 1.7384, 'learning_rate': 1.5370696719825367e-05, 'epoch': 2.08}
{'loss': 1.7519, 'learning_rate': 1.5189391467049586e-05, 'epoch': 2.09}
{'loss': 1.7101, 'learning_rate': 1.50080862142738e-05, 'epoch': 2.1}
{'loss': 1.7156, 'learning_rate': 1.4826780961498019e-05, 'epoch': 2.11}
{'loss': 1.7588, 'learning_rate': 1.4645475708722234e-05, 'epoch': 2.12}
{'loss': 1.7491, 'learning_rate': 1.4464170455946449e-05, 'epoch': 2.13}
{'loss': 1.7086, 'learning_rate': 1.4282865203170667e-05, 'epoch': 2.14}
{'loss': 1.6947, 'learning_rate': 1.4101559950394882e-05, 'epoch': 2.15}
{'loss': 1.7238, 'learning_rate': 1.39202546976191e-05, 'epoch': 2.16}
{'loss': 1.7174, 'learning_rate': 1.3738949444843315e-05, 'epoch': 2.18}
{'loss': 1.7488, 'learning_rate': 1.3557644192067534e-05, 'epoch': 2.19}
{'loss': 1.7051, 'learning_rate': 1.3376338939291749e-05, 'epoch': 2.2}
{'loss': 1.7102, 'learning_rate': 1.3195033686515967e-05, 'epoch': 2.21}
{'loss': 1.7164, 'learning_rate': 1.3013728433740182e-05, 'epoch': 2.22}
{'loss': 1.7041, 'learning_rate': 1.28324231809644e-05, 'epoch': 2.23}
{'loss': 1.7249, 'learning_rate': 1.2651117928188615e-05, 'epoch': 2.24}
{'loss': 1.7148, 'learning_rate': 1.2469812675412832e-05, 'epoch': 2.25}
{'loss': 1.7037, 'learning_rate': 1.228850742263705e-05, 'epoch': 2.26}
{'loss': 1.6983, 'learning_rate': 1.2107202169861267e-05, 'epoch': 2.27}
{'loss': 1.7093, 'learning_rate': 1.1925896917085484e-05, 'epoch': 2.28}
{'loss': 1.7093, 'learning_rate': 1.17445916643097e-05, 'epoch': 2.3}
{'loss': 1.6997, 'learning_rate': 1.1563286411533915e-05, 'epoch': 2.31}
{'loss': 1.7075, 'learning_rate': 1.1381981158758132e-05, 'epoch': 2.32}
{'loss': 1.7395, 'learning_rate': 1.1200675905982348e-05, 'epoch': 2.33}
{'loss': 1.731, 'learning_rate': 1.1019370653206565e-05, 'epoch': 2.34}
{'loss': 1.6967, 'learning_rate': 1.0838065400430782e-05, 'epoch': 2.35}
{'loss': 1.727, 'learning_rate': 1.0656760147654998e-05, 'epoch': 2.36}
{'loss': 1.739, 'learning_rate': 1.0475454894879215e-05, 'epoch': 2.37}
{'loss': 1.7035, 'learning_rate': 1.0294149642103432e-05, 'epoch': 2.38}
{'loss': 1.7273, 'learning_rate': 1.0112844389327648e-05, 'epoch': 2.39}
{'loss': 1.7217, 'learning_rate': 9.931539136551865e-06, 'epoch': 2.4}
{'loss': 1.7346, 'learning_rate': 9.750233883776082e-06, 'epoch': 2.41}
{'loss': 1.7161, 'learning_rate': 9.568928631000298e-06, 'epoch': 2.43}
{'loss': 1.7011, 'learning_rate': 9.387623378224513e-06, 'epoch': 2.44}
{'loss': 1.7065, 'learning_rate': 9.20631812544873e-06, 'epoch': 2.45}
{'loss': 1.731, 'learning_rate': 9.025012872672947e-06, 'epoch': 2.46}
{'loss': 1.7213, 'learning_rate': 8.843707619897163e-06, 'epoch': 2.47}
{'loss': 1.7272, 'learning_rate': 8.66240236712138e-06, 'epoch': 2.48}
{'loss': 1.7338, 'learning_rate': 8.481097114345597e-06, 'epoch': 2.49}
{'loss': 1.7139, 'learning_rate': 8.299791861569813e-06, 'epoch': 2.5}
{'loss': 1.6997, 'learning_rate': 8.11848660879403e-06, 'epoch': 2.51}
{'loss': 1.7209, 'learning_rate': 7.937181356018246e-06, 'epoch': 2.52}
{'loss': 1.6961, 'learning_rate': 7.755876103242465e-06, 'epoch': 2.53}
{'loss': 1.7334, 'learning_rate': 7.574570850466681e-06, 'epoch': 2.55}
{'loss': 1.7048, 'learning_rate': 7.393265597690896e-06, 'epoch': 2.56}
{'loss': 1.7218, 'learning_rate': 7.211960344915113e-06, 'epoch': 2.57}
{'loss': 1.7256, 'learning_rate': 7.03065509213933e-06, 'epoch': 2.58}
{'loss': 1.7065, 'learning_rate': 6.849349839363546e-06, 'epoch': 2.59}
{'loss': 1.6926, 'learning_rate': 6.668044586587763e-06, 'epoch': 2.6}
{'loss': 1.6859, 'learning_rate': 6.48673933381198e-06, 'epoch': 2.61}
{'loss': 1.7061, 'learning_rate': 6.305434081036196e-06, 'epoch': 2.62}
{'loss': 1.7244, 'learning_rate': 6.124128828260413e-06, 'epoch': 2.63}
{'loss': 1.6934, 'learning_rate': 5.94282357548463e-06, 'epoch': 2.64}
{'loss': 1.6971, 'learning_rate': 5.7615183227088454e-06, 'epoch': 2.65}
{'loss': 1.7224, 'learning_rate': 5.580213069933062e-06, 'epoch': 2.67}
{'loss': 1.7253, 'learning_rate': 5.398907817157279e-06, 'epoch': 2.68}
{'loss': 1.6983, 'learning_rate': 5.217602564381495e-06, 'epoch': 2.69}
{'loss': 1.6898, 'learning_rate': 5.036297311605712e-06, 'epoch': 2.7}
{'loss': 1.7199, 'learning_rate': 4.854992058829929e-06, 'epoch': 2.71}
{'loss': 1.7092, 'learning_rate': 4.673686806054145e-06, 'epoch': 2.72}
{'loss': 1.6722, 'learning_rate': 4.492381553278362e-06, 'epoch': 2.73}
{'loss': 1.6873, 'learning_rate': 4.311076300502579e-06, 'epoch': 2.74}
{'loss': 1.6963, 'learning_rate': 4.129771047726795e-06, 'epoch': 2.75}
{'loss': 1.7096, 'learning_rate': 3.948465794951012e-06, 'epoch': 2.76}
{'loss': 1.7034, 'learning_rate': 3.7671605421752277e-06, 'epoch': 2.77}
{'loss': 1.7205, 'learning_rate': 3.5858552893994444e-06, 'epoch': 2.78}
{'loss': 1.7059, 'learning_rate': 3.404550036623661e-06, 'epoch': 2.8}
{'loss': 1.7141, 'learning_rate': 3.2232447838478777e-06, 'epoch': 2.81}
{'loss': 1.7053, 'learning_rate': 3.0419395310720943e-06, 'epoch': 2.82}
{'loss': 1.6682, 'learning_rate': 2.860634278296311e-06, 'epoch': 2.83}
{'loss': 1.6956, 'learning_rate': 2.6793290255205276e-06, 'epoch': 2.84}
{'loss': 1.6957, 'learning_rate': 2.498023772744744e-06, 'epoch': 2.85}
{'loss': 1.7039, 'learning_rate': 2.3167185199689605e-06, 'epoch': 2.86}
{'loss': 1.7361, 'learning_rate': 2.135413267193177e-06, 'epoch': 2.87}
{'loss': 1.6893, 'learning_rate': 1.954108014417394e-06, 'epoch': 2.88}
{'loss': 1.6757, 'learning_rate': 1.7728027616416103e-06, 'epoch': 2.89}
{'loss': 1.7083, 'learning_rate': 1.5914975088658271e-06, 'epoch': 2.9}
{'loss': 1.6945, 'learning_rate': 1.4101922560900436e-06, 'epoch': 2.92}
{'loss': 1.715, 'learning_rate': 1.22888700331426e-06, 'epoch': 2.93}
{'loss': 1.6844, 'learning_rate': 1.0475817505384766e-06, 'epoch': 2.94}
{'loss': 1.7008, 'learning_rate': 8.662764977626933e-07, 'epoch': 2.95}
{'loss': 1.6968, 'learning_rate': 6.849712449869098e-07, 'epoch': 2.96}
{'loss': 1.7116, 'learning_rate': 5.036659922111264e-07, 'epoch': 2.97}
{'loss': 1.7073, 'learning_rate': 3.223607394353429e-07, 'epoch': 2.98}
{'loss': 1.6523, 'learning_rate': 1.4105548665955952e-07, 'epoch': 2.99}
{'train_runtime': 22373.3575, 'train_samples_per_second': 49.305, 'train_steps_per_second': 6.163, 'train_loss': 1.060295646826886, 'epoch': 3.0}
***** train metrics *****
  epoch                    =        3.0
  train_loss               =     1.0603
  train_runtime            = 6:12:53.35
  train_samples            =     367704
  train_samples_per_second =     49.305
  train_steps_per_second   =      6.163
10/04/2022 16:43:30 - INFO - __main__ - *** Evaluate ***
***** eval metrics *****
  epoch                   =        3.0
  eval_accuracy           =     0.0061
  eval_loss               =     1.8773
  eval_runtime            = 4:03:26.42
  eval_samples            =     102801
  eval_samples_per_second =      7.038
  eval_steps_per_second   =       0.88
10/04/2022 20:46:56 - INFO - __main__ - *** Predict ***
***** predict metrics *****
  predict_accuracy           =     0.0035
  predict_loss               =     1.9005
  predict_runtime            = 4:48:52.91
  predict_samples            =     121704
  predict_samples_per_second =      7.022
  predict_steps_per_second   =      0.878
