10/15/2022 22:14:48 - WARNING - __main__ - Process rank: -1, device: cuda:0, n_gpu: 1distributed training: False, 16-bits training: False
10/15/2022 22:14:48 - INFO - __main__ - Training/evaluation parameters Seq2SeqTrainingArguments(
_n_gpu=1,
adafactor=False,
adam_beta1=0.9,
adam_beta2=0.999,
adam_epsilon=1e-08,
auto_find_batch_size=False,
bf16=False,
bf16_full_eval=False,
data_seed=None,
dataloader_drop_last=False,
dataloader_num_workers=0,
dataloader_pin_memory=True,
ddp_bucket_cap_mb=None,
ddp_find_unused_parameters=None,
debug=[],
deepspeed=None,
disable_tqdm=False,
do_eval=False,
do_predict=True,
do_train=False,
eval_accumulation_steps=None,
eval_delay=0,
eval_steps=None,
evaluation_strategy=no,
fp16=False,
fp16_backend=auto,
fp16_full_eval=False,
fp16_opt_level=O1,
fsdp=[],
fsdp_min_num_params=0,
fsdp_transformer_layer_cls_to_wrap=None,
full_determinism=False,
generation_max_length=None,
generation_num_beams=None,
gradient_accumulation_steps=1,
gradient_checkpointing=False,
greater_is_better=None,
group_by_length=False,
half_precision_backend=auto,
hub_model_id=None,
hub_private_repo=False,
hub_strategy=every_save,
hub_token=<HUB_TOKEN>,
ignore_data_skip=False,
include_inputs_for_metrics=False,
jit_mode_eval=False,
label_names=None,
label_smoothing_factor=0.0,
learning_rate=5e-05,
length_column_name=length,
load_best_model_at_end=False,
local_rank=-1,
log_level=-1,
log_level_replica=-1,
log_on_each_node=True,
logging_dir=../experiments/runs/Oct15_22-14-47_mscluster13.ms.wits.ac.za,
logging_first_step=False,
logging_nan_inf_filter=True,
logging_steps=500,
logging_strategy=steps,
lr_scheduler_type=linear,
max_grad_norm=1.0,
max_steps=-1,
metric_for_best_model=None,
mp_parameters=,
no_cuda=False,
num_train_epochs=3.0,
optim=adamw_hf,
output_dir=../experiments/cryptonite/t5-large/cl/inference/beams/naive-disjoint/i_or,
overwrite_output_dir=False,
past_index=-1,
per_device_eval_batch_size=8,
per_device_train_batch_size=8,
predict_with_generate=True,
prediction_loss_only=False,
push_to_hub=False,
push_to_hub_model_id=None,
push_to_hub_organization=None,
push_to_hub_token=<PUSH_TO_HUB_TOKEN>,
ray_scope=last,
remove_unused_columns=True,
report_to=[],
resume_from_checkpoint=None,
run_name=../experiments/,
save_on_each_node=False,
save_steps=5000,
save_strategy=steps,
save_total_limit=None,
seed=42,
sharded_ddp=[],
skip_memory_metrics=True,
sortish_sampler=False,
tf32=None,
torchdynamo=None,
tpu_metrics_debug=False,
tpu_num_cores=None,
use_ipex=False,
use_legacy_prediction_loop=False,
warmup_ratio=0.0,
warmup_steps=0,
weight_decay=0.0,
xpu_backend=None,
)
10/15/2022 22:14:49 - WARNING - datasets.builder - Using custom data configuration default-8f3c33bc2d5f19d5
10/15/2022 22:14:49 - INFO - datasets.builder - Overwrite dataset info from restored data version.
10/15/2022 22:14:49 - INFO - datasets.info - Loading Dataset info from ./models/cache/json/default-8f3c33bc2d5f19d5/0.0.0/a3e658c4731e59120d44081ac10bf85dc7e1388126b92338344ce9661907f253
10/15/2022 22:14:50 - WARNING - datasets.builder - Reusing dataset json (./models/cache/json/default-8f3c33bc2d5f19d5/0.0.0/a3e658c4731e59120d44081ac10bf85dc7e1388126b92338344ce9661907f253)
10/15/2022 22:14:50 - INFO - datasets.info - Loading Dataset info from ./models/cache/json/default-8f3c33bc2d5f19d5/0.0.0/a3e658c4731e59120d44081ac10bf85dc7e1388126b92338344ce9661907f253
10/15/2022 22:14:51 - INFO - __main__ - Loaded the cryptonite dataset:
DatasetDict({
    train: Dataset({
        features: ['clue', 'answer', 'annotation', 'predicted_rationale', 'predicted_answer'],
        num_rows: 470804
    })
    validation: Dataset({
        features: ['clue', 'answer', 'annotation', 'predicted_rationale', 'predicted_answer'],
        num_rows: 26156
    })
    test: Dataset({
        features: ['clue', 'answer', 'annotation', 'predicted_rationale', 'predicted_answer'],
        num_rows: 26157
    })
})
10/15/2022 22:14:51 - WARNING - datasets.arrow_dataset - Loading cached processed dataset at ./models/cache/json/default-8f3c33bc2d5f19d5/0.0.0/a3e658c4731e59120d44081ac10bf85dc7e1388126b92338344ce9661907f253/cache-b33fb2fcb5b7e8f7.arrow
10/15/2022 22:14:51 - WARNING - datasets.arrow_dataset - Loading cached processed dataset at ./models/cache/json/default-8f3c33bc2d5f19d5/0.0.0/a3e658c4731e59120d44081ac10bf85dc7e1388126b92338344ce9661907f253/cache-3a3ea8c7f2e7e675.arrow
10/15/2022 22:14:51 - WARNING - datasets.arrow_dataset - Loading cached processed dataset at ./models/cache/json/default-8f3c33bc2d5f19d5/0.0.0/a3e658c4731e59120d44081ac10bf85dc7e1388126b92338344ce9661907f253/cache-256890e8819409cb.arrow
10/15/2022 22:14:51 - WARNING - datasets.arrow_dataset - Loading cached processed dataset at ./models/cache/json/default-8f3c33bc2d5f19d5/0.0.0/a3e658c4731e59120d44081ac10bf85dc7e1388126b92338344ce9661907f253/cache-481298a615cf2f78.arrow
10/15/2022 22:14:51 - WARNING - datasets.arrow_dataset - Loading cached processed dataset at ./models/cache/json/default-8f3c33bc2d5f19d5/0.0.0/a3e658c4731e59120d44081ac10bf85dc7e1388126b92338344ce9661907f253/cache-9219477e51f15b16.arrow
10/15/2022 22:14:51 - WARNING - datasets.arrow_dataset - Loading cached processed dataset at ./models/cache/json/default-8f3c33bc2d5f19d5/0.0.0/a3e658c4731e59120d44081ac10bf85dc7e1388126b92338344ce9661907f253/cache-8f927be26f1df949.arrow
10/15/2022 22:14:51 - WARNING - datasets.arrow_dataset - Loading cached processed dataset at ./models/cache/json/default-8f3c33bc2d5f19d5/0.0.0/a3e658c4731e59120d44081ac10bf85dc7e1388126b92338344ce9661907f253/cache-69a5b97740abdff5.arrow
10/15/2022 22:14:51 - WARNING - datasets.arrow_dataset - Loading cached processed dataset at ./models/cache/json/default-8f3c33bc2d5f19d5/0.0.0/a3e658c4731e59120d44081ac10bf85dc7e1388126b92338344ce9661907f253/cache-c962d45b317954ce.arrow
10/15/2022 22:14:53 - WARNING - datasets.arrow_dataset - Loading cached processed dataset at ./models/cache/json/default-8f3c33bc2d5f19d5/0.0.0/a3e658c4731e59120d44081ac10bf85dc7e1388126b92338344ce9661907f253/cache-65e87862ad21bd75.arrow
10/15/2022 22:14:53 - WARNING - datasets.arrow_dataset - Loading cached processed dataset at ./models/cache/json/default-8f3c33bc2d5f19d5/0.0.0/a3e658c4731e59120d44081ac10bf85dc7e1388126b92338344ce9661907f253/cache-9d5aa7f7f1dc9cd5.arrow
10/15/2022 22:14:53 - WARNING - datasets.arrow_dataset - Loading cached processed dataset at ./models/cache/json/default-8f3c33bc2d5f19d5/0.0.0/a3e658c4731e59120d44081ac10bf85dc7e1388126b92338344ce9661907f253/cache-a835dfdbb9a42a30.arrow
10/15/2022 22:14:53 - WARNING - datasets.arrow_dataset - Loading cached processed dataset at ./models/cache/json/default-8f3c33bc2d5f19d5/0.0.0/a3e658c4731e59120d44081ac10bf85dc7e1388126b92338344ce9661907f253/cache-5126d93a386aefb0.arrow
10/15/2022 22:14:53 - WARNING - datasets.arrow_dataset - Loading cached processed dataset at ./models/cache/json/default-8f3c33bc2d5f19d5/0.0.0/a3e658c4731e59120d44081ac10bf85dc7e1388126b92338344ce9661907f253/cache-f4de788a7dd3a4b2.arrow
10/15/2022 22:14:53 - WARNING - datasets.arrow_dataset - Loading cached processed dataset at ./models/cache/json/default-8f3c33bc2d5f19d5/0.0.0/a3e658c4731e59120d44081ac10bf85dc7e1388126b92338344ce9661907f253/cache-465a2253f348e0b8.arrow
10/15/2022 22:14:53 - WARNING - datasets.arrow_dataset - Loading cached processed dataset at ./models/cache/json/default-8f3c33bc2d5f19d5/0.0.0/a3e658c4731e59120d44081ac10bf85dc7e1388126b92338344ce9661907f253/cache-f2a6c9972473f327.arrow
10/15/2022 22:14:53 - WARNING - datasets.arrow_dataset - Loading cached processed dataset at ./models/cache/json/default-8f3c33bc2d5f19d5/0.0.0/a3e658c4731e59120d44081ac10bf85dc7e1388126b92338344ce9661907f253/cache-524068c0e2b783d6.arrow
10/15/2022 22:14:53 - WARNING - datasets.arrow_dataset - Loading cached processed dataset at ./models/cache/json/default-8f3c33bc2d5f19d5/0.0.0/a3e658c4731e59120d44081ac10bf85dc7e1388126b92338344ce9661907f253/cache-8353ec7111185e3b.arrow
10/15/2022 22:14:53 - WARNING - datasets.arrow_dataset - Loading cached processed dataset at ./models/cache/json/default-8f3c33bc2d5f19d5/0.0.0/a3e658c4731e59120d44081ac10bf85dc7e1388126b92338344ce9661907f253/cache-b9d5facc76bf4471.arrow
10/15/2022 22:14:53 - WARNING - datasets.arrow_dataset - Loading cached processed dataset at ./models/cache/json/default-8f3c33bc2d5f19d5/0.0.0/a3e658c4731e59120d44081ac10bf85dc7e1388126b92338344ce9661907f253/cache-276c5ededb8769cc.arrow
10/15/2022 22:14:53 - WARNING - datasets.arrow_dataset - Loading cached processed dataset at ./models/cache/json/default-8f3c33bc2d5f19d5/0.0.0/a3e658c4731e59120d44081ac10bf85dc7e1388126b92338344ce9661907f253/cache-3eee4eeac99e6fe6.arrow
10/15/2022 22:14:53 - WARNING - datasets.arrow_dataset - Loading cached processed dataset at ./models/cache/json/default-8f3c33bc2d5f19d5/0.0.0/a3e658c4731e59120d44081ac10bf85dc7e1388126b92338344ce9661907f253/cache-aaaf9234f6c3d366.arrow
10/15/2022 22:14:53 - WARNING - datasets.arrow_dataset - Loading cached processed dataset at ./models/cache/json/default-8f3c33bc2d5f19d5/0.0.0/a3e658c4731e59120d44081ac10bf85dc7e1388126b92338344ce9661907f253/cache-d6d6fe13798e0c0f.arrow
10/15/2022 22:14:53 - WARNING - datasets.arrow_dataset - Loading cached processed dataset at ./models/cache/json/default-8f3c33bc2d5f19d5/0.0.0/a3e658c4731e59120d44081ac10bf85dc7e1388126b92338344ce9661907f253/cache-92f5204c175b5bbd.arrow
10/15/2022 22:14:53 - WARNING - datasets.arrow_dataset - Loading cached processed dataset at ./models/cache/json/default-8f3c33bc2d5f19d5/0.0.0/a3e658c4731e59120d44081ac10bf85dc7e1388126b92338344ce9661907f253/cache-188eded88c75c237.arrow
10/15/2022 22:16:47 - INFO - __main__ - *** Predict ***
***** predict metrics *****
  predict_accuracy           =     0.1087
  predict_loss               =     6.7871
  predict_runtime            = 1:16:34.21
  predict_samples            =      26157
  predict_samples_per_second =      5.693
  predict_steps_per_second   =      0.712
