10/22/2022 22:39:53 - WARNING - __main__ - Process rank: -1, device: cuda:0, n_gpu: 2distributed training: False, 16-bits training: False
10/22/2022 22:39:53 - INFO - __main__ - Training/evaluation parameters Seq2SeqTrainingArguments(
_n_gpu=2,
adafactor=False,
adam_beta1=0.9,
adam_beta2=0.999,
adam_epsilon=1e-08,
auto_find_batch_size=False,
bf16=False,
bf16_full_eval=False,
data_seed=None,
dataloader_drop_last=False,
dataloader_num_workers=0,
dataloader_pin_memory=True,
ddp_bucket_cap_mb=None,
ddp_find_unused_parameters=None,
debug=[],
deepspeed=None,
disable_tqdm=False,
do_eval=True,
do_predict=True,
do_train=True,
eval_accumulation_steps=None,
eval_delay=0,
eval_steps=None,
evaluation_strategy=no,
fp16=False,
fp16_backend=auto,
fp16_full_eval=False,
fp16_opt_level=O1,
fsdp=[],
fsdp_min_num_params=0,
fsdp_transformer_layer_cls_to_wrap=None,
full_determinism=False,
generation_max_length=None,
generation_num_beams=None,
gradient_accumulation_steps=1,
gradient_checkpointing=False,
greater_is_better=None,
group_by_length=False,
half_precision_backend=auto,
hub_model_id=None,
hub_private_repo=False,
hub_strategy=every_save,
hub_token=<HUB_TOKEN>,
ignore_data_skip=False,
include_inputs_for_metrics=False,
jit_mode_eval=False,
label_names=None,
label_smoothing_factor=0.0,
learning_rate=5e-05,
length_column_name=length,
load_best_model_at_end=False,
local_rank=-1,
log_level=-1,
log_level_replica=-1,
log_on_each_node=True,
logging_dir=../experiments/runs/Oct22_22-39-51_mscluster59.ms.wits.ac.za,
logging_first_step=False,
logging_nan_inf_filter=True,
logging_steps=500,
logging_strategy=steps,
lr_scheduler_type=linear,
max_grad_norm=1.0,
max_steps=-1,
metric_for_best_model=None,
mp_parameters=,
no_cuda=False,
num_train_epochs=3.0,
optim=adamw_hf,
output_dir=../experiments/naive-disjoint/t5-large/cl/ir_o_gold,
overwrite_output_dir=False,
past_index=-1,
per_device_eval_batch_size=8,
per_device_train_batch_size=8,
predict_with_generate=True,
prediction_loss_only=False,
push_to_hub=False,
push_to_hub_model_id=None,
push_to_hub_organization=None,
push_to_hub_token=<PUSH_TO_HUB_TOKEN>,
ray_scope=last,
remove_unused_columns=True,
report_to=[],
resume_from_checkpoint=None,
run_name=../experiments/,
save_on_each_node=False,
save_steps=5000,
save_strategy=steps,
save_total_limit=None,
seed=42,
sharded_ddp=[],
skip_memory_metrics=True,
sortish_sampler=False,
tf32=None,
torchdynamo=None,
tpu_metrics_debug=False,
tpu_num_cores=None,
use_ipex=False,
use_legacy_prediction_loop=False,
warmup_ratio=0.0,
warmup_steps=0,
weight_decay=0.0,
xpu_backend=None,
)
10/22/2022 22:39:53 - INFO - __main__ - Checkpoint detected, resuming training at ../experiments/naive-disjoint/t5-large/cl/ir_o_gold/checkpoint-10000. To avoid this behaviour, change the `--output_dir` or add `--overwrite_output_dir` to train from scratch.
10/22/2022 22:39:54 - WARNING - datasets.builder - Using custom data configuration default-c08303abd5e70107
10/22/2022 22:39:54 - INFO - datasets.builder - Overwrite dataset info from restored data version.
10/22/2022 22:39:54 - INFO - datasets.info - Loading Dataset info from ./models/cache/json/default-c08303abd5e70107/0.0.0/a3e658c4731e59120d44081ac10bf85dc7e1388126b92338344ce9661907f253
10/22/2022 22:39:54 - WARNING - datasets.builder - Reusing dataset json (./models/cache/json/default-c08303abd5e70107/0.0.0/a3e658c4731e59120d44081ac10bf85dc7e1388126b92338344ce9661907f253)
10/22/2022 22:39:54 - INFO - datasets.info - Loading Dataset info from ./models/cache/json/default-c08303abd5e70107/0.0.0/a3e658c4731e59120d44081ac10bf85dc7e1388126b92338344ce9661907f253
10/22/2022 22:39:54 - INFO - __main__ - Loaded the naive-disjoint dataset:
DatasetDict({
    train: Dataset({
        features: ['clue', 'answer', 'annotation', 'predicted_rationale', 'predicted_answer'],
        num_rows: 353630
    })
    validation: Dataset({
        features: ['clue', 'answer', 'annotation', 'predicted_rationale', 'predicted_answer'],
        num_rows: 119828
    })
    test: Dataset({
        features: ['clue', 'answer', 'annotation', 'predicted_rationale', 'predicted_answer'],
        num_rows: 118751
    })
})
This is for an IR->O model based on gold
10/22/2022 22:39:54 - WARNING - datasets.arrow_dataset - Loading cached processed dataset at ./models/cache/json/default-c08303abd5e70107/0.0.0/a3e658c4731e59120d44081ac10bf85dc7e1388126b92338344ce9661907f253/cache-e23dde14cd48bd19.arrow
10/22/2022 22:39:54 - WARNING - datasets.arrow_dataset - Loading cached processed dataset at ./models/cache/json/default-c08303abd5e70107/0.0.0/a3e658c4731e59120d44081ac10bf85dc7e1388126b92338344ce9661907f253/cache-60f0673655eafebd.arrow
10/22/2022 22:39:54 - WARNING - datasets.arrow_dataset - Loading cached processed dataset at ./models/cache/json/default-c08303abd5e70107/0.0.0/a3e658c4731e59120d44081ac10bf85dc7e1388126b92338344ce9661907f253/cache-71f21c2752eff83d.arrow
10/22/2022 22:39:54 - WARNING - datasets.arrow_dataset - Loading cached processed dataset at ./models/cache/json/default-c08303abd5e70107/0.0.0/a3e658c4731e59120d44081ac10bf85dc7e1388126b92338344ce9661907f253/cache-2b0c489d06a2d321.arrow
10/22/2022 22:39:54 - WARNING - datasets.arrow_dataset - Loading cached processed dataset at ./models/cache/json/default-c08303abd5e70107/0.0.0/a3e658c4731e59120d44081ac10bf85dc7e1388126b92338344ce9661907f253/cache-6de21e91bfb5274e.arrow
10/22/2022 22:39:54 - WARNING - datasets.arrow_dataset - Loading cached processed dataset at ./models/cache/json/default-c08303abd5e70107/0.0.0/a3e658c4731e59120d44081ac10bf85dc7e1388126b92338344ce9661907f253/cache-be9fd13bb63f9f36.arrow
10/22/2022 22:39:54 - WARNING - datasets.arrow_dataset - Loading cached processed dataset at ./models/cache/json/default-c08303abd5e70107/0.0.0/a3e658c4731e59120d44081ac10bf85dc7e1388126b92338344ce9661907f253/cache-fbfda7a4ce4b9923.arrow
10/22/2022 22:39:54 - WARNING - datasets.arrow_dataset - Loading cached processed dataset at ./models/cache/json/default-c08303abd5e70107/0.0.0/a3e658c4731e59120d44081ac10bf85dc7e1388126b92338344ce9661907f253/cache-951afd5d08f5cc92.arrow
10/22/2022 22:39:55 - WARNING - datasets.arrow_dataset - Loading cached processed dataset at ./models/cache/json/default-c08303abd5e70107/0.0.0/a3e658c4731e59120d44081ac10bf85dc7e1388126b92338344ce9661907f253/cache-96f66c4b40f6d686.arrow
10/22/2022 22:39:55 - WARNING - datasets.arrow_dataset - Loading cached processed dataset at ./models/cache/json/default-c08303abd5e70107/0.0.0/a3e658c4731e59120d44081ac10bf85dc7e1388126b92338344ce9661907f253/cache-7c6768bf53921ad1.arrow
10/22/2022 22:39:55 - WARNING - datasets.arrow_dataset - Loading cached processed dataset at ./models/cache/json/default-c08303abd5e70107/0.0.0/a3e658c4731e59120d44081ac10bf85dc7e1388126b92338344ce9661907f253/cache-1ff7ba82eac147c2.arrow
10/22/2022 22:39:55 - WARNING - datasets.arrow_dataset - Loading cached processed dataset at ./models/cache/json/default-c08303abd5e70107/0.0.0/a3e658c4731e59120d44081ac10bf85dc7e1388126b92338344ce9661907f253/cache-13f392ae24c19a05.arrow
10/22/2022 22:39:55 - WARNING - datasets.arrow_dataset - Loading cached processed dataset at ./models/cache/json/default-c08303abd5e70107/0.0.0/a3e658c4731e59120d44081ac10bf85dc7e1388126b92338344ce9661907f253/cache-0dad0dd3c79d1d59.arrow
10/22/2022 22:39:55 - WARNING - datasets.arrow_dataset - Loading cached processed dataset at ./models/cache/json/default-c08303abd5e70107/0.0.0/a3e658c4731e59120d44081ac10bf85dc7e1388126b92338344ce9661907f253/cache-381f555235e9ad73.arrow
10/22/2022 22:39:55 - WARNING - datasets.arrow_dataset - Loading cached processed dataset at ./models/cache/json/default-c08303abd5e70107/0.0.0/a3e658c4731e59120d44081ac10bf85dc7e1388126b92338344ce9661907f253/cache-0f8dc479db58e8bb.arrow
10/22/2022 22:39:55 - WARNING - datasets.arrow_dataset - Loading cached processed dataset at ./models/cache/json/default-c08303abd5e70107/0.0.0/a3e658c4731e59120d44081ac10bf85dc7e1388126b92338344ce9661907f253/cache-f33e96509e3d31d7.arrow
10/22/2022 22:39:55 - WARNING - datasets.arrow_dataset - Loading cached processed dataset at ./models/cache/json/default-c08303abd5e70107/0.0.0/a3e658c4731e59120d44081ac10bf85dc7e1388126b92338344ce9661907f253/cache-8446a346d120e192.arrow
10/22/2022 22:39:55 - WARNING - datasets.arrow_dataset - Loading cached processed dataset at ./models/cache/json/default-c08303abd5e70107/0.0.0/a3e658c4731e59120d44081ac10bf85dc7e1388126b92338344ce9661907f253/cache-4fa42bf1cbfda768.arrow
10/22/2022 22:39:55 - WARNING - datasets.arrow_dataset - Loading cached processed dataset at ./models/cache/json/default-c08303abd5e70107/0.0.0/a3e658c4731e59120d44081ac10bf85dc7e1388126b92338344ce9661907f253/cache-6a825c093839634e.arrow
10/22/2022 22:39:55 - WARNING - datasets.arrow_dataset - Loading cached processed dataset at ./models/cache/json/default-c08303abd5e70107/0.0.0/a3e658c4731e59120d44081ac10bf85dc7e1388126b92338344ce9661907f253/cache-091e71e9e20b158e.arrow
10/22/2022 22:39:55 - WARNING - datasets.arrow_dataset - Loading cached processed dataset at ./models/cache/json/default-c08303abd5e70107/0.0.0/a3e658c4731e59120d44081ac10bf85dc7e1388126b92338344ce9661907f253/cache-60ffe9e11fbf4c32.arrow
10/22/2022 22:39:55 - WARNING - datasets.arrow_dataset - Loading cached processed dataset at ./models/cache/json/default-c08303abd5e70107/0.0.0/a3e658c4731e59120d44081ac10bf85dc7e1388126b92338344ce9661907f253/cache-1cd4b837ff170fdb.arrow
10/22/2022 22:39:55 - WARNING - datasets.arrow_dataset - Loading cached processed dataset at ./models/cache/json/default-c08303abd5e70107/0.0.0/a3e658c4731e59120d44081ac10bf85dc7e1388126b92338344ce9661907f253/cache-44f0a63c3c83a3aa.arrow
10/22/2022 22:39:55 - WARNING - datasets.arrow_dataset - Loading cached processed dataset at ./models/cache/json/default-c08303abd5e70107/0.0.0/a3e658c4731e59120d44081ac10bf85dc7e1388126b92338344ce9661907f253/cache-f031a11df7ccdfbf.arrow
10/22/2022 22:40:02 - WARNING - datasets.arrow_dataset - Loading cached processed dataset at ./models/cache/json/default-c08303abd5e70107/0.0.0/a3e658c4731e59120d44081ac10bf85dc7e1388126b92338344ce9661907f253/cache-53b0be661584ab15.arrow
10/22/2022 22:40:02 - WARNING - datasets.arrow_dataset - Loading cached processed dataset at ./models/cache/json/default-c08303abd5e70107/0.0.0/a3e658c4731e59120d44081ac10bf85dc7e1388126b92338344ce9661907f253/cache-4fe9f8594ba3e772.arrow
10/22/2022 22:40:02 - WARNING - datasets.arrow_dataset - Loading cached processed dataset at ./models/cache/json/default-c08303abd5e70107/0.0.0/a3e658c4731e59120d44081ac10bf85dc7e1388126b92338344ce9661907f253/cache-66e9396672d44173.arrow
10/22/2022 22:40:02 - WARNING - datasets.arrow_dataset - Loading cached processed dataset at ./models/cache/json/default-c08303abd5e70107/0.0.0/a3e658c4731e59120d44081ac10bf85dc7e1388126b92338344ce9661907f253/cache-bd88141aa48c25d7.arrow
10/22/2022 22:40:02 - WARNING - datasets.arrow_dataset - Loading cached processed dataset at ./models/cache/json/default-c08303abd5e70107/0.0.0/a3e658c4731e59120d44081ac10bf85dc7e1388126b92338344ce9661907f253/cache-4a2bc17cabdf013e.arrow
10/22/2022 22:40:02 - WARNING - datasets.arrow_dataset - Loading cached processed dataset at ./models/cache/json/default-c08303abd5e70107/0.0.0/a3e658c4731e59120d44081ac10bf85dc7e1388126b92338344ce9661907f253/cache-395dcebf0cd3d257.arrow
10/22/2022 22:40:02 - WARNING - datasets.arrow_dataset - Loading cached processed dataset at ./models/cache/json/default-c08303abd5e70107/0.0.0/a3e658c4731e59120d44081ac10bf85dc7e1388126b92338344ce9661907f253/cache-da74e981654c0c0b.arrow
10/22/2022 22:40:02 - WARNING - datasets.arrow_dataset - Loading cached processed dataset at ./models/cache/json/default-c08303abd5e70107/0.0.0/a3e658c4731e59120d44081ac10bf85dc7e1388126b92338344ce9661907f253/cache-99478869882cadc6.arrow
10/22/2022 22:40:03 - WARNING - datasets.arrow_dataset - Loading cached processed dataset at ./models/cache/json/default-c08303abd5e70107/0.0.0/a3e658c4731e59120d44081ac10bf85dc7e1388126b92338344ce9661907f253/cache-90525b1e1e043408.arrow
10/22/2022 22:40:03 - WARNING - datasets.arrow_dataset - Loading cached processed dataset at ./models/cache/json/default-c08303abd5e70107/0.0.0/a3e658c4731e59120d44081ac10bf85dc7e1388126b92338344ce9661907f253/cache-dfb6678206e7a4c3.arrow
10/22/2022 22:40:03 - WARNING - datasets.arrow_dataset - Loading cached processed dataset at ./models/cache/json/default-c08303abd5e70107/0.0.0/a3e658c4731e59120d44081ac10bf85dc7e1388126b92338344ce9661907f253/cache-11a9c1592ea0c8ba.arrow
10/22/2022 22:40:03 - WARNING - datasets.arrow_dataset - Loading cached processed dataset at ./models/cache/json/default-c08303abd5e70107/0.0.0/a3e658c4731e59120d44081ac10bf85dc7e1388126b92338344ce9661907f253/cache-1904449022bae81b.arrow
10/22/2022 22:40:03 - WARNING - datasets.arrow_dataset - Loading cached processed dataset at ./models/cache/json/default-c08303abd5e70107/0.0.0/a3e658c4731e59120d44081ac10bf85dc7e1388126b92338344ce9661907f253/cache-5ae07b0aa292dd88.arrow
10/22/2022 22:40:03 - WARNING - datasets.arrow_dataset - Loading cached processed dataset at ./models/cache/json/default-c08303abd5e70107/0.0.0/a3e658c4731e59120d44081ac10bf85dc7e1388126b92338344ce9661907f253/cache-1e7f646921087040.arrow
10/22/2022 22:40:03 - WARNING - datasets.arrow_dataset - Loading cached processed dataset at ./models/cache/json/default-c08303abd5e70107/0.0.0/a3e658c4731e59120d44081ac10bf85dc7e1388126b92338344ce9661907f253/cache-a3f763468395fb75.arrow
10/22/2022 22:40:03 - WARNING - datasets.arrow_dataset - Loading cached processed dataset at ./models/cache/json/default-c08303abd5e70107/0.0.0/a3e658c4731e59120d44081ac10bf85dc7e1388126b92338344ce9661907f253/cache-a0c19807bddfd4be.arrow
10/22/2022 22:40:03 - WARNING - datasets.arrow_dataset - Loading cached processed dataset at ./models/cache/json/default-c08303abd5e70107/0.0.0/a3e658c4731e59120d44081ac10bf85dc7e1388126b92338344ce9661907f253/cache-8fce596a370392ab.arrow
10/22/2022 22:40:03 - WARNING - datasets.arrow_dataset - Loading cached processed dataset at ./models/cache/json/default-c08303abd5e70107/0.0.0/a3e658c4731e59120d44081ac10bf85dc7e1388126b92338344ce9661907f253/cache-1ce67d231833c316.arrow
10/22/2022 22:40:03 - WARNING - datasets.arrow_dataset - Loading cached processed dataset at ./models/cache/json/default-c08303abd5e70107/0.0.0/a3e658c4731e59120d44081ac10bf85dc7e1388126b92338344ce9661907f253/cache-1c1f4f2e2acf04cb.arrow
10/22/2022 22:40:03 - WARNING - datasets.arrow_dataset - Loading cached processed dataset at ./models/cache/json/default-c08303abd5e70107/0.0.0/a3e658c4731e59120d44081ac10bf85dc7e1388126b92338344ce9661907f253/cache-e3e42d972043aaa9.arrow
10/22/2022 22:40:03 - WARNING - datasets.arrow_dataset - Loading cached processed dataset at ./models/cache/json/default-c08303abd5e70107/0.0.0/a3e658c4731e59120d44081ac10bf85dc7e1388126b92338344ce9661907f253/cache-bc38786b567beb58.arrow
10/22/2022 22:40:03 - WARNING - datasets.arrow_dataset - Loading cached processed dataset at ./models/cache/json/default-c08303abd5e70107/0.0.0/a3e658c4731e59120d44081ac10bf85dc7e1388126b92338344ce9661907f253/cache-2e7e2e2ca4a4de72.arrow
10/22/2022 22:40:03 - WARNING - datasets.arrow_dataset - Loading cached processed dataset at ./models/cache/json/default-c08303abd5e70107/0.0.0/a3e658c4731e59120d44081ac10bf85dc7e1388126b92338344ce9661907f253/cache-b6231e0aea3de48d.arrow
10/22/2022 22:40:03 - WARNING - datasets.arrow_dataset - Loading cached processed dataset at ./models/cache/json/default-c08303abd5e70107/0.0.0/a3e658c4731e59120d44081ac10bf85dc7e1388126b92338344ce9661907f253/cache-6fb56ae314b05e31.arrow
{'loss': 1.4052, 'learning_rate': 4.2082164509999096e-05, 'epoch': 0.48}
{'loss': 1.3828, 'learning_rate': 4.170512472476096e-05, 'epoch': 0.5}
{'loss': 1.3867, 'learning_rate': 4.1328084939522824e-05, 'epoch': 0.52}
{'loss': 1.364, 'learning_rate': 4.0951045154284684e-05, 'epoch': 0.54}
{'loss': 1.3122, 'learning_rate': 4.0574005369046545e-05, 'epoch': 0.57}
{'loss': 1.3021, 'learning_rate': 4.0196965583808405e-05, 'epoch': 0.59}
{'loss': 1.2988, 'learning_rate': 3.9819925798570265e-05, 'epoch': 0.61}
{'loss': 1.257, 'learning_rate': 3.944288601333213e-05, 'epoch': 0.63}
{'loss': 1.269, 'learning_rate': 3.9065846228093986e-05, 'epoch': 0.66}
{'loss': 1.2226, 'learning_rate': 3.868880644285585e-05, 'epoch': 0.68}
{'loss': 1.2498, 'learning_rate': 3.831176665761771e-05, 'epoch': 0.7}
{'loss': 1.2472, 'learning_rate': 3.793472687237958e-05, 'epoch': 0.72}
{'loss': 1.228, 'learning_rate': 3.7557687087141434e-05, 'epoch': 0.75}
{'loss': 1.1876, 'learning_rate': 3.71806473019033e-05, 'epoch': 0.77}
{'loss': 1.2147, 'learning_rate': 3.680360751666516e-05, 'epoch': 0.79}
{'loss': 1.1721, 'learning_rate': 3.642656773142702e-05, 'epoch': 0.81}
{'loss': 1.1827, 'learning_rate': 3.604952794618888e-05, 'epoch': 0.84}
{'loss': 1.1488, 'learning_rate': 3.567248816095074e-05, 'epoch': 0.86}
{'loss': 1.1572, 'learning_rate': 3.529544837571261e-05, 'epoch': 0.88}
{'loss': 1.1433, 'learning_rate': 3.491840859047446e-05, 'epoch': 0.9}
{'loss': 1.1362, 'learning_rate': 3.454136880523633e-05, 'epoch': 0.93}
{'loss': 1.138, 'learning_rate': 3.416432901999819e-05, 'epoch': 0.95}
{'loss': 1.1196, 'learning_rate': 3.378728923476006e-05, 'epoch': 0.97}
{'loss': 1.1137, 'learning_rate': 3.341024944952191e-05, 'epoch': 1.0}
{'loss': 1.0356, 'learning_rate': 3.303320966428378e-05, 'epoch': 1.02}
{'loss': 1.0094, 'learning_rate': 3.265616987904564e-05, 'epoch': 1.04}
{'loss': 1.0131, 'learning_rate': 3.2279130093807506e-05, 'epoch': 1.06}
{'loss': 1.0183, 'learning_rate': 3.190209030856936e-05, 'epoch': 1.09}
{'loss': 0.9984, 'learning_rate': 3.1525050523331226e-05, 'epoch': 1.11}
{'loss': 1.0205, 'learning_rate': 3.114801073809309e-05, 'epoch': 1.13}
{'loss': 0.988, 'learning_rate': 3.077097095285495e-05, 'epoch': 1.15}
{'loss': 0.9946, 'learning_rate': 3.0393931167616807e-05, 'epoch': 1.18}
{'loss': 0.9929, 'learning_rate': 3.001689138237867e-05, 'epoch': 1.2}
{'loss': 0.9978, 'learning_rate': 2.9639851597140535e-05, 'epoch': 1.22}
{'loss': 1.0044, 'learning_rate': 2.9262811811902392e-05, 'epoch': 1.24}
{'loss': 0.9805, 'learning_rate': 2.8885772026664256e-05, 'epoch': 1.27}
{'loss': 0.9594, 'learning_rate': 2.8508732241426116e-05, 'epoch': 1.29}
{'loss': 0.9666, 'learning_rate': 2.813169245618798e-05, 'epoch': 1.31}
{'loss': 0.9691, 'learning_rate': 2.7754652670949837e-05, 'epoch': 1.33}
{'loss': 0.9675, 'learning_rate': 2.73776128857117e-05, 'epoch': 1.36}
{'loss': 0.9595, 'learning_rate': 2.7000573100473564e-05, 'epoch': 1.38}
{'loss': 0.9722, 'learning_rate': 2.6623533315235428e-05, 'epoch': 1.4}
{'loss': 0.9731, 'learning_rate': 2.6246493529997285e-05, 'epoch': 1.43}
{'loss': 0.933, 'learning_rate': 2.586945374475915e-05, 'epoch': 1.45}
{'loss': 0.9508, 'learning_rate': 2.5492413959521012e-05, 'epoch': 1.47}
{'loss': 0.9369, 'learning_rate': 2.5115374174282872e-05, 'epoch': 1.49}
{'loss': 0.9273, 'learning_rate': 2.4738334389044736e-05, 'epoch': 1.52}
{'loss': 0.9374, 'learning_rate': 2.4361294603806596e-05, 'epoch': 1.54}
{'loss': 0.9379, 'learning_rate': 2.3984254818568457e-05, 'epoch': 1.56}
{'loss': 0.9313, 'learning_rate': 2.3607215033330317e-05, 'epoch': 1.58}
{'loss': 0.9209, 'learning_rate': 2.3230175248092177e-05, 'epoch': 1.61}
{'loss': 0.9375, 'learning_rate': 2.285313546285404e-05, 'epoch': 1.63}
{'loss': 0.9182, 'learning_rate': 2.24760956776159e-05, 'epoch': 1.65}
{'loss': 0.9124, 'learning_rate': 2.2099055892377765e-05, 'epoch': 1.67}
{'loss': 0.9094, 'learning_rate': 2.1722016107139626e-05, 'epoch': 1.7}
{'loss': 0.9125, 'learning_rate': 2.134497632190149e-05, 'epoch': 1.72}
{'loss': 0.8855, 'learning_rate': 2.096793653666335e-05, 'epoch': 1.74}
{'loss': 0.906, 'learning_rate': 2.0590896751425213e-05, 'epoch': 1.76}
{'loss': 0.9265, 'learning_rate': 2.0213856966187074e-05, 'epoch': 1.79}
{'loss': 0.8906, 'learning_rate': 1.9836817180948934e-05, 'epoch': 1.81}
{'loss': 0.8921, 'learning_rate': 1.9459777395710794e-05, 'epoch': 1.83}
{'loss': 0.9052, 'learning_rate': 1.9082737610472658e-05, 'epoch': 1.86}
{'loss': 0.8834, 'learning_rate': 1.870569782523452e-05, 'epoch': 1.88}
{'loss': 0.8921, 'learning_rate': 1.8328658039996382e-05, 'epoch': 1.9}
{'loss': 0.9003, 'learning_rate': 1.7951618254758242e-05, 'epoch': 1.92}
{'loss': 0.8885, 'learning_rate': 1.7574578469520103e-05, 'epoch': 1.95}
{'loss': 0.8945, 'learning_rate': 1.7197538684281966e-05, 'epoch': 1.97}
{'loss': 0.8951, 'learning_rate': 1.6820498899043827e-05, 'epoch': 1.99}
{'loss': 0.8217, 'learning_rate': 1.644345911380569e-05, 'epoch': 2.01}
{'loss': 0.812, 'learning_rate': 1.606641932856755e-05, 'epoch': 2.04}
{'loss': 0.7904, 'learning_rate': 1.5689379543329415e-05, 'epoch': 2.06}
{'loss': 0.8093, 'learning_rate': 1.5312339758091275e-05, 'epoch': 2.08}
{'loss': 0.8059, 'learning_rate': 1.4935299972853137e-05, 'epoch': 2.1}
{'loss': 0.8023, 'learning_rate': 1.4558260187614997e-05, 'epoch': 2.13}
{'loss': 0.8134, 'learning_rate': 1.4181220402376861e-05, 'epoch': 2.15}
{'loss': 0.7991, 'learning_rate': 1.3804180617138721e-05, 'epoch': 2.17}
{'loss': 0.7911, 'learning_rate': 1.3427140831900583e-05, 'epoch': 2.19}
{'loss': 0.8002, 'learning_rate': 1.3050101046662444e-05, 'epoch': 2.22}
{'loss': 0.8092, 'learning_rate': 1.2673061261424307e-05, 'epoch': 2.24}
{'loss': 0.8087, 'learning_rate': 1.2296021476186168e-05, 'epoch': 2.26}
{'loss': 0.787, 'learning_rate': 1.191898169094803e-05, 'epoch': 2.28}
{'loss': 0.7913, 'learning_rate': 1.1541941905709892e-05, 'epoch': 2.31}
{'loss': 0.791, 'learning_rate': 1.1164902120471752e-05, 'epoch': 2.33}
{'loss': 0.7849, 'learning_rate': 1.0787862335233614e-05, 'epoch': 2.35}
{'loss': 0.8021, 'learning_rate': 1.0410822549995476e-05, 'epoch': 2.38}
{'loss': 0.7672, 'learning_rate': 1.0033782764757338e-05, 'epoch': 2.4}
{'loss': 0.7903, 'learning_rate': 9.6567429795192e-06, 'epoch': 2.42}
{'loss': 0.7826, 'learning_rate': 9.27970319428106e-06, 'epoch': 2.44}
{'loss': 0.7822, 'learning_rate': 8.902663409042923e-06, 'epoch': 2.47}
{'loss': 0.788, 'learning_rate': 8.525623623804785e-06, 'epoch': 2.49}
{'loss': 0.7896, 'learning_rate': 8.148583838566647e-06, 'epoch': 2.51}
{'loss': 0.7682, 'learning_rate': 7.771544053328507e-06, 'epoch': 2.53}
{'loss': 0.7778, 'learning_rate': 7.394504268090369e-06, 'epoch': 2.56}
{'loss': 0.783, 'learning_rate': 7.01746448285223e-06, 'epoch': 2.58}
{'loss': 0.7836, 'learning_rate': 6.640424697614092e-06, 'epoch': 2.6}
{'loss': 0.7659, 'learning_rate': 6.263384912375954e-06, 'epoch': 2.62}
{'loss': 0.7991, 'learning_rate': 5.886345127137815e-06, 'epoch': 2.65}
{'loss': 0.7707, 'learning_rate': 5.5093053418996774e-06, 'epoch': 2.67}
{'loss': 0.7703, 'learning_rate': 5.1322655566615395e-06, 'epoch': 2.69}
{'loss': 0.7737, 'learning_rate': 4.755225771423401e-06, 'epoch': 2.71}
{'loss': 0.7706, 'learning_rate': 4.378185986185263e-06, 'epoch': 2.74}
{'loss': 0.7684, 'learning_rate': 4.001146200947124e-06, 'epoch': 2.76}
{'loss': 0.7526, 'learning_rate': 3.624106415708986e-06, 'epoch': 2.78}
{'loss': 0.7763, 'learning_rate': 3.247066630470848e-06, 'epoch': 2.81}
{'loss': 0.7771, 'learning_rate': 2.870026845232709e-06, 'epoch': 2.83}
{'loss': 0.7779, 'learning_rate': 2.4929870599945707e-06, 'epoch': 2.85}
{'loss': 0.7842, 'learning_rate': 2.1159472747564323e-06, 'epoch': 2.87}
{'loss': 0.7675, 'learning_rate': 1.738907489518294e-06, 'epoch': 2.9}
{'loss': 0.7759, 'learning_rate': 1.3618677042801557e-06, 'epoch': 2.92}
{'loss': 0.7755, 'learning_rate': 9.848279190420173e-07, 'epoch': 2.94}
{'loss': 0.812, 'learning_rate': 6.07788133803879e-07, 'epoch': 2.96}
{'loss': 0.7689, 'learning_rate': 2.3074834856574068e-07, 'epoch': 2.99}
{'train_runtime': 32551.8012, 'train_samples_per_second': 32.591, 'train_steps_per_second': 2.037, 'train_loss': 0.8021205993805148, 'epoch': 3.0}
***** train metrics *****
  epoch                    =        3.0
  train_loss               =     0.8021
  train_runtime            = 9:02:31.80
  train_samples            =     353630
  train_samples_per_second =     32.591
  train_steps_per_second   =      2.037
10/23/2022 07:43:48 - INFO - __main__ - *** Evaluate ***
***** eval metrics *****
  epoch                   =        3.0
  eval_accuracy           =     0.3706
  eval_loss               =     1.1065
  eval_runtime            = 2:30:56.88
  eval_samples            =     119828
  eval_samples_per_second =     13.231
  eval_steps_per_second   =      0.827
10/23/2022 10:14:46 - INFO - __main__ - *** Predict ***
***** predict metrics *****
  predict_accuracy           =      0.365
  predict_loss               =     1.1033
  predict_runtime            = 2:26:11.42
  predict_samples            =     118751
  predict_samples_per_second =     13.538
  predict_steps_per_second   =      0.846
