10/04/2022 08:12:26 - WARNING - __main__ - Process rank: -1, device: cuda:0, n_gpu: 1distributed training: False, 16-bits training: False
10/04/2022 08:12:26 - INFO - __main__ - Training/evaluation parameters Seq2SeqTrainingArguments(
_n_gpu=1,
adafactor=False,
adam_beta1=0.9,
adam_beta2=0.999,
adam_epsilon=1e-08,
auto_find_batch_size=False,
bf16=False,
bf16_full_eval=False,
data_seed=None,
dataloader_drop_last=False,
dataloader_num_workers=0,
dataloader_pin_memory=True,
ddp_bucket_cap_mb=None,
ddp_find_unused_parameters=None,
debug=[],
deepspeed=None,
disable_tqdm=False,
do_eval=True,
do_predict=True,
do_train=True,
eval_accumulation_steps=None,
eval_delay=0,
eval_steps=None,
evaluation_strategy=no,
fp16=False,
fp16_backend=auto,
fp16_full_eval=False,
fp16_opt_level=O1,
fsdp=[],
fsdp_min_num_params=0,
fsdp_transformer_layer_cls_to_wrap=None,
full_determinism=False,
generation_max_length=None,
generation_num_beams=None,
gradient_accumulation_steps=1,
gradient_checkpointing=False,
greater_is_better=None,
group_by_length=False,
half_precision_backend=auto,
hub_model_id=None,
hub_private_repo=False,
hub_strategy=every_save,
hub_token=<HUB_TOKEN>,
ignore_data_skip=False,
include_inputs_for_metrics=False,
jit_mode_eval=False,
label_names=None,
label_smoothing_factor=0.0,
learning_rate=5e-05,
length_column_name=length,
load_best_model_at_end=False,
local_rank=-1,
log_level=-1,
log_level_replica=-1,
log_on_each_node=True,
logging_dir=../experiments/runs/Oct04_08-12-25_mscluster13.ms.wits.ac.za,
logging_first_step=False,
logging_nan_inf_filter=True,
logging_steps=500,
logging_strategy=steps,
lr_scheduler_type=linear,
max_grad_norm=1.0,
max_steps=-1,
metric_for_best_model=None,
mp_parameters=,
no_cuda=False,
num_train_epochs=3.0,
optim=adamw_hf,
output_dir=../experiments/naive-disjoint/t5-large/cl/i_or,
overwrite_output_dir=False,
past_index=-1,
per_device_eval_batch_size=8,
per_device_train_batch_size=8,
predict_with_generate=True,
prediction_loss_only=False,
push_to_hub=False,
push_to_hub_model_id=None,
push_to_hub_organization=None,
push_to_hub_token=<PUSH_TO_HUB_TOKEN>,
ray_scope=last,
remove_unused_columns=True,
report_to=[],
resume_from_checkpoint=None,
run_name=../experiments/,
save_on_each_node=False,
save_steps=5000,
save_strategy=steps,
save_total_limit=None,
seed=42,
sharded_ddp=[],
skip_memory_metrics=True,
sortish_sampler=False,
tf32=None,
torchdynamo=None,
tpu_metrics_debug=False,
tpu_num_cores=None,
use_ipex=False,
use_legacy_prediction_loop=False,
warmup_ratio=0.0,
warmup_steps=0,
weight_decay=0.0,
xpu_backend=None,
)
10/04/2022 08:12:26 - INFO - __main__ - Checkpoint detected, resuming training at ../experiments/naive-disjoint/t5-large/cl/i_or/checkpoint-75000. To avoid this behaviour, change the `--output_dir` or add `--overwrite_output_dir` to train from scratch.
10/04/2022 08:12:27 - WARNING - datasets.builder - Using custom data configuration default-c08303abd5e70107
10/04/2022 08:12:27 - INFO - datasets.builder - Overwrite dataset info from restored data version.
10/04/2022 08:12:27 - INFO - datasets.info - Loading Dataset info from ./models/cache/json/default-c08303abd5e70107/0.0.0/a3e658c4731e59120d44081ac10bf85dc7e1388126b92338344ce9661907f253
10/04/2022 08:12:27 - WARNING - datasets.builder - Reusing dataset json (./models/cache/json/default-c08303abd5e70107/0.0.0/a3e658c4731e59120d44081ac10bf85dc7e1388126b92338344ce9661907f253)
10/04/2022 08:12:27 - INFO - datasets.info - Loading Dataset info from ./models/cache/json/default-c08303abd5e70107/0.0.0/a3e658c4731e59120d44081ac10bf85dc7e1388126b92338344ce9661907f253
10/04/2022 08:12:27 - INFO - __main__ - Loaded the naive-disjoint dataset:
DatasetDict({
    train: Dataset({
        features: ['clue', 'answer', 'annotation', 'predicted_rationale', 'predicted_answer'],
        num_rows: 353630
    })
    validation: Dataset({
        features: ['clue', 'answer', 'annotation', 'predicted_rationale', 'predicted_answer'],
        num_rows: 119828
    })
    test: Dataset({
        features: ['clue', 'answer', 'annotation', 'predicted_rationale', 'predicted_answer'],
        num_rows: 118751
    })
})
10/04/2022 08:12:28 - WARNING - datasets.arrow_dataset - Loading cached processed dataset at ./models/cache/json/default-c08303abd5e70107/0.0.0/a3e658c4731e59120d44081ac10bf85dc7e1388126b92338344ce9661907f253/cache-b7bf22272b20cdab.arrow
10/04/2022 08:12:28 - WARNING - datasets.arrow_dataset - Loading cached processed dataset at ./models/cache/json/default-c08303abd5e70107/0.0.0/a3e658c4731e59120d44081ac10bf85dc7e1388126b92338344ce9661907f253/cache-17d0e73a5586c2f0.arrow
10/04/2022 08:12:28 - WARNING - datasets.arrow_dataset - Loading cached processed dataset at ./models/cache/json/default-c08303abd5e70107/0.0.0/a3e658c4731e59120d44081ac10bf85dc7e1388126b92338344ce9661907f253/cache-55e9e4952e2efdf6.arrow
10/04/2022 08:12:28 - WARNING - datasets.arrow_dataset - Loading cached processed dataset at ./models/cache/json/default-c08303abd5e70107/0.0.0/a3e658c4731e59120d44081ac10bf85dc7e1388126b92338344ce9661907f253/cache-a366eaedb99d9e68.arrow
10/04/2022 08:12:28 - WARNING - datasets.arrow_dataset - Loading cached processed dataset at ./models/cache/json/default-c08303abd5e70107/0.0.0/a3e658c4731e59120d44081ac10bf85dc7e1388126b92338344ce9661907f253/cache-9dfa715742d6c2a9.arrow
10/04/2022 08:12:28 - WARNING - datasets.arrow_dataset - Loading cached processed dataset at ./models/cache/json/default-c08303abd5e70107/0.0.0/a3e658c4731e59120d44081ac10bf85dc7e1388126b92338344ce9661907f253/cache-36f171b051eaf77b.arrow
10/04/2022 08:12:28 - WARNING - datasets.arrow_dataset - Loading cached processed dataset at ./models/cache/json/default-c08303abd5e70107/0.0.0/a3e658c4731e59120d44081ac10bf85dc7e1388126b92338344ce9661907f253/cache-043556837386c780.arrow
10/04/2022 08:12:28 - WARNING - datasets.arrow_dataset - Loading cached processed dataset at ./models/cache/json/default-c08303abd5e70107/0.0.0/a3e658c4731e59120d44081ac10bf85dc7e1388126b92338344ce9661907f253/cache-b208b164397666b8.arrow
10/04/2022 08:12:28 - WARNING - datasets.arrow_dataset - Loading cached processed dataset at ./models/cache/json/default-c08303abd5e70107/0.0.0/a3e658c4731e59120d44081ac10bf85dc7e1388126b92338344ce9661907f253/cache-3ed86c9f98f552d8.arrow
10/04/2022 08:12:28 - WARNING - datasets.arrow_dataset - Loading cached processed dataset at ./models/cache/json/default-c08303abd5e70107/0.0.0/a3e658c4731e59120d44081ac10bf85dc7e1388126b92338344ce9661907f253/cache-5a5add0178b9b6a5.arrow
10/04/2022 08:12:28 - WARNING - datasets.arrow_dataset - Loading cached processed dataset at ./models/cache/json/default-c08303abd5e70107/0.0.0/a3e658c4731e59120d44081ac10bf85dc7e1388126b92338344ce9661907f253/cache-1299d0cd96ea6066.arrow
10/04/2022 08:12:29 - WARNING - datasets.arrow_dataset - Loading cached processed dataset at ./models/cache/json/default-c08303abd5e70107/0.0.0/a3e658c4731e59120d44081ac10bf85dc7e1388126b92338344ce9661907f253/cache-2d6720b1d32d894c.arrow
10/04/2022 08:12:29 - WARNING - datasets.arrow_dataset - Loading cached processed dataset at ./models/cache/json/default-c08303abd5e70107/0.0.0/a3e658c4731e59120d44081ac10bf85dc7e1388126b92338344ce9661907f253/cache-36f6c8a4c48ea129.arrow
10/04/2022 08:12:29 - WARNING - datasets.arrow_dataset - Loading cached processed dataset at ./models/cache/json/default-c08303abd5e70107/0.0.0/a3e658c4731e59120d44081ac10bf85dc7e1388126b92338344ce9661907f253/cache-99011e30cc5b7888.arrow
10/04/2022 08:12:29 - WARNING - datasets.arrow_dataset - Loading cached processed dataset at ./models/cache/json/default-c08303abd5e70107/0.0.0/a3e658c4731e59120d44081ac10bf85dc7e1388126b92338344ce9661907f253/cache-bffc27ac47c0d016.arrow
10/04/2022 08:12:29 - WARNING - datasets.arrow_dataset - Loading cached processed dataset at ./models/cache/json/default-c08303abd5e70107/0.0.0/a3e658c4731e59120d44081ac10bf85dc7e1388126b92338344ce9661907f253/cache-fc310fc478e90279.arrow
10/04/2022 08:12:29 - WARNING - datasets.arrow_dataset - Loading cached processed dataset at ./models/cache/json/default-c08303abd5e70107/0.0.0/a3e658c4731e59120d44081ac10bf85dc7e1388126b92338344ce9661907f253/cache-1c499da5d7d51171.arrow
10/04/2022 08:12:29 - WARNING - datasets.arrow_dataset - Loading cached processed dataset at ./models/cache/json/default-c08303abd5e70107/0.0.0/a3e658c4731e59120d44081ac10bf85dc7e1388126b92338344ce9661907f253/cache-42931e5f16932127.arrow
10/04/2022 08:12:29 - WARNING - datasets.arrow_dataset - Loading cached processed dataset at ./models/cache/json/default-c08303abd5e70107/0.0.0/a3e658c4731e59120d44081ac10bf85dc7e1388126b92338344ce9661907f253/cache-9055c7366e8127c8.arrow
10/04/2022 08:12:29 - WARNING - datasets.arrow_dataset - Loading cached processed dataset at ./models/cache/json/default-c08303abd5e70107/0.0.0/a3e658c4731e59120d44081ac10bf85dc7e1388126b92338344ce9661907f253/cache-0e285f6f2e389908.arrow
10/04/2022 08:12:29 - WARNING - datasets.arrow_dataset - Loading cached processed dataset at ./models/cache/json/default-c08303abd5e70107/0.0.0/a3e658c4731e59120d44081ac10bf85dc7e1388126b92338344ce9661907f253/cache-e81fc3530036cf79.arrow
10/04/2022 08:12:29 - WARNING - datasets.arrow_dataset - Loading cached processed dataset at ./models/cache/json/default-c08303abd5e70107/0.0.0/a3e658c4731e59120d44081ac10bf85dc7e1388126b92338344ce9661907f253/cache-ca55e7601a07554e.arrow
10/04/2022 08:12:29 - WARNING - datasets.arrow_dataset - Loading cached processed dataset at ./models/cache/json/default-c08303abd5e70107/0.0.0/a3e658c4731e59120d44081ac10bf85dc7e1388126b92338344ce9661907f253/cache-e5979fdb15feb2e3.arrow
10/04/2022 08:12:29 - WARNING - datasets.arrow_dataset - Loading cached processed dataset at ./models/cache/json/default-c08303abd5e70107/0.0.0/a3e658c4731e59120d44081ac10bf85dc7e1388126b92338344ce9661907f253/cache-93892fe1dcafc35a.arrow
10/04/2022 08:13:04 - WARNING - datasets.arrow_dataset - Loading cached processed dataset at ./models/cache/json/default-c08303abd5e70107/0.0.0/a3e658c4731e59120d44081ac10bf85dc7e1388126b92338344ce9661907f253/cache-82d308c6836b215b.arrow
10/04/2022 08:13:04 - WARNING - datasets.arrow_dataset - Loading cached processed dataset at ./models/cache/json/default-c08303abd5e70107/0.0.0/a3e658c4731e59120d44081ac10bf85dc7e1388126b92338344ce9661907f253/cache-1b49d5b045e78688.arrow
10/04/2022 08:13:04 - WARNING - datasets.arrow_dataset - Loading cached processed dataset at ./models/cache/json/default-c08303abd5e70107/0.0.0/a3e658c4731e59120d44081ac10bf85dc7e1388126b92338344ce9661907f253/cache-964ec0855b4c8a93.arrow
10/04/2022 08:13:04 - WARNING - datasets.arrow_dataset - Loading cached processed dataset at ./models/cache/json/default-c08303abd5e70107/0.0.0/a3e658c4731e59120d44081ac10bf85dc7e1388126b92338344ce9661907f253/cache-f5b069d8908e5c21.arrow
10/04/2022 08:13:04 - WARNING - datasets.arrow_dataset - Loading cached processed dataset at ./models/cache/json/default-c08303abd5e70107/0.0.0/a3e658c4731e59120d44081ac10bf85dc7e1388126b92338344ce9661907f253/cache-9513e7e1fec46c91.arrow
10/04/2022 08:13:04 - WARNING - datasets.arrow_dataset - Loading cached processed dataset at ./models/cache/json/default-c08303abd5e70107/0.0.0/a3e658c4731e59120d44081ac10bf85dc7e1388126b92338344ce9661907f253/cache-509a6913a7cc9cd9.arrow
10/04/2022 08:13:04 - WARNING - datasets.arrow_dataset - Loading cached processed dataset at ./models/cache/json/default-c08303abd5e70107/0.0.0/a3e658c4731e59120d44081ac10bf85dc7e1388126b92338344ce9661907f253/cache-55d118920d4abee9.arrow
10/04/2022 08:13:04 - WARNING - datasets.arrow_dataset - Loading cached processed dataset at ./models/cache/json/default-c08303abd5e70107/0.0.0/a3e658c4731e59120d44081ac10bf85dc7e1388126b92338344ce9661907f253/cache-6e7382356087b81c.arrow
10/04/2022 08:13:06 - WARNING - datasets.arrow_dataset - Loading cached processed dataset at ./models/cache/json/default-c08303abd5e70107/0.0.0/a3e658c4731e59120d44081ac10bf85dc7e1388126b92338344ce9661907f253/cache-037c7d0efa1b9c8e.arrow
10/04/2022 08:13:06 - WARNING - datasets.arrow_dataset - Loading cached processed dataset at ./models/cache/json/default-c08303abd5e70107/0.0.0/a3e658c4731e59120d44081ac10bf85dc7e1388126b92338344ce9661907f253/cache-4ae027885ad4c769.arrow
10/04/2022 08:13:06 - WARNING - datasets.arrow_dataset - Loading cached processed dataset at ./models/cache/json/default-c08303abd5e70107/0.0.0/a3e658c4731e59120d44081ac10bf85dc7e1388126b92338344ce9661907f253/cache-03f9ea9d2a7591c6.arrow
10/04/2022 08:13:06 - WARNING - datasets.arrow_dataset - Loading cached processed dataset at ./models/cache/json/default-c08303abd5e70107/0.0.0/a3e658c4731e59120d44081ac10bf85dc7e1388126b92338344ce9661907f253/cache-f89ba7a9ef5c9d3e.arrow
10/04/2022 08:13:06 - WARNING - datasets.arrow_dataset - Loading cached processed dataset at ./models/cache/json/default-c08303abd5e70107/0.0.0/a3e658c4731e59120d44081ac10bf85dc7e1388126b92338344ce9661907f253/cache-25c1c295432bf5e1.arrow
10/04/2022 08:13:06 - WARNING - datasets.arrow_dataset - Loading cached processed dataset at ./models/cache/json/default-c08303abd5e70107/0.0.0/a3e658c4731e59120d44081ac10bf85dc7e1388126b92338344ce9661907f253/cache-510a586038524ef1.arrow
10/04/2022 08:13:06 - WARNING - datasets.arrow_dataset - Loading cached processed dataset at ./models/cache/json/default-c08303abd5e70107/0.0.0/a3e658c4731e59120d44081ac10bf85dc7e1388126b92338344ce9661907f253/cache-f6bb173674528a9c.arrow
10/04/2022 08:13:06 - WARNING - datasets.arrow_dataset - Loading cached processed dataset at ./models/cache/json/default-c08303abd5e70107/0.0.0/a3e658c4731e59120d44081ac10bf85dc7e1388126b92338344ce9661907f253/cache-06a13a3c186b8099.arrow
10/04/2022 08:13:06 - WARNING - datasets.arrow_dataset - Loading cached processed dataset at ./models/cache/json/default-c08303abd5e70107/0.0.0/a3e658c4731e59120d44081ac10bf85dc7e1388126b92338344ce9661907f253/cache-2bd1191e95a2d0e4.arrow
10/04/2022 08:13:06 - WARNING - datasets.arrow_dataset - Loading cached processed dataset at ./models/cache/json/default-c08303abd5e70107/0.0.0/a3e658c4731e59120d44081ac10bf85dc7e1388126b92338344ce9661907f253/cache-c2c1c69316ed050d.arrow
10/04/2022 08:13:06 - WARNING - datasets.arrow_dataset - Loading cached processed dataset at ./models/cache/json/default-c08303abd5e70107/0.0.0/a3e658c4731e59120d44081ac10bf85dc7e1388126b92338344ce9661907f253/cache-4a2bda71ade23bfb.arrow
10/04/2022 08:13:06 - WARNING - datasets.arrow_dataset - Loading cached processed dataset at ./models/cache/json/default-c08303abd5e70107/0.0.0/a3e658c4731e59120d44081ac10bf85dc7e1388126b92338344ce9661907f253/cache-b141ac69b815c4da.arrow
10/04/2022 08:13:07 - WARNING - datasets.arrow_dataset - Loading cached processed dataset at ./models/cache/json/default-c08303abd5e70107/0.0.0/a3e658c4731e59120d44081ac10bf85dc7e1388126b92338344ce9661907f253/cache-a8d18005f1286a9b.arrow
10/04/2022 08:13:07 - WARNING - datasets.arrow_dataset - Loading cached processed dataset at ./models/cache/json/default-c08303abd5e70107/0.0.0/a3e658c4731e59120d44081ac10bf85dc7e1388126b92338344ce9661907f253/cache-e427a12943c81cf4.arrow
10/04/2022 08:13:07 - WARNING - datasets.arrow_dataset - Loading cached processed dataset at ./models/cache/json/default-c08303abd5e70107/0.0.0/a3e658c4731e59120d44081ac10bf85dc7e1388126b92338344ce9661907f253/cache-68bae907aa9d2a4d.arrow
10/04/2022 08:13:07 - WARNING - datasets.arrow_dataset - Loading cached processed dataset at ./models/cache/json/default-c08303abd5e70107/0.0.0/a3e658c4731e59120d44081ac10bf85dc7e1388126b92338344ce9661907f253/cache-a327140fb20b6a9e.arrow
{'loss': 1.8561, 'learning_rate': 2.1533496214520556e-05, 'epoch': 1.71}
{'loss': 1.8525, 'learning_rate': 2.134497632190149e-05, 'epoch': 1.72}
{'loss': 1.8304, 'learning_rate': 2.115645642928242e-05, 'epoch': 1.73}
{'loss': 1.842, 'learning_rate': 2.096793653666335e-05, 'epoch': 1.74}
{'loss': 1.8281, 'learning_rate': 2.077941664404428e-05, 'epoch': 1.75}
{'loss': 1.8309, 'learning_rate': 2.0590896751425213e-05, 'epoch': 1.76}
{'loss': 1.8376, 'learning_rate': 2.040237685880614e-05, 'epoch': 1.78}
{'loss': 1.8274, 'learning_rate': 2.0213856966187074e-05, 'epoch': 1.79}
{'loss': 1.8255, 'learning_rate': 2.0025337073568004e-05, 'epoch': 1.8}
{'loss': 1.824, 'learning_rate': 1.9836817180948934e-05, 'epoch': 1.81}
{'loss': 1.801, 'learning_rate': 1.9648297288329864e-05, 'epoch': 1.82}
{'loss': 1.8371, 'learning_rate': 1.9459777395710794e-05, 'epoch': 1.83}
{'loss': 1.8312, 'learning_rate': 1.9271257503091728e-05, 'epoch': 1.84}
{'loss': 1.8426, 'learning_rate': 1.9082737610472658e-05, 'epoch': 1.86}
{'loss': 1.8264, 'learning_rate': 1.8894217717853588e-05, 'epoch': 1.87}
{'loss': 1.803, 'learning_rate': 1.870569782523452e-05, 'epoch': 1.88}
{'loss': 1.8021, 'learning_rate': 1.8517177932615452e-05, 'epoch': 1.89}
{'loss': 1.8172, 'learning_rate': 1.8328658039996382e-05, 'epoch': 1.9}
{'loss': 1.8256, 'learning_rate': 1.8140138147377312e-05, 'epoch': 1.91}
{'loss': 1.8166, 'learning_rate': 1.7951618254758242e-05, 'epoch': 1.92}
{'loss': 1.8136, 'learning_rate': 1.7763098362139176e-05, 'epoch': 1.93}
{'loss': 1.8241, 'learning_rate': 1.7574578469520103e-05, 'epoch': 1.95}
{'loss': 1.8048, 'learning_rate': 1.7386058576901036e-05, 'epoch': 1.96}
{'loss': 1.8174, 'learning_rate': 1.7197538684281966e-05, 'epoch': 1.97}
{'loss': 1.8251, 'learning_rate': 1.7009018791662897e-05, 'epoch': 1.98}
{'loss': 1.81, 'learning_rate': 1.6820498899043827e-05, 'epoch': 1.99}
{'loss': 1.8004, 'learning_rate': 1.6631979006424757e-05, 'epoch': 2.0}
{'loss': 1.7594, 'learning_rate': 1.644345911380569e-05, 'epoch': 2.01}
{'loss': 1.7432, 'learning_rate': 1.625493922118662e-05, 'epoch': 2.02}
{'loss': 1.7658, 'learning_rate': 1.606641932856755e-05, 'epoch': 2.04}
{'loss': 1.748, 'learning_rate': 1.587789943594848e-05, 'epoch': 2.05}
{'loss': 1.7277, 'learning_rate': 1.5689379543329415e-05, 'epoch': 2.06}
{'loss': 1.7669, 'learning_rate': 1.5500859650710345e-05, 'epoch': 2.07}
{'loss': 1.7444, 'learning_rate': 1.5312339758091275e-05, 'epoch': 2.08}
{'loss': 1.7521, 'learning_rate': 1.5123819865472205e-05, 'epoch': 2.09}
{'loss': 1.7534, 'learning_rate': 1.4935299972853137e-05, 'epoch': 2.1}
{'loss': 1.7428, 'learning_rate': 1.4746780080234069e-05, 'epoch': 2.12}
{'loss': 1.7375, 'learning_rate': 1.4558260187614997e-05, 'epoch': 2.13}
{'loss': 1.7564, 'learning_rate': 1.4369740294995929e-05, 'epoch': 2.14}
{'loss': 1.7321, 'learning_rate': 1.4181220402376861e-05, 'epoch': 2.15}
{'loss': 1.763, 'learning_rate': 1.399270050975779e-05, 'epoch': 2.16}
{'loss': 1.752, 'learning_rate': 1.3804180617138721e-05, 'epoch': 2.17}
{'loss': 1.7496, 'learning_rate': 1.3615660724519652e-05, 'epoch': 2.18}
{'loss': 1.7445, 'learning_rate': 1.3427140831900583e-05, 'epoch': 2.19}
{'loss': 1.7354, 'learning_rate': 1.3238620939281512e-05, 'epoch': 2.21}
{'loss': 1.7575, 'learning_rate': 1.3050101046662444e-05, 'epoch': 2.22}
{'loss': 1.7666, 'learning_rate': 1.2861581154043376e-05, 'epoch': 2.23}
{'loss': 1.7441, 'learning_rate': 1.2673061261424307e-05, 'epoch': 2.24}
{'loss': 1.7479, 'learning_rate': 1.2484541368805238e-05, 'epoch': 2.25}
{'loss': 1.7304, 'learning_rate': 1.2296021476186168e-05, 'epoch': 2.26}
{'loss': 1.7399, 'learning_rate': 1.21075015835671e-05, 'epoch': 2.27}
{'loss': 1.7257, 'learning_rate': 1.191898169094803e-05, 'epoch': 2.28}
{'loss': 1.7359, 'learning_rate': 1.1730461798328962e-05, 'epoch': 2.3}
{'loss': 1.7282, 'learning_rate': 1.1541941905709892e-05, 'epoch': 2.31}
{'loss': 1.7273, 'learning_rate': 1.1353422013090822e-05, 'epoch': 2.32}
{'loss': 1.7316, 'learning_rate': 1.1164902120471752e-05, 'epoch': 2.33}
{'loss': 1.7146, 'learning_rate': 1.0976382227852682e-05, 'epoch': 2.34}
{'loss': 1.7341, 'learning_rate': 1.0787862335233614e-05, 'epoch': 2.35}
{'loss': 1.7295, 'learning_rate': 1.0599342442614544e-05, 'epoch': 2.36}
{'loss': 1.7427, 'learning_rate': 1.0410822549995476e-05, 'epoch': 2.38}
{'loss': 1.7191, 'learning_rate': 1.0222302657376406e-05, 'epoch': 2.39}
{'loss': 1.7413, 'learning_rate': 1.0033782764757338e-05, 'epoch': 2.4}
{'loss': 1.7502, 'learning_rate': 9.845262872138268e-06, 'epoch': 2.41}
{'loss': 1.7724, 'learning_rate': 9.6567429795192e-06, 'epoch': 2.42}
{'loss': 1.715, 'learning_rate': 9.46822308690013e-06, 'epoch': 2.43}
{'loss': 1.7307, 'learning_rate': 9.27970319428106e-06, 'epoch': 2.44}
{'loss': 1.7354, 'learning_rate': 9.09118330166199e-06, 'epoch': 2.45}
{'loss': 1.7607, 'learning_rate': 8.902663409042923e-06, 'epoch': 2.47}
{'loss': 1.7234, 'learning_rate': 8.714143516423853e-06, 'epoch': 2.48}
{'loss': 1.7363, 'learning_rate': 8.525623623804785e-06, 'epoch': 2.49}
{'loss': 1.7448, 'learning_rate': 8.337103731185715e-06, 'epoch': 2.5}
{'loss': 1.7546, 'learning_rate': 8.148583838566647e-06, 'epoch': 2.51}
{'loss': 1.7367, 'learning_rate': 7.960063945947577e-06, 'epoch': 2.52}
{'loss': 1.7095, 'learning_rate': 7.771544053328507e-06, 'epoch': 2.53}
{'loss': 1.7173, 'learning_rate': 7.583024160709439e-06, 'epoch': 2.55}
{'loss': 1.7135, 'learning_rate': 7.394504268090369e-06, 'epoch': 2.56}
{'loss': 1.7344, 'learning_rate': 7.2059843754713e-06, 'epoch': 2.57}
{'loss': 1.7116, 'learning_rate': 7.01746448285223e-06, 'epoch': 2.58}
{'loss': 1.7412, 'learning_rate': 6.828944590233162e-06, 'epoch': 2.59}
{'loss': 1.7175, 'learning_rate': 6.640424697614092e-06, 'epoch': 2.6}
{'loss': 1.7411, 'learning_rate': 6.451904804995024e-06, 'epoch': 2.61}
{'loss': 1.7279, 'learning_rate': 6.263384912375954e-06, 'epoch': 2.62}
{'loss': 1.7247, 'learning_rate': 6.074865019756884e-06, 'epoch': 2.64}
{'loss': 1.71, 'learning_rate': 5.886345127137815e-06, 'epoch': 2.65}
{'loss': 1.7084, 'learning_rate': 5.6978252345187464e-06, 'epoch': 2.66}
{'loss': 1.7081, 'learning_rate': 5.5093053418996774e-06, 'epoch': 2.67}
{'loss': 1.6976, 'learning_rate': 5.3207854492806085e-06, 'epoch': 2.68}
{'loss': 1.7226, 'learning_rate': 5.1322655566615395e-06, 'epoch': 2.69}
{'loss': 1.7489, 'learning_rate': 4.94374566404247e-06, 'epoch': 2.7}
{'loss': 1.7428, 'learning_rate': 4.755225771423401e-06, 'epoch': 2.71}
{'loss': 1.7143, 'learning_rate': 4.566705878804332e-06, 'epoch': 2.73}
{'loss': 1.7135, 'learning_rate': 4.378185986185263e-06, 'epoch': 2.74}
{'loss': 1.7052, 'learning_rate': 4.189666093566194e-06, 'epoch': 2.75}
{'loss': 1.7293, 'learning_rate': 4.001146200947124e-06, 'epoch': 2.76}
{'loss': 1.6889, 'learning_rate': 3.8126263083280553e-06, 'epoch': 2.77}
{'loss': 1.7293, 'learning_rate': 3.624106415708986e-06, 'epoch': 2.78}
{'loss': 1.7442, 'learning_rate': 3.435586523089917e-06, 'epoch': 2.79}
{'loss': 1.7209, 'learning_rate': 3.247066630470848e-06, 'epoch': 2.81}
{'loss': 1.7159, 'learning_rate': 3.058546737851778e-06, 'epoch': 2.82}
{'loss': 1.7018, 'learning_rate': 2.870026845232709e-06, 'epoch': 2.83}
{'loss': 1.7421, 'learning_rate': 2.68150695261364e-06, 'epoch': 2.84}
{'loss': 1.7409, 'learning_rate': 2.4929870599945707e-06, 'epoch': 2.85}
{'loss': 1.7369, 'learning_rate': 2.3044671673755017e-06, 'epoch': 2.86}
{'loss': 1.7165, 'learning_rate': 2.1159472747564323e-06, 'epoch': 2.87}
{'loss': 1.7241, 'learning_rate': 1.9274273821373633e-06, 'epoch': 2.88}
{'loss': 1.7217, 'learning_rate': 1.738907489518294e-06, 'epoch': 2.9}
{'loss': 1.7352, 'learning_rate': 1.550387596899225e-06, 'epoch': 2.91}
{'loss': 1.7218, 'learning_rate': 1.3618677042801557e-06, 'epoch': 2.92}
{'loss': 1.7303, 'learning_rate': 1.1733478116610865e-06, 'epoch': 2.93}
{'loss': 1.7422, 'learning_rate': 9.848279190420173e-07, 'epoch': 2.94}
{'loss': 1.7163, 'learning_rate': 7.963080264229481e-07, 'epoch': 2.95}
{'loss': 1.7279, 'learning_rate': 6.07788133803879e-07, 'epoch': 2.96}
{'loss': 1.6964, 'learning_rate': 4.192682411848098e-07, 'epoch': 2.97}
{'loss': 1.7257, 'learning_rate': 2.3074834856574068e-07, 'epoch': 2.99}
{'loss': 1.7188, 'learning_rate': 4.222845594667149e-08, 'epoch': 3.0}
{'train_runtime': 15040.3437, 'train_samples_per_second': 70.536, 'train_steps_per_second': 8.817, 'train_loss': 0.7621401293556122, 'epoch': 3.0}
***** train metrics *****
  epoch                    =        3.0
  train_loss               =     0.7621
  train_runtime            = 4:10:40.34
  train_samples            =     353630
  train_samples_per_second =     70.536
  train_steps_per_second   =      8.817
10/04/2022 12:25:57 - INFO - __main__ - *** Evaluate ***
***** eval metrics *****
  epoch                   =        3.0
  eval_accuracy           =     0.0323
  eval_loss               =     1.7738
  eval_runtime            = 4:50:09.16
  eval_samples            =     119828
  eval_samples_per_second =      6.883
  eval_steps_per_second   =       0.86
10/04/2022 17:16:06 - INFO - __main__ - *** Predict ***
***** predict metrics *****
  predict_accuracy           =     0.0322
  predict_loss               =     1.7685
  predict_runtime            = 4:47:39.35
  predict_samples            =     118751
  predict_samples_per_second =       6.88
  predict_steps_per_second   =       0.86
