09/26/2022 20:06:05 - WARNING - __main__ - Process rank: -1, device: cuda:0, n_gpu: 1distributed training: False, 16-bits training: False
09/26/2022 20:06:05 - INFO - __main__ - Training/evaluation parameters Seq2SeqTrainingArguments(
_n_gpu=1,
adafactor=False,
adam_beta1=0.9,
adam_beta2=0.999,
adam_epsilon=1e-08,
auto_find_batch_size=False,
bf16=False,
bf16_full_eval=False,
data_seed=None,
dataloader_drop_last=False,
dataloader_num_workers=0,
dataloader_pin_memory=True,
ddp_bucket_cap_mb=None,
ddp_find_unused_parameters=None,
debug=[],
deepspeed=None,
disable_tqdm=False,
do_eval=True,
do_predict=True,
do_train=True,
eval_accumulation_steps=None,
eval_delay=0,
eval_steps=None,
evaluation_strategy=no,
fp16=False,
fp16_backend=auto,
fp16_full_eval=False,
fp16_opt_level=O1,
fsdp=[],
fsdp_min_num_params=0,
fsdp_transformer_layer_cls_to_wrap=None,
full_determinism=False,
generation_max_length=None,
generation_num_beams=None,
gradient_accumulation_steps=1,
gradient_checkpointing=False,
greater_is_better=None,
group_by_length=False,
half_precision_backend=auto,
hub_model_id=None,
hub_private_repo=False,
hub_strategy=every_save,
hub_token=<HUB_TOKEN>,
ignore_data_skip=False,
include_inputs_for_metrics=False,
jit_mode_eval=False,
label_names=None,
label_smoothing_factor=0.0,
learning_rate=5e-05,
length_column_name=length,
load_best_model_at_end=False,
local_rank=-1,
log_level=-1,
log_level_replica=-1,
log_on_each_node=True,
logging_dir=../experiments/runs/Sep26_20-06-04_mscluster32.ms.wits.ac.za,
logging_first_step=False,
logging_nan_inf_filter=True,
logging_steps=500,
logging_strategy=steps,
lr_scheduler_type=linear,
max_grad_norm=1.0,
max_steps=-1,
metric_for_best_model=None,
mp_parameters=,
no_cuda=False,
num_train_epochs=3.0,
optim=adamw_hf,
output_dir=../experiments/random/t5-small/cl/i_o,
overwrite_output_dir=False,
past_index=-1,
per_device_eval_batch_size=8,
per_device_train_batch_size=8,
predict_with_generate=True,
prediction_loss_only=False,
push_to_hub=False,
push_to_hub_model_id=None,
push_to_hub_organization=None,
push_to_hub_token=<PUSH_TO_HUB_TOKEN>,
ray_scope=last,
remove_unused_columns=True,
report_to=[],
resume_from_checkpoint=None,
run_name=../experiments/,
save_on_each_node=False,
save_steps=5000,
save_strategy=steps,
save_total_limit=None,
seed=42,
sharded_ddp=[],
skip_memory_metrics=True,
sortish_sampler=False,
tf32=None,
torchdynamo=None,
tpu_metrics_debug=False,
tpu_num_cores=None,
use_ipex=False,
use_legacy_prediction_loop=False,
warmup_ratio=0.0,
warmup_steps=0,
weight_decay=0.0,
xpu_backend=None,
)
09/26/2022 20:06:06 - WARNING - datasets.builder - Using custom data configuration default-f839a5e0ab6e6a1f
09/26/2022 20:06:13 - INFO - datasets.builder - Generating dataset json (./models/cache/json/default-f839a5e0ab6e6a1f/0.0.0/a3e658c4731e59120d44081ac10bf85dc7e1388126b92338344ce9661907f253)
Downloading and preparing dataset json/default to ./models/cache/json/default-f839a5e0ab6e6a1f/0.0.0/a3e658c4731e59120d44081ac10bf85dc7e1388126b92338344ce9661907f253...
09/26/2022 20:06:13 - INFO - datasets.download.download_manager - Downloading took 0.0 min
09/26/2022 20:06:40 - INFO - datasets.download.download_manager - Checksum Computation took 0.0 min
09/26/2022 20:06:40 - INFO - datasets.utils.info_utils - Unable to verify checksums.
09/26/2022 20:06:40 - INFO - datasets.builder - Generating train split
09/26/2022 20:06:46 - INFO - datasets.builder - Generating validation split
09/26/2022 20:06:48 - INFO - datasets.builder - Generating test split
09/26/2022 20:06:49 - INFO - datasets.utils.info_utils - Unable to verify splits sizes.
Dataset json downloaded and prepared to ./models/cache/json/default-f839a5e0ab6e6a1f/0.0.0/a3e658c4731e59120d44081ac10bf85dc7e1388126b92338344ce9661907f253. Subsequent calls will reuse this data.
09/26/2022 20:06:50 - INFO - __main__ - Loaded the random dataset:
DatasetDict({
    train: Dataset({
        features: ['clue', 'answer', 'annotation', 'predicted_rationale', 'predicted_answer'],
        num_rows: 355325
    })
    validation: Dataset({
        features: ['clue', 'answer', 'annotation', 'predicted_rationale', 'predicted_answer'],
        num_rows: 118442
    })
    test: Dataset({
        features: ['clue', 'answer', 'annotation', 'predicted_rationale', 'predicted_answer'],
        num_rows: 118442
    })
})
{'loss': 4.6688, 'learning_rate': 4.981237992315082e-05, 'epoch': 0.01}
{'loss': 3.8972, 'learning_rate': 4.962475984630163e-05, 'epoch': 0.02}
{'loss': 3.7816, 'learning_rate': 4.943713976945245e-05, 'epoch': 0.03}
{'loss': 3.7478, 'learning_rate': 4.924951969260327e-05, 'epoch': 0.05}
{'loss': 3.6652, 'learning_rate': 4.906189961575409e-05, 'epoch': 0.06}
{'loss': 3.6558, 'learning_rate': 4.88742795389049e-05, 'epoch': 0.07}
{'loss': 3.6317, 'learning_rate': 4.868665946205572e-05, 'epoch': 0.08}
{'loss': 3.5945, 'learning_rate': 4.849903938520653e-05, 'epoch': 0.09}
{'loss': 3.5767, 'learning_rate': 4.8311419308357355e-05, 'epoch': 0.1}
{'loss': 3.548, 'learning_rate': 4.8123799231508164e-05, 'epoch': 0.11}
{'loss': 3.5212, 'learning_rate': 4.7936179154658986e-05, 'epoch': 0.12}
{'loss': 3.5298, 'learning_rate': 4.77485590778098e-05, 'epoch': 0.14}
{'loss': 3.493, 'learning_rate': 4.756093900096062e-05, 'epoch': 0.15}
{'loss': 3.4987, 'learning_rate': 4.737331892411143e-05, 'epoch': 0.16}
{'loss': 3.4701, 'learning_rate': 4.718569884726225e-05, 'epoch': 0.17}
{'loss': 3.466, 'learning_rate': 4.699807877041307e-05, 'epoch': 0.18}
{'loss': 3.4592, 'learning_rate': 4.6810458693563886e-05, 'epoch': 0.19}
{'loss': 3.4151, 'learning_rate': 4.6622838616714695e-05, 'epoch': 0.2}
{'loss': 3.4287, 'learning_rate': 4.643521853986552e-05, 'epoch': 0.21}
{'loss': 3.4131, 'learning_rate': 4.624759846301633e-05, 'epoch': 0.23}
{'loss': 3.4013, 'learning_rate': 4.6059978386167155e-05, 'epoch': 0.24}
{'loss': 3.3937, 'learning_rate': 4.5872358309317964e-05, 'epoch': 0.25}
{'loss': 3.3706, 'learning_rate': 4.568473823246878e-05, 'epoch': 0.26}
{'loss': 3.3917, 'learning_rate': 4.54971181556196e-05, 'epoch': 0.27}
{'loss': 3.3844, 'learning_rate': 4.530949807877041e-05, 'epoch': 0.28}
{'loss': 3.328, 'learning_rate': 4.512187800192123e-05, 'epoch': 0.29}
{'loss': 3.3485, 'learning_rate': 4.493425792507205e-05, 'epoch': 0.3}
{'loss': 3.3362, 'learning_rate': 4.474663784822286e-05, 'epoch': 0.32}
{'loss': 3.3585, 'learning_rate': 4.455901777137368e-05, 'epoch': 0.33}
{'loss': 3.3263, 'learning_rate': 4.4371397694524494e-05, 'epoch': 0.34}
{'loss': 3.3165, 'learning_rate': 4.4183777617675316e-05, 'epoch': 0.35}
{'loss': 3.3174, 'learning_rate': 4.399615754082613e-05, 'epoch': 0.36}
{'loss': 3.3023, 'learning_rate': 4.380853746397695e-05, 'epoch': 0.37}
{'loss': 3.296, 'learning_rate': 4.362091738712776e-05, 'epoch': 0.38}
{'loss': 3.2744, 'learning_rate': 4.343329731027858e-05, 'epoch': 0.39}
{'loss': 3.2911, 'learning_rate': 4.32456772334294e-05, 'epoch': 0.41}
{'loss': 3.2784, 'learning_rate': 4.305805715658021e-05, 'epoch': 0.42}
{'loss': 3.2773, 'learning_rate': 4.287043707973103e-05, 'epoch': 0.43}
{'loss': 3.2846, 'learning_rate': 4.268281700288185e-05, 'epoch': 0.44}
{'loss': 3.2566, 'learning_rate': 4.249519692603266e-05, 'epoch': 0.45}
{'loss': 3.2589, 'learning_rate': 4.230757684918348e-05, 'epoch': 0.46}
{'loss': 3.2555, 'learning_rate': 4.2119956772334294e-05, 'epoch': 0.47}
{'loss': 3.2268, 'learning_rate': 4.1932336695485116e-05, 'epoch': 0.48}
{'loss': 3.2307, 'learning_rate': 4.174471661863593e-05, 'epoch': 0.5}
{'loss': 3.2234, 'learning_rate': 4.155709654178675e-05, 'epoch': 0.51}
{'loss': 3.2437, 'learning_rate': 4.136947646493756e-05, 'epoch': 0.52}
{'loss': 3.2281, 'learning_rate': 4.118185638808838e-05, 'epoch': 0.53}
{'loss': 3.2167, 'learning_rate': 4.099423631123919e-05, 'epoch': 0.54}
{'loss': 3.2212, 'learning_rate': 4.080661623439001e-05, 'epoch': 0.55}
{'loss': 3.2248, 'learning_rate': 4.061899615754083e-05, 'epoch': 0.56}
{'loss': 3.1983, 'learning_rate': 4.0431376080691647e-05, 'epoch': 0.57}
{'loss': 3.1862, 'learning_rate': 4.024375600384246e-05, 'epoch': 0.59}
{'loss': 3.1913, 'learning_rate': 4.005613592699328e-05, 'epoch': 0.6}
{'loss': 3.1779, 'learning_rate': 3.986851585014409e-05, 'epoch': 0.61}
{'loss': 3.1997, 'learning_rate': 3.9680895773294915e-05, 'epoch': 0.62}
{'loss': 3.2054, 'learning_rate': 3.9493275696445724e-05, 'epoch': 0.63}
{'loss': 3.1812, 'learning_rate': 3.9305655619596546e-05, 'epoch': 0.64}
{'loss': 3.1785, 'learning_rate': 3.911803554274736e-05, 'epoch': 0.65}
{'loss': 3.1785, 'learning_rate': 3.893041546589818e-05, 'epoch': 0.66}
{'loss': 3.1689, 'learning_rate': 3.874279538904899e-05, 'epoch': 0.68}
{'loss': 3.1977, 'learning_rate': 3.855517531219981e-05, 'epoch': 0.69}
{'loss': 3.1619, 'learning_rate': 3.836755523535063e-05, 'epoch': 0.7}
{'loss': 3.1537, 'learning_rate': 3.8179935158501446e-05, 'epoch': 0.71}
{'loss': 3.1375, 'learning_rate': 3.7992315081652255e-05, 'epoch': 0.72}
{'loss': 3.1236, 'learning_rate': 3.780469500480308e-05, 'epoch': 0.73}
{'loss': 3.1615, 'learning_rate': 3.761707492795389e-05, 'epoch': 0.74}
{'loss': 3.1414, 'learning_rate': 3.742945485110471e-05, 'epoch': 0.75}
{'loss': 3.1451, 'learning_rate': 3.7241834774255523e-05, 'epoch': 0.77}
{'loss': 3.1435, 'learning_rate': 3.705421469740634e-05, 'epoch': 0.78}
{'loss': 3.1322, 'learning_rate': 3.686659462055716e-05, 'epoch': 0.79}
{'loss': 3.1306, 'learning_rate': 3.667897454370797e-05, 'epoch': 0.8}
{'loss': 3.1257, 'learning_rate': 3.649135446685879e-05, 'epoch': 0.81}
{'loss': 3.1229, 'learning_rate': 3.630373439000961e-05, 'epoch': 0.82}
{'loss': 3.1031, 'learning_rate': 3.611611431316042e-05, 'epoch': 0.83}
{'loss': 3.0987, 'learning_rate': 3.592849423631124e-05, 'epoch': 0.84}
{'loss': 3.0941, 'learning_rate': 3.5740874159462054e-05, 'epoch': 0.86}
{'loss': 3.0956, 'learning_rate': 3.5553254082612876e-05, 'epoch': 0.87}
{'loss': 3.1272, 'learning_rate': 3.536563400576369e-05, 'epoch': 0.88}
{'loss': 3.0998, 'learning_rate': 3.517801392891451e-05, 'epoch': 0.89}
{'loss': 3.1025, 'learning_rate': 3.499039385206532e-05, 'epoch': 0.9}
{'loss': 3.0653, 'learning_rate': 3.480277377521614e-05, 'epoch': 0.91}
{'loss': 3.0829, 'learning_rate': 3.461515369836696e-05, 'epoch': 0.92}
{'loss': 3.0927, 'learning_rate': 3.442753362151777e-05, 'epoch': 0.93}
{'loss': 3.0799, 'learning_rate': 3.423991354466859e-05, 'epoch': 0.95}
{'loss': 3.1072, 'learning_rate': 3.405229346781941e-05, 'epoch': 0.96}
{'loss': 3.0669, 'learning_rate': 3.386467339097022e-05, 'epoch': 0.97}
{'loss': 3.091, 'learning_rate': 3.367705331412104e-05, 'epoch': 0.98}
{'loss': 3.0867, 'learning_rate': 3.3489433237271854e-05, 'epoch': 0.99}
{'loss': 3.0743, 'learning_rate': 3.3301813160422676e-05, 'epoch': 1.0}
{'loss': 3.0424, 'learning_rate': 3.3114193083573485e-05, 'epoch': 1.01}
{'loss': 3.0328, 'learning_rate': 3.292657300672431e-05, 'epoch': 1.02}
{'loss': 3.0497, 'learning_rate': 3.273895292987512e-05, 'epoch': 1.04}
{'loss': 3.0204, 'learning_rate': 3.255133285302594e-05, 'epoch': 1.05}
{'loss': 3.0364, 'learning_rate': 3.236371277617675e-05, 'epoch': 1.06}
{'loss': 3.0143, 'learning_rate': 3.217609269932757e-05, 'epoch': 1.07}
{'loss': 3.0495, 'learning_rate': 3.198847262247839e-05, 'epoch': 1.08}
{'loss': 3.0304, 'learning_rate': 3.1800852545629207e-05, 'epoch': 1.09}
{'loss': 3.01, 'learning_rate': 3.1613232468780015e-05, 'epoch': 1.1}
{'loss': 3.0072, 'learning_rate': 3.142561239193084e-05, 'epoch': 1.11}
{'loss': 2.9991, 'learning_rate': 3.123799231508165e-05, 'epoch': 1.13}
{'loss': 3.0227, 'learning_rate': 3.1050372238232475e-05, 'epoch': 1.14}
{'loss': 3.0192, 'learning_rate': 3.0862752161383284e-05, 'epoch': 1.15}
{'loss': 2.997, 'learning_rate': 3.06751320845341e-05, 'epoch': 1.16}
{'loss': 2.9702, 'learning_rate': 3.0487512007684922e-05, 'epoch': 1.17}
{'loss': 2.9823, 'learning_rate': 3.0299891930835737e-05, 'epoch': 1.18}
{'loss': 3.0002, 'learning_rate': 3.0112271853986553e-05, 'epoch': 1.19}
{'loss': 3.0018, 'learning_rate': 2.9924651777137368e-05, 'epoch': 1.2}
{'loss': 3.0185, 'learning_rate': 2.9737031700288187e-05, 'epoch': 1.22}
{'loss': 3.0094, 'learning_rate': 2.9549411623439006e-05, 'epoch': 1.23}
{'loss': 2.9996, 'learning_rate': 2.9361791546589818e-05, 'epoch': 1.24}
{'loss': 2.9609, 'learning_rate': 2.9174171469740637e-05, 'epoch': 1.25}
{'loss': 2.9747, 'learning_rate': 2.8986551392891452e-05, 'epoch': 1.26}
{'loss': 2.993, 'learning_rate': 2.8798931316042265e-05, 'epoch': 1.27}
{'loss': 2.9938, 'learning_rate': 2.8611311239193083e-05, 'epoch': 1.28}
{'loss': 2.9669, 'learning_rate': 2.8423691162343902e-05, 'epoch': 1.29}
{'loss': 2.9902, 'learning_rate': 2.823607108549472e-05, 'epoch': 1.31}
{'loss': 2.994, 'learning_rate': 2.8048451008645533e-05, 'epoch': 1.32}
{'loss': 2.9828, 'learning_rate': 2.786083093179635e-05, 'epoch': 1.33}
{'loss': 2.974, 'learning_rate': 2.7673210854947168e-05, 'epoch': 1.34}
{'loss': 2.9802, 'learning_rate': 2.7485590778097987e-05, 'epoch': 1.35}
{'loss': 2.9756, 'learning_rate': 2.72979707012488e-05, 'epoch': 1.36}
{'loss': 2.9791, 'learning_rate': 2.7110350624399618e-05, 'epoch': 1.37}
{'loss': 2.9834, 'learning_rate': 2.6922730547550433e-05, 'epoch': 1.38}
{'loss': 2.9453, 'learning_rate': 2.6735110470701252e-05, 'epoch': 1.4}
{'loss': 2.9827, 'learning_rate': 2.6547490393852064e-05, 'epoch': 1.41}
{'loss': 2.9578, 'learning_rate': 2.6359870317002883e-05, 'epoch': 1.42}
{'loss': 2.9416, 'learning_rate': 2.6172250240153702e-05, 'epoch': 1.43}
{'loss': 2.9701, 'learning_rate': 2.5984630163304517e-05, 'epoch': 1.44}
{'loss': 2.9344, 'learning_rate': 2.579701008645533e-05, 'epoch': 1.45}
{'loss': 2.9842, 'learning_rate': 2.5609390009606148e-05, 'epoch': 1.46}
{'loss': 2.9433, 'learning_rate': 2.5421769932756967e-05, 'epoch': 1.47}
{'loss': 2.9597, 'learning_rate': 2.5234149855907786e-05, 'epoch': 1.49}
{'loss': 2.9241, 'learning_rate': 2.5046529779058598e-05, 'epoch': 1.5}
{'loss': 2.9445, 'learning_rate': 2.4858909702209414e-05, 'epoch': 1.51}
{'loss': 2.9623, 'learning_rate': 2.467128962536023e-05, 'epoch': 1.52}
{'loss': 2.9275, 'learning_rate': 2.4483669548511048e-05, 'epoch': 1.53}
{'loss': 2.9204, 'learning_rate': 2.4296049471661863e-05, 'epoch': 1.54}
{'loss': 2.9354, 'learning_rate': 2.4108429394812682e-05, 'epoch': 1.55}
{'loss': 2.9179, 'learning_rate': 2.3920809317963498e-05, 'epoch': 1.56}
{'loss': 2.9582, 'learning_rate': 2.3733189241114313e-05, 'epoch': 1.58}
{'loss': 2.9498, 'learning_rate': 2.354556916426513e-05, 'epoch': 1.59}
{'loss': 2.9256, 'learning_rate': 2.3357949087415948e-05, 'epoch': 1.6}
{'loss': 2.9229, 'learning_rate': 2.3170329010566763e-05, 'epoch': 1.61}
{'loss': 2.9338, 'learning_rate': 2.2982708933717582e-05, 'epoch': 1.62}
{'loss': 2.9489, 'learning_rate': 2.2795088856868398e-05, 'epoch': 1.63}
{'loss': 2.9369, 'learning_rate': 2.2607468780019213e-05, 'epoch': 1.64}
{'loss': 2.9192, 'learning_rate': 2.241984870317003e-05, 'epoch': 1.65}
{'loss': 2.9351, 'learning_rate': 2.2232228626320847e-05, 'epoch': 1.67}
{'loss': 2.9379, 'learning_rate': 2.2044608549471663e-05, 'epoch': 1.68}
{'loss': 2.9024, 'learning_rate': 2.1856988472622482e-05, 'epoch': 1.69}
{'loss': 2.9296, 'learning_rate': 2.1669368395773297e-05, 'epoch': 1.7}
{'loss': 2.9037, 'learning_rate': 2.1481748318924113e-05, 'epoch': 1.71}
{'loss': 2.9321, 'learning_rate': 2.1294128242074928e-05, 'epoch': 1.72}
{'loss': 2.9489, 'learning_rate': 2.1106508165225747e-05, 'epoch': 1.73}
{'loss': 2.9027, 'learning_rate': 2.0918888088376563e-05, 'epoch': 1.74}
{'loss': 2.9031, 'learning_rate': 2.0731268011527378e-05, 'epoch': 1.76}
{'loss': 2.9345, 'learning_rate': 2.0543647934678194e-05, 'epoch': 1.77}
{'loss': 2.9147, 'learning_rate': 2.035602785782901e-05, 'epoch': 1.78}
{'loss': 2.9138, 'learning_rate': 2.0168407780979828e-05, 'epoch': 1.79}
{'loss': 2.9178, 'learning_rate': 1.9980787704130643e-05, 'epoch': 1.8}
{'loss': 2.8912, 'learning_rate': 1.9793167627281462e-05, 'epoch': 1.81}
{'loss': 2.9145, 'learning_rate': 1.9605547550432278e-05, 'epoch': 1.82}
{'loss': 2.9264, 'learning_rate': 1.9417927473583093e-05, 'epoch': 1.83}
{'loss': 2.8866, 'learning_rate': 1.923030739673391e-05, 'epoch': 1.85}
{'loss': 2.9186, 'learning_rate': 1.9042687319884728e-05, 'epoch': 1.86}
{'loss': 2.932, 'learning_rate': 1.8855067243035543e-05, 'epoch': 1.87}
{'loss': 2.915, 'learning_rate': 1.8667447166186362e-05, 'epoch': 1.88}
{'loss': 2.9086, 'learning_rate': 1.8479827089337178e-05, 'epoch': 1.89}
{'loss': 2.8948, 'learning_rate': 1.8292207012487993e-05, 'epoch': 1.9}
{'loss': 2.8832, 'learning_rate': 1.810458693563881e-05, 'epoch': 1.91}
{'loss': 2.9138, 'learning_rate': 1.7916966858789627e-05, 'epoch': 1.92}
{'loss': 2.8855, 'learning_rate': 1.7729346781940443e-05, 'epoch': 1.94}
{'loss': 2.9103, 'learning_rate': 1.7541726705091262e-05, 'epoch': 1.95}
{'loss': 2.8922, 'learning_rate': 1.7354106628242074e-05, 'epoch': 1.96}
{'loss': 2.887, 'learning_rate': 1.7166486551392893e-05, 'epoch': 1.97}
{'loss': 2.8689, 'learning_rate': 1.6978866474543708e-05, 'epoch': 1.98}
{'loss': 2.8663, 'learning_rate': 1.6791246397694527e-05, 'epoch': 1.99}
{'loss': 2.8926, 'learning_rate': 1.6603626320845343e-05, 'epoch': 2.0}
{'loss': 2.8886, 'learning_rate': 1.6416006243996158e-05, 'epoch': 2.02}
{'loss': 2.8638, 'learning_rate': 1.6228386167146974e-05, 'epoch': 2.03}
{'loss': 2.8776, 'learning_rate': 1.604076609029779e-05, 'epoch': 2.04}
{'loss': 2.8896, 'learning_rate': 1.5853146013448608e-05, 'epoch': 2.05}
{'loss': 2.8644, 'learning_rate': 1.5665525936599423e-05, 'epoch': 2.06}
{'loss': 2.8484, 'learning_rate': 1.5477905859750242e-05, 'epoch': 2.07}
{'loss': 2.8548, 'learning_rate': 1.5290285782901058e-05, 'epoch': 2.08}
{'loss': 2.8596, 'learning_rate': 1.5102665706051875e-05, 'epoch': 2.09}
{'loss': 2.8549, 'learning_rate': 1.491504562920269e-05, 'epoch': 2.11}
{'loss': 2.8745, 'learning_rate': 1.4727425552353508e-05, 'epoch': 2.12}
{'loss': 2.8763, 'learning_rate': 1.4539805475504323e-05, 'epoch': 2.13}
{'loss': 2.8709, 'learning_rate': 1.435218539865514e-05, 'epoch': 2.14}
{'loss': 2.8629, 'learning_rate': 1.4164565321805956e-05, 'epoch': 2.15}
{'loss': 2.8488, 'learning_rate': 1.3976945244956775e-05, 'epoch': 2.16}
{'loss': 2.8484, 'learning_rate': 1.3789325168107589e-05, 'epoch': 2.17}
{'loss': 2.8562, 'learning_rate': 1.3601705091258407e-05, 'epoch': 2.18}
{'loss': 2.8646, 'learning_rate': 1.3414085014409223e-05, 'epoch': 2.2}
{'loss': 2.8636, 'learning_rate': 1.322646493756004e-05, 'epoch': 2.21}
{'loss': 2.8704, 'learning_rate': 1.3038844860710856e-05, 'epoch': 2.22}
{'loss': 2.8652, 'learning_rate': 1.2851224783861673e-05, 'epoch': 2.23}
{'loss': 2.833, 'learning_rate': 1.2663604707012488e-05, 'epoch': 2.24}
{'loss': 2.8587, 'learning_rate': 1.2475984630163305e-05, 'epoch': 2.25}
{'loss': 2.8414, 'learning_rate': 1.2288364553314121e-05, 'epoch': 2.26}
{'loss': 2.8496, 'learning_rate': 1.2100744476464938e-05, 'epoch': 2.27}
{'loss': 2.8243, 'learning_rate': 1.1913124399615755e-05, 'epoch': 2.29}
{'loss': 2.8547, 'learning_rate': 1.172550432276657e-05, 'epoch': 2.3}
{'loss': 2.8515, 'learning_rate': 1.1537884245917388e-05, 'epoch': 2.31}
{'loss': 2.8603, 'learning_rate': 1.1350264169068205e-05, 'epoch': 2.32}
{'loss': 2.8384, 'learning_rate': 1.116264409221902e-05, 'epoch': 2.33}
{'loss': 2.8497, 'learning_rate': 1.0975024015369838e-05, 'epoch': 2.34}
{'loss': 2.8296, 'learning_rate': 1.0787403938520655e-05, 'epoch': 2.35}
{'loss': 2.8285, 'learning_rate': 1.059978386167147e-05, 'epoch': 2.36}
{'loss': 2.8284, 'learning_rate': 1.0412163784822286e-05, 'epoch': 2.38}
{'loss': 2.8558, 'learning_rate': 1.0224543707973103e-05, 'epoch': 2.39}
{'loss': 2.854, 'learning_rate': 1.0036923631123919e-05, 'epoch': 2.4}
{'loss': 2.8597, 'learning_rate': 9.849303554274736e-06, 'epoch': 2.41}
{'loss': 2.8371, 'learning_rate': 9.661683477425553e-06, 'epoch': 2.42}
{'loss': 2.8563, 'learning_rate': 9.474063400576369e-06, 'epoch': 2.43}
{'loss': 2.8327, 'learning_rate': 9.286443323727186e-06, 'epoch': 2.44}
{'loss': 2.8442, 'learning_rate': 9.098823246878003e-06, 'epoch': 2.45}
{'loss': 2.8654, 'learning_rate': 8.911203170028818e-06, 'epoch': 2.47}
{'loss': 2.8513, 'learning_rate': 8.723583093179636e-06, 'epoch': 2.48}
{'loss': 2.8191, 'learning_rate': 8.535963016330451e-06, 'epoch': 2.49}
{'loss': 2.8295, 'learning_rate': 8.348342939481268e-06, 'epoch': 2.5}
{'loss': 2.8201, 'learning_rate': 8.160722862632085e-06, 'epoch': 2.51}
{'loss': 2.8326, 'learning_rate': 7.973102785782901e-06, 'epoch': 2.52}
{'loss': 2.8322, 'learning_rate': 7.785482708933718e-06, 'epoch': 2.53}
{'loss': 2.8286, 'learning_rate': 7.597862632084534e-06, 'epoch': 2.54}
{'loss': 2.8335, 'learning_rate': 7.410242555235352e-06, 'epoch': 2.56}
{'loss': 2.8282, 'learning_rate': 7.222622478386168e-06, 'epoch': 2.57}
{'loss': 2.8289, 'learning_rate': 7.035002401536984e-06, 'epoch': 2.58}
{'loss': 2.8445, 'learning_rate': 6.8473823246878015e-06, 'epoch': 2.59}
{'loss': 2.8218, 'learning_rate': 6.659762247838618e-06, 'epoch': 2.6}
{'loss': 2.8438, 'learning_rate': 6.472142170989434e-06, 'epoch': 2.61}
{'loss': 2.8347, 'learning_rate': 6.28452209414025e-06, 'epoch': 2.62}
{'loss': 2.8674, 'learning_rate': 6.096902017291067e-06, 'epoch': 2.63}
{'loss': 2.8297, 'learning_rate': 5.909281940441883e-06, 'epoch': 2.65}
{'loss': 2.8508, 'learning_rate': 5.7216618635926995e-06, 'epoch': 2.66}
{'loss': 2.8348, 'learning_rate': 5.534041786743517e-06, 'epoch': 2.67}
{'loss': 2.8622, 'learning_rate': 5.346421709894333e-06, 'epoch': 2.68}
{'loss': 2.8252, 'learning_rate': 5.1588016330451485e-06, 'epoch': 2.69}
{'loss': 2.8466, 'learning_rate': 4.971181556195966e-06, 'epoch': 2.7}
{'loss': 2.8563, 'learning_rate': 4.783561479346782e-06, 'epoch': 2.71}
{'loss': 2.8466, 'learning_rate': 4.595941402497598e-06, 'epoch': 2.72}
{'loss': 2.8435, 'learning_rate': 4.4083213256484155e-06, 'epoch': 2.74}
{'loss': 2.822, 'learning_rate': 4.220701248799232e-06, 'epoch': 2.75}
{'loss': 2.8182, 'learning_rate': 4.033081171950048e-06, 'epoch': 2.76}
{'loss': 2.81, 'learning_rate': 3.8454610951008646e-06, 'epoch': 2.77}
{'loss': 2.8382, 'learning_rate': 3.6578410182516813e-06, 'epoch': 2.78}
{'loss': 2.7857, 'learning_rate': 3.470220941402498e-06, 'epoch': 2.79}
{'loss': 2.7981, 'learning_rate': 3.2826008645533144e-06, 'epoch': 2.8}
{'loss': 2.8504, 'learning_rate': 3.0949807877041307e-06, 'epoch': 2.81}
{'loss': 2.8254, 'learning_rate': 2.9073607108549475e-06, 'epoch': 2.83}
{'loss': 2.8325, 'learning_rate': 2.719740634005764e-06, 'epoch': 2.84}
{'loss': 2.8488, 'learning_rate': 2.53212055715658e-06, 'epoch': 2.85}
{'loss': 2.8151, 'learning_rate': 2.344500480307397e-06, 'epoch': 2.86}
{'loss': 2.8288, 'learning_rate': 2.1568804034582133e-06, 'epoch': 2.87}
{'loss': 2.8368, 'learning_rate': 1.96926032660903e-06, 'epoch': 2.88}
{'loss': 2.8701, 'learning_rate': 1.7816402497598466e-06, 'epoch': 2.89}
{'loss': 2.8237, 'learning_rate': 1.5940201729106627e-06, 'epoch': 2.9}
{'loss': 2.8168, 'learning_rate': 1.4064000960614793e-06, 'epoch': 2.92}
{'loss': 2.8377, 'learning_rate': 1.2187800192122958e-06, 'epoch': 2.93}
{'loss': 2.847, 'learning_rate': 1.0311599423631126e-06, 'epoch': 2.94}
{'loss': 2.8368, 'learning_rate': 8.435398655139289e-07, 'epoch': 2.95}
{'loss': 2.8273, 'learning_rate': 6.559197886647455e-07, 'epoch': 2.96}
{'loss': 2.839, 'learning_rate': 4.6829971181556196e-07, 'epoch': 2.97}
{'loss': 2.8518, 'learning_rate': 2.806796349663785e-07, 'epoch': 2.98}
{'loss': 2.8078, 'learning_rate': 9.305955811719501e-08, 'epoch': 2.99}
{'train_runtime': 8968.1475, 'train_samples_per_second': 118.862, 'train_steps_per_second': 14.858, 'train_loss': 3.0320955774855087, 'epoch': 3.0}
***** train metrics *****
  epoch                    =        3.0
  train_loss               =     3.0321
  train_runtime            = 2:29:28.14
  train_samples            =     355325
  train_samples_per_second =    118.862
  train_steps_per_second   =     14.858
09/26/2022 22:39:21 - INFO - __main__ - *** Evaluate ***
***** eval metrics *****
  epoch                   =        3.0
  eval_accuracy           =     0.0128
  eval_loss               =     2.5948
  eval_runtime            = 1:33:13.30
  eval_samples            =     118442
  eval_samples_per_second =     21.176
  eval_steps_per_second   =      2.647
09/27/2022 00:12:35 - INFO - __main__ - *** Predict ***
***** predict metrics *****
  predict_accuracy           =     0.0129
  predict_loss               =     2.5902
  predict_runtime            = 1:33:07.82
  predict_samples            =     118442
  predict_samples_per_second =     21.196
  predict_steps_per_second   =       2.65
