11/11/2022 15:30:53 - WARNING - __main__ - Process rank: -1, device: cuda:0, n_gpu: 2distributed training: False, 16-bits training: False
11/11/2022 15:30:53 - INFO - __main__ - Training/evaluation parameters Seq2SeqTrainingArguments(
_n_gpu=2,
adafactor=False,
adam_beta1=0.9,
adam_beta2=0.999,
adam_epsilon=1e-08,
auto_find_batch_size=False,
bf16=False,
bf16_full_eval=False,
data_seed=None,
dataloader_drop_last=False,
dataloader_num_workers=0,
dataloader_pin_memory=True,
ddp_bucket_cap_mb=None,
ddp_find_unused_parameters=None,
debug=[],
deepspeed=None,
disable_tqdm=False,
do_eval=True,
do_predict=True,
do_train=True,
eval_accumulation_steps=None,
eval_delay=0,
eval_steps=None,
evaluation_strategy=no,
fp16=False,
fp16_backend=auto,
fp16_full_eval=False,
fp16_opt_level=O1,
fsdp=[],
fsdp_min_num_params=0,
fsdp_transformer_layer_cls_to_wrap=None,
full_determinism=False,
generation_max_length=None,
generation_num_beams=None,
gradient_accumulation_steps=1,
gradient_checkpointing=False,
greater_is_better=None,
group_by_length=False,
half_precision_backend=auto,
hub_model_id=None,
hub_private_repo=False,
hub_strategy=every_save,
hub_token=<HUB_TOKEN>,
ignore_data_skip=False,
include_inputs_for_metrics=False,
jit_mode_eval=False,
label_names=None,
label_smoothing_factor=0.0,
learning_rate=5e-05,
length_column_name=length,
load_best_model_at_end=False,
local_rank=-1,
log_level=-1,
log_level_replica=-1,
log_on_each_node=True,
logging_dir=../experiments/runs/Nov11_15-30-53_mscluster66.ms.wits.ac.za,
logging_first_step=False,
logging_nan_inf_filter=True,
logging_steps=500,
logging_strategy=steps,
lr_scheduler_type=linear,
max_grad_norm=1.0,
max_steps=-1,
metric_for_best_model=None,
mp_parameters=,
no_cuda=False,
num_train_epochs=3.0,
optim=adamw_hf,
output_dir=../experiments/naive-disjoint/t5-small/one/cl/i_or,
overwrite_output_dir=False,
past_index=-1,
per_device_eval_batch_size=8,
per_device_train_batch_size=8,
predict_with_generate=True,
prediction_loss_only=False,
push_to_hub=False,
push_to_hub_model_id=None,
push_to_hub_organization=None,
push_to_hub_token=<PUSH_TO_HUB_TOKEN>,
ray_scope=last,
remove_unused_columns=True,
report_to=[],
resume_from_checkpoint=None,
run_name=../experiments/,
save_on_each_node=False,
save_steps=5000,
save_strategy=steps,
save_total_limit=None,
seed=42,
sharded_ddp=[],
skip_memory_metrics=True,
sortish_sampler=False,
tf32=None,
torchdynamo=None,
tpu_metrics_debug=False,
tpu_num_cores=None,
use_ipex=False,
use_legacy_prediction_loop=False,
warmup_ratio=0.0,
warmup_steps=0,
weight_decay=0.0,
xpu_backend=None,
)
11/11/2022 15:30:56 - WARNING - datasets.builder - Using custom data configuration default-c08303abd5e70107
11/11/2022 15:30:56 - INFO - datasets.builder - Overwrite dataset info from restored data version.
11/11/2022 15:30:56 - INFO - datasets.info - Loading Dataset info from ./models/cache/json/default-c08303abd5e70107/0.0.0/a3e658c4731e59120d44081ac10bf85dc7e1388126b92338344ce9661907f253
11/11/2022 15:31:06 - WARNING - datasets.builder - Reusing dataset json (./models/cache/json/default-c08303abd5e70107/0.0.0/a3e658c4731e59120d44081ac10bf85dc7e1388126b92338344ce9661907f253)
11/11/2022 15:31:06 - INFO - datasets.info - Loading Dataset info from ./models/cache/json/default-c08303abd5e70107/0.0.0/a3e658c4731e59120d44081ac10bf85dc7e1388126b92338344ce9661907f253
11/11/2022 15:31:13 - INFO - __main__ - Loaded the naive-disjoint dataset:
DatasetDict({
    train: Dataset({
        features: ['clue', 'answer', 'annotation', 'predicted_rationale', 'predicted_answer'],
        num_rows: 353630
    })
    validation: Dataset({
        features: ['clue', 'answer', 'annotation', 'predicted_rationale', 'predicted_answer'],
        num_rows: 119828
    })
    test: Dataset({
        features: ['clue', 'answer', 'annotation', 'predicted_rationale', 'predicted_answer'],
        num_rows: 118751
    })
})
{'loss': 5.3771, 'learning_rate': 4.962296021476186e-05, 'epoch': 0.02}
{'loss': 4.21, 'learning_rate': 4.924592042952372e-05, 'epoch': 0.05}
{'loss': 4.005, 'learning_rate': 4.8868880644285583e-05, 'epoch': 0.07}
{'loss': 3.8812, 'learning_rate': 4.849184085904745e-05, 'epoch': 0.09}
{'loss': 3.786, 'learning_rate': 4.811480107380931e-05, 'epoch': 0.11}
{'loss': 3.7264, 'learning_rate': 4.773776128857117e-05, 'epoch': 0.14}
{'loss': 3.6569, 'learning_rate': 4.736072150333303e-05, 'epoch': 0.16}
{'loss': 3.6148, 'learning_rate': 4.69836817180949e-05, 'epoch': 0.18}
{'loss': 3.5889, 'learning_rate': 4.660664193285676e-05, 'epoch': 0.2}
{'loss': 3.5433, 'learning_rate': 4.622960214761862e-05, 'epoch': 0.23}
{'loss': 3.526, 'learning_rate': 4.585256236238048e-05, 'epoch': 0.25}
{'loss': 3.4935, 'learning_rate': 4.547552257714234e-05, 'epoch': 0.27}
{'loss': 3.4616, 'learning_rate': 4.509848279190421e-05, 'epoch': 0.29}
{'loss': 3.4446, 'learning_rate': 4.472144300666606e-05, 'epoch': 0.32}
{'loss': 3.4217, 'learning_rate': 4.434440322142793e-05, 'epoch': 0.34}
{'loss': 3.3953, 'learning_rate': 4.396736343618979e-05, 'epoch': 0.36}
{'loss': 3.3773, 'learning_rate': 4.3590323650951655e-05, 'epoch': 0.38}
{'loss': 3.3611, 'learning_rate': 4.321328386571351e-05, 'epoch': 0.41}
{'loss': 3.3419, 'learning_rate': 4.2836244080475376e-05, 'epoch': 0.43}
{'loss': 3.3314, 'learning_rate': 4.2459204295237236e-05, 'epoch': 0.45}
{'loss': 3.3224, 'learning_rate': 4.2082164509999096e-05, 'epoch': 0.48}
{'loss': 3.3087, 'learning_rate': 4.170512472476096e-05, 'epoch': 0.5}
{'loss': 3.2775, 'learning_rate': 4.1328084939522824e-05, 'epoch': 0.52}
{'loss': 3.2878, 'learning_rate': 4.0951045154284684e-05, 'epoch': 0.54}
{'loss': 3.2653, 'learning_rate': 4.0574005369046545e-05, 'epoch': 0.57}
{'loss': 3.2625, 'learning_rate': 4.0196965583808405e-05, 'epoch': 0.59}
{'loss': 3.2559, 'learning_rate': 3.9819925798570265e-05, 'epoch': 0.61}
{'loss': 3.2187, 'learning_rate': 3.944288601333213e-05, 'epoch': 0.63}
{'loss': 3.2338, 'learning_rate': 3.9065846228093986e-05, 'epoch': 0.66}
{'loss': 3.2242, 'learning_rate': 3.868880644285585e-05, 'epoch': 0.68}
{'loss': 3.1932, 'learning_rate': 3.831176665761771e-05, 'epoch': 0.7}
{'loss': 3.1915, 'learning_rate': 3.793472687237958e-05, 'epoch': 0.72}
{'loss': 3.2112, 'learning_rate': 3.7557687087141434e-05, 'epoch': 0.75}
{'loss': 3.1751, 'learning_rate': 3.71806473019033e-05, 'epoch': 0.77}
{'loss': 3.1759, 'learning_rate': 3.680360751666516e-05, 'epoch': 0.79}
{'loss': 3.1436, 'learning_rate': 3.642656773142702e-05, 'epoch': 0.81}
{'loss': 3.1456, 'learning_rate': 3.604952794618888e-05, 'epoch': 0.84}
{'loss': 3.1556, 'learning_rate': 3.567248816095074e-05, 'epoch': 0.86}
{'loss': 3.1496, 'learning_rate': 3.529544837571261e-05, 'epoch': 0.88}
{'loss': 3.1254, 'learning_rate': 3.491840859047446e-05, 'epoch': 0.9}
{'loss': 3.1423, 'learning_rate': 3.454136880523633e-05, 'epoch': 0.93}
{'loss': 3.1379, 'learning_rate': 3.416432901999819e-05, 'epoch': 0.95}
{'loss': 3.1195, 'learning_rate': 3.378728923476006e-05, 'epoch': 0.97}
{'loss': 3.1288, 'learning_rate': 3.341024944952191e-05, 'epoch': 1.0}
{'loss': 3.1015, 'learning_rate': 3.303320966428378e-05, 'epoch': 1.02}
{'loss': 3.0873, 'learning_rate': 3.265616987904564e-05, 'epoch': 1.04}
{'loss': 3.0959, 'learning_rate': 3.2279130093807506e-05, 'epoch': 1.06}
{'loss': 3.0838, 'learning_rate': 3.190209030856936e-05, 'epoch': 1.09}
{'loss': 3.0779, 'learning_rate': 3.1525050523331226e-05, 'epoch': 1.11}
{'loss': 3.0752, 'learning_rate': 3.114801073809309e-05, 'epoch': 1.13}
{'loss': 3.0692, 'learning_rate': 3.077097095285495e-05, 'epoch': 1.15}
{'loss': 3.0618, 'learning_rate': 3.0393931167616807e-05, 'epoch': 1.18}
{'loss': 3.0604, 'learning_rate': 3.001689138237867e-05, 'epoch': 1.2}
{'loss': 3.0531, 'learning_rate': 2.9639851597140535e-05, 'epoch': 1.22}
{'loss': 3.0568, 'learning_rate': 2.9262811811902392e-05, 'epoch': 1.24}
{'loss': 3.0393, 'learning_rate': 2.8885772026664256e-05, 'epoch': 1.27}
{'loss': 3.0375, 'learning_rate': 2.8508732241426116e-05, 'epoch': 1.29}
{'loss': 3.0556, 'learning_rate': 2.813169245618798e-05, 'epoch': 1.31}
{'loss': 3.0298, 'learning_rate': 2.7754652670949837e-05, 'epoch': 1.33}
{'loss': 3.0323, 'learning_rate': 2.73776128857117e-05, 'epoch': 1.36}
{'loss': 3.0044, 'learning_rate': 2.7000573100473564e-05, 'epoch': 1.38}
{'loss': 3.0182, 'learning_rate': 2.6623533315235428e-05, 'epoch': 1.4}
{'loss': 3.0303, 'learning_rate': 2.6246493529997285e-05, 'epoch': 1.43}
{'loss': 3.0163, 'learning_rate': 2.586945374475915e-05, 'epoch': 1.45}
{'loss': 3.0077, 'learning_rate': 2.5492413959521012e-05, 'epoch': 1.47}
{'loss': 3.0145, 'learning_rate': 2.5115374174282872e-05, 'epoch': 1.49}
{'loss': 3.0022, 'learning_rate': 2.4738334389044736e-05, 'epoch': 1.52}
{'loss': 2.9956, 'learning_rate': 2.4361294603806596e-05, 'epoch': 1.54}
{'loss': 2.9919, 'learning_rate': 2.3984254818568457e-05, 'epoch': 1.56}
{'loss': 2.9911, 'learning_rate': 2.3607215033330317e-05, 'epoch': 1.58}
{'loss': 2.9779, 'learning_rate': 2.3230175248092177e-05, 'epoch': 1.61}
{'loss': 3.0039, 'learning_rate': 2.285313546285404e-05, 'epoch': 1.63}
{'loss': 2.9881, 'learning_rate': 2.24760956776159e-05, 'epoch': 1.65}
{'loss': 2.9787, 'learning_rate': 2.2099055892377765e-05, 'epoch': 1.67}
{'loss': 2.9826, 'learning_rate': 2.1722016107139626e-05, 'epoch': 1.7}
{'loss': 3.0044, 'learning_rate': 2.134497632190149e-05, 'epoch': 1.72}
{'loss': 2.9822, 'learning_rate': 2.096793653666335e-05, 'epoch': 1.74}
{'loss': 2.9787, 'learning_rate': 2.0590896751425213e-05, 'epoch': 1.76}
{'loss': 2.9706, 'learning_rate': 2.0213856966187074e-05, 'epoch': 1.79}
{'loss': 2.9663, 'learning_rate': 1.9836817180948934e-05, 'epoch': 1.81}
{'loss': 2.9672, 'learning_rate': 1.9459777395710794e-05, 'epoch': 1.83}
{'loss': 2.9749, 'learning_rate': 1.9082737610472658e-05, 'epoch': 1.86}
{'loss': 2.9613, 'learning_rate': 1.870569782523452e-05, 'epoch': 1.88}
{'loss': 2.9501, 'learning_rate': 1.8328658039996382e-05, 'epoch': 1.9}
{'loss': 2.9585, 'learning_rate': 1.7951618254758242e-05, 'epoch': 1.92}
{'loss': 2.9552, 'learning_rate': 1.7574578469520103e-05, 'epoch': 1.95}
{'loss': 2.9538, 'learning_rate': 1.7197538684281966e-05, 'epoch': 1.97}
{'loss': 2.9513, 'learning_rate': 1.6820498899043827e-05, 'epoch': 1.99}
{'loss': 2.9476, 'learning_rate': 1.644345911380569e-05, 'epoch': 2.01}
{'loss': 2.9468, 'learning_rate': 1.606641932856755e-05, 'epoch': 2.04}
{'loss': 2.9372, 'learning_rate': 1.5689379543329415e-05, 'epoch': 2.06}
{'loss': 2.9402, 'learning_rate': 1.5312339758091275e-05, 'epoch': 2.08}
{'loss': 2.9436, 'learning_rate': 1.4935299972853137e-05, 'epoch': 2.1}
{'loss': 2.9267, 'learning_rate': 1.4558260187614997e-05, 'epoch': 2.13}
{'loss': 2.927, 'learning_rate': 1.4181220402376861e-05, 'epoch': 2.15}
{'loss': 2.9441, 'learning_rate': 1.3804180617138721e-05, 'epoch': 2.17}
{'loss': 2.9253, 'learning_rate': 1.3427140831900583e-05, 'epoch': 2.19}
{'loss': 2.941, 'learning_rate': 1.3050101046662444e-05, 'epoch': 2.22}
{'loss': 2.9416, 'learning_rate': 1.2673061261424307e-05, 'epoch': 2.24}
{'loss': 2.9179, 'learning_rate': 1.2296021476186168e-05, 'epoch': 2.26}
{'loss': 2.9212, 'learning_rate': 1.191898169094803e-05, 'epoch': 2.28}
{'loss': 2.9175, 'learning_rate': 1.1541941905709892e-05, 'epoch': 2.31}
{'loss': 2.9231, 'learning_rate': 1.1164902120471752e-05, 'epoch': 2.33}
{'loss': 2.9051, 'learning_rate': 1.0787862335233614e-05, 'epoch': 2.35}
{'loss': 2.9247, 'learning_rate': 1.0410822549995476e-05, 'epoch': 2.38}
{'loss': 2.9144, 'learning_rate': 1.0033782764757338e-05, 'epoch': 2.4}
{'loss': 2.9435, 'learning_rate': 9.6567429795192e-06, 'epoch': 2.42}
{'loss': 2.9117, 'learning_rate': 9.27970319428106e-06, 'epoch': 2.44}
{'loss': 2.9174, 'learning_rate': 8.902663409042923e-06, 'epoch': 2.47}
{'loss': 2.9084, 'learning_rate': 8.525623623804785e-06, 'epoch': 2.49}
{'loss': 2.9334, 'learning_rate': 8.148583838566647e-06, 'epoch': 2.51}
{'loss': 2.9023, 'learning_rate': 7.771544053328507e-06, 'epoch': 2.53}
{'loss': 2.9084, 'learning_rate': 7.394504268090369e-06, 'epoch': 2.56}
{'loss': 2.9082, 'learning_rate': 7.01746448285223e-06, 'epoch': 2.58}
{'loss': 2.9131, 'learning_rate': 6.640424697614092e-06, 'epoch': 2.6}
{'loss': 2.9112, 'learning_rate': 6.263384912375954e-06, 'epoch': 2.62}
{'loss': 2.8984, 'learning_rate': 5.886345127137815e-06, 'epoch': 2.65}
{'loss': 2.8968, 'learning_rate': 5.5093053418996774e-06, 'epoch': 2.67}
{'loss': 2.8915, 'learning_rate': 5.1322655566615395e-06, 'epoch': 2.69}
{'loss': 2.9319, 'learning_rate': 4.755225771423401e-06, 'epoch': 2.71}
{'loss': 2.9023, 'learning_rate': 4.378185986185263e-06, 'epoch': 2.74}
{'loss': 2.9011, 'learning_rate': 4.001146200947124e-06, 'epoch': 2.76}
{'loss': 2.8885, 'learning_rate': 3.624106415708986e-06, 'epoch': 2.78}
{'loss': 2.9185, 'learning_rate': 3.247066630470848e-06, 'epoch': 2.81}
{'loss': 2.9004, 'learning_rate': 2.870026845232709e-06, 'epoch': 2.83}
{'loss': 2.9141, 'learning_rate': 2.4929870599945707e-06, 'epoch': 2.85}
{'loss': 2.9073, 'learning_rate': 2.1159472747564323e-06, 'epoch': 2.87}
{'loss': 2.9066, 'learning_rate': 1.738907489518294e-06, 'epoch': 2.9}
{'loss': 2.9183, 'learning_rate': 1.3618677042801557e-06, 'epoch': 2.92}
{'loss': 2.9152, 'learning_rate': 9.848279190420173e-07, 'epoch': 2.94}
{'loss': 2.9002, 'learning_rate': 6.07788133803879e-07, 'epoch': 2.96}
{'loss': 2.8936, 'learning_rate': 2.3074834856574068e-07, 'epoch': 2.99}
{'train_runtime': 16491.8273, 'train_samples_per_second': 64.328, 'train_steps_per_second': 4.021, 'train_loss': 3.1155022021185395, 'epoch': 3.0}
***** train metrics *****
  epoch                    =        3.0
  train_loss               =     3.1155
  train_runtime            = 4:34:51.82
  train_samples            =     353630
  train_samples_per_second =     64.328
  train_steps_per_second   =      4.021
11/11/2022 20:09:38 - INFO - __main__ - *** Evaluate ***
***** eval metrics *****
  epoch                   =        3.0
  eval_accuracy           =     0.0015
  eval_loss               =     2.6673
  eval_runtime            = 5:00:53.02
  eval_samples            =     119828
  eval_samples_per_second =      6.638
  eval_steps_per_second   =      0.415
11/12/2022 01:10:31 - INFO - __main__ - *** Predict ***
***** predict metrics *****
  predict_accuracy           =     0.0017
  predict_loss               =     2.6695
  predict_runtime            = 4:59:32.58
  predict_samples            =     118751
  predict_samples_per_second =      6.607
  predict_steps_per_second   =      0.413
