10/15/2022 20:23:01 - WARNING - __main__ - Process rank: -1, device: cuda:0, n_gpu: 1distributed training: False, 16-bits training: False
10/15/2022 20:23:01 - INFO - __main__ - Training/evaluation parameters Seq2SeqTrainingArguments(
_n_gpu=1,
adafactor=False,
adam_beta1=0.9,
adam_beta2=0.999,
adam_epsilon=1e-08,
auto_find_batch_size=False,
bf16=False,
bf16_full_eval=False,
data_seed=None,
dataloader_drop_last=False,
dataloader_num_workers=0,
dataloader_pin_memory=True,
ddp_bucket_cap_mb=None,
ddp_find_unused_parameters=None,
debug=[],
deepspeed=None,
disable_tqdm=False,
do_eval=False,
do_predict=True,
do_train=False,
eval_accumulation_steps=None,
eval_delay=0,
eval_steps=None,
evaluation_strategy=no,
fp16=False,
fp16_backend=auto,
fp16_full_eval=False,
fp16_opt_level=O1,
fsdp=[],
fsdp_min_num_params=0,
fsdp_transformer_layer_cls_to_wrap=None,
full_determinism=False,
generation_max_length=None,
generation_num_beams=None,
gradient_accumulation_steps=1,
gradient_checkpointing=False,
greater_is_better=None,
group_by_length=False,
half_precision_backend=auto,
hub_model_id=None,
hub_private_repo=False,
hub_strategy=every_save,
hub_token=<HUB_TOKEN>,
ignore_data_skip=False,
include_inputs_for_metrics=False,
jit_mode_eval=False,
label_names=None,
label_smoothing_factor=0.0,
learning_rate=5e-05,
length_column_name=length,
load_best_model_at_end=False,
local_rank=-1,
log_level=-1,
log_level_replica=-1,
log_on_each_node=True,
logging_dir=../experiments/runs/Oct15_20-23-00_mscluster12.ms.wits.ac.za,
logging_first_step=False,
logging_nan_inf_filter=True,
logging_steps=500,
logging_strategy=steps,
lr_scheduler_type=linear,
max_grad_norm=1.0,
max_steps=-1,
metric_for_best_model=None,
mp_parameters=,
no_cuda=False,
num_train_epochs=3.0,
optim=adamw_hf,
output_dir=../experiments/cryptonite/t5-large/cl/inference/random/i_or,
overwrite_output_dir=False,
past_index=-1,
per_device_eval_batch_size=8,
per_device_train_batch_size=8,
predict_with_generate=True,
prediction_loss_only=False,
push_to_hub=False,
push_to_hub_model_id=None,
push_to_hub_organization=None,
push_to_hub_token=<PUSH_TO_HUB_TOKEN>,
ray_scope=last,
remove_unused_columns=True,
report_to=[],
resume_from_checkpoint=None,
run_name=../experiments/,
save_on_each_node=False,
save_steps=5000,
save_strategy=steps,
save_total_limit=None,
seed=42,
sharded_ddp=[],
skip_memory_metrics=True,
sortish_sampler=False,
tf32=None,
torchdynamo=None,
tpu_metrics_debug=False,
tpu_num_cores=None,
use_ipex=False,
use_legacy_prediction_loop=False,
warmup_ratio=0.0,
warmup_steps=0,
weight_decay=0.0,
xpu_backend=None,
)
10/15/2022 20:23:02 - WARNING - datasets.builder - Using custom data configuration default-8f3c33bc2d5f19d5
10/15/2022 20:23:02 - INFO - datasets.builder - Overwrite dataset info from restored data version.
10/15/2022 20:23:02 - INFO - datasets.info - Loading Dataset info from ./models/cache/json/default-8f3c33bc2d5f19d5/0.0.0/a3e658c4731e59120d44081ac10bf85dc7e1388126b92338344ce9661907f253
10/15/2022 20:23:03 - WARNING - datasets.builder - Reusing dataset json (./models/cache/json/default-8f3c33bc2d5f19d5/0.0.0/a3e658c4731e59120d44081ac10bf85dc7e1388126b92338344ce9661907f253)
10/15/2022 20:23:03 - INFO - datasets.info - Loading Dataset info from ./models/cache/json/default-8f3c33bc2d5f19d5/0.0.0/a3e658c4731e59120d44081ac10bf85dc7e1388126b92338344ce9661907f253
10/15/2022 20:23:03 - INFO - __main__ - Loaded the cryptonite dataset:
DatasetDict({
    train: Dataset({
        features: ['clue', 'answer', 'annotation', 'predicted_rationale', 'predicted_answer'],
        num_rows: 470804
    })
    validation: Dataset({
        features: ['clue', 'answer', 'annotation', 'predicted_rationale', 'predicted_answer'],
        num_rows: 26156
    })
    test: Dataset({
        features: ['clue', 'answer', 'annotation', 'predicted_rationale', 'predicted_answer'],
        num_rows: 26157
    })
})
10/15/2022 20:23:04 - WARNING - datasets.arrow_dataset - Loading cached processed dataset at ./models/cache/json/default-8f3c33bc2d5f19d5/0.0.0/a3e658c4731e59120d44081ac10bf85dc7e1388126b92338344ce9661907f253/cache-4126a7aa97621e9f.arrow
10/15/2022 20:23:04 - WARNING - datasets.arrow_dataset - Loading cached processed dataset at ./models/cache/json/default-8f3c33bc2d5f19d5/0.0.0/a3e658c4731e59120d44081ac10bf85dc7e1388126b92338344ce9661907f253/cache-027b327ac2bc7d02.arrow
10/15/2022 20:23:04 - WARNING - datasets.arrow_dataset - Loading cached processed dataset at ./models/cache/json/default-8f3c33bc2d5f19d5/0.0.0/a3e658c4731e59120d44081ac10bf85dc7e1388126b92338344ce9661907f253/cache-e381963459a03088.arrow
10/15/2022 20:23:04 - WARNING - datasets.arrow_dataset - Loading cached processed dataset at ./models/cache/json/default-8f3c33bc2d5f19d5/0.0.0/a3e658c4731e59120d44081ac10bf85dc7e1388126b92338344ce9661907f253/cache-be5d7d825403ada5.arrow
10/15/2022 20:23:04 - WARNING - datasets.arrow_dataset - Loading cached processed dataset at ./models/cache/json/default-8f3c33bc2d5f19d5/0.0.0/a3e658c4731e59120d44081ac10bf85dc7e1388126b92338344ce9661907f253/cache-bcda6a98cb1cab0d.arrow
10/15/2022 20:23:04 - WARNING - datasets.arrow_dataset - Loading cached processed dataset at ./models/cache/json/default-8f3c33bc2d5f19d5/0.0.0/a3e658c4731e59120d44081ac10bf85dc7e1388126b92338344ce9661907f253/cache-316b92abeb3d285b.arrow
10/15/2022 20:23:04 - WARNING - datasets.arrow_dataset - Loading cached processed dataset at ./models/cache/json/default-8f3c33bc2d5f19d5/0.0.0/a3e658c4731e59120d44081ac10bf85dc7e1388126b92338344ce9661907f253/cache-180af7572028e5c1.arrow
10/15/2022 20:23:04 - WARNING - datasets.arrow_dataset - Loading cached processed dataset at ./models/cache/json/default-8f3c33bc2d5f19d5/0.0.0/a3e658c4731e59120d44081ac10bf85dc7e1388126b92338344ce9661907f253/cache-996496f435221b38.arrow
10/15/2022 20:23:05 - WARNING - datasets.arrow_dataset - Loading cached processed dataset at ./models/cache/json/default-8f3c33bc2d5f19d5/0.0.0/a3e658c4731e59120d44081ac10bf85dc7e1388126b92338344ce9661907f253/cache-8c1a689eeb62aa0c.arrow
10/15/2022 20:23:05 - WARNING - datasets.arrow_dataset - Loading cached processed dataset at ./models/cache/json/default-8f3c33bc2d5f19d5/0.0.0/a3e658c4731e59120d44081ac10bf85dc7e1388126b92338344ce9661907f253/cache-621086e92d2f061b.arrow
10/15/2022 20:23:05 - WARNING - datasets.arrow_dataset - Loading cached processed dataset at ./models/cache/json/default-8f3c33bc2d5f19d5/0.0.0/a3e658c4731e59120d44081ac10bf85dc7e1388126b92338344ce9661907f253/cache-0350ed1e69eccbe2.arrow
10/15/2022 20:23:05 - WARNING - datasets.arrow_dataset - Loading cached processed dataset at ./models/cache/json/default-8f3c33bc2d5f19d5/0.0.0/a3e658c4731e59120d44081ac10bf85dc7e1388126b92338344ce9661907f253/cache-713f23bdb10c9d91.arrow
10/15/2022 20:23:05 - WARNING - datasets.arrow_dataset - Loading cached processed dataset at ./models/cache/json/default-8f3c33bc2d5f19d5/0.0.0/a3e658c4731e59120d44081ac10bf85dc7e1388126b92338344ce9661907f253/cache-4201ed18b9ad0c6a.arrow
10/15/2022 20:23:05 - WARNING - datasets.arrow_dataset - Loading cached processed dataset at ./models/cache/json/default-8f3c33bc2d5f19d5/0.0.0/a3e658c4731e59120d44081ac10bf85dc7e1388126b92338344ce9661907f253/cache-86803e4e935a03cc.arrow
10/15/2022 20:23:05 - WARNING - datasets.arrow_dataset - Loading cached processed dataset at ./models/cache/json/default-8f3c33bc2d5f19d5/0.0.0/a3e658c4731e59120d44081ac10bf85dc7e1388126b92338344ce9661907f253/cache-3bcb86289d038e5b.arrow
10/15/2022 20:23:05 - WARNING - datasets.arrow_dataset - Loading cached processed dataset at ./models/cache/json/default-8f3c33bc2d5f19d5/0.0.0/a3e658c4731e59120d44081ac10bf85dc7e1388126b92338344ce9661907f253/cache-b8f962313d869f8d.arrow
10/15/2022 20:23:05 - WARNING - datasets.arrow_dataset - Loading cached processed dataset at ./models/cache/json/default-8f3c33bc2d5f19d5/0.0.0/a3e658c4731e59120d44081ac10bf85dc7e1388126b92338344ce9661907f253/cache-1876a9a47023249b.arrow
10/15/2022 20:23:05 - WARNING - datasets.arrow_dataset - Loading cached processed dataset at ./models/cache/json/default-8f3c33bc2d5f19d5/0.0.0/a3e658c4731e59120d44081ac10bf85dc7e1388126b92338344ce9661907f253/cache-cf31fe29afb4af30.arrow
10/15/2022 20:23:05 - WARNING - datasets.arrow_dataset - Loading cached processed dataset at ./models/cache/json/default-8f3c33bc2d5f19d5/0.0.0/a3e658c4731e59120d44081ac10bf85dc7e1388126b92338344ce9661907f253/cache-8534281e56da628d.arrow
10/15/2022 20:23:05 - WARNING - datasets.arrow_dataset - Loading cached processed dataset at ./models/cache/json/default-8f3c33bc2d5f19d5/0.0.0/a3e658c4731e59120d44081ac10bf85dc7e1388126b92338344ce9661907f253/cache-b46c71bd22c01a7d.arrow
10/15/2022 20:23:05 - WARNING - datasets.arrow_dataset - Loading cached processed dataset at ./models/cache/json/default-8f3c33bc2d5f19d5/0.0.0/a3e658c4731e59120d44081ac10bf85dc7e1388126b92338344ce9661907f253/cache-21e4783bb9cacad6.arrow
10/15/2022 20:23:05 - WARNING - datasets.arrow_dataset - Loading cached processed dataset at ./models/cache/json/default-8f3c33bc2d5f19d5/0.0.0/a3e658c4731e59120d44081ac10bf85dc7e1388126b92338344ce9661907f253/cache-442fbeb4764a87a7.arrow
10/15/2022 20:23:05 - WARNING - datasets.arrow_dataset - Loading cached processed dataset at ./models/cache/json/default-8f3c33bc2d5f19d5/0.0.0/a3e658c4731e59120d44081ac10bf85dc7e1388126b92338344ce9661907f253/cache-6526a2d27a002f3d.arrow
10/15/2022 20:23:05 - WARNING - datasets.arrow_dataset - Loading cached processed dataset at ./models/cache/json/default-8f3c33bc2d5f19d5/0.0.0/a3e658c4731e59120d44081ac10bf85dc7e1388126b92338344ce9661907f253/cache-4455b9222c977b08.arrow
10/15/2022 20:23:56 - WARNING - datasets.arrow_dataset - Loading cached processed dataset at ./models/cache/json/default-8f3c33bc2d5f19d5/0.0.0/a3e658c4731e59120d44081ac10bf85dc7e1388126b92338344ce9661907f253/cache-23b2ba560fdadcec.arrow
10/15/2022 20:23:56 - WARNING - datasets.arrow_dataset - Loading cached processed dataset at ./models/cache/json/default-8f3c33bc2d5f19d5/0.0.0/a3e658c4731e59120d44081ac10bf85dc7e1388126b92338344ce9661907f253/cache-9b133c11283d8086.arrow
10/15/2022 20:23:56 - WARNING - datasets.arrow_dataset - Loading cached processed dataset at ./models/cache/json/default-8f3c33bc2d5f19d5/0.0.0/a3e658c4731e59120d44081ac10bf85dc7e1388126b92338344ce9661907f253/cache-56b69a65dc71d3ae.arrow
10/15/2022 20:23:56 - WARNING - datasets.arrow_dataset - Loading cached processed dataset at ./models/cache/json/default-8f3c33bc2d5f19d5/0.0.0/a3e658c4731e59120d44081ac10bf85dc7e1388126b92338344ce9661907f253/cache-34ac017bef20e048.arrow
10/15/2022 20:23:56 - WARNING - datasets.arrow_dataset - Loading cached processed dataset at ./models/cache/json/default-8f3c33bc2d5f19d5/0.0.0/a3e658c4731e59120d44081ac10bf85dc7e1388126b92338344ce9661907f253/cache-cb2ca669c8150078.arrow
10/15/2022 20:23:56 - WARNING - datasets.arrow_dataset - Loading cached processed dataset at ./models/cache/json/default-8f3c33bc2d5f19d5/0.0.0/a3e658c4731e59120d44081ac10bf85dc7e1388126b92338344ce9661907f253/cache-ca72ad13895d5c8c.arrow
10/15/2022 20:23:56 - WARNING - datasets.arrow_dataset - Loading cached processed dataset at ./models/cache/json/default-8f3c33bc2d5f19d5/0.0.0/a3e658c4731e59120d44081ac10bf85dc7e1388126b92338344ce9661907f253/cache-855f8beca4b4cbe1.arrow
10/15/2022 20:23:56 - WARNING - datasets.arrow_dataset - Loading cached processed dataset at ./models/cache/json/default-8f3c33bc2d5f19d5/0.0.0/a3e658c4731e59120d44081ac10bf85dc7e1388126b92338344ce9661907f253/cache-b6ff68238b2a41c4.arrow
10/15/2022 20:24:09 - INFO - __main__ - *** Predict ***
***** predict metrics *****
  predict_accuracy           =     0.0694
  predict_loss               =     6.7745
  predict_runtime            = 0:58:00.63
  predict_samples            =      26157
  predict_samples_per_second =      7.515
  predict_steps_per_second   =      0.939
