11/11/2022 15:30:59 - WARNING - __main__ - Process rank: -1, device: cuda:0, n_gpu: 2distributed training: False, 16-bits training: False
11/11/2022 15:30:59 - INFO - __main__ - Training/evaluation parameters Seq2SeqTrainingArguments(
_n_gpu=2,
adafactor=False,
adam_beta1=0.9,
adam_beta2=0.999,
adam_epsilon=1e-08,
auto_find_batch_size=False,
bf16=False,
bf16_full_eval=False,
data_seed=None,
dataloader_drop_last=False,
dataloader_num_workers=0,
dataloader_pin_memory=True,
ddp_bucket_cap_mb=None,
ddp_find_unused_parameters=None,
debug=[],
deepspeed=None,
disable_tqdm=False,
do_eval=True,
do_predict=True,
do_train=True,
eval_accumulation_steps=None,
eval_delay=0,
eval_steps=None,
evaluation_strategy=no,
fp16=False,
fp16_backend=auto,
fp16_full_eval=False,
fp16_opt_level=O1,
fsdp=[],
fsdp_min_num_params=0,
fsdp_transformer_layer_cls_to_wrap=None,
full_determinism=False,
generation_max_length=None,
generation_num_beams=None,
gradient_accumulation_steps=1,
gradient_checkpointing=False,
greater_is_better=None,
group_by_length=False,
half_precision_backend=auto,
hub_model_id=None,
hub_private_repo=False,
hub_strategy=every_save,
hub_token=<HUB_TOKEN>,
ignore_data_skip=False,
include_inputs_for_metrics=False,
jit_mode_eval=False,
label_names=None,
label_smoothing_factor=0.0,
learning_rate=5e-05,
length_column_name=length,
load_best_model_at_end=False,
local_rank=-1,
log_level=-1,
log_level_replica=-1,
log_on_each_node=True,
logging_dir=../experiments/runs/Nov11_15-30-58_mscluster67.ms.wits.ac.za,
logging_first_step=False,
logging_nan_inf_filter=True,
logging_steps=500,
logging_strategy=steps,
lr_scheduler_type=linear,
max_grad_norm=1.0,
max_steps=-1,
metric_for_best_model=None,
mp_parameters=,
no_cuda=False,
num_train_epochs=3.0,
optim=adamw_hf,
output_dir=../experiments/word-initial-disjoint/t5-small/one/cl/i_or,
overwrite_output_dir=False,
past_index=-1,
per_device_eval_batch_size=8,
per_device_train_batch_size=8,
predict_with_generate=True,
prediction_loss_only=False,
push_to_hub=False,
push_to_hub_model_id=None,
push_to_hub_organization=None,
push_to_hub_token=<PUSH_TO_HUB_TOKEN>,
ray_scope=last,
remove_unused_columns=True,
report_to=[],
resume_from_checkpoint=None,
run_name=../experiments/,
save_on_each_node=False,
save_steps=5000,
save_strategy=steps,
save_total_limit=None,
seed=42,
sharded_ddp=[],
skip_memory_metrics=True,
sortish_sampler=False,
tf32=None,
torchdynamo=None,
tpu_metrics_debug=False,
tpu_num_cores=None,
use_ipex=False,
use_legacy_prediction_loop=False,
warmup_ratio=0.0,
warmup_steps=0,
weight_decay=0.0,
xpu_backend=None,
)
11/11/2022 15:31:00 - WARNING - datasets.builder - Using custom data configuration default-43bfcad7938c5696
11/11/2022 15:31:00 - INFO - datasets.builder - Overwrite dataset info from restored data version.
11/11/2022 15:31:00 - INFO - datasets.info - Loading Dataset info from ./models/cache/json/default-43bfcad7938c5696/0.0.0/a3e658c4731e59120d44081ac10bf85dc7e1388126b92338344ce9661907f253
11/11/2022 15:31:09 - WARNING - datasets.builder - Reusing dataset json (./models/cache/json/default-43bfcad7938c5696/0.0.0/a3e658c4731e59120d44081ac10bf85dc7e1388126b92338344ce9661907f253)
11/11/2022 15:31:09 - INFO - datasets.info - Loading Dataset info from ./models/cache/json/default-43bfcad7938c5696/0.0.0/a3e658c4731e59120d44081ac10bf85dc7e1388126b92338344ce9661907f253
11/11/2022 15:31:18 - INFO - __main__ - Loaded the word-initial-disjoint dataset:
DatasetDict({
    train: Dataset({
        features: ['clue', 'answer', 'annotation', 'predicted_rationale', 'predicted_answer'],
        num_rows: 367704
    })
    validation: Dataset({
        features: ['clue', 'answer', 'annotation', 'predicted_rationale', 'predicted_answer'],
        num_rows: 102801
    })
    test: Dataset({
        features: ['clue', 'answer', 'annotation', 'predicted_rationale', 'predicted_answer'],
        num_rows: 121704
    })
})
{'loss': 5.4657, 'learning_rate': 4.9637397383459525e-05, 'epoch': 0.02}
{'loss': 4.2589, 'learning_rate': 4.927479476691904e-05, 'epoch': 0.04}
{'loss': 4.0509, 'learning_rate': 4.8912192150378564e-05, 'epoch': 0.07}
{'loss': 3.9147, 'learning_rate': 4.854958953383808e-05, 'epoch': 0.09}
{'loss': 3.8236, 'learning_rate': 4.81869869172976e-05, 'epoch': 0.11}
{'loss': 3.75, 'learning_rate': 4.782438430075712e-05, 'epoch': 0.13}
{'loss': 3.6908, 'learning_rate': 4.7461781684216635e-05, 'epoch': 0.15}
{'loss': 3.6369, 'learning_rate': 4.709917906767615e-05, 'epoch': 0.17}
{'loss': 3.6096, 'learning_rate': 4.6736576451135674e-05, 'epoch': 0.2}
{'loss': 3.5601, 'learning_rate': 4.637397383459519e-05, 'epoch': 0.22}
{'loss': 3.5361, 'learning_rate': 4.601137121805471e-05, 'epoch': 0.24}
{'loss': 3.5016, 'learning_rate': 4.564876860151423e-05, 'epoch': 0.26}
{'loss': 3.4754, 'learning_rate': 4.528616598497375e-05, 'epoch': 0.28}
{'loss': 3.453, 'learning_rate': 4.492356336843327e-05, 'epoch': 0.3}
{'loss': 3.4108, 'learning_rate': 4.456096075189279e-05, 'epoch': 0.33}
{'loss': 3.4109, 'learning_rate': 4.4198358135352306e-05, 'epoch': 0.35}
{'loss': 3.3742, 'learning_rate': 4.383575551881183e-05, 'epoch': 0.37}
{'loss': 3.3792, 'learning_rate': 4.3473152902271345e-05, 'epoch': 0.39}
{'loss': 3.3489, 'learning_rate': 4.311055028573087e-05, 'epoch': 0.41}
{'loss': 3.3231, 'learning_rate': 4.274794766919038e-05, 'epoch': 0.44}
{'loss': 3.3259, 'learning_rate': 4.23853450526499e-05, 'epoch': 0.46}
{'loss': 3.3131, 'learning_rate': 4.2022742436109416e-05, 'epoch': 0.48}
{'loss': 3.2942, 'learning_rate': 4.166013981956894e-05, 'epoch': 0.5}
{'loss': 3.2788, 'learning_rate': 4.129753720302846e-05, 'epoch': 0.52}
{'loss': 3.275, 'learning_rate': 4.093493458648798e-05, 'epoch': 0.54}
{'loss': 3.2472, 'learning_rate': 4.05723319699475e-05, 'epoch': 0.57}
{'loss': 3.2525, 'learning_rate': 4.0209729353407016e-05, 'epoch': 0.59}
{'loss': 3.23, 'learning_rate': 3.984712673686654e-05, 'epoch': 0.61}
{'loss': 3.2243, 'learning_rate': 3.9484524120326055e-05, 'epoch': 0.63}
{'loss': 3.2284, 'learning_rate': 3.912192150378558e-05, 'epoch': 0.65}
{'loss': 3.2332, 'learning_rate': 3.8759318887245094e-05, 'epoch': 0.67}
{'loss': 3.2147, 'learning_rate': 3.8396716270704616e-05, 'epoch': 0.7}
{'loss': 3.1769, 'learning_rate': 3.803411365416413e-05, 'epoch': 0.72}
{'loss': 3.1955, 'learning_rate': 3.767151103762365e-05, 'epoch': 0.74}
{'loss': 3.1853, 'learning_rate': 3.7308908421083165e-05, 'epoch': 0.76}
{'loss': 3.1743, 'learning_rate': 3.694630580454269e-05, 'epoch': 0.78}
{'loss': 3.1414, 'learning_rate': 3.65837031880022e-05, 'epoch': 0.8}
{'loss': 3.1596, 'learning_rate': 3.6221100571461726e-05, 'epoch': 0.83}
{'loss': 3.1431, 'learning_rate': 3.585849795492124e-05, 'epoch': 0.85}
{'loss': 3.1216, 'learning_rate': 3.5495895338380765e-05, 'epoch': 0.87}
{'loss': 3.1474, 'learning_rate': 3.513329272184028e-05, 'epoch': 0.89}
{'loss': 3.1209, 'learning_rate': 3.4770690105299804e-05, 'epoch': 0.91}
{'loss': 3.1178, 'learning_rate': 3.440808748875932e-05, 'epoch': 0.94}
{'loss': 3.1097, 'learning_rate': 3.404548487221884e-05, 'epoch': 0.96}
{'loss': 3.1189, 'learning_rate': 3.368288225567836e-05, 'epoch': 0.98}
{'loss': 3.0989, 'learning_rate': 3.332027963913788e-05, 'epoch': 1.0}
{'loss': 3.1013, 'learning_rate': 3.29576770225974e-05, 'epoch': 1.02}
{'loss': 3.0776, 'learning_rate': 3.259507440605691e-05, 'epoch': 1.04}
{'loss': 3.0842, 'learning_rate': 3.2232471789516436e-05, 'epoch': 1.07}
{'loss': 3.0776, 'learning_rate': 3.186986917297595e-05, 'epoch': 1.09}
{'loss': 3.0552, 'learning_rate': 3.1507266556435475e-05, 'epoch': 1.11}
{'loss': 3.0626, 'learning_rate': 3.114466393989499e-05, 'epoch': 1.13}
{'loss': 3.0532, 'learning_rate': 3.0782061323354514e-05, 'epoch': 1.15}
{'loss': 3.0591, 'learning_rate': 3.041945870681403e-05, 'epoch': 1.17}
{'loss': 3.0377, 'learning_rate': 3.005685609027355e-05, 'epoch': 1.2}
{'loss': 3.0265, 'learning_rate': 2.969425347373307e-05, 'epoch': 1.22}
{'loss': 3.0399, 'learning_rate': 2.9331650857192588e-05, 'epoch': 1.24}
{'loss': 3.0386, 'learning_rate': 2.8969048240652107e-05, 'epoch': 1.26}
{'loss': 3.0521, 'learning_rate': 2.8606445624111627e-05, 'epoch': 1.28}
{'loss': 3.021, 'learning_rate': 2.8243843007571143e-05, 'epoch': 1.31}
{'loss': 3.0305, 'learning_rate': 2.7881240391030662e-05, 'epoch': 1.33}
{'loss': 3.0411, 'learning_rate': 2.751863777449018e-05, 'epoch': 1.35}
{'loss': 3.0113, 'learning_rate': 2.71560351579497e-05, 'epoch': 1.37}
{'loss': 3.0264, 'learning_rate': 2.679343254140922e-05, 'epoch': 1.39}
{'loss': 2.9932, 'learning_rate': 2.643082992486874e-05, 'epoch': 1.41}
{'loss': 2.9707, 'learning_rate': 2.606822730832826e-05, 'epoch': 1.44}
{'loss': 3.0027, 'learning_rate': 2.570562469178778e-05, 'epoch': 1.46}
{'loss': 3.0059, 'learning_rate': 2.5343022075247298e-05, 'epoch': 1.48}
{'loss': 3.0025, 'learning_rate': 2.4980419458706817e-05, 'epoch': 1.5}
{'loss': 2.9723, 'learning_rate': 2.4617816842166333e-05, 'epoch': 1.52}
{'loss': 2.9765, 'learning_rate': 2.4255214225625853e-05, 'epoch': 1.54}
{'loss': 2.9764, 'learning_rate': 2.3892611609085372e-05, 'epoch': 1.57}
{'loss': 2.9664, 'learning_rate': 2.353000899254489e-05, 'epoch': 1.59}
{'loss': 2.9763, 'learning_rate': 2.316740637600441e-05, 'epoch': 1.61}
{'loss': 2.986, 'learning_rate': 2.280480375946393e-05, 'epoch': 1.63}
{'loss': 2.9971, 'learning_rate': 2.244220114292345e-05, 'epoch': 1.65}
{'loss': 2.9674, 'learning_rate': 2.2079598526382966e-05, 'epoch': 1.68}
{'loss': 2.9809, 'learning_rate': 2.1716995909842485e-05, 'epoch': 1.7}
{'loss': 2.9579, 'learning_rate': 2.1354393293302005e-05, 'epoch': 1.72}
{'loss': 2.9641, 'learning_rate': 2.0991790676761524e-05, 'epoch': 1.74}
{'loss': 2.9472, 'learning_rate': 2.0629188060221044e-05, 'epoch': 1.76}
{'loss': 2.9695, 'learning_rate': 2.0266585443680563e-05, 'epoch': 1.78}
{'loss': 2.9698, 'learning_rate': 1.990398282714008e-05, 'epoch': 1.81}
{'loss': 2.9482, 'learning_rate': 1.95413802105996e-05, 'epoch': 1.83}
{'loss': 2.9481, 'learning_rate': 1.9178777594059118e-05, 'epoch': 1.85}
{'loss': 2.9397, 'learning_rate': 1.8816174977518637e-05, 'epoch': 1.87}
{'loss': 2.9598, 'learning_rate': 1.8453572360978157e-05, 'epoch': 1.89}
{'loss': 2.9536, 'learning_rate': 1.8090969744437676e-05, 'epoch': 1.91}
{'loss': 2.9441, 'learning_rate': 1.7728367127897195e-05, 'epoch': 1.94}
{'loss': 2.956, 'learning_rate': 1.7365764511356715e-05, 'epoch': 1.96}
{'loss': 2.9381, 'learning_rate': 1.7003161894816234e-05, 'epoch': 1.98}
{'loss': 2.9457, 'learning_rate': 1.6640559278275754e-05, 'epoch': 2.0}
{'loss': 2.9204, 'learning_rate': 1.6277956661735273e-05, 'epoch': 2.02}
{'loss': 2.9338, 'learning_rate': 1.5915354045194792e-05, 'epoch': 2.05}
{'loss': 2.9256, 'learning_rate': 1.5552751428654312e-05, 'epoch': 2.07}
{'loss': 2.9451, 'learning_rate': 1.519014881211383e-05, 'epoch': 2.09}
{'loss': 2.9106, 'learning_rate': 1.4827546195573347e-05, 'epoch': 2.11}
{'loss': 2.9535, 'learning_rate': 1.4464943579032867e-05, 'epoch': 2.13}
{'loss': 2.8969, 'learning_rate': 1.4102340962492386e-05, 'epoch': 2.15}
{'loss': 2.9151, 'learning_rate': 1.3739738345951905e-05, 'epoch': 2.18}
{'loss': 2.9318, 'learning_rate': 1.3377135729411425e-05, 'epoch': 2.2}
{'loss': 2.9069, 'learning_rate': 1.3014533112870944e-05, 'epoch': 2.22}
{'loss': 2.9043, 'learning_rate': 1.265193049633046e-05, 'epoch': 2.24}
{'loss': 2.9012, 'learning_rate': 1.2289327879789981e-05, 'epoch': 2.26}
{'loss': 2.8975, 'learning_rate': 1.1926725263249499e-05, 'epoch': 2.28}
{'loss': 2.9026, 'learning_rate': 1.1564122646709018e-05, 'epoch': 2.31}
{'loss': 2.9082, 'learning_rate': 1.1201520030168538e-05, 'epoch': 2.33}
{'loss': 2.906, 'learning_rate': 1.0838917413628057e-05, 'epoch': 2.35}
{'loss': 2.9259, 'learning_rate': 1.0476314797087577e-05, 'epoch': 2.37}
{'loss': 2.8942, 'learning_rate': 1.0113712180547096e-05, 'epoch': 2.39}
{'loss': 2.9202, 'learning_rate': 9.751109564006615e-06, 'epoch': 2.41}
{'loss': 2.8965, 'learning_rate': 9.388506947466133e-06, 'epoch': 2.44}
{'loss': 2.9083, 'learning_rate': 9.025904330925653e-06, 'epoch': 2.46}
{'loss': 2.9154, 'learning_rate': 8.663301714385172e-06, 'epoch': 2.48}
{'loss': 2.9206, 'learning_rate': 8.30069909784469e-06, 'epoch': 2.5}
{'loss': 2.909, 'learning_rate': 7.938096481304209e-06, 'epoch': 2.52}
{'loss': 2.9044, 'learning_rate': 7.5754938647637284e-06, 'epoch': 2.55}
{'loss': 2.8998, 'learning_rate': 7.212891248223247e-06, 'epoch': 2.57}
{'loss': 2.9059, 'learning_rate': 6.850288631682766e-06, 'epoch': 2.59}
{'loss': 2.8785, 'learning_rate': 6.487686015142286e-06, 'epoch': 2.61}
{'loss': 2.9085, 'learning_rate': 6.125083398601804e-06, 'epoch': 2.63}
{'loss': 2.8908, 'learning_rate': 5.762480782061323e-06, 'epoch': 2.65}
{'loss': 2.9119, 'learning_rate': 5.399878165520843e-06, 'epoch': 2.68}
{'loss': 2.8912, 'learning_rate': 5.037275548980362e-06, 'epoch': 2.7}
{'loss': 2.9135, 'learning_rate': 4.674672932439881e-06, 'epoch': 2.72}
{'loss': 2.8771, 'learning_rate': 4.3120703158994e-06, 'epoch': 2.74}
{'loss': 2.8922, 'learning_rate': 3.949467699358918e-06, 'epoch': 2.76}
{'loss': 2.902, 'learning_rate': 3.586865082818438e-06, 'epoch': 2.78}
{'loss': 2.9027, 'learning_rate': 3.2242624662779566e-06, 'epoch': 2.81}
{'loss': 2.8762, 'learning_rate': 2.8616598497374756e-06, 'epoch': 2.83}
{'loss': 2.8938, 'learning_rate': 2.499057233196995e-06, 'epoch': 2.85}
{'loss': 2.9156, 'learning_rate': 2.136454616656514e-06, 'epoch': 2.87}
{'loss': 2.8807, 'learning_rate': 1.773852000116033e-06, 'epoch': 2.89}
{'loss': 2.8947, 'learning_rate': 1.411249383575552e-06, 'epoch': 2.92}
{'loss': 2.9024, 'learning_rate': 1.0486467670350711e-06, 'epoch': 2.94}
{'loss': 2.8889, 'learning_rate': 6.8604415049459e-07, 'epoch': 2.96}
{'loss': 2.9007, 'learning_rate': 3.23441533954109e-07, 'epoch': 2.98}
{'train_runtime': 17291.1665, 'train_samples_per_second': 63.796, 'train_steps_per_second': 3.987, 'train_loss': 3.107198856685622, 'epoch': 3.0}
***** train metrics *****
  epoch                    =        3.0
  train_loss               =     3.1072
  train_runtime            = 4:48:11.16
  train_samples            =     367704
  train_samples_per_second =     63.796
  train_steps_per_second   =      3.987
11/11/2022 20:23:00 - INFO - __main__ - *** Evaluate ***
***** eval metrics *****
  epoch                   =        3.0
  eval_accuracy           =     0.0003
  eval_loss               =     2.7206
  eval_runtime            = 4:23:16.11
  eval_samples            =     102801
  eval_samples_per_second =      6.508
  eval_steps_per_second   =      0.407
11/12/2022 00:46:17 - INFO - __main__ - *** Predict ***
***** predict metrics *****
  predict_accuracy           =     0.0001
  predict_loss               =      2.743
  predict_runtime            = 5:15:54.74
  predict_samples            =     121704
  predict_samples_per_second =      6.421
  predict_steps_per_second   =      0.401
