10/06/2022 17:57:08 - WARNING - __main__ - Process rank: -1, device: cuda:0, n_gpu: 1distributed training: False, 16-bits training: False
10/06/2022 17:57:08 - INFO - __main__ - Training/evaluation parameters Seq2SeqTrainingArguments(
_n_gpu=1,
adafactor=False,
adam_beta1=0.9,
adam_beta2=0.999,
adam_epsilon=1e-08,
auto_find_batch_size=False,
bf16=False,
bf16_full_eval=False,
data_seed=None,
dataloader_drop_last=False,
dataloader_num_workers=0,
dataloader_pin_memory=True,
ddp_bucket_cap_mb=None,
ddp_find_unused_parameters=None,
debug=[],
deepspeed=None,
disable_tqdm=False,
do_eval=False,
do_predict=True,
do_train=False,
eval_accumulation_steps=None,
eval_delay=0,
eval_steps=None,
evaluation_strategy=no,
fp16=False,
fp16_backend=auto,
fp16_full_eval=False,
fp16_opt_level=O1,
fsdp=[],
fsdp_min_num_params=0,
fsdp_transformer_layer_cls_to_wrap=None,
full_determinism=False,
generation_max_length=None,
generation_num_beams=None,
gradient_accumulation_steps=1,
gradient_checkpointing=False,
greater_is_better=None,
group_by_length=False,
half_precision_backend=auto,
hub_model_id=None,
hub_private_repo=False,
hub_strategy=every_save,
hub_token=<HUB_TOKEN>,
ignore_data_skip=False,
include_inputs_for_metrics=False,
jit_mode_eval=False,
label_names=None,
label_smoothing_factor=0.0,
learning_rate=5e-05,
length_column_name=length,
load_best_model_at_end=False,
local_rank=-1,
log_level=-1,
log_level_replica=-1,
log_on_each_node=True,
logging_dir=../experiments/runs/Oct06_17-57-07_mscluster32.ms.wits.ac.za,
logging_first_step=False,
logging_nan_inf_filter=True,
logging_steps=500,
logging_strategy=steps,
lr_scheduler_type=linear,
max_grad_norm=1.0,
max_steps=-1,
metric_for_best_model=None,
mp_parameters=,
no_cuda=False,
num_train_epochs=3.0,
optim=adamw_hf,
output_dir=../experiments/i_or_data/word-initial-disjoint/t5-large/,
overwrite_output_dir=False,
past_index=-1,
per_device_eval_batch_size=8,
per_device_train_batch_size=8,
predict_with_generate=True,
prediction_loss_only=False,
push_to_hub=False,
push_to_hub_model_id=None,
push_to_hub_organization=None,
push_to_hub_token=<PUSH_TO_HUB_TOKEN>,
ray_scope=last,
remove_unused_columns=True,
report_to=[],
resume_from_checkpoint=None,
run_name=../experiments/,
save_on_each_node=False,
save_steps=5000,
save_strategy=steps,
save_total_limit=None,
seed=42,
sharded_ddp=[],
skip_memory_metrics=True,
sortish_sampler=False,
tf32=None,
torchdynamo=None,
tpu_metrics_debug=False,
tpu_num_cores=None,
use_ipex=False,
use_legacy_prediction_loop=False,
warmup_ratio=0.0,
warmup_steps=0,
weight_decay=0.0,
xpu_backend=None,
)
10/06/2022 17:57:09 - WARNING - datasets.builder - Using custom data configuration default-43bfcad7938c5696
10/06/2022 17:57:09 - INFO - datasets.builder - Overwrite dataset info from restored data version.
10/06/2022 17:57:09 - INFO - datasets.info - Loading Dataset info from ./models/cache/json/default-43bfcad7938c5696/0.0.0/a3e658c4731e59120d44081ac10bf85dc7e1388126b92338344ce9661907f253
10/06/2022 17:57:10 - WARNING - datasets.builder - Reusing dataset json (./models/cache/json/default-43bfcad7938c5696/0.0.0/a3e658c4731e59120d44081ac10bf85dc7e1388126b92338344ce9661907f253)
10/06/2022 17:57:10 - INFO - datasets.info - Loading Dataset info from ./models/cache/json/default-43bfcad7938c5696/0.0.0/a3e658c4731e59120d44081ac10bf85dc7e1388126b92338344ce9661907f253
10/06/2022 17:57:14 - INFO - __main__ - Loaded the word-initial-disjoint dataset:
DatasetDict({
    train: Dataset({
        features: ['clue', 'answer', 'annotation', 'predicted_rationale', 'predicted_answer'],
        num_rows: 367704
    })
    validation: Dataset({
        features: ['clue', 'answer', 'annotation', 'predicted_rationale', 'predicted_answer'],
        num_rows: 102801
    })
    test: Dataset({
        features: ['clue', 'answer', 'annotation', 'predicted_rationale', 'predicted_answer'],
        num_rows: 121704
    })
})
10/06/2022 17:57:15 - WARNING - datasets.arrow_dataset - Loading cached processed dataset at ./models/cache/json/default-43bfcad7938c5696/0.0.0/a3e658c4731e59120d44081ac10bf85dc7e1388126b92338344ce9661907f253/cache-cb099475e33122ee.arrow
10/06/2022 17:57:15 - WARNING - datasets.arrow_dataset - Loading cached processed dataset at ./models/cache/json/default-43bfcad7938c5696/0.0.0/a3e658c4731e59120d44081ac10bf85dc7e1388126b92338344ce9661907f253/cache-67923d30c167c3fb.arrow
10/06/2022 17:57:15 - WARNING - datasets.arrow_dataset - Loading cached processed dataset at ./models/cache/json/default-43bfcad7938c5696/0.0.0/a3e658c4731e59120d44081ac10bf85dc7e1388126b92338344ce9661907f253/cache-2413097515c13fa2.arrow
10/06/2022 17:57:15 - WARNING - datasets.arrow_dataset - Loading cached processed dataset at ./models/cache/json/default-43bfcad7938c5696/0.0.0/a3e658c4731e59120d44081ac10bf85dc7e1388126b92338344ce9661907f253/cache-71bff26337b0e36a.arrow
10/06/2022 17:57:15 - WARNING - datasets.arrow_dataset - Loading cached processed dataset at ./models/cache/json/default-43bfcad7938c5696/0.0.0/a3e658c4731e59120d44081ac10bf85dc7e1388126b92338344ce9661907f253/cache-1e290e3e45150ccf.arrow
10/06/2022 17:57:15 - WARNING - datasets.arrow_dataset - Loading cached processed dataset at ./models/cache/json/default-43bfcad7938c5696/0.0.0/a3e658c4731e59120d44081ac10bf85dc7e1388126b92338344ce9661907f253/cache-1c047cc086399e65.arrow
10/06/2022 17:57:15 - WARNING - datasets.arrow_dataset - Loading cached processed dataset at ./models/cache/json/default-43bfcad7938c5696/0.0.0/a3e658c4731e59120d44081ac10bf85dc7e1388126b92338344ce9661907f253/cache-680a512f44f9662f.arrow
10/06/2022 17:57:15 - WARNING - datasets.arrow_dataset - Loading cached processed dataset at ./models/cache/json/default-43bfcad7938c5696/0.0.0/a3e658c4731e59120d44081ac10bf85dc7e1388126b92338344ce9661907f253/cache-a61e98d35769842c.arrow
10/06/2022 17:57:20 - WARNING - datasets.arrow_dataset - Loading cached processed dataset at ./models/cache/json/default-43bfcad7938c5696/0.0.0/a3e658c4731e59120d44081ac10bf85dc7e1388126b92338344ce9661907f253/cache-bb9f78bfe4018eb8.arrow
10/06/2022 17:57:20 - WARNING - datasets.arrow_dataset - Loading cached processed dataset at ./models/cache/json/default-43bfcad7938c5696/0.0.0/a3e658c4731e59120d44081ac10bf85dc7e1388126b92338344ce9661907f253/cache-14b4b3034f04d293.arrow
10/06/2022 17:57:20 - WARNING - datasets.arrow_dataset - Loading cached processed dataset at ./models/cache/json/default-43bfcad7938c5696/0.0.0/a3e658c4731e59120d44081ac10bf85dc7e1388126b92338344ce9661907f253/cache-2a91042448d10511.arrow
10/06/2022 17:57:20 - WARNING - datasets.arrow_dataset - Loading cached processed dataset at ./models/cache/json/default-43bfcad7938c5696/0.0.0/a3e658c4731e59120d44081ac10bf85dc7e1388126b92338344ce9661907f253/cache-1aacaf6411b45bf7.arrow
10/06/2022 17:57:20 - WARNING - datasets.arrow_dataset - Loading cached processed dataset at ./models/cache/json/default-43bfcad7938c5696/0.0.0/a3e658c4731e59120d44081ac10bf85dc7e1388126b92338344ce9661907f253/cache-b3e2df637f35db4f.arrow
10/06/2022 17:57:20 - WARNING - datasets.arrow_dataset - Loading cached processed dataset at ./models/cache/json/default-43bfcad7938c5696/0.0.0/a3e658c4731e59120d44081ac10bf85dc7e1388126b92338344ce9661907f253/cache-8fc662d35da8f602.arrow
10/06/2022 17:57:20 - WARNING - datasets.arrow_dataset - Loading cached processed dataset at ./models/cache/json/default-43bfcad7938c5696/0.0.0/a3e658c4731e59120d44081ac10bf85dc7e1388126b92338344ce9661907f253/cache-c4714eae37392bae.arrow
10/06/2022 17:57:20 - WARNING - datasets.arrow_dataset - Loading cached processed dataset at ./models/cache/json/default-43bfcad7938c5696/0.0.0/a3e658c4731e59120d44081ac10bf85dc7e1388126b92338344ce9661907f253/cache-55f82cd31a06d20b.arrow
10/06/2022 17:57:21 - WARNING - datasets.arrow_dataset - Loading cached processed dataset at ./models/cache/json/default-43bfcad7938c5696/0.0.0/a3e658c4731e59120d44081ac10bf85dc7e1388126b92338344ce9661907f253/cache-a104e5f98fc28415.arrow
10/06/2022 17:57:21 - WARNING - datasets.arrow_dataset - Loading cached processed dataset at ./models/cache/json/default-43bfcad7938c5696/0.0.0/a3e658c4731e59120d44081ac10bf85dc7e1388126b92338344ce9661907f253/cache-d75cfb8469bfba3a.arrow
10/06/2022 17:57:21 - WARNING - datasets.arrow_dataset - Loading cached processed dataset at ./models/cache/json/default-43bfcad7938c5696/0.0.0/a3e658c4731e59120d44081ac10bf85dc7e1388126b92338344ce9661907f253/cache-9eb30843cc085559.arrow
10/06/2022 17:57:21 - WARNING - datasets.arrow_dataset - Loading cached processed dataset at ./models/cache/json/default-43bfcad7938c5696/0.0.0/a3e658c4731e59120d44081ac10bf85dc7e1388126b92338344ce9661907f253/cache-e47271e7d9d45607.arrow
10/06/2022 17:57:21 - WARNING - datasets.arrow_dataset - Loading cached processed dataset at ./models/cache/json/default-43bfcad7938c5696/0.0.0/a3e658c4731e59120d44081ac10bf85dc7e1388126b92338344ce9661907f253/cache-748c6e003ee71dcb.arrow
10/06/2022 17:57:21 - WARNING - datasets.arrow_dataset - Loading cached processed dataset at ./models/cache/json/default-43bfcad7938c5696/0.0.0/a3e658c4731e59120d44081ac10bf85dc7e1388126b92338344ce9661907f253/cache-4313e8c8caf96c4c.arrow
10/06/2022 17:57:21 - WARNING - datasets.arrow_dataset - Loading cached processed dataset at ./models/cache/json/default-43bfcad7938c5696/0.0.0/a3e658c4731e59120d44081ac10bf85dc7e1388126b92338344ce9661907f253/cache-d58c6aed458e5c26.arrow
10/06/2022 17:57:21 - WARNING - datasets.arrow_dataset - Loading cached processed dataset at ./models/cache/json/default-43bfcad7938c5696/0.0.0/a3e658c4731e59120d44081ac10bf85dc7e1388126b92338344ce9661907f253/cache-23ed1e87e8dd4ab5.arrow
10/06/2022 18:03:00 - INFO - __main__ - *** Predict ***
***** predict metrics *****
  predict_accuracy           =      0.0958
  predict_loss               =      1.6487
  predict_runtime            = 23:39:58.83
  predict_samples            =      592209
  predict_samples_per_second =       6.951
  predict_steps_per_second   =       0.869
