08/22/2022 21:24:17 - WARNING - __main__ - Process rank: -1, device: cuda:0, n_gpu: 1distributed training: False, 16-bits training: False
08/22/2022 21:24:18 - INFO - __main__ - Training/evaluation parameters Seq2SeqTrainingArguments(
_n_gpu=1,
adafactor=False,
adam_beta1=0.9,
adam_beta2=0.999,
adam_epsilon=1e-08,
auto_find_batch_size=False,
bf16=False,
bf16_full_eval=False,
data_seed=None,
dataloader_drop_last=False,
dataloader_num_workers=0,
dataloader_pin_memory=True,
ddp_bucket_cap_mb=None,
ddp_find_unused_parameters=None,
debug=[],
deepspeed=None,
disable_tqdm=False,
do_eval=True,
do_predict=True,
do_train=True,
eval_accumulation_steps=None,
eval_delay=0,
eval_steps=None,
evaluation_strategy=no,
fp16=False,
fp16_backend=auto,
fp16_full_eval=False,
fp16_opt_level=O1,
fsdp=[],
fsdp_min_num_params=0,
fsdp_transformer_layer_cls_to_wrap=None,
full_determinism=False,
generation_max_length=None,
generation_num_beams=None,
gradient_accumulation_steps=1,
gradient_checkpointing=False,
greater_is_better=None,
group_by_length=False,
half_precision_backend=auto,
hub_model_id=None,
hub_private_repo=False,
hub_strategy=every_save,
hub_token=<HUB_TOKEN>,
ignore_data_skip=False,
include_inputs_for_metrics=False,
jit_mode_eval=False,
label_names=None,
label_smoothing_factor=0.0,
learning_rate=5e-05,
length_column_name=length,
load_best_model_at_end=False,
local_rank=-1,
log_level=-1,
log_level_replica=-1,
log_on_each_node=True,
logging_dir=../experiments/runs/Aug22_21-24-16_mscluster46.ms.wits.ac.za,
logging_first_step=False,
logging_nan_inf_filter=True,
logging_steps=5000,
logging_strategy=steps,
lr_scheduler_type=linear,
max_grad_norm=1.0,
max_steps=-1,
metric_for_best_model=None,
mp_parameters=,
no_cuda=False,
num_train_epochs=3.0,
optim=adamw_hf,
output_dir=../experiments/naive-disjoint/i_o,
overwrite_output_dir=False,
past_index=-1,
per_device_eval_batch_size=8,
per_device_train_batch_size=8,
predict_with_generate=True,
prediction_loss_only=False,
push_to_hub=False,
push_to_hub_model_id=None,
push_to_hub_organization=None,
push_to_hub_token=<PUSH_TO_HUB_TOKEN>,
ray_scope=last,
remove_unused_columns=True,
report_to=[],
resume_from_checkpoint=None,
run_name=../experiments/,
save_on_each_node=False,
save_steps=5000,
save_strategy=steps,
save_total_limit=None,
seed=42,
sharded_ddp=[],
skip_memory_metrics=True,
sortish_sampler=False,
tf32=None,
torchdynamo=None,
tpu_metrics_debug=False,
tpu_num_cores=None,
use_ipex=False,
use_legacy_prediction_loop=False,
warmup_ratio=0.0,
warmup_steps=0,
weight_decay=0.0,
xpu_backend=None,
)
08/22/2022 21:24:19 - WARNING - datasets.builder - Using custom data configuration default-e009c30c675eeb8b
08/22/2022 21:24:19 - INFO - datasets.builder - Overwrite dataset info from restored data version.
08/22/2022 21:24:19 - INFO - datasets.info - Loading Dataset info from ./models/cache/json/default-e009c30c675eeb8b/0.0.0/a3e658c4731e59120d44081ac10bf85dc7e1388126b92338344ce9661907f253
08/22/2022 21:24:21 - WARNING - datasets.builder - Reusing dataset json (./models/cache/json/default-e009c30c675eeb8b/0.0.0/a3e658c4731e59120d44081ac10bf85dc7e1388126b92338344ce9661907f253)
08/22/2022 21:24:21 - INFO - datasets.info - Loading Dataset info from ./models/cache/json/default-e009c30c675eeb8b/0.0.0/a3e658c4731e59120d44081ac10bf85dc7e1388126b92338344ce9661907f253
08/22/2022 21:24:28 - INFO - __main__ - Loaded the naive-disjoint dataset:
DatasetDict({
    train: Dataset({
        features: ['clue', 'answer', 'annotation', 'rationale'],
        num_rows: 353630
    })
    validation: Dataset({
        features: ['clue', 'answer', 'annotation', 'rationale'],
        num_rows: 119828
    })
    test: Dataset({
        features: ['clue', 'answer', 'annotation', 'rationale'],
        num_rows: 118751
    })
})
{'loss': 3.8967, 'learning_rate': 4.811480107380931e-05, 'epoch': 0.11}
{'loss': 3.5899, 'learning_rate': 4.622960214761862e-05, 'epoch': 0.23}
{'loss': 3.4654, 'learning_rate': 4.434440322142793e-05, 'epoch': 0.34}
{'loss': 3.3776, 'learning_rate': 4.2459204295237236e-05, 'epoch': 0.45}
{'loss': 3.3066, 'learning_rate': 4.0574005369046545e-05, 'epoch': 0.57}
{'loss': 3.251, 'learning_rate': 3.868880644285585e-05, 'epoch': 0.68}
{'loss': 3.2149, 'learning_rate': 3.680360751666516e-05, 'epoch': 0.79}
{'loss': 3.1692, 'learning_rate': 3.491840859047446e-05, 'epoch': 0.9}
{'loss': 3.1189, 'learning_rate': 3.303320966428378e-05, 'epoch': 1.02}
{'loss': 3.0787, 'learning_rate': 3.114801073809309e-05, 'epoch': 1.13}
{'loss': 3.0515, 'learning_rate': 2.9262811811902392e-05, 'epoch': 1.24}
{'loss': 3.0203, 'learning_rate': 2.73776128857117e-05, 'epoch': 1.36}
{'loss': 3.0014, 'learning_rate': 2.5492413959521012e-05, 'epoch': 1.47}
{'loss': 2.9679, 'learning_rate': 2.3607215033330317e-05, 'epoch': 1.58}
{'loss': 2.9539, 'learning_rate': 2.1722016107139626e-05, 'epoch': 1.7}
{'loss': 2.9488, 'learning_rate': 1.9836817180948934e-05, 'epoch': 1.81}
{'loss': 2.9314, 'learning_rate': 1.7951618254758242e-05, 'epoch': 1.92}
{'loss': 2.9066, 'learning_rate': 1.606641932856755e-05, 'epoch': 2.04}
{'loss': 2.8847, 'learning_rate': 1.4181220402376861e-05, 'epoch': 2.15}
{'loss': 2.8752, 'learning_rate': 1.2296021476186168e-05, 'epoch': 2.26}
{'loss': 2.8619, 'learning_rate': 1.0410822549995476e-05, 'epoch': 2.38}
{'loss': 2.8542, 'learning_rate': 8.525623623804785e-06, 'epoch': 2.49}
{'loss': 2.8534, 'learning_rate': 6.640424697614092e-06, 'epoch': 2.6}
{'loss': 2.8384, 'learning_rate': 4.755225771423401e-06, 'epoch': 2.71}
{'loss': 2.8362, 'learning_rate': 2.870026845232709e-06, 'epoch': 2.83}
{'loss': 2.8389, 'learning_rate': 9.848279190420173e-07, 'epoch': 2.94}
{'train_runtime': 9245.4098, 'train_samples_per_second': 114.748, 'train_steps_per_second': 14.344, 'train_loss': 3.075785578593472, 'epoch': 3.0}
***** train metrics *****
  epoch                    =        3.0
  train_loss               =     3.0758
  train_runtime            = 2:34:05.40
  train_samples            =     353630
  train_samples_per_second =    114.748
  train_steps_per_second   =     14.344
08/23/2022 00:01:47 - INFO - __main__ - *** Evaluate ***
***** eval metrics *****
  epoch                   =        3.0
  eval_accuracy           =     0.0022
  eval_loss               =     3.0299
  eval_runtime            = 1:32:54.82
  eval_samples            =     119828
  eval_samples_per_second =     21.494
  eval_steps_per_second   =      2.687
08/23/2022 01:34:42 - INFO - __main__ - *** Predict ***
***** predict metrics *****
  predict_accuracy           =     0.0018
  predict_loss               =      3.024
  predict_runtime            = 1:32:22.24
  predict_samples            =     118751
  predict_samples_per_second =     21.426
  predict_steps_per_second   =      2.678
