08/23/2022 18:11:22 - WARNING - __main__ - Process rank: -1, device: cuda:0, n_gpu: 1distributed training: False, 16-bits training: False
08/23/2022 18:11:22 - INFO - __main__ - Training/evaluation parameters Seq2SeqTrainingArguments(
_n_gpu=1,
adafactor=False,
adam_beta1=0.9,
adam_beta2=0.999,
adam_epsilon=1e-08,
auto_find_batch_size=False,
bf16=False,
bf16_full_eval=False,
data_seed=None,
dataloader_drop_last=False,
dataloader_num_workers=0,
dataloader_pin_memory=True,
ddp_bucket_cap_mb=None,
ddp_find_unused_parameters=None,
debug=[],
deepspeed=None,
disable_tqdm=False,
do_eval=True,
do_predict=True,
do_train=True,
eval_accumulation_steps=None,
eval_delay=0,
eval_steps=None,
evaluation_strategy=no,
fp16=False,
fp16_backend=auto,
fp16_full_eval=False,
fp16_opt_level=O1,
fsdp=[],
fsdp_min_num_params=0,
fsdp_transformer_layer_cls_to_wrap=None,
full_determinism=False,
generation_max_length=None,
generation_num_beams=None,
gradient_accumulation_steps=1,
gradient_checkpointing=False,
greater_is_better=None,
group_by_length=False,
half_precision_backend=auto,
hub_model_id=None,
hub_private_repo=False,
hub_strategy=every_save,
hub_token=<HUB_TOKEN>,
ignore_data_skip=False,
include_inputs_for_metrics=False,
jit_mode_eval=False,
label_names=None,
label_smoothing_factor=0.0,
learning_rate=5e-05,
length_column_name=length,
load_best_model_at_end=False,
local_rank=-1,
log_level=-1,
log_level_replica=-1,
log_on_each_node=True,
logging_dir=../experiments/runs/Aug23_18-11-21_mscluster26.ms.wits.ac.za,
logging_first_step=False,
logging_nan_inf_filter=True,
logging_steps=500,
logging_strategy=steps,
lr_scheduler_type=linear,
max_grad_norm=1.0,
max_steps=-1,
metric_for_best_model=None,
mp_parameters=,
no_cuda=False,
num_train_epochs=3.0,
optim=adamw_hf,
output_dir=../experiments/naive-disjoint/t5-large/i_or,
overwrite_output_dir=False,
past_index=-1,
per_device_eval_batch_size=8,
per_device_train_batch_size=8,
predict_with_generate=True,
prediction_loss_only=False,
push_to_hub=False,
push_to_hub_model_id=None,
push_to_hub_organization=None,
push_to_hub_token=<PUSH_TO_HUB_TOKEN>,
ray_scope=last,
remove_unused_columns=True,
report_to=[],
resume_from_checkpoint=None,
run_name=../experiments/,
save_on_each_node=False,
save_steps=5000,
save_strategy=steps,
save_total_limit=None,
seed=42,
sharded_ddp=[],
skip_memory_metrics=True,
sortish_sampler=False,
tf32=None,
torchdynamo=None,
tpu_metrics_debug=False,
tpu_num_cores=None,
use_ipex=False,
use_legacy_prediction_loop=False,
warmup_ratio=0.0,
warmup_steps=0,
weight_decay=0.0,
xpu_backend=None,
)
08/23/2022 18:11:23 - WARNING - datasets.builder - Using custom data configuration default-e009c30c675eeb8b
08/23/2022 18:11:23 - INFO - datasets.builder - Overwrite dataset info from restored data version.
08/23/2022 18:11:23 - INFO - datasets.info - Loading Dataset info from ./models/cache/json/default-e009c30c675eeb8b/0.0.0/a3e658c4731e59120d44081ac10bf85dc7e1388126b92338344ce9661907f253
08/23/2022 18:11:38 - WARNING - datasets.builder - Reusing dataset json (./models/cache/json/default-e009c30c675eeb8b/0.0.0/a3e658c4731e59120d44081ac10bf85dc7e1388126b92338344ce9661907f253)
08/23/2022 18:11:38 - INFO - datasets.info - Loading Dataset info from ./models/cache/json/default-e009c30c675eeb8b/0.0.0/a3e658c4731e59120d44081ac10bf85dc7e1388126b92338344ce9661907f253
08/23/2022 18:11:56 - INFO - __main__ - Loaded the naive-disjoint dataset:
DatasetDict({
    train: Dataset({
        features: ['clue', 'answer', 'annotation', 'rationale'],
        num_rows: 353630
    })
    validation: Dataset({
        features: ['clue', 'answer', 'annotation', 'rationale'],
        num_rows: 119828
    })
    test: Dataset({
        features: ['clue', 'answer', 'annotation', 'rationale'],
        num_rows: 118751
    })
})
08/23/2022 18:11:59 - WARNING - datasets.arrow_dataset - Loading cached processed dataset at ./models/cache/json/default-e009c30c675eeb8b/0.0.0/a3e658c4731e59120d44081ac10bf85dc7e1388126b92338344ce9661907f253/cache-07c15c6e805f0e8a.arrow
08/23/2022 18:11:59 - WARNING - datasets.arrow_dataset - Loading cached processed dataset at ./models/cache/json/default-e009c30c675eeb8b/0.0.0/a3e658c4731e59120d44081ac10bf85dc7e1388126b92338344ce9661907f253/cache-5ebe1d2f3bd303f3.arrow
08/23/2022 18:11:59 - WARNING - datasets.arrow_dataset - Loading cached processed dataset at ./models/cache/json/default-e009c30c675eeb8b/0.0.0/a3e658c4731e59120d44081ac10bf85dc7e1388126b92338344ce9661907f253/cache-0e87aba8bc220c2e.arrow
08/23/2022 18:11:59 - WARNING - datasets.arrow_dataset - Loading cached processed dataset at ./models/cache/json/default-e009c30c675eeb8b/0.0.0/a3e658c4731e59120d44081ac10bf85dc7e1388126b92338344ce9661907f253/cache-4cfcc7ee8518c5ef.arrow
08/23/2022 18:11:59 - WARNING - datasets.arrow_dataset - Loading cached processed dataset at ./models/cache/json/default-e009c30c675eeb8b/0.0.0/a3e658c4731e59120d44081ac10bf85dc7e1388126b92338344ce9661907f253/cache-be9b30dde8d290af.arrow
08/23/2022 18:11:59 - WARNING - datasets.arrow_dataset - Loading cached processed dataset at ./models/cache/json/default-e009c30c675eeb8b/0.0.0/a3e658c4731e59120d44081ac10bf85dc7e1388126b92338344ce9661907f253/cache-ee299db914987db4.arrow
08/23/2022 18:11:59 - WARNING - datasets.arrow_dataset - Loading cached processed dataset at ./models/cache/json/default-e009c30c675eeb8b/0.0.0/a3e658c4731e59120d44081ac10bf85dc7e1388126b92338344ce9661907f253/cache-ab3bffd05bdec783.arrow
08/23/2022 18:11:59 - WARNING - datasets.arrow_dataset - Loading cached processed dataset at ./models/cache/json/default-e009c30c675eeb8b/0.0.0/a3e658c4731e59120d44081ac10bf85dc7e1388126b92338344ce9661907f253/cache-f552cf297e45ab8d.arrow
08/23/2022 18:12:12 - WARNING - datasets.arrow_dataset - Loading cached processed dataset at ./models/cache/json/default-e009c30c675eeb8b/0.0.0/a3e658c4731e59120d44081ac10bf85dc7e1388126b92338344ce9661907f253/cache-5c876fad8f1cd727.arrow
08/23/2022 18:12:12 - WARNING - datasets.arrow_dataset - Loading cached processed dataset at ./models/cache/json/default-e009c30c675eeb8b/0.0.0/a3e658c4731e59120d44081ac10bf85dc7e1388126b92338344ce9661907f253/cache-6ea5b68375818a9d.arrow
08/23/2022 18:12:12 - WARNING - datasets.arrow_dataset - Loading cached processed dataset at ./models/cache/json/default-e009c30c675eeb8b/0.0.0/a3e658c4731e59120d44081ac10bf85dc7e1388126b92338344ce9661907f253/cache-8204f683359d6d2c.arrow
08/23/2022 18:12:12 - WARNING - datasets.arrow_dataset - Loading cached processed dataset at ./models/cache/json/default-e009c30c675eeb8b/0.0.0/a3e658c4731e59120d44081ac10bf85dc7e1388126b92338344ce9661907f253/cache-8d5ca027700658f6.arrow
08/23/2022 18:12:12 - WARNING - datasets.arrow_dataset - Loading cached processed dataset at ./models/cache/json/default-e009c30c675eeb8b/0.0.0/a3e658c4731e59120d44081ac10bf85dc7e1388126b92338344ce9661907f253/cache-cfd76b7e6182bad0.arrow
08/23/2022 18:12:12 - WARNING - datasets.arrow_dataset - Loading cached processed dataset at ./models/cache/json/default-e009c30c675eeb8b/0.0.0/a3e658c4731e59120d44081ac10bf85dc7e1388126b92338344ce9661907f253/cache-952f1a17f0477ccd.arrow
08/23/2022 18:12:12 - WARNING - datasets.arrow_dataset - Loading cached processed dataset at ./models/cache/json/default-e009c30c675eeb8b/0.0.0/a3e658c4731e59120d44081ac10bf85dc7e1388126b92338344ce9661907f253/cache-6c26dd108da9d88f.arrow
08/23/2022 18:12:12 - WARNING - datasets.arrow_dataset - Loading cached processed dataset at ./models/cache/json/default-e009c30c675eeb8b/0.0.0/a3e658c4731e59120d44081ac10bf85dc7e1388126b92338344ce9661907f253/cache-5a0de4ecddf1c9fa.arrow
08/23/2022 18:12:17 - WARNING - datasets.arrow_dataset - Loading cached processed dataset at ./models/cache/json/default-e009c30c675eeb8b/0.0.0/a3e658c4731e59120d44081ac10bf85dc7e1388126b92338344ce9661907f253/cache-f66d5dd865b71ea2.arrow
08/23/2022 18:12:17 - WARNING - datasets.arrow_dataset - Loading cached processed dataset at ./models/cache/json/default-e009c30c675eeb8b/0.0.0/a3e658c4731e59120d44081ac10bf85dc7e1388126b92338344ce9661907f253/cache-e31acf5b5b3f8a05.arrow
08/23/2022 18:12:17 - WARNING - datasets.arrow_dataset - Loading cached processed dataset at ./models/cache/json/default-e009c30c675eeb8b/0.0.0/a3e658c4731e59120d44081ac10bf85dc7e1388126b92338344ce9661907f253/cache-83ebb614db7b5fad.arrow
08/23/2022 18:12:17 - WARNING - datasets.arrow_dataset - Loading cached processed dataset at ./models/cache/json/default-e009c30c675eeb8b/0.0.0/a3e658c4731e59120d44081ac10bf85dc7e1388126b92338344ce9661907f253/cache-6855575c9572a9aa.arrow
08/23/2022 18:12:17 - WARNING - datasets.arrow_dataset - Loading cached processed dataset at ./models/cache/json/default-e009c30c675eeb8b/0.0.0/a3e658c4731e59120d44081ac10bf85dc7e1388126b92338344ce9661907f253/cache-91ddc804e5e448ee.arrow
08/23/2022 18:12:17 - WARNING - datasets.arrow_dataset - Loading cached processed dataset at ./models/cache/json/default-e009c30c675eeb8b/0.0.0/a3e658c4731e59120d44081ac10bf85dc7e1388126b92338344ce9661907f253/cache-bb4ec3a753475b42.arrow
08/23/2022 18:12:17 - WARNING - datasets.arrow_dataset - Loading cached processed dataset at ./models/cache/json/default-e009c30c675eeb8b/0.0.0/a3e658c4731e59120d44081ac10bf85dc7e1388126b92338344ce9661907f253/cache-bec79611dd47ee58.arrow
08/23/2022 18:12:17 - WARNING - datasets.arrow_dataset - Loading cached processed dataset at ./models/cache/json/default-e009c30c675eeb8b/0.0.0/a3e658c4731e59120d44081ac10bf85dc7e1388126b92338344ce9661907f253/cache-cd3dc4068f3d031d.arrow
{'loss': 3.1976, 'learning_rate': 4.981148010738093e-05, 'epoch': 0.01}
{'loss': 2.8376, 'learning_rate': 4.962296021476186e-05, 'epoch': 0.02}
{'loss': 2.709, 'learning_rate': 4.9434440322142796e-05, 'epoch': 0.03}
{'loss': 2.6561, 'learning_rate': 4.924592042952372e-05, 'epoch': 0.05}
{'loss': 2.5693, 'learning_rate': 4.905740053690466e-05, 'epoch': 0.06}
{'loss': 2.5364, 'learning_rate': 4.8868880644285583e-05, 'epoch': 0.07}
{'loss': 2.503, 'learning_rate': 4.8680360751666524e-05, 'epoch': 0.08}
{'loss': 2.47, 'learning_rate': 4.849184085904745e-05, 'epoch': 0.09}
{'loss': 2.4162, 'learning_rate': 4.830332096642838e-05, 'epoch': 0.1}
{'loss': 2.4154, 'learning_rate': 4.811480107380931e-05, 'epoch': 0.11}
{'loss': 2.399, 'learning_rate': 4.7926281181190244e-05, 'epoch': 0.12}
{'loss': 2.344, 'learning_rate': 4.773776128857117e-05, 'epoch': 0.14}
{'loss': 2.3379, 'learning_rate': 4.7549241395952105e-05, 'epoch': 0.15}
{'loss': 2.3245, 'learning_rate': 4.736072150333303e-05, 'epoch': 0.16}
{'loss': 2.2856, 'learning_rate': 4.7172201610713965e-05, 'epoch': 0.17}
{'loss': 2.3121, 'learning_rate': 4.69836817180949e-05, 'epoch': 0.18}
{'loss': 2.2764, 'learning_rate': 4.6795161825475825e-05, 'epoch': 0.19}
{'loss': 2.2776, 'learning_rate': 4.660664193285676e-05, 'epoch': 0.2}
{'loss': 2.2453, 'learning_rate': 4.6418122040237686e-05, 'epoch': 0.21}
{'loss': 2.2535, 'learning_rate': 4.622960214761862e-05, 'epoch': 0.23}
{'loss': 2.2479, 'learning_rate': 4.604108225499955e-05, 'epoch': 0.24}
{'loss': 2.2362, 'learning_rate': 4.585256236238048e-05, 'epoch': 0.25}
{'loss': 2.2098, 'learning_rate': 4.5664042469761406e-05, 'epoch': 0.26}
{'loss': 2.2211, 'learning_rate': 4.547552257714234e-05, 'epoch': 0.27}
{'loss': 2.1913, 'learning_rate': 4.5287002684523273e-05, 'epoch': 0.28}
{'loss': 2.1891, 'learning_rate': 4.509848279190421e-05, 'epoch': 0.29}
{'loss': 2.1793, 'learning_rate': 4.4909962899285134e-05, 'epoch': 0.31}
{'loss': 2.1893, 'learning_rate': 4.472144300666606e-05, 'epoch': 0.32}
{'loss': 2.1728, 'learning_rate': 4.4532923114047e-05, 'epoch': 0.33}
{'loss': 2.1378, 'learning_rate': 4.434440322142793e-05, 'epoch': 0.34}
{'loss': 2.1425, 'learning_rate': 4.4155883328808854e-05, 'epoch': 0.35}
{'loss': 2.1423, 'learning_rate': 4.396736343618979e-05, 'epoch': 0.36}
{'loss': 2.1382, 'learning_rate': 4.377884354357072e-05, 'epoch': 0.37}
{'loss': 2.1207, 'learning_rate': 4.3590323650951655e-05, 'epoch': 0.38}
{'loss': 2.1233, 'learning_rate': 4.340180375833258e-05, 'epoch': 0.4}
{'loss': 2.1163, 'learning_rate': 4.321328386571351e-05, 'epoch': 0.41}
{'loss': 2.1106, 'learning_rate': 4.302476397309444e-05, 'epoch': 0.42}
{'loss': 2.0832, 'learning_rate': 4.2836244080475376e-05, 'epoch': 0.43}
{'loss': 2.1124, 'learning_rate': 4.26477241878563e-05, 'epoch': 0.44}
{'loss': 2.0634, 'learning_rate': 4.2459204295237236e-05, 'epoch': 0.45}
{'loss': 2.1008, 'learning_rate': 4.227068440261816e-05, 'epoch': 0.46}
{'loss': 2.0694, 'learning_rate': 4.2082164509999096e-05, 'epoch': 0.48}
{'loss': 2.0696, 'learning_rate': 4.189364461738003e-05, 'epoch': 0.49}
{'loss': 2.0824, 'learning_rate': 4.170512472476096e-05, 'epoch': 0.5}
{'loss': 2.0608, 'learning_rate': 4.151660483214189e-05, 'epoch': 0.51}
{'loss': 2.0505, 'learning_rate': 4.1328084939522824e-05, 'epoch': 0.52}
{'loss': 2.0591, 'learning_rate': 4.113956504690375e-05, 'epoch': 0.53}
{'loss': 2.0666, 'learning_rate': 4.0951045154284684e-05, 'epoch': 0.54}
{'loss': 2.0403, 'learning_rate': 4.076252526166561e-05, 'epoch': 0.55}
{'loss': 2.0365, 'learning_rate': 4.0574005369046545e-05, 'epoch': 0.57}
{'loss': 2.0474, 'learning_rate': 4.038548547642748e-05, 'epoch': 0.58}
{'loss': 2.041, 'learning_rate': 4.0196965583808405e-05, 'epoch': 0.59}
{'loss': 2.0414, 'learning_rate': 4.000844569118933e-05, 'epoch': 0.6}
{'loss': 2.012, 'learning_rate': 3.9819925798570265e-05, 'epoch': 0.61}
{'loss': 1.9929, 'learning_rate': 3.96314059059512e-05, 'epoch': 0.62}
{'loss': 2.0018, 'learning_rate': 3.944288601333213e-05, 'epoch': 0.63}
{'loss': 2.0239, 'learning_rate': 3.925436612071306e-05, 'epoch': 0.64}
{'loss': 2.0083, 'learning_rate': 3.9065846228093986e-05, 'epoch': 0.66}
{'loss': 1.9784, 'learning_rate': 3.8877326335474926e-05, 'epoch': 0.67}
{'loss': 2.0307, 'learning_rate': 3.868880644285585e-05, 'epoch': 0.68}
{'loss': 1.9907, 'learning_rate': 3.850028655023678e-05, 'epoch': 0.69}
{'loss': 1.9869, 'learning_rate': 3.831176665761771e-05, 'epoch': 0.7}
{'loss': 1.9925, 'learning_rate': 3.812324676499865e-05, 'epoch': 0.71}
{'loss': 1.972, 'learning_rate': 3.793472687237958e-05, 'epoch': 0.72}
{'loss': 1.9909, 'learning_rate': 3.774620697976051e-05, 'epoch': 0.74}
{'loss': 2.0074, 'learning_rate': 3.7557687087141434e-05, 'epoch': 0.75}
{'loss': 1.9686, 'learning_rate': 3.736916719452237e-05, 'epoch': 0.76}
{'loss': 1.972, 'learning_rate': 3.71806473019033e-05, 'epoch': 0.77}
{'loss': 1.9674, 'learning_rate': 3.699212740928423e-05, 'epoch': 0.78}
{'loss': 1.9697, 'learning_rate': 3.680360751666516e-05, 'epoch': 0.79}
{'loss': 1.9404, 'learning_rate': 3.661508762404609e-05, 'epoch': 0.8}
{'loss': 1.9502, 'learning_rate': 3.642656773142702e-05, 'epoch': 0.81}
{'loss': 1.9527, 'learning_rate': 3.6238047838807955e-05, 'epoch': 0.83}
{'loss': 1.9439, 'learning_rate': 3.604952794618888e-05, 'epoch': 0.84}
{'loss': 1.9608, 'learning_rate': 3.5861008053569816e-05, 'epoch': 0.85}
{'loss': 1.9345, 'learning_rate': 3.567248816095074e-05, 'epoch': 0.86}
{'loss': 1.9554, 'learning_rate': 3.5483968268331676e-05, 'epoch': 0.87}
{'loss': 1.9455, 'learning_rate': 3.529544837571261e-05, 'epoch': 0.88}
{'loss': 1.9239, 'learning_rate': 3.5106928483093536e-05, 'epoch': 0.89}
{'loss': 1.9408, 'learning_rate': 3.491840859047446e-05, 'epoch': 0.9}
{'loss': 1.9466, 'learning_rate': 3.4729888697855403e-05, 'epoch': 0.92}
{'loss': 1.96, 'learning_rate': 3.454136880523633e-05, 'epoch': 0.93}
{'loss': 1.9207, 'learning_rate': 3.4352848912617264e-05, 'epoch': 0.94}
{'loss': 1.9462, 'learning_rate': 3.416432901999819e-05, 'epoch': 0.95}
{'loss': 1.907, 'learning_rate': 3.3975809127379124e-05, 'epoch': 0.96}
{'loss': 1.9348, 'learning_rate': 3.378728923476006e-05, 'epoch': 0.97}
{'loss': 1.9103, 'learning_rate': 3.3598769342140984e-05, 'epoch': 0.98}
{'loss': 1.944, 'learning_rate': 3.341024944952191e-05, 'epoch': 1.0}
{'loss': 1.8782, 'learning_rate': 3.3221729556902845e-05, 'epoch': 1.01}
{'loss': 1.8106, 'learning_rate': 3.303320966428378e-05, 'epoch': 1.02}
{'loss': 1.8028, 'learning_rate': 3.2844689771664705e-05, 'epoch': 1.03}
{'loss': 1.8412, 'learning_rate': 3.265616987904564e-05, 'epoch': 1.04}
{'loss': 1.8075, 'learning_rate': 3.2467649986426565e-05, 'epoch': 1.05}
{'loss': 1.8443, 'learning_rate': 3.2279130093807506e-05, 'epoch': 1.06}
{'loss': 1.8286, 'learning_rate': 3.209061020118843e-05, 'epoch': 1.07}
{'loss': 1.807, 'learning_rate': 3.190209030856936e-05, 'epoch': 1.09}
{'loss': 1.7982, 'learning_rate': 3.171357041595029e-05, 'epoch': 1.1}
{'loss': 1.8151, 'learning_rate': 3.1525050523331226e-05, 'epoch': 1.11}
{'loss': 1.8082, 'learning_rate': 3.133653063071215e-05, 'epoch': 1.12}
{'loss': 1.832, 'learning_rate': 3.114801073809309e-05, 'epoch': 1.13}
{'loss': 1.8141, 'learning_rate': 3.0959490845474014e-05, 'epoch': 1.14}
{'loss': 1.8096, 'learning_rate': 3.077097095285495e-05, 'epoch': 1.15}
{'loss': 1.8126, 'learning_rate': 3.058245106023588e-05, 'epoch': 1.17}
{'loss': 1.8184, 'learning_rate': 3.0393931167616807e-05, 'epoch': 1.18}
{'loss': 1.7928, 'learning_rate': 3.020541127499774e-05, 'epoch': 1.19}
{'loss': 1.8236, 'learning_rate': 3.001689138237867e-05, 'epoch': 1.2}
{'loss': 1.8088, 'learning_rate': 2.9828371489759598e-05, 'epoch': 1.21}
{'loss': 1.7974, 'learning_rate': 2.9639851597140535e-05, 'epoch': 1.22}
{'loss': 1.7988, 'learning_rate': 2.945133170452146e-05, 'epoch': 1.23}
{'loss': 1.8276, 'learning_rate': 2.9262811811902392e-05, 'epoch': 1.24}
{'loss': 1.7999, 'learning_rate': 2.9074291919283325e-05, 'epoch': 1.26}
{'loss': 1.7941, 'learning_rate': 2.8885772026664256e-05, 'epoch': 1.27}
{'loss': 1.7892, 'learning_rate': 2.869725213404519e-05, 'epoch': 1.28}
{'loss': 1.7876, 'learning_rate': 2.8508732241426116e-05, 'epoch': 1.29}
{'loss': 1.8121, 'learning_rate': 2.8320212348807046e-05, 'epoch': 1.3}
{'loss': 1.8197, 'learning_rate': 2.813169245618798e-05, 'epoch': 1.31}
{'loss': 1.8051, 'learning_rate': 2.794317256356891e-05, 'epoch': 1.32}
{'loss': 1.7767, 'learning_rate': 2.7754652670949837e-05, 'epoch': 1.33}
{'loss': 1.7955, 'learning_rate': 2.7566132778330773e-05, 'epoch': 1.35}
{'loss': 1.7805, 'learning_rate': 2.73776128857117e-05, 'epoch': 1.36}
{'loss': 1.775, 'learning_rate': 2.718909299309263e-05, 'epoch': 1.37}
{'loss': 1.7736, 'learning_rate': 2.7000573100473564e-05, 'epoch': 1.38}
{'loss': 1.8089, 'learning_rate': 2.6812053207854494e-05, 'epoch': 1.39}
{'loss': 1.7671, 'learning_rate': 2.6623533315235428e-05, 'epoch': 1.4}
{'loss': 1.7831, 'learning_rate': 2.6435013422616354e-05, 'epoch': 1.41}
{'loss': 1.7947, 'learning_rate': 2.6246493529997285e-05, 'epoch': 1.43}
{'loss': 1.7904, 'learning_rate': 2.6057973637378218e-05, 'epoch': 1.44}
{'loss': 1.7757, 'learning_rate': 2.586945374475915e-05, 'epoch': 1.45}
{'loss': 1.7634, 'learning_rate': 2.5680933852140075e-05, 'epoch': 1.46}
{'loss': 1.7794, 'learning_rate': 2.5492413959521012e-05, 'epoch': 1.47}
{'loss': 1.7716, 'learning_rate': 2.530389406690194e-05, 'epoch': 1.48}
{'loss': 1.7902, 'learning_rate': 2.5115374174282872e-05, 'epoch': 1.49}
{'loss': 1.7699, 'learning_rate': 2.4926854281663803e-05, 'epoch': 1.5}
{'loss': 1.7674, 'learning_rate': 2.4738334389044736e-05, 'epoch': 1.52}
{'loss': 1.7694, 'learning_rate': 2.4549814496425663e-05, 'epoch': 1.53}
{'loss': 1.7685, 'learning_rate': 2.4361294603806596e-05, 'epoch': 1.54}
{'loss': 1.758, 'learning_rate': 2.4172774711187527e-05, 'epoch': 1.55}
{'loss': 1.7761, 'learning_rate': 2.3984254818568457e-05, 'epoch': 1.56}
{'loss': 1.7593, 'learning_rate': 2.3795734925949387e-05, 'epoch': 1.57}
{'loss': 1.7639, 'learning_rate': 2.3607215033330317e-05, 'epoch': 1.58}
{'loss': 1.743, 'learning_rate': 2.341869514071125e-05, 'epoch': 1.59}
{'loss': 1.7654, 'learning_rate': 2.3230175248092177e-05, 'epoch': 1.61}
{'loss': 1.7845, 'learning_rate': 2.304165535547311e-05, 'epoch': 1.62}
{'loss': 1.7407, 'learning_rate': 2.285313546285404e-05, 'epoch': 1.63}
{'loss': 1.7596, 'learning_rate': 2.2664615570234975e-05, 'epoch': 1.64}
{'loss': 1.7608, 'learning_rate': 2.24760956776159e-05, 'epoch': 1.65}
{'loss': 1.7525, 'learning_rate': 2.2287575784996835e-05, 'epoch': 1.66}
{'loss': 1.7524, 'learning_rate': 2.2099055892377765e-05, 'epoch': 1.67}
{'loss': 1.7358, 'learning_rate': 2.1910535999758695e-05, 'epoch': 1.69}
{'loss': 1.7729, 'learning_rate': 2.1722016107139626e-05, 'epoch': 1.7}
{'loss': 1.7731, 'learning_rate': 2.1533496214520556e-05, 'epoch': 1.71}
{'loss': 1.7701, 'learning_rate': 2.134497632190149e-05, 'epoch': 1.72}
{'loss': 1.7497, 'learning_rate': 2.115645642928242e-05, 'epoch': 1.73}
{'loss': 1.7576, 'learning_rate': 2.096793653666335e-05, 'epoch': 1.74}
{'loss': 1.7449, 'learning_rate': 2.077941664404428e-05, 'epoch': 1.75}
{'loss': 1.7494, 'learning_rate': 2.0590896751425213e-05, 'epoch': 1.76}
{'loss': 1.7578, 'learning_rate': 2.040237685880614e-05, 'epoch': 1.78}
{'loss': 1.7464, 'learning_rate': 2.0213856966187074e-05, 'epoch': 1.79}
{'loss': 1.7428, 'learning_rate': 2.0025337073568004e-05, 'epoch': 1.8}
{'loss': 1.7421, 'learning_rate': 1.9836817180948934e-05, 'epoch': 1.81}
{'loss': 1.7195, 'learning_rate': 1.9648297288329864e-05, 'epoch': 1.82}
{'loss': 1.7537, 'learning_rate': 1.9459777395710794e-05, 'epoch': 1.83}
{'loss': 1.7516, 'learning_rate': 1.9271257503091728e-05, 'epoch': 1.84}
{'loss': 1.7591, 'learning_rate': 1.9082737610472658e-05, 'epoch': 1.86}
{'loss': 1.7458, 'learning_rate': 1.8894217717853588e-05, 'epoch': 1.87}
{'loss': 1.7202, 'learning_rate': 1.870569782523452e-05, 'epoch': 1.88}
{'loss': 1.7197, 'learning_rate': 1.8517177932615452e-05, 'epoch': 1.89}
{'loss': 1.7356, 'learning_rate': 1.8328658039996382e-05, 'epoch': 1.9}
{'loss': 1.742, 'learning_rate': 1.8140138147377312e-05, 'epoch': 1.91}
{'loss': 1.7359, 'learning_rate': 1.7951618254758242e-05, 'epoch': 1.92}
{'loss': 1.7311, 'learning_rate': 1.7763098362139176e-05, 'epoch': 1.93}
{'loss': 1.7396, 'learning_rate': 1.7574578469520103e-05, 'epoch': 1.95}
{'loss': 1.7244, 'learning_rate': 1.7386058576901036e-05, 'epoch': 1.96}
{'loss': 1.7411, 'learning_rate': 1.7197538684281966e-05, 'epoch': 1.97}
{'loss': 1.7441, 'learning_rate': 1.7009018791662897e-05, 'epoch': 1.98}
{'loss': 1.7291, 'learning_rate': 1.6820498899043827e-05, 'epoch': 1.99}
{'loss': 1.7176, 'learning_rate': 1.6631979006424757e-05, 'epoch': 2.0}
{'loss': 1.6657, 'learning_rate': 1.644345911380569e-05, 'epoch': 2.01}
{'loss': 1.6528, 'learning_rate': 1.625493922118662e-05, 'epoch': 2.02}
{'loss': 1.6735, 'learning_rate': 1.606641932856755e-05, 'epoch': 2.04}
{'loss': 1.6625, 'learning_rate': 1.587789943594848e-05, 'epoch': 2.05}
{'loss': 1.638, 'learning_rate': 1.5689379543329415e-05, 'epoch': 2.06}
{'loss': 1.6748, 'learning_rate': 1.5500859650710345e-05, 'epoch': 2.07}
{'loss': 1.6528, 'learning_rate': 1.5312339758091275e-05, 'epoch': 2.08}
{'loss': 1.6614, 'learning_rate': 1.5123819865472205e-05, 'epoch': 2.09}
{'loss': 1.659, 'learning_rate': 1.4935299972853137e-05, 'epoch': 2.1}
{'loss': 1.6528, 'learning_rate': 1.4746780080234069e-05, 'epoch': 2.12}
{'loss': 1.6496, 'learning_rate': 1.4558260187614997e-05, 'epoch': 2.13}
{'loss': 1.6658, 'learning_rate': 1.4369740294995929e-05, 'epoch': 2.14}
{'loss': 1.6424, 'learning_rate': 1.4181220402376861e-05, 'epoch': 2.15}
{'loss': 1.6746, 'learning_rate': 1.399270050975779e-05, 'epoch': 2.16}
{'loss': 1.657, 'learning_rate': 1.3804180617138721e-05, 'epoch': 2.17}
{'loss': 1.6579, 'learning_rate': 1.3615660724519652e-05, 'epoch': 2.18}
{'loss': 1.6529, 'learning_rate': 1.3427140831900583e-05, 'epoch': 2.19}
{'loss': 1.6452, 'learning_rate': 1.3238620939281512e-05, 'epoch': 2.21}
{'loss': 1.6707, 'learning_rate': 1.3050101046662444e-05, 'epoch': 2.22}
{'loss': 1.6769, 'learning_rate': 1.2861581154043376e-05, 'epoch': 2.23}
{'loss': 1.655, 'learning_rate': 1.2673061261424307e-05, 'epoch': 2.24}
{'loss': 1.6599, 'learning_rate': 1.2484541368805238e-05, 'epoch': 2.25}
{'loss': 1.6397, 'learning_rate': 1.2296021476186168e-05, 'epoch': 2.26}
{'loss': 1.6496, 'learning_rate': 1.21075015835671e-05, 'epoch': 2.27}
{'loss': 1.6354, 'learning_rate': 1.191898169094803e-05, 'epoch': 2.28}
{'loss': 1.6468, 'learning_rate': 1.1730461798328962e-05, 'epoch': 2.3}
{'loss': 1.6412, 'learning_rate': 1.1541941905709892e-05, 'epoch': 2.31}
{'loss': 1.6391, 'learning_rate': 1.1353422013090822e-05, 'epoch': 2.32}
{'loss': 1.6455, 'learning_rate': 1.1164902120471752e-05, 'epoch': 2.33}
{'loss': 1.627, 'learning_rate': 1.0976382227852682e-05, 'epoch': 2.34}
{'loss': 1.6384, 'learning_rate': 1.0787862335233614e-05, 'epoch': 2.35}
{'loss': 1.6411, 'learning_rate': 1.0599342442614544e-05, 'epoch': 2.36}
{'loss': 1.6495, 'learning_rate': 1.0410822549995476e-05, 'epoch': 2.38}
{'loss': 1.6321, 'learning_rate': 1.0222302657376406e-05, 'epoch': 2.39}
{'loss': 1.65, 'learning_rate': 1.0033782764757338e-05, 'epoch': 2.4}
{'loss': 1.66, 'learning_rate': 9.845262872138268e-06, 'epoch': 2.41}
{'loss': 1.6819, 'learning_rate': 9.6567429795192e-06, 'epoch': 2.42}
{'loss': 1.6286, 'learning_rate': 9.46822308690013e-06, 'epoch': 2.43}
{'loss': 1.641, 'learning_rate': 9.27970319428106e-06, 'epoch': 2.44}
{'loss': 1.648, 'learning_rate': 9.09118330166199e-06, 'epoch': 2.45}
{'loss': 1.6684, 'learning_rate': 8.902663409042923e-06, 'epoch': 2.47}
{'loss': 1.6344, 'learning_rate': 8.714143516423853e-06, 'epoch': 2.48}
{'loss': 1.6452, 'learning_rate': 8.525623623804785e-06, 'epoch': 2.49}
{'loss': 1.6519, 'learning_rate': 8.337103731185715e-06, 'epoch': 2.5}
{'loss': 1.6607, 'learning_rate': 8.148583838566647e-06, 'epoch': 2.51}
{'loss': 1.6462, 'learning_rate': 7.960063945947577e-06, 'epoch': 2.52}
{'loss': 1.6216, 'learning_rate': 7.771544053328507e-06, 'epoch': 2.53}
{'loss': 1.6292, 'learning_rate': 7.583024160709439e-06, 'epoch': 2.55}
{'loss': 1.6253, 'learning_rate': 7.394504268090369e-06, 'epoch': 2.56}
{'loss': 1.6484, 'learning_rate': 7.2059843754713e-06, 'epoch': 2.57}
{'loss': 1.6257, 'learning_rate': 7.01746448285223e-06, 'epoch': 2.58}
{'loss': 1.6545, 'learning_rate': 6.828944590233162e-06, 'epoch': 2.59}
{'loss': 1.6317, 'learning_rate': 6.640424697614092e-06, 'epoch': 2.6}
{'loss': 1.6527, 'learning_rate': 6.451904804995024e-06, 'epoch': 2.61}
{'loss': 1.641, 'learning_rate': 6.263384912375954e-06, 'epoch': 2.62}
{'loss': 1.639, 'learning_rate': 6.074865019756884e-06, 'epoch': 2.64}
{'loss': 1.6283, 'learning_rate': 5.886345127137815e-06, 'epoch': 2.65}
{'loss': 1.6219, 'learning_rate': 5.6978252345187464e-06, 'epoch': 2.66}
{'loss': 1.6191, 'learning_rate': 5.5093053418996774e-06, 'epoch': 2.67}
{'loss': 1.6084, 'learning_rate': 5.3207854492806085e-06, 'epoch': 2.68}
{'loss': 1.6352, 'learning_rate': 5.1322655566615395e-06, 'epoch': 2.69}
{'loss': 1.6553, 'learning_rate': 4.94374566404247e-06, 'epoch': 2.7}
{'loss': 1.6533, 'learning_rate': 4.755225771423401e-06, 'epoch': 2.71}
{'loss': 1.6226, 'learning_rate': 4.566705878804332e-06, 'epoch': 2.73}
{'loss': 1.6224, 'learning_rate': 4.378185986185263e-06, 'epoch': 2.74}
{'loss': 1.6123, 'learning_rate': 4.189666093566194e-06, 'epoch': 2.75}
{'loss': 1.6419, 'learning_rate': 4.001146200947124e-06, 'epoch': 2.76}
{'loss': 1.5983, 'learning_rate': 3.8126263083280553e-06, 'epoch': 2.77}
{'loss': 1.6388, 'learning_rate': 3.624106415708986e-06, 'epoch': 2.78}
{'loss': 1.6503, 'learning_rate': 3.435586523089917e-06, 'epoch': 2.79}
{'loss': 1.6293, 'learning_rate': 3.247066630470848e-06, 'epoch': 2.81}
{'loss': 1.6333, 'learning_rate': 3.058546737851778e-06, 'epoch': 2.82}
{'loss': 1.6156, 'learning_rate': 2.870026845232709e-06, 'epoch': 2.83}
{'loss': 1.6492, 'learning_rate': 2.68150695261364e-06, 'epoch': 2.84}
{'loss': 1.6482, 'learning_rate': 2.4929870599945707e-06, 'epoch': 2.85}
{'loss': 1.6481, 'learning_rate': 2.3044671673755017e-06, 'epoch': 2.86}
{'loss': 1.6261, 'learning_rate': 2.1159472747564323e-06, 'epoch': 2.87}
{'loss': 1.6361, 'learning_rate': 1.9274273821373633e-06, 'epoch': 2.88}
{'loss': 1.6338, 'learning_rate': 1.738907489518294e-06, 'epoch': 2.9}
{'loss': 1.6468, 'learning_rate': 1.550387596899225e-06, 'epoch': 2.91}
{'loss': 1.6351, 'learning_rate': 1.3618677042801557e-06, 'epoch': 2.92}
{'loss': 1.636, 'learning_rate': 1.1733478116610865e-06, 'epoch': 2.93}
{'loss': 1.6496, 'learning_rate': 9.848279190420173e-07, 'epoch': 2.94}
{'loss': 1.6253, 'learning_rate': 7.963080264229481e-07, 'epoch': 2.95}
{'loss': 1.6389, 'learning_rate': 6.07788133803879e-07, 'epoch': 2.96}
{'loss': 1.6086, 'learning_rate': 4.192682411848098e-07, 'epoch': 2.97}
{'loss': 1.6343, 'learning_rate': 2.3074834856574068e-07, 'epoch': 2.99}
{'loss': 1.6292, 'learning_rate': 4.222845594667149e-08, 'epoch': 3.0}
{'train_runtime': 59034.0804, 'train_samples_per_second': 17.971, 'train_steps_per_second': 2.246, 'train_loss': 1.8515593263209973, 'epoch': 3.0}
***** train metrics *****
  epoch                    =         3.0
  train_loss               =      1.8516
  train_runtime            = 16:23:54.08
  train_samples            =      353630
  train_samples_per_second =      17.971
  train_steps_per_second   =       2.246
08/24/2022 10:55:38 - INFO - __main__ - *** Evaluate ***
***** eval metrics *****
  epoch                   =        3.0
  eval_accuracy           =     0.0281
  eval_loss               =     1.7205
  eval_runtime            = 4:55:55.91
  eval_samples            =     119828
  eval_samples_per_second =      6.749
  eval_steps_per_second   =      0.844
08/24/2022 15:51:34 - INFO - __main__ - *** Predict ***
***** predict metrics *****
  predict_accuracy           =     0.0264
  predict_loss               =     1.7152
  predict_runtime            = 4:54:16.41
  predict_samples            =     118751
  predict_samples_per_second =      6.726
  predict_steps_per_second   =      0.841
