10/12/2022 01:31:22 - WARNING - __main__ - Process rank: -1, device: cuda:0, n_gpu: 1distributed training: False, 16-bits training: False
10/12/2022 01:31:22 - INFO - __main__ - Training/evaluation parameters Seq2SeqTrainingArguments(
_n_gpu=1,
adafactor=False,
adam_beta1=0.9,
adam_beta2=0.999,
adam_epsilon=1e-08,
auto_find_batch_size=False,
bf16=False,
bf16_full_eval=False,
data_seed=None,
dataloader_drop_last=False,
dataloader_num_workers=0,
dataloader_pin_memory=True,
ddp_bucket_cap_mb=None,
ddp_find_unused_parameters=None,
debug=[],
deepspeed=None,
disable_tqdm=False,
do_eval=True,
do_predict=True,
do_train=True,
eval_accumulation_steps=None,
eval_delay=0,
eval_steps=None,
evaluation_strategy=no,
fp16=False,
fp16_backend=auto,
fp16_full_eval=False,
fp16_opt_level=O1,
fsdp=[],
fsdp_min_num_params=0,
fsdp_transformer_layer_cls_to_wrap=None,
full_determinism=False,
generation_max_length=None,
generation_num_beams=None,
gradient_accumulation_steps=1,
gradient_checkpointing=False,
greater_is_better=None,
group_by_length=False,
half_precision_backend=auto,
hub_model_id=None,
hub_private_repo=False,
hub_strategy=every_save,
hub_token=<HUB_TOKEN>,
ignore_data_skip=False,
include_inputs_for_metrics=False,
jit_mode_eval=False,
label_names=None,
label_smoothing_factor=0.0,
learning_rate=5e-05,
length_column_name=length,
load_best_model_at_end=False,
local_rank=-1,
log_level=-1,
log_level_replica=-1,
log_on_each_node=True,
logging_dir=../experiments/runs/Oct12_01-31-21_mscluster50.ms.wits.ac.za,
logging_first_step=False,
logging_nan_inf_filter=True,
logging_steps=500,
logging_strategy=steps,
lr_scheduler_type=linear,
max_grad_norm=1.0,
max_steps=-1,
metric_for_best_model=None,
mp_parameters=,
no_cuda=False,
num_train_epochs=3.0,
optim=adamw_hf,
output_dir=../experiments/cryptonite/t5-large/cl/i_or,
overwrite_output_dir=False,
past_index=-1,
per_device_eval_batch_size=8,
per_device_train_batch_size=8,
predict_with_generate=True,
prediction_loss_only=False,
push_to_hub=False,
push_to_hub_model_id=None,
push_to_hub_organization=None,
push_to_hub_token=<PUSH_TO_HUB_TOKEN>,
ray_scope=last,
remove_unused_columns=True,
report_to=[],
resume_from_checkpoint=None,
run_name=../experiments/,
save_on_each_node=False,
save_steps=5000,
save_strategy=steps,
save_total_limit=None,
seed=42,
sharded_ddp=[],
skip_memory_metrics=True,
sortish_sampler=False,
tf32=None,
torchdynamo=None,
tpu_metrics_debug=False,
tpu_num_cores=None,
use_ipex=False,
use_legacy_prediction_loop=False,
warmup_ratio=0.0,
warmup_steps=0,
weight_decay=0.0,
xpu_backend=None,
)
10/12/2022 01:31:23 - WARNING - datasets.builder - Using custom data configuration default-8f3c33bc2d5f19d5
10/12/2022 01:31:23 - INFO - datasets.builder - Overwrite dataset info from restored data version.
10/12/2022 01:31:23 - INFO - datasets.info - Loading Dataset info from ./models/cache/json/default-8f3c33bc2d5f19d5/0.0.0/a3e658c4731e59120d44081ac10bf85dc7e1388126b92338344ce9661907f253
10/12/2022 01:31:24 - WARNING - datasets.builder - Reusing dataset json (./models/cache/json/default-8f3c33bc2d5f19d5/0.0.0/a3e658c4731e59120d44081ac10bf85dc7e1388126b92338344ce9661907f253)
10/12/2022 01:31:24 - INFO - datasets.info - Loading Dataset info from ./models/cache/json/default-8f3c33bc2d5f19d5/0.0.0/a3e658c4731e59120d44081ac10bf85dc7e1388126b92338344ce9661907f253
10/12/2022 01:31:28 - INFO - __main__ - Loaded the cryptonite dataset:
DatasetDict({
    train: Dataset({
        features: ['clue', 'answer', 'annotation', 'predicted_rationale', 'predicted_answer'],
        num_rows: 470804
    })
    validation: Dataset({
        features: ['clue', 'answer', 'annotation', 'predicted_rationale', 'predicted_answer'],
        num_rows: 26156
    })
    test: Dataset({
        features: ['clue', 'answer', 'annotation', 'predicted_rationale', 'predicted_answer'],
        num_rows: 26157
    })
})
10/12/2022 01:31:28 - WARNING - datasets.arrow_dataset - Loading cached processed dataset at ./models/cache/json/default-8f3c33bc2d5f19d5/0.0.0/a3e658c4731e59120d44081ac10bf85dc7e1388126b92338344ce9661907f253/cache-4126a7aa97621e9f.arrow
10/12/2022 01:31:28 - WARNING - datasets.arrow_dataset - Loading cached processed dataset at ./models/cache/json/default-8f3c33bc2d5f19d5/0.0.0/a3e658c4731e59120d44081ac10bf85dc7e1388126b92338344ce9661907f253/cache-027b327ac2bc7d02.arrow
10/12/2022 01:31:28 - WARNING - datasets.arrow_dataset - Loading cached processed dataset at ./models/cache/json/default-8f3c33bc2d5f19d5/0.0.0/a3e658c4731e59120d44081ac10bf85dc7e1388126b92338344ce9661907f253/cache-be5d7d825403ada5.arrow
10/12/2022 01:31:28 - WARNING - datasets.arrow_dataset - Loading cached processed dataset at ./models/cache/json/default-8f3c33bc2d5f19d5/0.0.0/a3e658c4731e59120d44081ac10bf85dc7e1388126b92338344ce9661907f253/cache-e381963459a03088.arrow
10/12/2022 01:31:28 - WARNING - datasets.arrow_dataset - Loading cached processed dataset at ./models/cache/json/default-8f3c33bc2d5f19d5/0.0.0/a3e658c4731e59120d44081ac10bf85dc7e1388126b92338344ce9661907f253/cache-bcda6a98cb1cab0d.arrow
10/12/2022 01:31:28 - WARNING - datasets.arrow_dataset - Loading cached processed dataset at ./models/cache/json/default-8f3c33bc2d5f19d5/0.0.0/a3e658c4731e59120d44081ac10bf85dc7e1388126b92338344ce9661907f253/cache-316b92abeb3d285b.arrow
10/12/2022 01:31:28 - WARNING - datasets.arrow_dataset - Loading cached processed dataset at ./models/cache/json/default-8f3c33bc2d5f19d5/0.0.0/a3e658c4731e59120d44081ac10bf85dc7e1388126b92338344ce9661907f253/cache-996496f435221b38.arrow
10/12/2022 01:31:28 - WARNING - datasets.arrow_dataset - Loading cached processed dataset at ./models/cache/json/default-8f3c33bc2d5f19d5/0.0.0/a3e658c4731e59120d44081ac10bf85dc7e1388126b92338344ce9661907f253/cache-180af7572028e5c1.arrow
10/12/2022 01:31:31 - WARNING - datasets.arrow_dataset - Loading cached processed dataset at ./models/cache/json/default-8f3c33bc2d5f19d5/0.0.0/a3e658c4731e59120d44081ac10bf85dc7e1388126b92338344ce9661907f253/cache-8c1a689eeb62aa0c.arrow
10/12/2022 01:31:31 - WARNING - datasets.arrow_dataset - Loading cached processed dataset at ./models/cache/json/default-8f3c33bc2d5f19d5/0.0.0/a3e658c4731e59120d44081ac10bf85dc7e1388126b92338344ce9661907f253/cache-0350ed1e69eccbe2.arrow
10/12/2022 01:31:31 - WARNING - datasets.arrow_dataset - Loading cached processed dataset at ./models/cache/json/default-8f3c33bc2d5f19d5/0.0.0/a3e658c4731e59120d44081ac10bf85dc7e1388126b92338344ce9661907f253/cache-713f23bdb10c9d91.arrow
10/12/2022 01:31:31 - WARNING - datasets.arrow_dataset - Loading cached processed dataset at ./models/cache/json/default-8f3c33bc2d5f19d5/0.0.0/a3e658c4731e59120d44081ac10bf85dc7e1388126b92338344ce9661907f253/cache-621086e92d2f061b.arrow
10/12/2022 01:31:31 - WARNING - datasets.arrow_dataset - Loading cached processed dataset at ./models/cache/json/default-8f3c33bc2d5f19d5/0.0.0/a3e658c4731e59120d44081ac10bf85dc7e1388126b92338344ce9661907f253/cache-3bcb86289d038e5b.arrow
10/12/2022 01:31:31 - WARNING - datasets.arrow_dataset - Loading cached processed dataset at ./models/cache/json/default-8f3c33bc2d5f19d5/0.0.0/a3e658c4731e59120d44081ac10bf85dc7e1388126b92338344ce9661907f253/cache-4201ed18b9ad0c6a.arrow
10/12/2022 01:31:31 - WARNING - datasets.arrow_dataset - Loading cached processed dataset at ./models/cache/json/default-8f3c33bc2d5f19d5/0.0.0/a3e658c4731e59120d44081ac10bf85dc7e1388126b92338344ce9661907f253/cache-86803e4e935a03cc.arrow
10/12/2022 01:31:31 - WARNING - datasets.arrow_dataset - Loading cached processed dataset at ./models/cache/json/default-8f3c33bc2d5f19d5/0.0.0/a3e658c4731e59120d44081ac10bf85dc7e1388126b92338344ce9661907f253/cache-b8f962313d869f8d.arrow
10/12/2022 01:31:31 - WARNING - datasets.arrow_dataset - Loading cached processed dataset at ./models/cache/json/default-8f3c33bc2d5f19d5/0.0.0/a3e658c4731e59120d44081ac10bf85dc7e1388126b92338344ce9661907f253/cache-1876a9a47023249b.arrow
10/12/2022 01:31:31 - WARNING - datasets.arrow_dataset - Loading cached processed dataset at ./models/cache/json/default-8f3c33bc2d5f19d5/0.0.0/a3e658c4731e59120d44081ac10bf85dc7e1388126b92338344ce9661907f253/cache-8534281e56da628d.arrow
10/12/2022 01:31:31 - WARNING - datasets.arrow_dataset - Loading cached processed dataset at ./models/cache/json/default-8f3c33bc2d5f19d5/0.0.0/a3e658c4731e59120d44081ac10bf85dc7e1388126b92338344ce9661907f253/cache-cf31fe29afb4af30.arrow
10/12/2022 01:31:31 - WARNING - datasets.arrow_dataset - Loading cached processed dataset at ./models/cache/json/default-8f3c33bc2d5f19d5/0.0.0/a3e658c4731e59120d44081ac10bf85dc7e1388126b92338344ce9661907f253/cache-b46c71bd22c01a7d.arrow
10/12/2022 01:31:31 - WARNING - datasets.arrow_dataset - Loading cached processed dataset at ./models/cache/json/default-8f3c33bc2d5f19d5/0.0.0/a3e658c4731e59120d44081ac10bf85dc7e1388126b92338344ce9661907f253/cache-4455b9222c977b08.arrow
10/12/2022 01:31:31 - WARNING - datasets.arrow_dataset - Loading cached processed dataset at ./models/cache/json/default-8f3c33bc2d5f19d5/0.0.0/a3e658c4731e59120d44081ac10bf85dc7e1388126b92338344ce9661907f253/cache-6526a2d27a002f3d.arrow
10/12/2022 01:31:31 - WARNING - datasets.arrow_dataset - Loading cached processed dataset at ./models/cache/json/default-8f3c33bc2d5f19d5/0.0.0/a3e658c4731e59120d44081ac10bf85dc7e1388126b92338344ce9661907f253/cache-442fbeb4764a87a7.arrow
10/12/2022 01:31:31 - WARNING - datasets.arrow_dataset - Loading cached processed dataset at ./models/cache/json/default-8f3c33bc2d5f19d5/0.0.0/a3e658c4731e59120d44081ac10bf85dc7e1388126b92338344ce9661907f253/cache-21e4783bb9cacad6.arrow
{'loss': 3.042, 'learning_rate': 4.985839946078515e-05, 'epoch': 0.01}
{'loss': 2.5741, 'learning_rate': 4.9716798921570294e-05, 'epoch': 0.02}
{'loss': 2.4595, 'learning_rate': 4.957519838235544e-05, 'epoch': 0.03}
{'loss': 2.4062, 'learning_rate': 4.9433597843140586e-05, 'epoch': 0.03}
{'loss': 2.3323, 'learning_rate': 4.9291997303925735e-05, 'epoch': 0.04}
{'loss': 2.31, 'learning_rate': 4.9150396764710884e-05, 'epoch': 0.05}
{'loss': 2.2362, 'learning_rate': 4.900879622549603e-05, 'epoch': 0.06}
{'loss': 2.2051, 'learning_rate': 4.8867195686281176e-05, 'epoch': 0.07}
{'loss': 2.1934, 'learning_rate': 4.872559514706632e-05, 'epoch': 0.08}
{'loss': 2.1825, 'learning_rate': 4.858399460785147e-05, 'epoch': 0.08}
{'loss': 2.1581, 'learning_rate': 4.844239406863662e-05, 'epoch': 0.09}
{'loss': 2.0879, 'learning_rate': 4.830079352942176e-05, 'epoch': 0.1}
{'loss': 2.1083, 'learning_rate': 4.815919299020691e-05, 'epoch': 0.11}
{'loss': 2.0951, 'learning_rate': 4.801759245099206e-05, 'epoch': 0.12}
{'loss': 2.1086, 'learning_rate': 4.78759919117772e-05, 'epoch': 0.13}
{'loss': 2.0526, 'learning_rate': 4.773439137256235e-05, 'epoch': 0.14}
{'loss': 2.065, 'learning_rate': 4.759279083334749e-05, 'epoch': 0.14}
{'loss': 2.0384, 'learning_rate': 4.745119029413264e-05, 'epoch': 0.15}
{'loss': 2.0461, 'learning_rate': 4.730958975491779e-05, 'epoch': 0.16}
{'loss': 2.0023, 'learning_rate': 4.716798921570293e-05, 'epoch': 0.17}
{'loss': 1.9847, 'learning_rate': 4.702638867648808e-05, 'epoch': 0.18}
{'loss': 1.9963, 'learning_rate': 4.6884788137273225e-05, 'epoch': 0.19}
{'loss': 1.9758, 'learning_rate': 4.6743187598058374e-05, 'epoch': 0.2}
{'loss': 1.9902, 'learning_rate': 4.6601587058843523e-05, 'epoch': 0.2}
{'loss': 1.9526, 'learning_rate': 4.6459986519628666e-05, 'epoch': 0.21}
{'loss': 1.9752, 'learning_rate': 4.6318385980413815e-05, 'epoch': 0.22}
{'loss': 1.9513, 'learning_rate': 4.617678544119896e-05, 'epoch': 0.23}
{'loss': 1.9272, 'learning_rate': 4.603518490198411e-05, 'epoch': 0.24}
{'loss': 1.9355, 'learning_rate': 4.5893584362769256e-05, 'epoch': 0.25}
{'loss': 1.8809, 'learning_rate': 4.57519838235544e-05, 'epoch': 0.25}
{'loss': 1.8802, 'learning_rate': 4.561038328433955e-05, 'epoch': 0.26}
{'loss': 1.8971, 'learning_rate': 4.54687827451247e-05, 'epoch': 0.27}
{'loss': 1.9108, 'learning_rate': 4.532718220590984e-05, 'epoch': 0.28}
{'loss': 1.8793, 'learning_rate': 4.518558166669499e-05, 'epoch': 0.29}
{'loss': 1.8772, 'learning_rate': 4.504398112748013e-05, 'epoch': 0.3}
{'loss': 1.8952, 'learning_rate': 4.490238058826528e-05, 'epoch': 0.31}
{'loss': 1.8689, 'learning_rate': 4.476078004905043e-05, 'epoch': 0.31}
{'loss': 1.8486, 'learning_rate': 4.461917950983557e-05, 'epoch': 0.32}
{'loss': 1.8513, 'learning_rate': 4.447757897062072e-05, 'epoch': 0.33}
{'loss': 1.8357, 'learning_rate': 4.4335978431405864e-05, 'epoch': 0.34}
{'loss': 1.8527, 'learning_rate': 4.419437789219101e-05, 'epoch': 0.35}
{'loss': 1.8453, 'learning_rate': 4.405277735297616e-05, 'epoch': 0.36}
{'loss': 1.8266, 'learning_rate': 4.3911176813761305e-05, 'epoch': 0.37}
{'loss': 1.8065, 'learning_rate': 4.3769576274546454e-05, 'epoch': 0.37}
{'loss': 1.7956, 'learning_rate': 4.36279757353316e-05, 'epoch': 0.38}
{'loss': 1.8419, 'learning_rate': 4.3486375196116746e-05, 'epoch': 0.39}
{'loss': 1.7936, 'learning_rate': 4.3344774656901895e-05, 'epoch': 0.4}
{'loss': 1.7981, 'learning_rate': 4.320317411768704e-05, 'epoch': 0.41}
{'loss': 1.749, 'learning_rate': 4.306157357847219e-05, 'epoch': 0.42}
{'loss': 1.7807, 'learning_rate': 4.2919973039257336e-05, 'epoch': 0.42}
{'loss': 1.7719, 'learning_rate': 4.277837250004248e-05, 'epoch': 0.43}
{'loss': 1.7823, 'learning_rate': 4.263677196082763e-05, 'epoch': 0.44}
{'loss': 1.7616, 'learning_rate': 4.249517142161278e-05, 'epoch': 0.45}
{'loss': 1.8022, 'learning_rate': 4.2353570882397926e-05, 'epoch': 0.46}
{'loss': 1.7586, 'learning_rate': 4.221197034318307e-05, 'epoch': 0.47}
{'loss': 1.7437, 'learning_rate': 4.207036980396822e-05, 'epoch': 0.48}
{'loss': 1.7568, 'learning_rate': 4.192876926475337e-05, 'epoch': 0.48}
{'loss': 1.7486, 'learning_rate': 4.178716872553851e-05, 'epoch': 0.49}
{'loss': 1.7357, 'learning_rate': 4.164556818632366e-05, 'epoch': 0.5}
{'loss': 1.7339, 'learning_rate': 4.15039676471088e-05, 'epoch': 0.51}
{'loss': 1.7405, 'learning_rate': 4.136236710789395e-05, 'epoch': 0.52}
{'loss': 1.7435, 'learning_rate': 4.12207665686791e-05, 'epoch': 0.53}
{'loss': 1.7466, 'learning_rate': 4.107916602946424e-05, 'epoch': 0.54}
{'loss': 1.6752, 'learning_rate': 4.093756549024939e-05, 'epoch': 0.54}
{'loss': 1.7307, 'learning_rate': 4.0795964951034534e-05, 'epoch': 0.55}
{'loss': 1.6941, 'learning_rate': 4.0654364411819684e-05, 'epoch': 0.56}
{'loss': 1.6729, 'learning_rate': 4.051276387260483e-05, 'epoch': 0.57}
{'loss': 1.6942, 'learning_rate': 4.0371163333389975e-05, 'epoch': 0.58}
{'loss': 1.7218, 'learning_rate': 4.0229562794175125e-05, 'epoch': 0.59}
{'loss': 1.7331, 'learning_rate': 4.0087962254960274e-05, 'epoch': 0.59}
{'loss': 1.7099, 'learning_rate': 3.9946361715745416e-05, 'epoch': 0.6}
{'loss': 1.6937, 'learning_rate': 3.9804761176530566e-05, 'epoch': 0.61}
{'loss': 1.6835, 'learning_rate': 3.966316063731571e-05, 'epoch': 0.62}
{'loss': 1.7226, 'learning_rate': 3.952156009810086e-05, 'epoch': 0.63}
{'loss': 1.6746, 'learning_rate': 3.9379959558886007e-05, 'epoch': 0.64}
{'loss': 1.6837, 'learning_rate': 3.923835901967115e-05, 'epoch': 0.65}
{'loss': 1.6547, 'learning_rate': 3.90967584804563e-05, 'epoch': 0.65}
{'loss': 1.6889, 'learning_rate': 3.895515794124144e-05, 'epoch': 0.66}
{'loss': 1.6523, 'learning_rate': 3.881355740202659e-05, 'epoch': 0.67}
{'loss': 1.7015, 'learning_rate': 3.867195686281174e-05, 'epoch': 0.68}
{'loss': 1.655, 'learning_rate': 3.853035632359688e-05, 'epoch': 0.69}
{'loss': 1.6458, 'learning_rate': 3.838875578438203e-05, 'epoch': 0.7}
{'loss': 1.6709, 'learning_rate': 3.8247155245167173e-05, 'epoch': 0.71}
{'loss': 1.6724, 'learning_rate': 3.810555470595232e-05, 'epoch': 0.71}
{'loss': 1.6762, 'learning_rate': 3.796395416673747e-05, 'epoch': 0.72}
{'loss': 1.6478, 'learning_rate': 3.7822353627522614e-05, 'epoch': 0.73}
{'loss': 1.6217, 'learning_rate': 3.7680753088307764e-05, 'epoch': 0.74}
{'loss': 1.6071, 'learning_rate': 3.753915254909291e-05, 'epoch': 0.75}
{'loss': 1.6338, 'learning_rate': 3.7397552009878055e-05, 'epoch': 0.76}
{'loss': 1.6392, 'learning_rate': 3.7255951470663205e-05, 'epoch': 0.76}
{'loss': 1.6253, 'learning_rate': 3.711435093144835e-05, 'epoch': 0.77}
{'loss': 1.6228, 'learning_rate': 3.6972750392233496e-05, 'epoch': 0.78}
{'loss': 1.6039, 'learning_rate': 3.6831149853018646e-05, 'epoch': 0.79}
{'loss': 1.6229, 'learning_rate': 3.668954931380379e-05, 'epoch': 0.8}
{'loss': 1.6173, 'learning_rate': 3.654794877458894e-05, 'epoch': 0.81}
{'loss': 1.6328, 'learning_rate': 3.640634823537408e-05, 'epoch': 0.82}
{'loss': 1.5764, 'learning_rate': 3.626474769615923e-05, 'epoch': 0.82}
{'loss': 1.6047, 'learning_rate': 3.612314715694438e-05, 'epoch': 0.83}
{'loss': 1.5979, 'learning_rate': 3.598154661772952e-05, 'epoch': 0.84}
{'loss': 1.5904, 'learning_rate': 3.583994607851467e-05, 'epoch': 0.85}
{'loss': 1.5785, 'learning_rate': 3.569834553929981e-05, 'epoch': 0.86}
{'loss': 1.63, 'learning_rate': 3.555674500008496e-05, 'epoch': 0.87}
{'loss': 1.5893, 'learning_rate': 3.541514446087011e-05, 'epoch': 0.88}
{'loss': 1.5797, 'learning_rate': 3.5273543921655254e-05, 'epoch': 0.88}
{'loss': 1.5964, 'learning_rate': 3.51319433824404e-05, 'epoch': 0.89}
{'loss': 1.586, 'learning_rate': 3.499034284322555e-05, 'epoch': 0.9}
{'loss': 1.6045, 'learning_rate': 3.4848742304010695e-05, 'epoch': 0.91}
{'loss': 1.5651, 'learning_rate': 3.4707141764795844e-05, 'epoch': 0.92}
{'loss': 1.5939, 'learning_rate': 3.4565541225580986e-05, 'epoch': 0.93}
{'loss': 1.5524, 'learning_rate': 3.4423940686366136e-05, 'epoch': 0.93}
{'loss': 1.5663, 'learning_rate': 3.4282340147151285e-05, 'epoch': 0.94}
{'loss': 1.6094, 'learning_rate': 3.414073960793643e-05, 'epoch': 0.95}
{'loss': 1.5568, 'learning_rate': 3.3999139068721576e-05, 'epoch': 0.96}
{'loss': 1.5457, 'learning_rate': 3.385753852950672e-05, 'epoch': 0.97}
{'loss': 1.5732, 'learning_rate': 3.371593799029187e-05, 'epoch': 0.98}
{'loss': 1.5333, 'learning_rate': 3.357433745107702e-05, 'epoch': 0.99}
{'loss': 1.5467, 'learning_rate': 3.343273691186216e-05, 'epoch': 0.99}
{'loss': 1.5009, 'learning_rate': 3.329113637264731e-05, 'epoch': 1.0}
{'loss': 1.3292, 'learning_rate': 3.314953583343245e-05, 'epoch': 1.01}
{'loss': 1.3244, 'learning_rate': 3.30079352942176e-05, 'epoch': 1.02}
{'loss': 1.3314, 'learning_rate': 3.286633475500275e-05, 'epoch': 1.03}
{'loss': 1.3193, 'learning_rate': 3.272473421578789e-05, 'epoch': 1.04}
{'loss': 1.3067, 'learning_rate': 3.258313367657304e-05, 'epoch': 1.05}
{'loss': 1.3283, 'learning_rate': 3.2441533137358184e-05, 'epoch': 1.05}
{'loss': 1.3307, 'learning_rate': 3.2299932598143334e-05, 'epoch': 1.06}
{'loss': 1.296, 'learning_rate': 3.215833205892848e-05, 'epoch': 1.07}
{'loss': 1.3193, 'learning_rate': 3.2016731519713625e-05, 'epoch': 1.08}
{'loss': 1.3482, 'learning_rate': 3.1875130980498775e-05, 'epoch': 1.09}
{'loss': 1.3267, 'learning_rate': 3.1733530441283924e-05, 'epoch': 1.1}
{'loss': 1.3217, 'learning_rate': 3.1591929902069066e-05, 'epoch': 1.1}
{'loss': 1.2969, 'learning_rate': 3.1450329362854216e-05, 'epoch': 1.11}
{'loss': 1.3267, 'learning_rate': 3.130872882363936e-05, 'epoch': 1.12}
{'loss': 1.3149, 'learning_rate': 3.116712828442451e-05, 'epoch': 1.13}
{'loss': 1.3286, 'learning_rate': 3.1025527745209657e-05, 'epoch': 1.14}
{'loss': 1.3225, 'learning_rate': 3.08839272059948e-05, 'epoch': 1.15}
{'loss': 1.2861, 'learning_rate': 3.074232666677995e-05, 'epoch': 1.16}
{'loss': 1.3146, 'learning_rate': 3.060072612756509e-05, 'epoch': 1.16}
{'loss': 1.3425, 'learning_rate': 3.045912558835024e-05, 'epoch': 1.17}
{'loss': 1.3386, 'learning_rate': 3.0317525049135386e-05, 'epoch': 1.18}
{'loss': 1.3125, 'learning_rate': 3.0175924509920532e-05, 'epoch': 1.19}
{'loss': 1.3161, 'learning_rate': 3.003432397070568e-05, 'epoch': 1.2}
{'loss': 1.2876, 'learning_rate': 2.9892723431490827e-05, 'epoch': 1.21}
{'loss': 1.3109, 'learning_rate': 2.9751122892275973e-05, 'epoch': 1.21}
{'loss': 1.2886, 'learning_rate': 2.960952235306112e-05, 'epoch': 1.22}
{'loss': 1.2891, 'learning_rate': 2.9467921813846268e-05, 'epoch': 1.23}
{'loss': 1.3165, 'learning_rate': 2.9326321274631414e-05, 'epoch': 1.24}
{'loss': 1.3133, 'learning_rate': 2.918472073541656e-05, 'epoch': 1.25}
{'loss': 1.3207, 'learning_rate': 2.9043120196201705e-05, 'epoch': 1.26}
{'loss': 1.2992, 'learning_rate': 2.890151965698685e-05, 'epoch': 1.27}
{'loss': 1.303, 'learning_rate': 2.8759919117772e-05, 'epoch': 1.27}
{'loss': 1.3331, 'learning_rate': 2.8618318578557146e-05, 'epoch': 1.28}
{'loss': 1.2936, 'learning_rate': 2.8476718039342292e-05, 'epoch': 1.29}
{'loss': 1.2788, 'learning_rate': 2.8335117500127438e-05, 'epoch': 1.3}
{'loss': 1.2693, 'learning_rate': 2.8193516960912587e-05, 'epoch': 1.31}
{'loss': 1.2911, 'learning_rate': 2.8051916421697733e-05, 'epoch': 1.32}
{'loss': 1.2888, 'learning_rate': 2.791031588248288e-05, 'epoch': 1.33}
{'loss': 1.3005, 'learning_rate': 2.7768715343268025e-05, 'epoch': 1.33}
{'loss': 1.3206, 'learning_rate': 2.762711480405317e-05, 'epoch': 1.34}
{'loss': 1.2884, 'learning_rate': 2.7485514264838324e-05, 'epoch': 1.35}
{'loss': 1.2709, 'learning_rate': 2.7343913725623473e-05, 'epoch': 1.36}
{'loss': 1.315, 'learning_rate': 2.720231318640862e-05, 'epoch': 1.37}
{'loss': 1.3276, 'learning_rate': 2.7060712647193764e-05, 'epoch': 1.38}
{'loss': 1.3134, 'learning_rate': 2.691911210797891e-05, 'epoch': 1.38}
{'loss': 1.2918, 'learning_rate': 2.6777511568764056e-05, 'epoch': 1.39}
{'loss': 1.3051, 'learning_rate': 2.6635911029549205e-05, 'epoch': 1.4}
{'loss': 1.2619, 'learning_rate': 2.649431049033435e-05, 'epoch': 1.41}
{'loss': 1.2888, 'learning_rate': 2.6352709951119497e-05, 'epoch': 1.42}
{'loss': 1.282, 'learning_rate': 2.6211109411904643e-05, 'epoch': 1.43}
{'loss': 1.2907, 'learning_rate': 2.6069508872689792e-05, 'epoch': 1.44}
{'loss': 1.3206, 'learning_rate': 2.5927908333474938e-05, 'epoch': 1.44}
{'loss': 1.2803, 'learning_rate': 2.5786307794260084e-05, 'epoch': 1.45}
{'loss': 1.3257, 'learning_rate': 2.564470725504523e-05, 'epoch': 1.46}
{'loss': 1.2888, 'learning_rate': 2.5503106715830376e-05, 'epoch': 1.47}
{'loss': 1.2855, 'learning_rate': 2.5361506176615525e-05, 'epoch': 1.48}
{'loss': 1.2804, 'learning_rate': 2.521990563740067e-05, 'epoch': 1.49}
{'loss': 1.259, 'learning_rate': 2.5078305098185817e-05, 'epoch': 1.5}
{'loss': 1.2687, 'learning_rate': 2.493670455897096e-05, 'epoch': 1.5}
{'loss': 1.2865, 'learning_rate': 2.479510401975611e-05, 'epoch': 1.51}
{'loss': 1.279, 'learning_rate': 2.4653503480541254e-05, 'epoch': 1.52}
{'loss': 1.3019, 'learning_rate': 2.45119029413264e-05, 'epoch': 1.53}
{'loss': 1.2695, 'learning_rate': 2.4370302402111546e-05, 'epoch': 1.54}
{'loss': 1.2718, 'learning_rate': 2.4228701862896695e-05, 'epoch': 1.55}
{'loss': 1.2748, 'learning_rate': 2.408710132368184e-05, 'epoch': 1.55}
{'loss': 1.2814, 'learning_rate': 2.3945500784466987e-05, 'epoch': 1.56}
{'loss': 1.2566, 'learning_rate': 2.3803900245252133e-05, 'epoch': 1.57}
{'loss': 1.2641, 'learning_rate': 2.3662299706037282e-05, 'epoch': 1.58}
{'loss': 1.2585, 'learning_rate': 2.3520699166822428e-05, 'epoch': 1.59}
{'loss': 1.2794, 'learning_rate': 2.3379098627607577e-05, 'epoch': 1.6}
{'loss': 1.2836, 'learning_rate': 2.3237498088392723e-05, 'epoch': 1.61}
{'loss': 1.2904, 'learning_rate': 2.309589754917787e-05, 'epoch': 1.61}
{'loss': 1.2921, 'learning_rate': 2.2954297009963015e-05, 'epoch': 1.62}
{'loss': 1.2681, 'learning_rate': 2.2812696470748164e-05, 'epoch': 1.63}
{'loss': 1.277, 'learning_rate': 2.267109593153331e-05, 'epoch': 1.64}
{'loss': 1.2681, 'learning_rate': 2.2529495392318456e-05, 'epoch': 1.65}
{'loss': 1.2847, 'learning_rate': 2.2387894853103602e-05, 'epoch': 1.66}
{'loss': 1.2414, 'learning_rate': 2.2246294313888748e-05, 'epoch': 1.67}
{'loss': 1.2478, 'learning_rate': 2.2104693774673897e-05, 'epoch': 1.67}
{'loss': 1.2761, 'learning_rate': 2.1963093235459043e-05, 'epoch': 1.68}
{'loss': 1.2733, 'learning_rate': 2.182149269624419e-05, 'epoch': 1.69}
{'loss': 1.2488, 'learning_rate': 2.1679892157029334e-05, 'epoch': 1.7}
{'loss': 1.2633, 'learning_rate': 2.1538291617814484e-05, 'epoch': 1.71}
{'loss': 1.2559, 'learning_rate': 2.139669107859963e-05, 'epoch': 1.72}
{'loss': 1.2666, 'learning_rate': 2.1255090539384775e-05, 'epoch': 1.72}
{'loss': 1.2808, 'learning_rate': 2.111349000016992e-05, 'epoch': 1.73}
{'loss': 1.2499, 'learning_rate': 2.0971889460955067e-05, 'epoch': 1.74}
{'loss': 1.2693, 'learning_rate': 2.0830288921740216e-05, 'epoch': 1.75}
{'loss': 1.2624, 'learning_rate': 2.0688688382525362e-05, 'epoch': 1.76}
{'loss': 1.2402, 'learning_rate': 2.0547087843310508e-05, 'epoch': 1.77}
{'loss': 1.2684, 'learning_rate': 2.0405487304095654e-05, 'epoch': 1.78}
{'loss': 1.2671, 'learning_rate': 2.0263886764880803e-05, 'epoch': 1.78}
{'loss': 1.2419, 'learning_rate': 2.012228622566595e-05, 'epoch': 1.79}
{'loss': 1.2458, 'learning_rate': 1.9980685686451095e-05, 'epoch': 1.8}
{'loss': 1.2329, 'learning_rate': 1.983908514723624e-05, 'epoch': 1.81}
{'loss': 1.2531, 'learning_rate': 1.9697484608021387e-05, 'epoch': 1.82}
{'loss': 1.2516, 'learning_rate': 1.9555884068806536e-05, 'epoch': 1.83}
{'loss': 1.2121, 'learning_rate': 1.9414283529591682e-05, 'epoch': 1.84}
{'loss': 1.2666, 'learning_rate': 1.9272682990376828e-05, 'epoch': 1.84}
{'loss': 1.2328, 'learning_rate': 1.9131082451161974e-05, 'epoch': 1.85}
{'loss': 1.2273, 'learning_rate': 1.8989481911947123e-05, 'epoch': 1.86}
{'loss': 1.2407, 'learning_rate': 1.884788137273227e-05, 'epoch': 1.87}
{'loss': 1.2676, 'learning_rate': 1.8706280833517415e-05, 'epoch': 1.88}
{'loss': 1.2261, 'learning_rate': 1.856468029430256e-05, 'epoch': 1.89}
{'loss': 1.2519, 'learning_rate': 1.8423079755087706e-05, 'epoch': 1.89}
{'loss': 1.2075, 'learning_rate': 1.8281479215872855e-05, 'epoch': 1.9}
{'loss': 1.227, 'learning_rate': 1.8139878676658e-05, 'epoch': 1.91}
{'loss': 1.2385, 'learning_rate': 1.7998278137443147e-05, 'epoch': 1.92}
{'loss': 1.2388, 'learning_rate': 1.7856677598228293e-05, 'epoch': 1.93}
{'loss': 1.2489, 'learning_rate': 1.7715077059013442e-05, 'epoch': 1.94}
{'loss': 1.2063, 'learning_rate': 1.7573476519798588e-05, 'epoch': 1.95}
{'loss': 1.2387, 'learning_rate': 1.7431875980583734e-05, 'epoch': 1.95}
{'loss': 1.2225, 'learning_rate': 1.729027544136888e-05, 'epoch': 1.96}
{'loss': 1.2443, 'learning_rate': 1.7148674902154026e-05, 'epoch': 1.97}
{'loss': 1.2099, 'learning_rate': 1.7007074362939175e-05, 'epoch': 1.98}
{'loss': 1.2322, 'learning_rate': 1.686547382372432e-05, 'epoch': 1.99}
{'loss': 1.2459, 'learning_rate': 1.6723873284509467e-05, 'epoch': 2.0}
{'loss': 1.1326, 'learning_rate': 1.6582272745294613e-05, 'epoch': 2.01}
{'loss': 1.0889, 'learning_rate': 1.6440672206079762e-05, 'epoch': 2.01}
{'loss': 1.0567, 'learning_rate': 1.6299071666864908e-05, 'epoch': 2.02}
{'loss': 1.075, 'learning_rate': 1.6157471127650057e-05, 'epoch': 2.03}
{'loss': 1.0854, 'learning_rate': 1.6015870588435203e-05, 'epoch': 2.04}
{'loss': 1.0693, 'learning_rate': 1.587427004922035e-05, 'epoch': 2.05}
{'loss': 1.0652, 'learning_rate': 1.5732669510005495e-05, 'epoch': 2.06}
{'loss': 1.0504, 'learning_rate': 1.5591068970790644e-05, 'epoch': 2.06}
{'loss': 1.0656, 'learning_rate': 1.544946843157579e-05, 'epoch': 2.07}
{'loss': 1.0574, 'learning_rate': 1.5307867892360936e-05, 'epoch': 2.08}
{'loss': 1.0613, 'learning_rate': 1.5166267353146083e-05, 'epoch': 2.09}
{'loss': 1.0725, 'learning_rate': 1.5024666813931229e-05, 'epoch': 2.1}
{'loss': 1.0398, 'learning_rate': 1.4883066274716377e-05, 'epoch': 2.11}
{'loss': 1.0677, 'learning_rate': 1.4741465735501522e-05, 'epoch': 2.12}
{'loss': 1.0789, 'learning_rate': 1.4599865196286668e-05, 'epoch': 2.12}
{'loss': 1.082, 'learning_rate': 1.4458264657071816e-05, 'epoch': 2.13}
{'loss': 1.0685, 'learning_rate': 1.4316664117856962e-05, 'epoch': 2.14}
{'loss': 1.0795, 'learning_rate': 1.417506357864211e-05, 'epoch': 2.15}
{'loss': 1.069, 'learning_rate': 1.4033463039427255e-05, 'epoch': 2.16}
{'loss': 1.0578, 'learning_rate': 1.3891862500212403e-05, 'epoch': 2.17}
{'loss': 1.0772, 'learning_rate': 1.3750261960997549e-05, 'epoch': 2.17}
{'loss': 1.0569, 'learning_rate': 1.3608661421782694e-05, 'epoch': 2.18}
{'loss': 1.0672, 'learning_rate': 1.3467060882567842e-05, 'epoch': 2.19}
{'loss': 1.087, 'learning_rate': 1.3325460343352988e-05, 'epoch': 2.2}
{'loss': 1.0541, 'learning_rate': 1.3183859804138135e-05, 'epoch': 2.21}
{'loss': 1.0533, 'learning_rate': 1.3042259264923281e-05, 'epoch': 2.22}
{'loss': 1.07, 'learning_rate': 1.2900658725708429e-05, 'epoch': 2.23}
{'loss': 1.0684, 'learning_rate': 1.2759058186493575e-05, 'epoch': 2.23}
{'loss': 1.0664, 'learning_rate': 1.2617457647278722e-05, 'epoch': 2.24}
{'loss': 1.0464, 'learning_rate': 1.2475857108063868e-05, 'epoch': 2.25}
{'loss': 1.0704, 'learning_rate': 1.2334256568849014e-05, 'epoch': 2.26}
{'loss': 1.0631, 'learning_rate': 1.2192656029634162e-05, 'epoch': 2.27}
{'loss': 1.0755, 'learning_rate': 1.2051055490419307e-05, 'epoch': 2.28}
{'loss': 1.066, 'learning_rate': 1.1909454951204455e-05, 'epoch': 2.29}
{'loss': 1.0638, 'learning_rate': 1.17678544119896e-05, 'epoch': 2.29}
{'loss': 1.0647, 'learning_rate': 1.1626253872774748e-05, 'epoch': 2.3}
{'loss': 1.0736, 'learning_rate': 1.1484653333559894e-05, 'epoch': 2.31}
{'loss': 1.0185, 'learning_rate': 1.1343052794345042e-05, 'epoch': 2.32}
{'loss': 1.0637, 'learning_rate': 1.1201452255130188e-05, 'epoch': 2.33}
{'loss': 1.0471, 'learning_rate': 1.1059851715915334e-05, 'epoch': 2.34}
{'loss': 1.0665, 'learning_rate': 1.0918251176700481e-05, 'epoch': 2.34}
{'loss': 1.0768, 'learning_rate': 1.0776650637485627e-05, 'epoch': 2.35}
{'loss': 1.0512, 'learning_rate': 1.0635050098270774e-05, 'epoch': 2.36}
{'loss': 1.0877, 'learning_rate': 1.0493449559055922e-05, 'epoch': 2.37}
{'loss': 1.0551, 'learning_rate': 1.0351849019841068e-05, 'epoch': 2.38}
{'loss': 1.0623, 'learning_rate': 1.0210248480626215e-05, 'epoch': 2.39}
{'loss': 1.0889, 'learning_rate': 1.0068647941411361e-05, 'epoch': 2.4}
{'loss': 1.0636, 'learning_rate': 9.927047402196509e-06, 'epoch': 2.4}
{'loss': 1.0402, 'learning_rate': 9.785446862981655e-06, 'epoch': 2.41}
{'loss': 1.059, 'learning_rate': 9.643846323766802e-06, 'epoch': 2.42}
{'loss': 1.0458, 'learning_rate': 9.502245784551948e-06, 'epoch': 2.43}
{'loss': 1.0726, 'learning_rate': 9.360645245337096e-06, 'epoch': 2.44}
{'loss': 1.054, 'learning_rate': 9.219044706122242e-06, 'epoch': 2.45}
{'loss': 1.0607, 'learning_rate': 9.077444166907387e-06, 'epoch': 2.46}
{'loss': 1.0737, 'learning_rate': 8.935843627692535e-06, 'epoch': 2.46}
{'loss': 1.0827, 'learning_rate': 8.794243088477681e-06, 'epoch': 2.47}
{'loss': 1.0813, 'learning_rate': 8.652642549262828e-06, 'epoch': 2.48}
{'loss': 1.0645, 'learning_rate': 8.511042010047974e-06, 'epoch': 2.49}
{'loss': 1.0512, 'learning_rate': 8.369441470833122e-06, 'epoch': 2.5}
{'loss': 1.0583, 'learning_rate': 8.227840931618268e-06, 'epoch': 2.51}
{'loss': 1.0759, 'learning_rate': 8.086240392403414e-06, 'epoch': 2.51}
{'loss': 1.0576, 'learning_rate': 7.944639853188561e-06, 'epoch': 2.52}
{'loss': 1.0507, 'learning_rate': 7.803039313973707e-06, 'epoch': 2.53}
{'loss': 1.0289, 'learning_rate': 7.661438774758855e-06, 'epoch': 2.54}
{'loss': 1.0432, 'learning_rate': 7.5198382355440004e-06, 'epoch': 2.55}
{'loss': 1.0176, 'learning_rate': 7.378237696329147e-06, 'epoch': 2.56}
{'loss': 1.0731, 'learning_rate': 7.236637157114294e-06, 'epoch': 2.57}
{'loss': 1.0817, 'learning_rate': 7.0950366178994406e-06, 'epoch': 2.57}
{'loss': 1.0364, 'learning_rate': 6.953436078684587e-06, 'epoch': 2.58}
{'loss': 1.0519, 'learning_rate': 6.811835539469736e-06, 'epoch': 2.59}
{'loss': 1.0527, 'learning_rate': 6.6702350002548815e-06, 'epoch': 2.6}
{'loss': 1.0372, 'learning_rate': 6.528634461040028e-06, 'epoch': 2.61}
{'loss': 1.0776, 'learning_rate': 6.387033921825175e-06, 'epoch': 2.62}
{'loss': 1.0529, 'learning_rate': 6.245433382610321e-06, 'epoch': 2.63}
{'loss': 1.0686, 'learning_rate': 6.1038328433954675e-06, 'epoch': 2.63}
{'loss': 1.0429, 'learning_rate': 5.962232304180614e-06, 'epoch': 2.64}
{'loss': 1.0492, 'learning_rate': 5.820631764965762e-06, 'epoch': 2.65}
{'loss': 1.0783, 'learning_rate': 5.6790312257509085e-06, 'epoch': 2.66}
{'loss': 1.0317, 'learning_rate': 5.537430686536054e-06, 'epoch': 2.67}
{'loss': 1.0297, 'learning_rate': 5.395830147321201e-06, 'epoch': 2.68}
{'loss': 1.0602, 'learning_rate': 5.254229608106348e-06, 'epoch': 2.68}
{'loss': 1.0371, 'learning_rate': 5.1126290688914945e-06, 'epoch': 2.69}
{'loss': 1.0793, 'learning_rate': 4.971028529676641e-06, 'epoch': 2.7}
{'loss': 1.0098, 'learning_rate': 4.829427990461788e-06, 'epoch': 2.71}
{'loss': 1.0607, 'learning_rate': 4.687827451246935e-06, 'epoch': 2.72}
{'loss': 1.054, 'learning_rate': 4.546226912032081e-06, 'epoch': 2.73}
{'loss': 1.0469, 'learning_rate': 4.404626372817228e-06, 'epoch': 2.74}
{'loss': 1.0627, 'learning_rate': 4.263025833602374e-06, 'epoch': 2.74}
{'loss': 1.0288, 'learning_rate': 4.121425294387521e-06, 'epoch': 2.75}
{'loss': 1.0774, 'learning_rate': 3.979824755172668e-06, 'epoch': 2.76}
{'loss': 1.0574, 'learning_rate': 3.838224215957815e-06, 'epoch': 2.77}
{'loss': 1.0299, 'learning_rate': 3.6966236767429616e-06, 'epoch': 2.78}
{'loss': 1.0378, 'learning_rate': 3.555023137528108e-06, 'epoch': 2.79}
{'loss': 1.027, 'learning_rate': 3.4134225983132546e-06, 'epoch': 2.8}
{'loss': 1.0336, 'learning_rate': 3.2718220590984013e-06, 'epoch': 2.8}
{'loss': 1.0691, 'learning_rate': 3.130221519883548e-06, 'epoch': 2.81}
{'loss': 1.0277, 'learning_rate': 2.9886209806686943e-06, 'epoch': 2.82}
{'loss': 1.0474, 'learning_rate': 2.847020441453841e-06, 'epoch': 2.83}
{'loss': 1.0448, 'learning_rate': 2.7054199022389878e-06, 'epoch': 2.84}
{'loss': 1.0495, 'learning_rate': 2.5638193630241345e-06, 'epoch': 2.85}
{'loss': 1.0284, 'learning_rate': 2.422218823809281e-06, 'epoch': 2.85}
{'loss': 1.0622, 'learning_rate': 2.280618284594428e-06, 'epoch': 2.86}
{'loss': 1.042, 'learning_rate': 2.1390177453795746e-06, 'epoch': 2.87}
{'loss': 1.0599, 'learning_rate': 1.997417206164721e-06, 'epoch': 2.88}
{'loss': 1.0637, 'learning_rate': 1.8558166669498678e-06, 'epoch': 2.89}
{'loss': 1.0383, 'learning_rate': 1.7142161277350147e-06, 'epoch': 2.9}
{'loss': 1.0387, 'learning_rate': 1.5726155885201612e-06, 'epoch': 2.91}
{'loss': 1.0687, 'learning_rate': 1.431015049305308e-06, 'epoch': 2.91}
{'loss': 1.0573, 'learning_rate': 1.2894145100904544e-06, 'epoch': 2.92}
{'loss': 1.0547, 'learning_rate': 1.1478139708756012e-06, 'epoch': 2.93}
{'loss': 1.0457, 'learning_rate': 1.0062134316607479e-06, 'epoch': 2.94}
{'loss': 1.0299, 'learning_rate': 8.646128924458945e-07, 'epoch': 2.95}
{'loss': 1.0253, 'learning_rate': 7.230123532310411e-07, 'epoch': 2.96}
{'loss': 1.0133, 'learning_rate': 5.814118140161878e-07, 'epoch': 2.97}
{'loss': 1.0255, 'learning_rate': 4.3981127480133444e-07, 'epoch': 2.97}
{'loss': 1.0501, 'learning_rate': 2.982107355864811e-07, 'epoch': 2.98}
{'loss': 1.0498, 'learning_rate': 1.5661019637162778e-07, 'epoch': 2.99}
{'loss': 1.0452, 'learning_rate': 1.5009657156774453e-08, 'epoch': 3.0}
{'train_runtime': 63323.651, 'train_samples_per_second': 22.305, 'train_steps_per_second': 2.788, 'train_loss': 1.3828638345815905, 'epoch': 3.0}
***** train metrics *****
  epoch                    =         3.0
  train_loss               =      1.3829
  train_runtime            = 17:35:23.65
  train_samples            =      470804
  train_samples_per_second =      22.305
  train_steps_per_second   =       2.788
10/12/2022 19:15:52 - INFO - __main__ - *** Evaluate ***
***** eval metrics *****
  epoch                   =        3.0
  eval_accuracy           =     0.1225
  eval_loss               =     1.8226
  eval_runtime            = 0:28:05.57
  eval_samples            =      26156
  eval_samples_per_second =     15.518
  eval_steps_per_second   =       1.94
10/12/2022 19:43:57 - INFO - __main__ - *** Predict ***
***** predict metrics *****
  predict_accuracy           =     0.0923
  predict_loss               =     2.0681
  predict_runtime            = 0:28:01.32
  predict_samples            =      26157
  predict_samples_per_second =     15.557
  predict_steps_per_second   =      1.945
